18:58:02.273 [main                     ] DEBUG Logger               - Configured Logger
18:58:02.297 [main                     ] DEBUG GameApplication      - Logging settings
Title: Untitled
Version: 0.0
Width: 800
Height: 600
Fullscreen: false
Intro: false
Profiling: false
Single step:false
App Mode: DEVELOPER
Menu Key: ESCAPE
Stage Style: DECORATED
Scene Factory: class com.almasb.fxglgames.platformer.PlatformerApp$1

18:58:02.652 [JavaFX Application Thread] DEBUG FXGLApplication      - Initializing FXGL
18:58:02.657 [JavaFX Application Thread] INFO  Engine               - FXGL-21 (28.12.2023 13.35) on WINDOWS (J:21 FX:21.0.1)
18:58:02.658 [JavaFX Application Thread] DEBUG Engine               - JRE Vendor Name: Oracle Corporation
18:58:02.658 [JavaFX Application Thread] DEBUG Engine               - Running on OS: Windows 10 version 10.0
18:58:02.658 [JavaFX Application Thread] DEBUG Engine               - Architecture: amd64
18:58:02.658 [JavaFX Application Thread] INFO  Engine               - Source code and latest versions at: https://github.com/AlmasB/FXGL
18:58:02.659 [JavaFX Application Thread] INFO  Engine               -       Ask questions and discuss at: https://github.com/AlmasB/FXGL/discussions
18:58:02.659 [JavaFX Application Thread] INFO  Engine               -              Join the FXGL chat at: https://gitter.im/AlmasB/FXGL
18:58:02.751 [JavaFX Application Thread] DEBUG PrimaryStageWindow   - Creating a JavaFX scene
18:58:02.801 [JavaFX Application Thread] DEBUG PrimaryStageWindow   - Target settings size: 800.0 x 600.0
18:58:02.802 [JavaFX Application Thread] DEBUG PrimaryStageWindow   - Scaled scene size:    800.0 x 600.0
18:58:02.802 [JavaFX Application Thread] DEBUG PrimaryStageWindow   - Scaled ratio: (1.0, 1.0)
18:58:02.803 [JavaFX Application Thread] DEBUG PrimaryStageWindow   - Set initial scene to FXGLStartupScene
18:58:02.806 [JavaFX Application Thread] DEBUG PrimaryStageWindow   - Opening main window
18:58:02.882 [JavaFX Application Thread] DEBUG PrimaryStageWindow   - Window border size: (16.0, 39.0)
18:58:02.882 [JavaFX Application Thread] DEBUG PrimaryStageWindow   - Scaled size: 800.0 x 600.0
18:58:02.882 [JavaFX Application Thread] DEBUG PrimaryStageWindow   - Scaled ratio: (1.0, 1.0)
18:58:02.883 [JavaFX Application Thread] DEBUG PrimaryStageWindow   - Scene size: 800.0 x 600.0
18:58:02.883 [JavaFX Application Thread] DEBUG PrimaryStageWindow   - Stage size: 816.0 x 639.0
18:58:02.890 [FXGL Background Thread 1 ] DEBUG Engine               - Initializing environment variables
18:58:02.944 [FXGL Background Thread 1 ] DEBUG FXGLAssetLoaderServi - User app class for loading assets: class com.almasb.fxglgames.platformer.PlatformerApp
18:58:02.944 [FXGL Background Thread 1 ] DEBUG GameApplicationServi - Applying CSS: fxgl_dark.css
18:58:02.945 [FXGL Background Thread 1 ] DEBUG FXGLAssetLoaderServi - Loading from file system: jar:file:///C:/Users/TECH2-07/.m2/repository/com/github/almasb/fxgl/21/fxgl-21.jar!/fxglassets/ui/css/fxgl_dark.css
18:58:03.011 [FXGL Background Thread 1 ] DEBUG GameApplicationServi - Initializing application scenes
18:58:03.106 [FXGL Background Thread 1 ] DEBUG FXGLAssetLoaderServi - Loading from file system: file:/C:/Users/TECH2-07/Downloads/FXGLGames-master123/FXGLGames-master/Mario/target/classes/assets/textures/player.png
18:58:03.137 [FXGL Background Thread 1 ] DEBUG GameWorld            - Game world initialized
18:58:03.197 [FXGL Background Thread 1 ] DEBUG PhysicsWorld         - Physics world initialized: appHeight=600, physics.ppm=50.0
18:58:03.197 [FXGL Background Thread 1 ] DEBUG PhysicsWorld         - Using strategy: BRUTE_FORCE
18:58:03.201 [FXGL Background Thread 1 ] DEBUG GameScene            - Game scene initialized: 800x600
18:58:03.210 [FXGL Background Thread 1 ] DEBUG FXGL.DefaultMenu     - createMenuBodyGameMenu()
18:58:03.233 [FXGL Background Thread 1 ] DEBUG FXGL.DefaultMenu     - createOptionsMenu()
18:58:03.244 [FXGL Background Thread 1 ] DEBUG FXGLAssetLoaderServi - Loading from file system: jar:file:///C:/Users/TECH2-07/.m2/repository/com/github/almasb/fxgl/21/fxgl-21.jar!/fxglassets/textures/particles/smoke.png
18:58:03.343 [FXGL Background Thread 1 ] DEBUG FXGLAssetLoaderServi - Loading from file system: jar:file:///C:/Users/TECH2-07/.m2/repository/com/github/almasb/fxgl/21/fxgl-21.jar!/fxglassets/textures/particles/trace_horizontal.png
18:58:03.406 [FXGL Background Thread 1 ] DEBUG GameApplicationServi - Application scenes initialized
18:58:03.419 [FXGL Background Thread 1 ] DEBUG SystemBundleService  - Loading FXGL system data
18:58:03.423 [FXGL Background Thread 1 ] DEBUG FileSystemAccess     - Reading from: C:\Users\TECH2-07\Downloads\FXGLGames-master123\FXGLGames-master\Mario\system\fxgl.bundle
18:58:03.435 [FXGL Background Thread 1 ] DEBUG SystemBundleService  - Bundle FXGL: {}
18:58:03.435 [FXGL Background Thread 1 ] DEBUG UpdaterService       - Checking for updates
18:58:03.440 [FXGL Background Thread 4 ] DEBUG FXGLApplication      - Loading fonts
18:58:03.441 [FXGL Background Thread 4 ] DEBUG FXGLAssetLoaderServi - Loading from file system: jar:file:///C:/Users/TECH2-07/.m2/repository/com/github/almasb/fxgl/21/fxgl-21.jar!/fxglassets/ui/fonts/VarelaRound-Regular.ttf
18:58:03.441 [FXGL Background Thread 1 ] DEBUG FXGLApplication      - Loading default localization
18:58:03.442 [FXGL Background Thread 1 ] DEBUG FXGLAssetLoaderServi - Loading from file system: jar:file:///C:/Users/TECH2-07/.m2/repository/com/github/almasb/fxgl/21/fxgl-21.jar!/fxglassets/languages/english.lang
18:58:03.466 [FXGL Background Thread 1 ] INFO  FXGLApplication      - FXGL initialization took: 0.576 sec
18:58:03.472 [JavaFX Application Thread] DEBUG Input                - Registered new binding: action0 - LMB
18:58:03.483 [JavaFX Application Thread] DEBUG Input                - Registered new binding: Left - A
18:58:03.484 [JavaFX Application Thread] DEBUG Input                - Registered new binding: Right - D
18:58:03.484 [JavaFX Application Thread] DEBUG Input                - Registered new binding: Jump - W
18:58:03.484 [JavaFX Application Thread] DEBUG Input                - Registered new binding: Use - E
18:58:03.485 [JavaFX Application Thread] DEBUG FXGLAssetLoaderServi - Loading from file system: file:/C:/Users/TECH2-07/Downloads/FXGLGames-master123/FXGLGames-master/Mario/target/classes/assets/music/BGM_dash_runner.wav
18:58:03.495 [FXGL Background Thread 4 ] DEBUG FXGLAssetLoaderServi - Loading from file system: jar:file:///C:/Users/TECH2-07/.m2/repository/com/github/almasb/fxgl/21/fxgl-21.jar!/fxglassets/ui/fonts/Abel-Regular.ttf
18:58:03.501 [FXGL Background Thread 4 ] DEBUG FXGLAssetLoaderServi - Loading from file system: jar:file:///C:/Users/TECH2-07/.m2/repository/com/github/almasb/fxgl/21/fxgl-21.jar!/fxglassets/ui/fonts/TerminalLandMono-Regular.otf
18:58:03.507 [FXGL Background Thread 4 ] DEBUG FXGLAssetLoaderServi - Loading from file system: jar:file:///C:/Users/TECH2-07/.m2/repository/com/github/almasb/fxgl/21/fxgl-21.jar!/fxglassets/ui/fonts/Courier-Prime.ttf
18:58:03.650 [JavaFX Application Thread] DEBUG AudioPlayer          - Playing music com.almasb.fxgl.audio.Music@5ef6a15e
18:58:03.650 [JavaFX Application Thread] DEBUG FXGLAssetLoaderServi - Loading from file system: jar:file:///C:/Users/TECH2-07/.m2/repository/com/github/almasb/fxgl/21/fxgl-21.jar!/fxglassets/textures/fxgl_icon.png
18:58:03.671 [JavaFX Application Thread] DEBUG FXGLAssetLoaderServi - Loading from file system: jar:file:///C:/Users/TECH2-07/.m2/repository/com/github/almasb/fxgl/21/fxgl-21.jar!/fxglassets/textures/fxgl_default_cursor.png
18:58:03.673 [JavaFX Application Thread] DEBUG Input                - Registered new binding: Screenshot - CTRL+8
18:58:03.673 [JavaFX Application Thread] DEBUG Input                - Registered new binding: System info dump - CTRL+9
18:58:03.674 [JavaFX Application Thread] DEBUG Input                - Registered new binding: Restart - CTRL+R
18:58:03.675 [JavaFX Application Thread] DEBUG Input                - Registered new binding: Toggle Debug Camera - CTRL+7
18:58:03.680 [JavaFX Application Thread] DEBUG LoopRunner           - Starting loop
18:58:03.680 [JavaFX Application Thread] DEBUG LoopRunner           - Initializing JavaFX AnimationTimerLoop
18:58:03.681 [JavaFX Application Thread] DEBUG GameApplicationServi - Starting new game
18:58:03.681 [JavaFX Application Thread] DEBUG Input                - Clearing active input actions
18:58:03.704 [JavaFX Application Thread] DEBUG GameApplicationServi - Removing overlay from FXGLStartupScene and adding to MainLoadingScene
18:58:03.705 [JavaFX Application Thread] DEBUG PrimaryStageWindow   - FXGLStartupScene -> MainLoadingScene
18:58:03.705 [JavaFX Application Thread] DEBUG GameApplicationServi - Clearing previous game
18:58:03.705 [JavaFX Application Thread] DEBUG GameScene            - Clearing game scene
18:58:03.705 [JavaFX Application Thread] DEBUG GameWorld            - Clearing game world
18:58:03.705 [JavaFX Application Thread] DEBUG PhysicsWorld         - Clearing physics world
18:58:03.707 [FXGL Background Thread 4 ] DEBUG FXGLApplication      - Initializing game
18:58:03.708 [JavaFX Application Thread] DEBUG FXGLApplication      - Registering font factories with UI factory
18:58:03.762 [FXGL Background Thread 4 ] WARN  TMXLevelLoader       - TiledMap generated from 1.2.3. Supported version: 1.9.0. Some features may not be parsed fully.
18:58:03.776 [FXGL Background Thread 4 ] DEBUG TMXLevelLoader       - Parsed TiledMap: file:/C:/Users/TECH2-07/Downloads/FXGLGames-master123/FXGLGames-master/Mario/target/classes/assets/levels/tmx/level1.tmx
18:58:03.778 [FXGL Background Thread 4 ] DEBUG TMXLevelLoader       - Creating tile layer entities
18:58:03.781 [FXGL Background Thread 4 ] DEBUG TilesetLoader        - Loading view for layer Tile Layer 1
18:58:03.783 [FXGL Background Thread 4 ] DEBUG TilesetLoader        - Created buffer with size 1050.0x700.0
18:58:03.805 [FXGL Background Thread 4 ] DEBUG TMXLevelLoader       - Creating object layer entities
18:58:03.840 [FXGL Background Thread 4 ] DEBUG GameWorld            - Clearing removable entities
18:58:03.840 [FXGL Background Thread 4 ] DEBUG GameWorld            - Setting level: com.almasb.fxgl.entity.level.Level@2a03e987
18:58:03.883 [FXGL Background Thread 4 ] DEBUG FXGLAssetLoaderServi - Loading from file system: file:/C:/Users/TECH2-07/Downloads/FXGLGames-master123/FXGLGames-master/Mario/target/classes/assets/textures/background/forest.png
18:58:03.914 [FXGL Background Thread 4 ] INFO  FXGLApplication      - Game initialization took: 0.206 sec
18:58:03.915 [JavaFX Application Thread] DEBUG Input                - Clearing active input actions
18:58:03.925 [JavaFX Application Thread] DEBUG GameApplicationServi - Removing overlay from MainLoadingScene and adding to GameScene
18:58:03.926 [JavaFX Application Thread] DEBUG PrimaryStageWindow   - MainLoadingScene -> GameScene
18:58:03.956 [FXGL Background Thread 2 ] INFO  UpdaterService       - Your current version:  21
18:58:03.957 [FXGL Background Thread 2 ] INFO  UpdaterService       - Latest stable version: 21.1
18:58:06.439 [FXGL Background Thread 3 ] DEBUG Engine               - Logging environment variables
18:58:06.439 [FXGL Background Thread 3 ] DEBUG Engine               - achievements: []
18:58:06.439 [FXGL Background Thread 3 ] DEBUG Engine               - actualHeight: 600.0
18:58:06.439 [FXGL Background Thread 3 ] DEBUG Engine               - actualHeightProperty: ReadOnlyDoubleProperty [value: 600.0]
18:58:06.439 [FXGL Background Thread 3 ] DEBUG Engine               - actualWidth: 800.0
18:58:06.440 [FXGL Background Thread 3 ] DEBUG Engine               - actualWidthProperty: ReadOnlyDoubleProperty [value: 800.0]
18:58:06.440 [FXGL Background Thread 3 ] DEBUG Engine               - appIcon: fxgl_icon.png
18:58:06.440 [FXGL Background Thread 3 ] DEBUG Engine               - applicationMode: DEVELOPER
18:58:06.440 [FXGL Background Thread 3 ] DEBUG Engine               - cSSList: [fxgl_dark.css]
18:58:06.440 [FXGL Background Thread 3 ] DEBUG Engine               - collisionDetectionStrategy: BRUTE_FORCE
18:58:06.440 [FXGL Background Thread 3 ] DEBUG Engine               - configClass: Optional.empty
18:58:06.440 [FXGL Background Thread 3 ] DEBUG Engine               - credits: []
18:58:06.440 [FXGL Background Thread 3 ] DEBUG Engine               - defaultCursor: CursorInfo(imageName=fxgl_default_cursor.png, hotspotX=7.0, hotspotY=6.0)
18:58:06.440 [FXGL Background Thread 3 ] DEBUG Engine               - devBBoxColorProperty: ObjectProperty [value: 0xff0000ff]
18:58:06.440 [FXGL Background Thread 3 ] DEBUG Engine               - devEnableDebugCameraProperty: BooleanProperty [value: false]
18:58:06.440 [FXGL Background Thread 3 ] DEBUG Engine               - devSensorColorProperty: ObjectProperty [value: 0xffff00ff]
18:58:06.440 [FXGL Background Thread 3 ] DEBUG Engine               - devShowBBoxProperty: BooleanProperty [value: false]
18:58:06.440 [FXGL Background Thread 3 ] DEBUG Engine               - devShowPositionProperty: BooleanProperty [value: false]
18:58:06.440 [FXGL Background Thread 3 ] DEBUG Engine               - enabledMenuItems: []
18:58:06.440 [FXGL Background Thread 3 ] DEBUG Engine               - engineServices: [class com.almasb.fxgl.app.services.FXGLAssetLoaderService, class com.almasb.fxgl.app.FXGLApplication$GameApplicationService, class com.almasb.fxgl.app.services.FXGLDialogService, class com.almasb.fxgl.app.services.IOTaskExecutorService, class com.almasb.fxgl.io.FileSystemService, class com.almasb.fxgl.localization.LocalizationService, class com.almasb.fxgl.app.services.SystemBundleService, class com.almasb.fxgl.profile.SaveLoadService, class com.almasb.fxgl.ui.FXGLUIFactoryServiceProvider, class com.almasb.fxgl.ui.FXGLDialogFactoryServiceProvider, class com.almasb.fxgl.audio.AudioPlayer, class com.almasb.fxgl.notification.impl.NotificationServiceProvider, class com.almasb.fxgl.achievement.AchievementService, class com.almasb.fxgl.cutscene.CutsceneService, class com.almasb.fxgl.minigames.MiniGameService, class com.almasb.fxgl.net.NetService, class com.almasb.fxgl.app.services.UpdaterService, class com.almasb.fxgl.dev.DevService]
18:58:06.441 [FXGL Background Thread 3 ] DEBUG Engine               - fontGame: Abel-Regular.ttf
18:58:06.441 [FXGL Background Thread 3 ] DEBUG Engine               - fontMono: TerminalLandMono-Regular.otf
18:58:06.441 [FXGL Background Thread 3 ] DEBUG Engine               - fontSizeScaleUI: 1.0
18:58:06.441 [FXGL Background Thread 3 ] DEBUG Engine               - fontText: Courier-Prime.ttf
18:58:06.441 [FXGL Background Thread 3 ] DEBUG Engine               - fontUI: VarelaRound-Regular.ttf
18:58:06.441 [FXGL Background Thread 3 ] DEBUG Engine               - fullScreen: BooleanProperty [value: false]
18:58:06.441 [FXGL Background Thread 3 ] DEBUG Engine               - gameDifficulty: MEDIUM
18:58:06.441 [FXGL Background Thread 3 ] DEBUG Engine               - gameDifficultyProperty: ObjectProperty [value: MEDIUM]
18:58:06.441 [FXGL Background Thread 3 ] DEBUG Engine               - globalMusicVolume: 0.5
18:58:06.441 [FXGL Background Thread 3 ] DEBUG Engine               - globalMusicVolumeProperty: DoubleProperty [value: 0.25]
18:58:06.441 [FXGL Background Thread 3 ] DEBUG Engine               - globalSoundVolume: 0.5
18:58:06.441 [FXGL Background Thread 3 ] DEBUG Engine               - globalSoundVolumeProperty: DoubleProperty [value: 0.5]
18:58:06.441 [FXGL Background Thread 3 ] DEBUG Engine               - height: 600
18:58:06.441 [FXGL Background Thread 3 ] DEBUG Engine               - is3D: false
18:58:06.441 [FXGL Background Thread 3 ] DEBUG Engine               - isAndroid: false
18:58:06.441 [FXGL Background Thread 3 ] DEBUG Engine               - isBrowser: false
18:58:06.441 [FXGL Background Thread 3 ] DEBUG Engine               - isClickFeedbackEnabled: false
18:58:06.441 [FXGL Background Thread 3 ] DEBUG Engine               - isCloseConfirmation: false
18:58:06.441 [FXGL Background Thread 3 ] DEBUG Engine               - isDesktop: true
18:58:06.441 [FXGL Background Thread 3 ] DEBUG Engine               - isDeveloperMenuEnabled: false
18:58:06.441 [FXGL Background Thread 3 ] DEBUG Engine               - isEmbedded: false
18:58:06.442 [FXGL Background Thread 3 ] DEBUG Engine               - isEntityPreloadEnabled: true
18:58:06.442 [FXGL Background Thread 3 ] DEBUG Engine               - isExperimentalTiledLargeMap: false
18:58:06.442 [FXGL Background Thread 3 ] DEBUG Engine               - isFileSystemWriteAllowed: true
18:58:06.442 [FXGL Background Thread 3 ] DEBUG Engine               - isFullScreenAllowed: false
18:58:06.442 [FXGL Background Thread 3 ] DEBUG Engine               - isFullScreenFromStart: false
18:58:06.442 [FXGL Background Thread 3 ] DEBUG Engine               - isGameMenuEnabled: true
18:58:06.442 [FXGL Background Thread 3 ] DEBUG Engine               - isIOS: false
18:58:06.442 [FXGL Background Thread 3 ] DEBUG Engine               - isIntroEnabled: false
18:58:06.442 [FXGL Background Thread 3 ] DEBUG Engine               - isLinux: false
18:58:06.442 [FXGL Background Thread 3 ] DEBUG Engine               - isMac: false
18:58:06.442 [FXGL Background Thread 3 ] DEBUG Engine               - isMainMenuEnabled: false
18:58:06.442 [FXGL Background Thread 3 ] DEBUG Engine               - isManualResizeEnabled: false
18:58:06.442 [FXGL Background Thread 3 ] DEBUG Engine               - isMobile: false
18:58:06.442 [FXGL Background Thread 3 ] DEBUG Engine               - isNative: false
18:58:06.442 [FXGL Background Thread 3 ] DEBUG Engine               - isPauseMusicWhenMinimized: true
18:58:06.442 [FXGL Background Thread 3 ] DEBUG Engine               - isPreserveResizeRatio: false
18:58:06.442 [FXGL Background Thread 3 ] DEBUG Engine               - isProfilingEnabled: false
18:58:06.442 [FXGL Background Thread 3 ] DEBUG Engine               - isScaleAffectedOnResize: true
18:58:06.442 [FXGL Background Thread 3 ] DEBUG Engine               - isSingleStep: false
18:58:06.442 [FXGL Background Thread 3 ] DEBUG Engine               - isUserProfileEnabled: false
18:58:06.442 [FXGL Background Thread 3 ] DEBUG Engine               - isWindows: true
18:58:06.442 [FXGL Background Thread 3 ] DEBUG Engine               - language: ObjectProperty [value: ENGLISH]
18:58:06.442 [FXGL Background Thread 3 ] DEBUG Engine               - menuKey: ESCAPE
18:58:06.443 [FXGL Background Thread 3 ] DEBUG Engine               - mouseSensitivity: 0.2
18:58:06.443 [FXGL Background Thread 3 ] DEBUG Engine               - notificationViewClass: class com.almasb.fxgl.notification.view.XboxNotificationView
18:58:06.443 [FXGL Background Thread 3 ] DEBUG Engine               - pixelsPerMeter: 50.0
18:58:06.443 [FXGL Background Thread 3 ] DEBUG Engine               - platform: WINDOWS
18:58:06.443 [FXGL Background Thread 3 ] DEBUG Engine               - prefHeightProperty: ReadOnlyDoubleProperty [value: 600.0]
18:58:06.443 [FXGL Background Thread 3 ] DEBUG Engine               - prefWidthProperty: ReadOnlyDoubleProperty [value: 800.0]
18:58:06.443 [FXGL Background Thread 3 ] DEBUG Engine               - profileDir: profiles/
18:58:06.443 [FXGL Background Thread 3 ] DEBUG Engine               - profileName: StringProperty [value: DEFAULT]
18:58:06.443 [FXGL Background Thread 3 ] DEBUG Engine               - randomSeed: -1
18:58:06.443 [FXGL Background Thread 3 ] DEBUG Engine               - runtimeInfo: RuntimeInfo(platform=WINDOWS, version=21, build=28.12.2023 13.35)
18:58:06.443 [FXGL Background Thread 3 ] DEBUG Engine               - saveFileExt: sav
18:58:06.443 [FXGL Background Thread 3 ] DEBUG Engine               - scaledHeightProp$fxgl: DoubleProperty [bound, value: 600.0]
18:58:06.443 [FXGL Background Thread 3 ] DEBUG Engine               - scaledWidthProp$fxgl: DoubleProperty [bound, value: 800.0]
18:58:06.443 [FXGL Background Thread 3 ] DEBUG Engine               - sceneFactory: com.almasb.fxglgames.platformer.PlatformerApp$1@2eb4413
18:58:06.443 [FXGL Background Thread 3 ] DEBUG Engine               - secondsIn24h: 60
18:58:06.444 [FXGL Background Thread 3 ] DEBUG Engine               - soundMenuBack: menu/back.wav
18:58:06.444 [FXGL Background Thread 3 ] DEBUG Engine               - soundMenuPress: menu/press.wav
18:58:06.444 [FXGL Background Thread 3 ] DEBUG Engine               - soundMenuSelect: menu/select.wav
18:58:06.444 [FXGL Background Thread 3 ] DEBUG Engine               - soundNotification: core/notification.wav
18:58:06.444 [FXGL Background Thread 3 ] DEBUG Engine               - stageStyle: DECORATED
18:58:06.444 [FXGL Background Thread 3 ] DEBUG Engine               - supportedLanguages: [ENGLISH, FRENCH, GERMAN, HUNGARIAN, RUSSIAN]
18:58:06.444 [FXGL Background Thread 3 ] DEBUG Engine               - ticksPerSecond: -1
18:58:06.444 [FXGL Background Thread 3 ] DEBUG Engine               - title: Untitled
18:58:06.444 [FXGL Background Thread 3 ] DEBUG Engine               - urlGithub: https://github.com/AlmasB/FXGL
18:58:06.444 [FXGL Background Thread 3 ] DEBUG Engine               - urlLeaderboard: http://fxgl-top.herokuapp.com/
18:58:06.444 [FXGL Background Thread 3 ] DEBUG Engine               - urlPOM: https://raw.githubusercontent.com/AlmasB/FXGL/release/README.md
18:58:06.444 [FXGL Background Thread 3 ] DEBUG Engine               - userAppClass: class com.almasb.fxglgames.platformer.PlatformerApp
18:58:06.444 [FXGL Background Thread 3 ] DEBUG Engine               - version: 0.0
18:58:06.444 [FXGL Background Thread 3 ] DEBUG Engine               - versionCheckDays: 7
18:58:06.444 [FXGL Background Thread 3 ] DEBUG Engine               - width: 800
18:58:06.444 [FXGL Background Thread 3 ] DEBUG Engine               - Logging services
18:58:06.444 [FXGL Background Thread 3 ] DEBUG Engine               - class com.almasb.fxgl.app.services.FXGLAssetLoaderService
18:58:06.444 [FXGL Background Thread 3 ] DEBUG Engine               - class com.almasb.fxgl.app.FXGLApplication$GameApplicationService
18:58:06.444 [FXGL Background Thread 3 ] DEBUG Engine               - class com.almasb.fxgl.app.services.FXGLDialogService
18:58:06.444 [FXGL Background Thread 3 ] DEBUG Engine               - class com.almasb.fxgl.app.services.IOTaskExecutorService
18:58:06.444 [FXGL Background Thread 3 ] DEBUG Engine               - class com.almasb.fxgl.io.FileSystemService
18:58:06.444 [FXGL Background Thread 3 ] DEBUG Engine               - class com.almasb.fxgl.localization.LocalizationService
18:58:06.445 [FXGL Background Thread 3 ] DEBUG Engine               - class com.almasb.fxgl.app.services.SystemBundleService
18:58:06.445 [FXGL Background Thread 3 ] DEBUG Engine               - class com.almasb.fxgl.profile.SaveLoadService
18:58:06.445 [FXGL Background Thread 3 ] DEBUG Engine               - class com.almasb.fxgl.ui.FXGLUIFactoryServiceProvider
18:58:06.445 [FXGL Background Thread 3 ] DEBUG Engine               - class com.almasb.fxgl.ui.FXGLDialogFactoryServiceProvider
18:58:06.445 [FXGL Background Thread 3 ] DEBUG Engine               - class com.almasb.fxgl.audio.AudioPlayer
18:58:06.445 [FXGL Background Thread 3 ] DEBUG Engine               - class com.almasb.fxgl.notification.impl.NotificationServiceProvider
18:58:06.445 [FXGL Background Thread 3 ] DEBUG Engine               - class com.almasb.fxgl.achievement.AchievementService
18:58:06.445 [FXGL Background Thread 3 ] DEBUG Engine               - class com.almasb.fxgl.cutscene.CutsceneService
18:58:06.445 [FXGL Background Thread 3 ] DEBUG Engine               - class com.almasb.fxgl.minigames.MiniGameService
18:58:06.445 [FXGL Background Thread 3 ] DEBUG Engine               - class com.almasb.fxgl.net.NetService
18:58:06.445 [FXGL Background Thread 3 ] DEBUG Engine               - class com.almasb.fxgl.app.services.UpdaterService
18:58:06.445 [FXGL Background Thread 3 ] DEBUG Engine               - class com.almasb.fxgl.dev.DevService
18:58:10.345 [JavaFX Application Thread] DEBUG FXGLApplication      - Exiting FXGL
18:58:10.346 [JavaFX Application Thread] DEBUG LoopRunner           - Stopping loop
18:58:10.346 [JavaFX Application Thread] DEBUG SystemBundleService  - Saving FXGL system data
18:58:10.348 [JavaFX Application Thread] DEBUG FileSystemAccess     - Writing to: C:\Users\TECH2-07\Downloads\FXGLGames-master123\FXGLGames-master\Mario\system\fxgl.bundle
18:58:10.350 [JavaFX Application Thread] DEBUG Async                - Shutting down background threads
18:58:10.351 [JavaFX Application Thread] DEBUG PrimaryStageWindow   - Closing main window
18:58:10.359 [JavaFX Application Thread] DEBUG Logger               - Closing Logger
