17:13:56.138 [main                     ] DEBUG Logger               - Configured Logger
17:13:56.160 [main                     ] DEBUG GameApplication      - Logging settings
Title: Untitled
Version: 0.0
Width: 1280
Height: 720
Fullscreen: false
Intro: false
Profiling: false
Single step:false
App Mode: DEVELOPER
Menu Key: ESCAPE
Stage Style: DECORATED
Scene Factory: class com.almasb.fxglgames.platformer.PlatformerApp$1

17:13:56.478 [JavaFX Application Thread] DEBUG FXGLApplication      - Initializing FXGL
17:13:56.482 [JavaFX Application Thread] INFO  Engine               - FXGL-21 (28.12.2023 13.35) on WINDOWS (J:21 FX:21.0.1)
17:13:56.483 [JavaFX Application Thread] DEBUG Engine               - JRE Vendor Name: Oracle Corporation
17:13:56.483 [JavaFX Application Thread] DEBUG Engine               - Running on OS: Windows 10 version 10.0
17:13:56.483 [JavaFX Application Thread] DEBUG Engine               - Architecture: amd64
17:13:56.484 [JavaFX Application Thread] INFO  Engine               - Source code and latest versions at: https://github.com/AlmasB/FXGL
17:13:56.484 [JavaFX Application Thread] INFO  Engine               -       Ask questions and discuss at: https://github.com/AlmasB/FXGL/discussions
17:13:56.484 [JavaFX Application Thread] INFO  Engine               -              Join the FXGL chat at: https://gitter.im/AlmasB/FXGL
17:13:56.571 [JavaFX Application Thread] DEBUG PrimaryStageWindow   - Creating a JavaFX scene
17:13:56.616 [JavaFX Application Thread] DEBUG PrimaryStageWindow   - Target settings size: 1280.0 x 720.0
17:13:56.616 [JavaFX Application Thread] DEBUG PrimaryStageWindow   - Scaled scene size:    1280.0 x 720.0
17:13:56.616 [JavaFX Application Thread] DEBUG PrimaryStageWindow   - Scaled ratio: (1.0, 1.0)
17:13:56.617 [JavaFX Application Thread] DEBUG PrimaryStageWindow   - Set initial scene to FXGLStartupScene
17:13:56.620 [JavaFX Application Thread] DEBUG PrimaryStageWindow   - Opening main window
17:13:56.713 [JavaFX Application Thread] DEBUG PrimaryStageWindow   - Window border size: (16.0, 39.0)
17:13:56.713 [JavaFX Application Thread] DEBUG PrimaryStageWindow   - Scaled size: 1280.0 x 720.0
17:13:56.714 [JavaFX Application Thread] DEBUG PrimaryStageWindow   - Scaled ratio: (1.0, 1.0)
17:13:56.714 [JavaFX Application Thread] DEBUG PrimaryStageWindow   - Scene size: 1280.0 x 720.0
17:13:56.714 [JavaFX Application Thread] DEBUG PrimaryStageWindow   - Stage size: 1296.0 x 759.0
17:13:56.724 [FXGL Background Thread 1 ] DEBUG Engine               - Initializing environment variables
17:13:56.774 [FXGL Background Thread 1 ] DEBUG FXGLAssetLoaderServi - User app class for loading assets: class com.almasb.fxglgames.platformer.PlatformerApp
17:13:56.774 [FXGL Background Thread 1 ] DEBUG GameApplicationServi - Applying CSS: fxgl_dark.css
17:13:56.776 [FXGL Background Thread 1 ] DEBUG FXGLAssetLoaderServi - Loading from file system: jar:file:///C:/Users/TECH2-07/.m2/repository/com/github/almasb/fxgl/21/fxgl-21.jar!/fxglassets/ui/css/fxgl_dark.css
17:13:56.821 [FXGL Background Thread 1 ] DEBUG GameApplicationServi - Initializing application scenes
17:13:56.888 [FXGL Background Thread 1 ] DEBUG GameWorld            - Game world initialized
17:13:56.953 [FXGL Background Thread 1 ] DEBUG PhysicsWorld         - Physics world initialized: appHeight=720, physics.ppm=50.0
17:13:56.953 [FXGL Background Thread 1 ] DEBUG PhysicsWorld         - Using strategy: BRUTE_FORCE
17:13:56.956 [FXGL Background Thread 1 ] DEBUG GameScene            - Game scene initialized: 1280x720
17:13:56.978 [FXGL Background Thread 1 ] DEBUG FXGL.DefaultMenu     - createMenuBodyGameMenu()
17:13:56.986 [FXGL Background Thread 1 ] DEBUG FXGL.DefaultMenu     - createOptionsMenu()
17:13:56.995 [FXGL Background Thread 1 ] DEBUG FXGLAssetLoaderServi - Loading from file system: jar:file:///C:/Users/TECH2-07/.m2/repository/com/github/almasb/fxgl/21/fxgl-21.jar!/fxglassets/textures/particles/smoke.png
17:13:57.077 [FXGL Background Thread 1 ] DEBUG FXGLAssetLoaderServi - Loading from file system: jar:file:///C:/Users/TECH2-07/.m2/repository/com/github/almasb/fxgl/21/fxgl-21.jar!/fxglassets/textures/particles/trace_horizontal.png
17:13:57.103 [FXGL Background Thread 1 ] DEBUG GameApplicationServi - Application scenes initialized
17:13:57.116 [FXGL Background Thread 1 ] DEBUG SystemBundleService  - Loading FXGL system data
17:13:57.120 [FXGL Background Thread 1 ] DEBUG FileSystemAccess     - Reading from: C:\Users\TECH2-07\Downloads\latest2\latest\system\fxgl.bundle
17:13:57.129 [FXGL Background Thread 1 ] DEBUG SystemBundleService  - Bundle FXGL: {}
17:13:57.129 [FXGL Background Thread 1 ] DEBUG UpdaterService       - Checking for updates
17:13:57.134 [FXGL Background Thread 4 ] DEBUG FXGLApplication      - Loading fonts
17:13:57.134 [FXGL Background Thread 1 ] DEBUG FXGLApplication      - Loading default localization
17:13:57.134 [FXGL Background Thread 4 ] DEBUG FXGLAssetLoaderServi - Loading from file system: jar:file:///C:/Users/TECH2-07/.m2/repository/com/github/almasb/fxgl/21/fxgl-21.jar!/fxglassets/ui/fonts/VarelaRound-Regular.ttf
17:13:57.135 [FXGL Background Thread 1 ] DEBUG FXGLAssetLoaderServi - Loading from file system: jar:file:///C:/Users/TECH2-07/.m2/repository/com/github/almasb/fxgl/21/fxgl-21.jar!/fxglassets/languages/english.lang
17:13:57.155 [FXGL Background Thread 1 ] INFO  FXGLApplication      - FXGL initialization took: 0.431 sec
17:13:57.161 [JavaFX Application Thread] DEBUG Input                - Registered new binding: action0 - LMB
17:13:57.171 [JavaFX Application Thread] DEBUG Input                - Registered new binding: Left - A
17:13:57.171 [JavaFX Application Thread] DEBUG Input                - Registered new binding: Right - D
17:13:57.171 [JavaFX Application Thread] DEBUG Input                - Registered new binding: Jump - W
17:13:57.171 [JavaFX Application Thread] DEBUG Input                - Registered new binding: Use - E
17:13:57.172 [JavaFX Application Thread] DEBUG FXGLAssetLoaderServi - Loading from file system: file:/C:/Users/TECH2-07/Downloads/latest2/latest/target/classes/assets/music/BGM_dash_runner.wav
17:13:57.179 [FXGL Background Thread 4 ] DEBUG FXGLAssetLoaderServi - Loading from file system: jar:file:///C:/Users/TECH2-07/.m2/repository/com/github/almasb/fxgl/21/fxgl-21.jar!/fxglassets/ui/fonts/Abel-Regular.ttf
17:13:57.185 [FXGL Background Thread 4 ] DEBUG FXGLAssetLoaderServi - Loading from file system: jar:file:///C:/Users/TECH2-07/.m2/repository/com/github/almasb/fxgl/21/fxgl-21.jar!/fxglassets/ui/fonts/TerminalLandMono-Regular.otf
17:13:57.190 [FXGL Background Thread 4 ] DEBUG FXGLAssetLoaderServi - Loading from file system: jar:file:///C:/Users/TECH2-07/.m2/repository/com/github/almasb/fxgl/21/fxgl-21.jar!/fxglassets/ui/fonts/Courier-Prime.ttf
17:13:57.316 [JavaFX Application Thread] DEBUG AudioPlayer          - Playing music com.almasb.fxgl.audio.Music@7a067bbd
17:13:57.317 [JavaFX Application Thread] DEBUG FXGLAssetLoaderServi - Loading from file system: jar:file:///C:/Users/TECH2-07/.m2/repository/com/github/almasb/fxgl/21/fxgl-21.jar!/fxglassets/textures/fxgl_icon.png
17:13:57.340 [JavaFX Application Thread] DEBUG FXGLAssetLoaderServi - Loading from file system: jar:file:///C:/Users/TECH2-07/.m2/repository/com/github/almasb/fxgl/21/fxgl-21.jar!/fxglassets/textures/fxgl_default_cursor.png
17:13:57.343 [JavaFX Application Thread] DEBUG Input                - Registered new binding: Screenshot - CTRL+8
17:13:57.344 [JavaFX Application Thread] DEBUG Input                - Registered new binding: System info dump - CTRL+9
17:13:57.344 [JavaFX Application Thread] DEBUG Input                - Registered new binding: Restart - CTRL+R
17:13:57.345 [JavaFX Application Thread] DEBUG Input                - Registered new binding: Toggle Debug Camera - CTRL+7
17:13:57.348 [JavaFX Application Thread] DEBUG LoopRunner           - Starting loop
17:13:57.348 [JavaFX Application Thread] DEBUG LoopRunner           - Initializing JavaFX AnimationTimerLoop
17:13:57.350 [JavaFX Application Thread] DEBUG Input                - Clearing active input actions
17:13:57.365 [JavaFX Application Thread] DEBUG GameApplicationServi - Removing overlay from FXGLStartupScene and adding to FXGLMainMenuDummyScene
17:13:57.366 [JavaFX Application Thread] DEBUG PrimaryStageWindow   - FXGLStartupScene -> FXGLMainMenuDummyScene
17:13:57.366 [JavaFX Application Thread] DEBUG PrimaryStageWindow   - Push state: WaitingMenu
17:13:57.366 [JavaFX Application Thread] DEBUG Input                - Clearing active input actions
17:13:57.372 [JavaFX Application Thread] DEBUG GameApplicationServi - Removing overlay from FXGLMainMenuDummyScene and adding to WaitingMenu
17:13:57.372 [JavaFX Application Thread] DEBUG PrimaryStageWindow   - FXGLMainMenuDummyScene -> WaitingMenu
17:13:57.373 [JavaFX Application Thread] DEBUG FXGLApplication      - Registering font factories with UI factory
17:13:57.781 [FXGL Background Thread 2 ] INFO  UpdaterService       - Your current version:  21
17:13:57.781 [FXGL Background Thread 2 ] INFO  UpdaterService       - Latest stable version: 21.1
17:14:00.132 [FXGL Background Thread 3 ] DEBUG Engine               - Logging environment variables
17:14:00.133 [FXGL Background Thread 3 ] DEBUG Engine               - achievements: []
17:14:00.134 [FXGL Background Thread 3 ] DEBUG Engine               - actualHeight: 720.0
17:14:00.134 [FXGL Background Thread 3 ] DEBUG Engine               - actualHeightProperty: ReadOnlyDoubleProperty [value: 720.0]
17:14:00.134 [FXGL Background Thread 3 ] DEBUG Engine               - actualWidth: 1280.0
17:14:00.134 [FXGL Background Thread 3 ] DEBUG Engine               - actualWidthProperty: ReadOnlyDoubleProperty [value: 1280.0]
17:14:00.134 [FXGL Background Thread 3 ] DEBUG Engine               - appIcon: fxgl_icon.png
17:14:00.135 [FXGL Background Thread 3 ] DEBUG Engine               - applicationMode: DEVELOPER
17:14:00.135 [FXGL Background Thread 3 ] DEBUG Engine               - cSSList: [fxgl_dark.css]
17:14:00.135 [FXGL Background Thread 3 ] DEBUG Engine               - collisionDetectionStrategy: BRUTE_FORCE
17:14:00.135 [FXGL Background Thread 3 ] DEBUG Engine               - configClass: Optional.empty
17:14:00.135 [FXGL Background Thread 3 ] DEBUG Engine               - credits: []
17:14:00.136 [FXGL Background Thread 3 ] DEBUG Engine               - defaultCursor: CursorInfo(imageName=fxgl_default_cursor.png, hotspotX=7.0, hotspotY=6.0)
17:14:00.136 [FXGL Background Thread 3 ] DEBUG Engine               - devBBoxColorProperty: ObjectProperty [value: 0xff0000ff]
17:14:00.136 [FXGL Background Thread 3 ] DEBUG Engine               - devEnableDebugCameraProperty: BooleanProperty [value: false]
17:14:00.137 [FXGL Background Thread 3 ] DEBUG Engine               - devSensorColorProperty: ObjectProperty [value: 0xffff00ff]
17:14:00.137 [FXGL Background Thread 3 ] DEBUG Engine               - devShowBBoxProperty: BooleanProperty [value: false]
17:14:00.137 [FXGL Background Thread 3 ] DEBUG Engine               - devShowPositionProperty: BooleanProperty [value: false]
17:14:00.137 [FXGL Background Thread 3 ] DEBUG Engine               - enabledMenuItems: []
17:14:00.137 [FXGL Background Thread 3 ] DEBUG Engine               - engineServices: [class com.almasb.fxgl.app.services.FXGLAssetLoaderService, class com.almasb.fxgl.app.FXGLApplication$GameApplicationService, class com.almasb.fxgl.app.services.FXGLDialogService, class com.almasb.fxgl.app.services.IOTaskExecutorService, class com.almasb.fxgl.io.FileSystemService, class com.almasb.fxgl.localization.LocalizationService, class com.almasb.fxgl.app.services.SystemBundleService, class com.almasb.fxgl.profile.SaveLoadService, class com.almasb.fxgl.ui.FXGLUIFactoryServiceProvider, class com.almasb.fxgl.ui.FXGLDialogFactoryServiceProvider, class com.almasb.fxgl.audio.AudioPlayer, class com.almasb.fxgl.notification.impl.NotificationServiceProvider, class com.almasb.fxgl.achievement.AchievementService, class com.almasb.fxgl.cutscene.CutsceneService, class com.almasb.fxgl.minigames.MiniGameService, class com.almasb.fxgl.net.NetService, class com.almasb.fxgl.app.services.UpdaterService, class com.almasb.fxgl.dev.DevService]
17:14:00.137 [FXGL Background Thread 3 ] DEBUG Engine               - fontGame: Abel-Regular.ttf
17:14:00.137 [FXGL Background Thread 3 ] DEBUG Engine               - fontMono: TerminalLandMono-Regular.otf
17:14:00.137 [FXGL Background Thread 3 ] DEBUG Engine               - fontSizeScaleUI: 1.0
17:14:00.137 [FXGL Background Thread 3 ] DEBUG Engine               - fontText: Courier-Prime.ttf
17:14:00.138 [FXGL Background Thread 3 ] DEBUG Engine               - fontUI: VarelaRound-Regular.ttf
17:14:00.138 [FXGL Background Thread 3 ] DEBUG Engine               - fullScreen: BooleanProperty [value: false]
17:14:00.138 [FXGL Background Thread 3 ] DEBUG Engine               - gameDifficulty: MEDIUM
17:14:00.138 [FXGL Background Thread 3 ] DEBUG Engine               - gameDifficultyProperty: ObjectProperty [value: MEDIUM]
17:14:00.138 [FXGL Background Thread 3 ] DEBUG Engine               - globalMusicVolume: 0.5
17:14:00.138 [FXGL Background Thread 3 ] DEBUG Engine               - globalMusicVolumeProperty: DoubleProperty [value: 0.25]
17:14:00.138 [FXGL Background Thread 3 ] DEBUG Engine               - globalSoundVolume: 0.5
17:14:00.138 [FXGL Background Thread 3 ] DEBUG Engine               - globalSoundVolumeProperty: DoubleProperty [value: 0.5]
17:14:00.138 [FXGL Background Thread 3 ] DEBUG Engine               - height: 720
17:14:00.138 [FXGL Background Thread 3 ] DEBUG Engine               - is3D: false
17:14:00.138 [FXGL Background Thread 3 ] DEBUG Engine               - isAndroid: false
17:14:00.138 [FXGL Background Thread 3 ] DEBUG Engine               - isBrowser: false
17:14:00.138 [FXGL Background Thread 3 ] DEBUG Engine               - isClickFeedbackEnabled: false
17:14:00.138 [FXGL Background Thread 3 ] DEBUG Engine               - isCloseConfirmation: false
17:14:00.138 [FXGL Background Thread 3 ] DEBUG Engine               - isDesktop: true
17:14:00.138 [FXGL Background Thread 3 ] DEBUG Engine               - isDeveloperMenuEnabled: false
17:14:00.139 [FXGL Background Thread 3 ] DEBUG Engine               - isEmbedded: false
17:14:00.139 [FXGL Background Thread 3 ] DEBUG Engine               - isEntityPreloadEnabled: true
17:14:00.139 [FXGL Background Thread 3 ] DEBUG Engine               - isExperimentalTiledLargeMap: false
17:14:00.139 [FXGL Background Thread 3 ] DEBUG Engine               - isFileSystemWriteAllowed: true
17:14:00.139 [FXGL Background Thread 3 ] DEBUG Engine               - isFullScreenAllowed: false
17:14:00.139 [FXGL Background Thread 3 ] DEBUG Engine               - isFullScreenFromStart: false
17:14:00.139 [FXGL Background Thread 3 ] DEBUG Engine               - isGameMenuEnabled: true
17:14:00.139 [FXGL Background Thread 3 ] DEBUG Engine               - isIOS: false
17:14:00.139 [FXGL Background Thread 3 ] DEBUG Engine               - isIntroEnabled: false
17:14:00.139 [FXGL Background Thread 3 ] DEBUG Engine               - isLinux: false
17:14:00.139 [FXGL Background Thread 3 ] DEBUG Engine               - isMac: false
17:14:00.139 [FXGL Background Thread 3 ] DEBUG Engine               - isMainMenuEnabled: true
17:14:00.139 [FXGL Background Thread 3 ] DEBUG Engine               - isManualResizeEnabled: false
17:14:00.139 [FXGL Background Thread 3 ] DEBUG Engine               - isMobile: false
17:14:00.139 [FXGL Background Thread 3 ] DEBUG Engine               - isNative: false
17:14:00.139 [FXGL Background Thread 3 ] DEBUG Engine               - isPauseMusicWhenMinimized: true
17:14:00.139 [FXGL Background Thread 3 ] DEBUG Engine               - isPreserveResizeRatio: false
17:14:00.139 [FXGL Background Thread 3 ] DEBUG Engine               - isProfilingEnabled: false
17:14:00.139 [FXGL Background Thread 3 ] DEBUG Engine               - isScaleAffectedOnResize: true
17:14:00.139 [FXGL Background Thread 3 ] DEBUG Engine               - isSingleStep: false
17:14:00.139 [FXGL Background Thread 3 ] DEBUG Engine               - isUserProfileEnabled: false
17:14:00.139 [FXGL Background Thread 3 ] DEBUG Engine               - isWindows: true
17:14:00.140 [FXGL Background Thread 3 ] DEBUG Engine               - language: ObjectProperty [value: ENGLISH]
17:14:00.140 [FXGL Background Thread 3 ] DEBUG Engine               - menuKey: ESCAPE
17:14:00.140 [FXGL Background Thread 3 ] DEBUG Engine               - mouseSensitivity: 0.2
17:14:00.140 [FXGL Background Thread 3 ] DEBUG Engine               - notificationViewClass: class com.almasb.fxgl.notification.view.XboxNotificationView
17:14:00.140 [FXGL Background Thread 3 ] DEBUG Engine               - pixelsPerMeter: 50.0
17:14:00.140 [FXGL Background Thread 3 ] DEBUG Engine               - platform: WINDOWS
17:14:00.140 [FXGL Background Thread 3 ] DEBUG Engine               - prefHeightProperty: ReadOnlyDoubleProperty [value: 720.0]
17:14:00.140 [FXGL Background Thread 3 ] DEBUG Engine               - prefWidthProperty: ReadOnlyDoubleProperty [value: 1280.0]
17:14:00.140 [FXGL Background Thread 3 ] DEBUG Engine               - profileDir: profiles/
17:14:00.140 [FXGL Background Thread 3 ] DEBUG Engine               - profileName: StringProperty [value: DEFAULT]
17:14:00.140 [FXGL Background Thread 3 ] DEBUG Engine               - randomSeed: -1
17:14:00.140 [FXGL Background Thread 3 ] DEBUG Engine               - runtimeInfo: RuntimeInfo(platform=WINDOWS, version=21, build=28.12.2023 13.35)
17:14:00.140 [FXGL Background Thread 3 ] DEBUG Engine               - saveFileExt: sav
17:14:00.140 [FXGL Background Thread 3 ] DEBUG Engine               - scaledHeightProp$fxgl: DoubleProperty [bound, value: 720.0]
17:14:00.140 [FXGL Background Thread 3 ] DEBUG Engine               - scaledWidthProp$fxgl: DoubleProperty [bound, value: 1280.0]
17:14:00.141 [FXGL Background Thread 3 ] DEBUG Engine               - sceneFactory: com.almasb.fxglgames.platformer.PlatformerApp$1@325797a3
17:14:00.141 [FXGL Background Thread 3 ] DEBUG Engine               - secondsIn24h: 60
17:14:00.141 [FXGL Background Thread 3 ] DEBUG Engine               - soundMenuBack: menu/back.wav
17:14:00.141 [FXGL Background Thread 3 ] DEBUG Engine               - soundMenuPress: menu/press.wav
17:14:00.141 [FXGL Background Thread 3 ] DEBUG Engine               - soundMenuSelect: menu/select.wav
17:14:00.141 [FXGL Background Thread 3 ] DEBUG Engine               - soundNotification: core/notification.wav
17:14:00.141 [FXGL Background Thread 3 ] DEBUG Engine               - stageStyle: DECORATED
17:14:00.141 [FXGL Background Thread 3 ] DEBUG Engine               - supportedLanguages: [ENGLISH, FRENCH, GERMAN, HUNGARIAN, RUSSIAN]
17:14:00.141 [FXGL Background Thread 3 ] DEBUG Engine               - ticksPerSecond: -1
17:14:00.141 [FXGL Background Thread 3 ] DEBUG Engine               - title: Untitled
17:14:00.141 [FXGL Background Thread 3 ] DEBUG Engine               - urlGithub: https://github.com/AlmasB/FXGL
17:14:00.141 [FXGL Background Thread 3 ] DEBUG Engine               - urlLeaderboard: http://fxgl-top.herokuapp.com/
17:14:00.141 [FXGL Background Thread 3 ] DEBUG Engine               - urlPOM: https://raw.githubusercontent.com/AlmasB/FXGL/release/README.md
17:14:00.141 [FXGL Background Thread 3 ] DEBUG Engine               - userAppClass: class com.almasb.fxglgames.platformer.PlatformerApp
17:14:00.141 [FXGL Background Thread 3 ] DEBUG Engine               - version: 0.0
17:14:00.141 [FXGL Background Thread 3 ] DEBUG Engine               - versionCheckDays: 7
17:14:00.141 [FXGL Background Thread 3 ] DEBUG Engine               - width: 1280
17:14:00.141 [FXGL Background Thread 3 ] DEBUG Engine               - Logging services
17:14:00.141 [FXGL Background Thread 3 ] DEBUG Engine               - class com.almasb.fxgl.app.services.FXGLAssetLoaderService
17:14:00.141 [FXGL Background Thread 3 ] DEBUG Engine               - class com.almasb.fxgl.app.FXGLApplication$GameApplicationService
17:14:00.141 [FXGL Background Thread 3 ] DEBUG Engine               - class com.almasb.fxgl.app.services.FXGLDialogService
17:14:00.141 [FXGL Background Thread 3 ] DEBUG Engine               - class com.almasb.fxgl.app.services.IOTaskExecutorService
17:14:00.142 [FXGL Background Thread 3 ] DEBUG Engine               - class com.almasb.fxgl.io.FileSystemService
17:14:00.142 [FXGL Background Thread 3 ] DEBUG Engine               - class com.almasb.fxgl.localization.LocalizationService
17:14:00.142 [FXGL Background Thread 3 ] DEBUG Engine               - class com.almasb.fxgl.app.services.SystemBundleService
17:14:00.142 [FXGL Background Thread 3 ] DEBUG Engine               - class com.almasb.fxgl.profile.SaveLoadService
17:14:00.142 [FXGL Background Thread 3 ] DEBUG Engine               - class com.almasb.fxgl.ui.FXGLUIFactoryServiceProvider
17:14:00.142 [FXGL Background Thread 3 ] DEBUG Engine               - class com.almasb.fxgl.ui.FXGLDialogFactoryServiceProvider
17:14:00.142 [FXGL Background Thread 3 ] DEBUG Engine               - class com.almasb.fxgl.audio.AudioPlayer
17:14:00.142 [FXGL Background Thread 3 ] DEBUG Engine               - class com.almasb.fxgl.notification.impl.NotificationServiceProvider
17:14:00.142 [FXGL Background Thread 3 ] DEBUG Engine               - class com.almasb.fxgl.achievement.AchievementService
17:14:00.142 [FXGL Background Thread 3 ] DEBUG Engine               - class com.almasb.fxgl.cutscene.CutsceneService
17:14:00.142 [FXGL Background Thread 3 ] DEBUG Engine               - class com.almasb.fxgl.minigames.MiniGameService
17:14:00.142 [FXGL Background Thread 3 ] DEBUG Engine               - class com.almasb.fxgl.net.NetService
17:14:00.142 [FXGL Background Thread 3 ] DEBUG Engine               - class com.almasb.fxgl.app.services.UpdaterService
17:14:00.142 [FXGL Background Thread 3 ] DEBUG Engine               - class com.almasb.fxgl.dev.DevService
17:14:02.323 [JavaFX Application Thread] DEBUG Menu                 - fireNewGame()
17:14:02.323 [JavaFX Application Thread] DEBUG GameApplicationServi - Starting new game
17:14:02.324 [JavaFX Application Thread] DEBUG PrimaryStageWindow   - Pop state: WaitingMenu
17:14:02.324 [JavaFX Application Thread] DEBUG Input                - Clearing active input actions
17:14:02.324 [JavaFX Application Thread] DEBUG GameApplicationServi - Removing overlay from WaitingMenu and adding to FXGLMainMenuDummyScene
17:14:02.324 [JavaFX Application Thread] DEBUG PrimaryStageWindow   - FXGLMainMenuDummyScene <- WaitingMenu
17:14:02.325 [JavaFX Application Thread] DEBUG Input                - Clearing active input actions
17:14:02.332 [JavaFX Application Thread] DEBUG GameApplicationServi - Removing overlay from FXGLMainMenuDummyScene and adding to FXGLLoadingScene
17:14:02.332 [JavaFX Application Thread] DEBUG PrimaryStageWindow   - FXGLMainMenuDummyScene -> FXGLLoadingScene
17:14:02.332 [JavaFX Application Thread] DEBUG GameApplicationServi - Clearing previous game
17:14:02.332 [JavaFX Application Thread] DEBUG GameScene            - Clearing game scene
17:14:02.332 [JavaFX Application Thread] DEBUG GameWorld            - Clearing game world
17:14:02.332 [JavaFX Application Thread] DEBUG PhysicsWorld         - Clearing physics world
17:14:02.334 [FXGL Background Thread 2 ] DEBUG FXGLApplication      - Initializing game
17:14:02.369 [FXGL Background Thread 2 ] WARN  TMXLevelLoader       - TiledMap generated from 1.2.3. Supported version: 1.9.0. Some features may not be parsed fully.
17:14:02.375 [FXGL Background Thread 2 ] DEBUG TMXLevelLoader       - Parsed TiledMap: file:/C:/Users/TECH2-07/Downloads/latest2/latest/target/classes/assets/levels/tmx/level1.tmx
17:14:02.377 [FXGL Background Thread 2 ] DEBUG TMXLevelLoader       - Creating tile layer entities
17:14:02.378 [FXGL Background Thread 2 ] DEBUG TilesetLoader        - Loading view for layer Tile Layer 1
17:14:02.379 [FXGL Background Thread 2 ] DEBUG TilesetLoader        - Created buffer with size 1050.0x700.0
17:14:02.394 [FXGL Background Thread 2 ] DEBUG TMXLevelLoader       - Creating object layer entities
17:14:02.411 [FXGL Background Thread 2 ] DEBUG GameWorld            - Clearing removable entities
17:14:02.411 [FXGL Background Thread 2 ] DEBUG GameWorld            - Setting level: com.almasb.fxgl.entity.level.Level@48793a40
17:14:02.426 [FXGL Background Thread 2 ] DEBUG FXGLAssetLoaderServi - Loading from file system: file:/C:/Users/TECH2-07/Downloads/latest2/latest/target/classes/assets/textures/player.png
17:14:02.442 [FXGL Background Thread 2 ] DEBUG FXGLAssetLoaderServi - Loading from file system: file:/C:/Users/TECH2-07/Downloads/latest2/latest/target/classes/assets/textures/background/forest.png
17:14:02.463 [FXGL Background Thread 2 ] INFO  FXGLApplication      - Game initialization took: 0.128 sec
17:14:02.466 [JavaFX Application Thread] DEBUG Input                - Clearing active input actions
17:14:02.475 [JavaFX Application Thread] DEBUG GameApplicationServi - Removing overlay from FXGLLoadingScene and adding to GameScene
17:14:02.475 [JavaFX Application Thread] DEBUG PrimaryStageWindow   - FXGLLoadingScene -> GameScene
17:14:13.034 [JavaFX Application Thread] DEBUG FXGLApplication      - Exiting FXGL
17:14:13.034 [JavaFX Application Thread] DEBUG LoopRunner           - Stopping loop
17:14:13.034 [JavaFX Application Thread] DEBUG SystemBundleService  - Saving FXGL system data
17:14:13.036 [JavaFX Application Thread] DEBUG FileSystemAccess     - Writing to: C:\Users\TECH2-07\Downloads\latest2\latest\system\fxgl.bundle
17:14:13.039 [JavaFX Application Thread] DEBUG Async                - Shutting down background threads
17:14:13.039 [JavaFX Application Thread] DEBUG PrimaryStageWindow   - Closing main window
17:14:13.049 [JavaFX Application Thread] DEBUG Logger               - Closing Logger
