16:05:41.218 [main                     ] DEBUG Logger               - Configured Logger
16:05:41.242 [main                     ] DEBUG GameApplication      - Logging settings
Title: Untitled
Version: 0.0
Width: 800
Height: 600
Fullscreen: false
Intro: false
Profiling: false
Single step:false
App Mode: DEVELOPER
Menu Key: ESCAPE
Stage Style: DECORATED
Scene Factory: class com.almasb.fxglgames.platformer.PlatformerApp$1

16:05:41.629 [JavaFX Application Thread] DEBUG FXGLApplication      - Initializing FXGL
16:05:41.633 [JavaFX Application Thread] INFO  Engine               - FXGL-21 (28.12.2023 13.35) on WINDOWS (J:21.0.2 FX:21.0.1)
16:05:41.633 [JavaFX Application Thread] DEBUG Engine               - JRE Vendor Name: Oracle Corporation
16:05:41.634 [JavaFX Application Thread] DEBUG Engine               - Running on OS: Windows 10 version 10.0
16:05:41.634 [JavaFX Application Thread] DEBUG Engine               - Architecture: amd64
16:05:41.634 [JavaFX Application Thread] INFO  Engine               - Source code and latest versions at: https://github.com/AlmasB/FXGL
16:05:41.634 [JavaFX Application Thread] INFO  Engine               -       Ask questions and discuss at: https://github.com/AlmasB/FXGL/discussions
16:05:41.634 [JavaFX Application Thread] INFO  Engine               -              Join the FXGL chat at: https://gitter.im/AlmasB/FXGL
16:05:41.725 [JavaFX Application Thread] DEBUG PrimaryStageWindow   - Creating a JavaFX scene
16:05:41.772 [JavaFX Application Thread] DEBUG PrimaryStageWindow   - Target settings size: 800.0 x 600.0
16:05:41.772 [JavaFX Application Thread] DEBUG PrimaryStageWindow   - Scaled scene size:    800.0 x 600.0
16:05:41.772 [JavaFX Application Thread] DEBUG PrimaryStageWindow   - Scaled ratio: (1.0, 1.0)
16:05:41.773 [JavaFX Application Thread] DEBUG PrimaryStageWindow   - Set initial scene to FXGLStartupScene
16:05:41.777 [JavaFX Application Thread] DEBUG PrimaryStageWindow   - Opening main window
16:05:41.876 [JavaFX Application Thread] DEBUG PrimaryStageWindow   - Window border size: (16.0, 39.0)
16:05:41.876 [JavaFX Application Thread] DEBUG PrimaryStageWindow   - Scaled size: 800.0 x 600.0
16:05:41.876 [JavaFX Application Thread] DEBUG PrimaryStageWindow   - Scaled ratio: (1.0, 1.0)
16:05:41.877 [JavaFX Application Thread] DEBUG PrimaryStageWindow   - Scene size: 800.0 x 600.0
16:05:41.877 [JavaFX Application Thread] DEBUG PrimaryStageWindow   - Stage size: 816.0 x 639.0
16:05:41.884 [FXGL Background Thread 1 ] DEBUG Engine               - Initializing environment variables
16:05:41.938 [FXGL Background Thread 1 ] DEBUG FXGLAssetLoaderServi - User app class for loading assets: class com.almasb.fxglgames.platformer.PlatformerApp
16:05:41.939 [FXGL Background Thread 1 ] DEBUG GameApplicationServi - Applying CSS: fxgl_dark.css
16:05:41.940 [FXGL Background Thread 1 ] DEBUG FXGLAssetLoaderServi - Loading from file system: jar:file:///C:/Users/TECH2-26/.m2/repository/com/github/almasb/fxgl/21/fxgl-21.jar!/fxglassets/ui/css/fxgl_dark.css
16:05:41.984 [FXGL Background Thread 1 ] DEBUG GameApplicationServi - Initializing application scenes
16:05:42.054 [FXGL Background Thread 1 ] DEBUG FXGLAssetLoaderServi - Loading from file system: file:/C:/project/main_repo/target/classes/assets/textures/player.png
16:05:42.081 [FXGL Background Thread 1 ] DEBUG GameWorld            - Game world initialized
16:05:42.137 [FXGL Background Thread 1 ] DEBUG PhysicsWorld         - Physics world initialized: appHeight=600, physics.ppm=50.0
16:05:42.137 [FXGL Background Thread 1 ] DEBUG PhysicsWorld         - Using strategy: BRUTE_FORCE
16:05:42.141 [FXGL Background Thread 1 ] DEBUG GameScene            - Game scene initialized: 800x600
16:05:42.149 [FXGL Background Thread 1 ] DEBUG FXGL.DefaultMenu     - createMenuBodyGameMenu()
16:05:42.167 [FXGL Background Thread 1 ] DEBUG FXGL.DefaultMenu     - createOptionsMenu()
16:05:42.176 [FXGL Background Thread 1 ] DEBUG FXGLAssetLoaderServi - Loading from file system: jar:file:///C:/Users/TECH2-26/.m2/repository/com/github/almasb/fxgl/21/fxgl-21.jar!/fxglassets/textures/particles/smoke.png
16:05:42.260 [FXGL Background Thread 1 ] DEBUG FXGLAssetLoaderServi - Loading from file system: jar:file:///C:/Users/TECH2-26/.m2/repository/com/github/almasb/fxgl/21/fxgl-21.jar!/fxglassets/textures/particles/trace_horizontal.png
16:05:42.316 [FXGL Background Thread 1 ] DEBUG GameApplicationServi - Application scenes initialized
16:05:42.331 [FXGL Background Thread 1 ] DEBUG SystemBundleService  - Loading FXGL system data
16:05:42.342 [FXGL Background Thread 1 ] DEBUG FileSystemAccess     - Reading from: C:\project\main_repo\system\fxgl.bundle
16:05:42.352 [FXGL Background Thread 1 ] DEBUG SystemBundleService  - Bundle FXGL: {}
16:05:42.352 [FXGL Background Thread 1 ] DEBUG UpdaterService       - Checking for updates
16:05:42.357 [FXGL Background Thread 4 ] DEBUG FXGLApplication      - Loading fonts
16:05:42.358 [FXGL Background Thread 1 ] DEBUG FXGLApplication      - Loading default localization
16:05:42.358 [FXGL Background Thread 4 ] DEBUG FXGLAssetLoaderServi - Loading from file system: jar:file:///C:/Users/TECH2-26/.m2/repository/com/github/almasb/fxgl/21/fxgl-21.jar!/fxglassets/ui/fonts/VarelaRound-Regular.ttf
16:05:42.359 [FXGL Background Thread 1 ] DEBUG FXGLAssetLoaderServi - Loading from file system: jar:file:///C:/Users/TECH2-26/.m2/repository/com/github/almasb/fxgl/21/fxgl-21.jar!/fxglassets/languages/english.lang
16:05:42.380 [FXGL Background Thread 1 ] INFO  FXGLApplication      - FXGL initialization took: 0.496 sec
16:05:42.386 [JavaFX Application Thread] DEBUG Input                - Registered new binding: action0 - LMB
16:05:42.395 [JavaFX Application Thread] DEBUG Input                - Registered new binding: Left - A
16:05:42.396 [JavaFX Application Thread] DEBUG Input                - Registered new binding: Right - D
16:05:42.396 [JavaFX Application Thread] DEBUG Input                - Registered new binding: Jump - W
16:05:42.396 [JavaFX Application Thread] DEBUG Input                - Registered new binding: Use - E
16:05:42.397 [JavaFX Application Thread] DEBUG FXGLAssetLoaderServi - Loading from file system: file:/C:/project/main_repo/target/classes/assets/music/BGM_dash_runner.wav
16:05:42.401 [FXGL Background Thread 4 ] DEBUG FXGLAssetLoaderServi - Loading from file system: jar:file:///C:/Users/TECH2-26/.m2/repository/com/github/almasb/fxgl/21/fxgl-21.jar!/fxglassets/ui/fonts/Abel-Regular.ttf
16:05:42.408 [FXGL Background Thread 4 ] DEBUG FXGLAssetLoaderServi - Loading from file system: jar:file:///C:/Users/TECH2-26/.m2/repository/com/github/almasb/fxgl/21/fxgl-21.jar!/fxglassets/ui/fonts/TerminalLandMono-Regular.otf
16:05:42.415 [FXGL Background Thread 4 ] DEBUG FXGLAssetLoaderServi - Loading from file system: jar:file:///C:/Users/TECH2-26/.m2/repository/com/github/almasb/fxgl/21/fxgl-21.jar!/fxglassets/ui/fonts/Courier-Prime.ttf
16:05:42.589 [JavaFX Application Thread] DEBUG AudioPlayer          - Playing music com.almasb.fxgl.audio.Music@5d52a42c
16:05:42.590 [JavaFX Application Thread] DEBUG FXGLAssetLoaderServi - Loading from file system: jar:file:///C:/Users/TECH2-26/.m2/repository/com/github/almasb/fxgl/21/fxgl-21.jar!/fxglassets/textures/fxgl_icon.png
16:05:42.623 [JavaFX Application Thread] DEBUG FXGLAssetLoaderServi - Loading from file system: jar:file:///C:/Users/TECH2-26/.m2/repository/com/github/almasb/fxgl/21/fxgl-21.jar!/fxglassets/textures/fxgl_default_cursor.png
16:05:42.626 [JavaFX Application Thread] DEBUG Input                - Registered new binding: Screenshot - CTRL+8
16:05:42.627 [JavaFX Application Thread] DEBUG Input                - Registered new binding: System info dump - CTRL+9
16:05:42.627 [JavaFX Application Thread] DEBUG Input                - Registered new binding: Restart - CTRL+R
16:05:42.628 [JavaFX Application Thread] DEBUG Input                - Registered new binding: Toggle Debug Camera - CTRL+7
16:05:42.631 [JavaFX Application Thread] DEBUG LoopRunner           - Starting loop
16:05:42.631 [JavaFX Application Thread] DEBUG LoopRunner           - Initializing JavaFX AnimationTimerLoop
16:05:42.633 [JavaFX Application Thread] DEBUG GameApplicationServi - Starting new game
16:05:42.633 [JavaFX Application Thread] DEBUG Input                - Clearing active input actions
16:05:42.654 [JavaFX Application Thread] DEBUG GameApplicationServi - Removing overlay from FXGLStartupScene and adding to MainLoadingScene
16:05:42.654 [JavaFX Application Thread] DEBUG PrimaryStageWindow   - FXGLStartupScene -> MainLoadingScene
16:05:42.654 [JavaFX Application Thread] DEBUG GameApplicationServi - Clearing previous game
16:05:42.654 [JavaFX Application Thread] DEBUG GameScene            - Clearing game scene
16:05:42.654 [JavaFX Application Thread] DEBUG GameWorld            - Clearing game world
16:05:42.655 [JavaFX Application Thread] DEBUG PhysicsWorld         - Clearing physics world
16:05:42.656 [FXGL Background Thread 4 ] DEBUG FXGLApplication      - Initializing game
16:05:42.658 [JavaFX Application Thread] DEBUG FXGLApplication      - Registering font factories with UI factory
16:05:42.717 [FXGL Background Thread 4 ] WARN  TMXLevelLoader       - TiledMap generated from 1.2.3. Supported version: 1.9.0. Some features may not be parsed fully.
16:05:42.727 [FXGL Background Thread 4 ] DEBUG TMXLevelLoader       - Parsed TiledMap: file:/C:/project/main_repo/target/classes/assets/levels/tmx/level1.tmx
16:05:42.729 [FXGL Background Thread 4 ] DEBUG TMXLevelLoader       - Creating tile layer entities
16:05:42.732 [FXGL Background Thread 4 ] DEBUG TilesetLoader        - Loading view for layer Tile Layer 1
16:05:42.734 [FXGL Background Thread 4 ] DEBUG TilesetLoader        - Created buffer with size 1050.0x700.0
16:05:42.761 [FXGL Background Thread 4 ] DEBUG TMXLevelLoader       - Creating object layer entities
16:05:42.785 [FXGL Background Thread 4 ] DEBUG GameWorld            - Clearing removable entities
16:05:42.786 [FXGL Background Thread 4 ] DEBUG GameWorld            - Setting level: com.almasb.fxgl.entity.level.Level@a2e67a7
16:05:42.832 [FXGL Background Thread 4 ] DEBUG FXGLAssetLoaderServi - Loading from file system: file:/C:/project/main_repo/target/classes/assets/textures/background/forest.png
16:05:42.861 [FXGL Background Thread 4 ] INFO  FXGLApplication      - Game initialization took: 0.205 sec
16:05:42.866 [JavaFX Application Thread] DEBUG Input                - Clearing active input actions
16:05:42.866 [FXGL Background Thread 2 ] INFO  UpdaterService       - Your current version:  21
16:05:42.867 [FXGL Background Thread 2 ] INFO  UpdaterService       - Latest stable version: 21.1
16:05:42.875 [JavaFX Application Thread] DEBUG GameApplicationServi - Removing overlay from MainLoadingScene and adding to GameScene
16:05:42.875 [JavaFX Application Thread] DEBUG PrimaryStageWindow   - MainLoadingScene -> GameScene
16:05:45.356 [FXGL Background Thread 3 ] DEBUG Engine               - Logging environment variables
16:05:45.357 [FXGL Background Thread 3 ] DEBUG Engine               - achievements: []
16:05:45.357 [FXGL Background Thread 3 ] DEBUG Engine               - actualHeight: 600.0
16:05:45.357 [FXGL Background Thread 3 ] DEBUG Engine               - actualHeightProperty: ReadOnlyDoubleProperty [value: 600.0]
16:05:45.357 [FXGL Background Thread 3 ] DEBUG Engine               - actualWidth: 800.0
16:05:45.357 [FXGL Background Thread 3 ] DEBUG Engine               - actualWidthProperty: ReadOnlyDoubleProperty [value: 800.0]
16:05:45.357 [FXGL Background Thread 3 ] DEBUG Engine               - appIcon: fxgl_icon.png
16:05:45.357 [FXGL Background Thread 3 ] DEBUG Engine               - applicationMode: DEVELOPER
16:05:45.357 [FXGL Background Thread 3 ] DEBUG Engine               - cSSList: [fxgl_dark.css]
16:05:45.357 [FXGL Background Thread 3 ] DEBUG Engine               - collisionDetectionStrategy: BRUTE_FORCE
16:05:45.357 [FXGL Background Thread 3 ] DEBUG Engine               - configClass: Optional.empty
16:05:45.358 [FXGL Background Thread 3 ] DEBUG Engine               - credits: []
16:05:45.358 [FXGL Background Thread 3 ] DEBUG Engine               - defaultCursor: CursorInfo(imageName=fxgl_default_cursor.png, hotspotX=7.0, hotspotY=6.0)
16:05:45.358 [FXGL Background Thread 3 ] DEBUG Engine               - devBBoxColorProperty: ObjectProperty [value: 0xff0000ff]
16:05:45.358 [FXGL Background Thread 3 ] DEBUG Engine               - devEnableDebugCameraProperty: BooleanProperty [value: false]
16:05:45.359 [FXGL Background Thread 3 ] DEBUG Engine               - devSensorColorProperty: ObjectProperty [value: 0xffff00ff]
16:05:45.359 [FXGL Background Thread 3 ] DEBUG Engine               - devShowBBoxProperty: BooleanProperty [value: false]
16:05:45.359 [FXGL Background Thread 3 ] DEBUG Engine               - devShowPositionProperty: BooleanProperty [value: false]
16:05:45.359 [FXGL Background Thread 3 ] DEBUG Engine               - enabledMenuItems: []
16:05:45.359 [FXGL Background Thread 3 ] DEBUG Engine               - engineServices: [class com.almasb.fxgl.app.services.FXGLAssetLoaderService, class com.almasb.fxgl.app.FXGLApplication$GameApplicationService, class com.almasb.fxgl.app.services.FXGLDialogService, class com.almasb.fxgl.app.services.IOTaskExecutorService, class com.almasb.fxgl.io.FileSystemService, class com.almasb.fxgl.localization.LocalizationService, class com.almasb.fxgl.app.services.SystemBundleService, class com.almasb.fxgl.profile.SaveLoadService, class com.almasb.fxgl.ui.FXGLUIFactoryServiceProvider, class com.almasb.fxgl.ui.FXGLDialogFactoryServiceProvider, class com.almasb.fxgl.audio.AudioPlayer, class com.almasb.fxgl.notification.impl.NotificationServiceProvider, class com.almasb.fxgl.achievement.AchievementService, class com.almasb.fxgl.cutscene.CutsceneService, class com.almasb.fxgl.minigames.MiniGameService, class com.almasb.fxgl.net.NetService, class com.almasb.fxgl.app.services.UpdaterService, class com.almasb.fxgl.dev.DevService]
16:05:45.359 [FXGL Background Thread 3 ] DEBUG Engine               - fontGame: Abel-Regular.ttf
16:05:45.359 [FXGL Background Thread 3 ] DEBUG Engine               - fontMono: TerminalLandMono-Regular.otf
16:05:45.359 [FXGL Background Thread 3 ] DEBUG Engine               - fontSizeScaleUI: 1.0
16:05:45.359 [FXGL Background Thread 3 ] DEBUG Engine               - fontText: Courier-Prime.ttf
16:05:45.359 [FXGL Background Thread 3 ] DEBUG Engine               - fontUI: VarelaRound-Regular.ttf
16:05:45.359 [FXGL Background Thread 3 ] DEBUG Engine               - fullScreen: BooleanProperty [value: false]
16:05:45.359 [FXGL Background Thread 3 ] DEBUG Engine               - gameDifficulty: MEDIUM
16:05:45.359 [FXGL Background Thread 3 ] DEBUG Engine               - gameDifficultyProperty: ObjectProperty [value: MEDIUM]
16:05:45.360 [FXGL Background Thread 3 ] DEBUG Engine               - globalMusicVolume: 0.5
16:05:45.360 [FXGL Background Thread 3 ] DEBUG Engine               - globalMusicVolumeProperty: DoubleProperty [value: 0.25]
16:05:45.360 [FXGL Background Thread 3 ] DEBUG Engine               - globalSoundVolume: 0.5
16:05:45.360 [FXGL Background Thread 3 ] DEBUG Engine               - globalSoundVolumeProperty: DoubleProperty [value: 0.5]
16:05:45.360 [FXGL Background Thread 3 ] DEBUG Engine               - height: 600
16:05:45.360 [FXGL Background Thread 3 ] DEBUG Engine               - is3D: false
16:05:45.360 [FXGL Background Thread 3 ] DEBUG Engine               - isAndroid: false
16:05:45.360 [FXGL Background Thread 3 ] DEBUG Engine               - isBrowser: false
16:05:45.360 [FXGL Background Thread 3 ] DEBUG Engine               - isClickFeedbackEnabled: false
16:05:45.360 [FXGL Background Thread 3 ] DEBUG Engine               - isCloseConfirmation: false
16:05:45.360 [FXGL Background Thread 3 ] DEBUG Engine               - isDesktop: true
16:05:45.361 [FXGL Background Thread 3 ] DEBUG Engine               - isDeveloperMenuEnabled: false
16:05:45.361 [FXGL Background Thread 3 ] DEBUG Engine               - isEmbedded: false
16:05:45.361 [FXGL Background Thread 3 ] DEBUG Engine               - isEntityPreloadEnabled: true
16:05:45.361 [FXGL Background Thread 3 ] DEBUG Engine               - isExperimentalTiledLargeMap: false
16:05:45.361 [FXGL Background Thread 3 ] DEBUG Engine               - isFileSystemWriteAllowed: true
16:05:45.361 [FXGL Background Thread 3 ] DEBUG Engine               - isFullScreenAllowed: false
16:05:45.361 [FXGL Background Thread 3 ] DEBUG Engine               - isFullScreenFromStart: false
16:05:45.361 [FXGL Background Thread 3 ] DEBUG Engine               - isGameMenuEnabled: true
16:05:45.361 [FXGL Background Thread 3 ] DEBUG Engine               - isIOS: false
16:05:45.361 [FXGL Background Thread 3 ] DEBUG Engine               - isIntroEnabled: false
16:05:45.361 [FXGL Background Thread 3 ] DEBUG Engine               - isLinux: false
16:05:45.361 [FXGL Background Thread 3 ] DEBUG Engine               - isMac: false
16:05:45.361 [FXGL Background Thread 3 ] DEBUG Engine               - isMainMenuEnabled: false
16:05:45.361 [FXGL Background Thread 3 ] DEBUG Engine               - isManualResizeEnabled: false
16:05:45.362 [FXGL Background Thread 3 ] DEBUG Engine               - isMobile: false
16:05:45.362 [FXGL Background Thread 3 ] DEBUG Engine               - isNative: false
16:05:45.362 [FXGL Background Thread 3 ] DEBUG Engine               - isPauseMusicWhenMinimized: true
16:05:45.362 [FXGL Background Thread 3 ] DEBUG Engine               - isPreserveResizeRatio: false
16:05:45.362 [FXGL Background Thread 3 ] DEBUG Engine               - isProfilingEnabled: false
16:05:45.362 [FXGL Background Thread 3 ] DEBUG Engine               - isScaleAffectedOnResize: true
16:05:45.362 [FXGL Background Thread 3 ] DEBUG Engine               - isSingleStep: false
16:05:45.362 [FXGL Background Thread 3 ] DEBUG Engine               - isUserProfileEnabled: false
16:05:45.362 [FXGL Background Thread 3 ] DEBUG Engine               - isWindows: true
16:05:45.362 [FXGL Background Thread 3 ] DEBUG Engine               - language: ObjectProperty [value: ENGLISH]
16:05:45.362 [FXGL Background Thread 3 ] DEBUG Engine               - menuKey: ESCAPE
16:05:45.362 [FXGL Background Thread 3 ] DEBUG Engine               - mouseSensitivity: 0.2
16:05:45.362 [FXGL Background Thread 3 ] DEBUG Engine               - notificationViewClass: class com.almasb.fxgl.notification.view.XboxNotificationView
16:05:45.362 [FXGL Background Thread 3 ] DEBUG Engine               - pixelsPerMeter: 50.0
16:05:45.362 [FXGL Background Thread 3 ] DEBUG Engine               - platform: WINDOWS
16:05:45.362 [FXGL Background Thread 3 ] DEBUG Engine               - prefHeightProperty: ReadOnlyDoubleProperty [value: 600.0]
16:05:45.362 [FXGL Background Thread 3 ] DEBUG Engine               - prefWidthProperty: ReadOnlyDoubleProperty [value: 800.0]
16:05:45.363 [FXGL Background Thread 3 ] DEBUG Engine               - profileDir: profiles/
16:05:45.363 [FXGL Background Thread 3 ] DEBUG Engine               - profileName: StringProperty [value: DEFAULT]
16:05:45.363 [FXGL Background Thread 3 ] DEBUG Engine               - randomSeed: -1
16:05:45.363 [FXGL Background Thread 3 ] DEBUG Engine               - runtimeInfo: RuntimeInfo(platform=WINDOWS, version=21, build=28.12.2023 13.35)
16:05:45.363 [FXGL Background Thread 3 ] DEBUG Engine               - saveFileExt: sav
16:05:45.363 [FXGL Background Thread 3 ] DEBUG Engine               - scaledHeightProp$fxgl: DoubleProperty [bound, value: 600.0]
16:05:45.363 [FXGL Background Thread 3 ] DEBUG Engine               - scaledWidthProp$fxgl: DoubleProperty [bound, value: 800.0]
16:05:45.363 [FXGL Background Thread 3 ] DEBUG Engine               - sceneFactory: com.almasb.fxglgames.platformer.PlatformerApp$1@7af21ac2
16:05:45.364 [FXGL Background Thread 3 ] DEBUG Engine               - secondsIn24h: 60
16:05:45.364 [FXGL Background Thread 3 ] DEBUG Engine               - soundMenuBack: menu/back.wav
16:05:45.364 [FXGL Background Thread 3 ] DEBUG Engine               - soundMenuPress: menu/press.wav
16:05:45.364 [FXGL Background Thread 3 ] DEBUG Engine               - soundMenuSelect: menu/select.wav
16:05:45.364 [FXGL Background Thread 3 ] DEBUG Engine               - soundNotification: core/notification.wav
16:05:45.364 [FXGL Background Thread 3 ] DEBUG Engine               - stageStyle: DECORATED
16:05:45.364 [FXGL Background Thread 3 ] DEBUG Engine               - supportedLanguages: [ENGLISH, FRENCH, GERMAN, HUNGARIAN, RUSSIAN]
16:05:45.364 [FXGL Background Thread 3 ] DEBUG Engine               - ticksPerSecond: -1
16:05:45.364 [FXGL Background Thread 3 ] DEBUG Engine               - title: Untitled
16:05:45.364 [FXGL Background Thread 3 ] DEBUG Engine               - urlGithub: https://github.com/AlmasB/FXGL
16:05:45.364 [FXGL Background Thread 3 ] DEBUG Engine               - urlLeaderboard: http://fxgl-top.herokuapp.com/
16:05:45.364 [FXGL Background Thread 3 ] DEBUG Engine               - urlPOM: https://raw.githubusercontent.com/AlmasB/FXGL/release/README.md
16:05:45.364 [FXGL Background Thread 3 ] DEBUG Engine               - userAppClass: class com.almasb.fxglgames.platformer.PlatformerApp
16:05:45.364 [FXGL Background Thread 3 ] DEBUG Engine               - version: 0.0
16:05:45.364 [FXGL Background Thread 3 ] DEBUG Engine               - versionCheckDays: 7
16:05:45.365 [FXGL Background Thread 3 ] DEBUG Engine               - width: 800
16:05:45.365 [FXGL Background Thread 3 ] DEBUG Engine               - Logging services
16:05:45.365 [FXGL Background Thread 3 ] DEBUG Engine               - class com.almasb.fxgl.app.services.FXGLAssetLoaderService
16:05:45.365 [FXGL Background Thread 3 ] DEBUG Engine               - class com.almasb.fxgl.app.FXGLApplication$GameApplicationService
16:05:45.365 [FXGL Background Thread 3 ] DEBUG Engine               - class com.almasb.fxgl.app.services.FXGLDialogService
16:05:45.365 [FXGL Background Thread 3 ] DEBUG Engine               - class com.almasb.fxgl.app.services.IOTaskExecutorService
16:05:45.365 [FXGL Background Thread 3 ] DEBUG Engine               - class com.almasb.fxgl.io.FileSystemService
16:05:45.365 [FXGL Background Thread 3 ] DEBUG Engine               - class com.almasb.fxgl.localization.LocalizationService
16:05:45.365 [FXGL Background Thread 3 ] DEBUG Engine               - class com.almasb.fxgl.app.services.SystemBundleService
16:05:45.365 [FXGL Background Thread 3 ] DEBUG Engine               - class com.almasb.fxgl.profile.SaveLoadService
16:05:45.365 [FXGL Background Thread 3 ] DEBUG Engine               - class com.almasb.fxgl.ui.FXGLUIFactoryServiceProvider
16:05:45.365 [FXGL Background Thread 3 ] DEBUG Engine               - class com.almasb.fxgl.ui.FXGLDialogFactoryServiceProvider
16:05:45.365 [FXGL Background Thread 3 ] DEBUG Engine               - class com.almasb.fxgl.audio.AudioPlayer
16:05:45.366 [FXGL Background Thread 3 ] DEBUG Engine               - class com.almasb.fxgl.notification.impl.NotificationServiceProvider
16:05:45.366 [FXGL Background Thread 3 ] DEBUG Engine               - class com.almasb.fxgl.achievement.AchievementService
16:05:45.366 [FXGL Background Thread 3 ] DEBUG Engine               - class com.almasb.fxgl.cutscene.CutsceneService
16:05:45.366 [FXGL Background Thread 3 ] DEBUG Engine               - class com.almasb.fxgl.minigames.MiniGameService
16:05:45.366 [FXGL Background Thread 3 ] DEBUG Engine               - class com.almasb.fxgl.net.NetService
16:05:45.366 [FXGL Background Thread 3 ] DEBUG Engine               - class com.almasb.fxgl.app.services.UpdaterService
16:05:45.366 [FXGL Background Thread 3 ] DEBUG Engine               - class com.almasb.fxgl.dev.DevService
16:07:42.806 [JavaFX Application Thread] DEBUG Input                - Registered new binding: Close Level End Screen - LMB
16:07:42.808 [JavaFX Application Thread] DEBUG FXGLAssetLoaderServi - Loading from file system: file:/C:/project/main_repo/target/classes/assets/textures/star_empty.png
16:07:42.821 [JavaFX Application Thread] DEBUG FXGLAssetLoaderServi - Loading from file system: file:/C:/project/main_repo/target/classes/assets/textures/star_full.png
16:07:42.826 [JavaFX Application Thread] DEBUG PrimaryStageWindow   - Push state: LevelEndScene
16:07:42.826 [JavaFX Application Thread] DEBUG Input                - Clearing active input actions
16:07:42.827 [JavaFX Application Thread] DEBUG GameApplicationServi - Removing overlay from GameScene and adding to LevelEndScene
16:07:42.827 [JavaFX Application Thread] DEBUG PrimaryStageWindow   - GameScene -> LevelEndScene
16:21:23.777 [JavaFX Application Thread] DEBUG FXGLApplication      - Exiting FXGL
16:21:23.777 [JavaFX Application Thread] DEBUG LoopRunner           - Stopping loop
16:21:23.777 [JavaFX Application Thread] DEBUG SystemBundleService  - Saving FXGL system data
16:21:23.781 [JavaFX Application Thread] DEBUG FileSystemAccess     - Writing to: C:\project\main_repo\system\fxgl.bundle
16:21:23.784 [JavaFX Application Thread] DEBUG Async                - Shutting down background threads
16:21:23.785 [JavaFX Application Thread] DEBUG PrimaryStageWindow   - Closing main window
16:21:23.801 [JavaFX Application Thread] DEBUG Logger               - Closing Logger
