11:40:08.768 [main                     ] DEBUG Logger               - Configured Logger
11:40:08.791 [main                     ] DEBUG GameApplication      - Logging settings
Title: Untitled
Version: 0.0
Width: 1280
Height: 720
Fullscreen: false
Intro: false
Profiling: false
Single step:false
App Mode: DEVELOPER
Menu Key: ESCAPE
Stage Style: DECORATED
Scene Factory: class com.almasb.fxglgames.platformer.PlatformerApp$1

11:40:09.191 [JavaFX Application Thread] DEBUG FXGLApplication      - Initializing FXGL
11:40:09.195 [JavaFX Application Thread] INFO  Engine               - FXGL-21 (28.12.2023 13.35) on WINDOWS (J:21.0.2 FX:21.0.1)
11:40:09.196 [JavaFX Application Thread] DEBUG Engine               - JRE Vendor Name: Oracle Corporation
11:40:09.196 [JavaFX Application Thread] DEBUG Engine               - Running on OS: Windows 10 version 10.0
11:40:09.197 [JavaFX Application Thread] DEBUG Engine               - Architecture: amd64
11:40:09.197 [JavaFX Application Thread] INFO  Engine               - Source code and latest versions at: https://github.com/AlmasB/FXGL
11:40:09.197 [JavaFX Application Thread] INFO  Engine               -       Ask questions and discuss at: https://github.com/AlmasB/FXGL/discussions
11:40:09.197 [JavaFX Application Thread] INFO  Engine               -              Join the FXGL chat at: https://gitter.im/AlmasB/FXGL
11:40:09.288 [JavaFX Application Thread] DEBUG PrimaryStageWindow   - Creating a JavaFX scene
11:40:09.337 [JavaFX Application Thread] DEBUG PrimaryStageWindow   - Target settings size: 1280.0 x 720.0
11:40:09.337 [JavaFX Application Thread] DEBUG PrimaryStageWindow   - Scaled scene size:    1280.0 x 720.0
11:40:09.337 [JavaFX Application Thread] DEBUG PrimaryStageWindow   - Scaled ratio: (1.0, 1.0)
11:40:09.338 [JavaFX Application Thread] DEBUG PrimaryStageWindow   - Set initial scene to FXGLStartupScene
11:40:09.341 [JavaFX Application Thread] DEBUG PrimaryStageWindow   - Opening main window
11:40:09.442 [JavaFX Application Thread] DEBUG PrimaryStageWindow   - Window border size: (16.0, 39.0)
11:40:09.442 [JavaFX Application Thread] DEBUG PrimaryStageWindow   - Scaled size: 1280.0 x 720.0
11:40:09.442 [JavaFX Application Thread] DEBUG PrimaryStageWindow   - Scaled ratio: (1.0, 1.0)
11:40:09.443 [JavaFX Application Thread] DEBUG PrimaryStageWindow   - Scene size: 1280.0 x 720.0
11:40:09.443 [JavaFX Application Thread] DEBUG PrimaryStageWindow   - Stage size: 1296.0 x 759.0
11:40:09.449 [FXGL Background Thread 1 ] DEBUG Engine               - Initializing environment variables
11:40:09.502 [FXGL Background Thread 1 ] DEBUG FXGLAssetLoaderServi - User app class for loading assets: class com.almasb.fxglgames.platformer.PlatformerApp
11:40:09.502 [FXGL Background Thread 1 ] DEBUG GameApplicationServi - Applying CSS: fxgl_dark.css
11:40:09.506 [FXGL Background Thread 1 ] DEBUG FXGLAssetLoaderServi - Loading from file system: jar:file:///C:/Users/TECH2-26/.m2/repository/com/github/almasb/fxgl/21/fxgl-21.jar!/fxglassets/ui/css/fxgl_dark.css
11:40:09.553 [FXGL Background Thread 1 ] DEBUG GameApplicationServi - Initializing application scenes
11:40:09.619 [FXGL Background Thread 1 ] DEBUG GameWorld            - Game world initialized
11:40:09.683 [FXGL Background Thread 1 ] DEBUG PhysicsWorld         - Physics world initialized: appHeight=720, physics.ppm=50.0
11:40:09.684 [FXGL Background Thread 1 ] DEBUG PhysicsWorld         - Using strategy: BRUTE_FORCE
11:40:09.687 [FXGL Background Thread 1 ] DEBUG GameScene            - Game scene initialized: 1280x720
11:40:09.712 [FXGL Background Thread 1 ] DEBUG FXGL.DefaultMenu     - createMenuBodyGameMenu()
11:40:09.720 [FXGL Background Thread 1 ] DEBUG FXGL.DefaultMenu     - createOptionsMenu()
11:40:09.730 [FXGL Background Thread 1 ] DEBUG FXGLAssetLoaderServi - Loading from file system: jar:file:///C:/Users/TECH2-26/.m2/repository/com/github/almasb/fxgl/21/fxgl-21.jar!/fxglassets/textures/particles/smoke.png
11:40:09.816 [FXGL Background Thread 1 ] DEBUG FXGLAssetLoaderServi - Loading from file system: jar:file:///C:/Users/TECH2-26/.m2/repository/com/github/almasb/fxgl/21/fxgl-21.jar!/fxglassets/textures/particles/trace_horizontal.png
11:40:09.841 [FXGL Background Thread 1 ] DEBUG GameApplicationServi - Application scenes initialized
11:40:09.855 [FXGL Background Thread 1 ] DEBUG SystemBundleService  - Loading FXGL system data
11:40:09.861 [FXGL Background Thread 1 ] DEBUG FileSystemAccess     - Reading from: C:\project\main_repo\system\fxgl.bundle
11:40:09.871 [FXGL Background Thread 1 ] DEBUG SystemBundleService  - Bundle FXGL: {}
11:40:09.871 [FXGL Background Thread 1 ] DEBUG UpdaterService       - Checking for updates
11:40:09.876 [FXGL Background Thread 4 ] DEBUG FXGLApplication      - Loading fonts
11:40:09.876 [FXGL Background Thread 4 ] DEBUG FXGLAssetLoaderServi - Loading from file system: jar:file:///C:/Users/TECH2-26/.m2/repository/com/github/almasb/fxgl/21/fxgl-21.jar!/fxglassets/ui/fonts/VarelaRound-Regular.ttf
11:40:09.877 [FXGL Background Thread 1 ] DEBUG FXGLApplication      - Loading default localization
11:40:09.878 [FXGL Background Thread 1 ] DEBUG FXGLAssetLoaderServi - Loading from file system: jar:file:///C:/Users/TECH2-26/.m2/repository/com/github/almasb/fxgl/21/fxgl-21.jar!/fxglassets/languages/english.lang
11:40:09.901 [FXGL Background Thread 1 ] INFO  FXGLApplication      - FXGL initialization took: 0.451 sec
11:40:09.907 [JavaFX Application Thread] DEBUG Input                - Registered new binding: action0 - LMB
11:40:09.916 [JavaFX Application Thread] DEBUG Input                - Registered new binding: Left - A
11:40:09.917 [JavaFX Application Thread] DEBUG Input                - Registered new binding: Right - D
11:40:09.917 [JavaFX Application Thread] DEBUG Input                - Registered new binding: Jump - W
11:40:09.918 [JavaFX Application Thread] DEBUG Input                - Registered new binding: Use - E
11:40:09.918 [JavaFX Application Thread] DEBUG FXGLAssetLoaderServi - Loading from file system: file:/C:/project/main_repo/target/classes/assets/music/BGM_dash_runner.wav
11:40:09.921 [FXGL Background Thread 4 ] DEBUG FXGLAssetLoaderServi - Loading from file system: jar:file:///C:/Users/TECH2-26/.m2/repository/com/github/almasb/fxgl/21/fxgl-21.jar!/fxglassets/ui/fonts/Abel-Regular.ttf
11:40:09.926 [FXGL Background Thread 4 ] DEBUG FXGLAssetLoaderServi - Loading from file system: jar:file:///C:/Users/TECH2-26/.m2/repository/com/github/almasb/fxgl/21/fxgl-21.jar!/fxglassets/ui/fonts/TerminalLandMono-Regular.otf
11:40:09.933 [FXGL Background Thread 4 ] DEBUG FXGLAssetLoaderServi - Loading from file system: jar:file:///C:/Users/TECH2-26/.m2/repository/com/github/almasb/fxgl/21/fxgl-21.jar!/fxglassets/ui/fonts/Courier-Prime.ttf
11:40:10.090 [JavaFX Application Thread] DEBUG AudioPlayer          - Playing music com.almasb.fxgl.audio.Music@1931e8b6
11:40:10.091 [JavaFX Application Thread] DEBUG FXGLAssetLoaderServi - Loading from file system: jar:file:///C:/Users/TECH2-26/.m2/repository/com/github/almasb/fxgl/21/fxgl-21.jar!/fxglassets/textures/fxgl_icon.png
11:40:10.117 [JavaFX Application Thread] DEBUG FXGLAssetLoaderServi - Loading from file system: jar:file:///C:/Users/TECH2-26/.m2/repository/com/github/almasb/fxgl/21/fxgl-21.jar!/fxglassets/textures/fxgl_default_cursor.png
11:40:10.119 [JavaFX Application Thread] DEBUG Input                - Registered new binding: Screenshot - CTRL+8
11:40:10.119 [JavaFX Application Thread] DEBUG Input                - Registered new binding: System info dump - CTRL+9
11:40:10.120 [JavaFX Application Thread] DEBUG Input                - Registered new binding: Restart - CTRL+R
11:40:10.120 [JavaFX Application Thread] DEBUG Input                - Registered new binding: Toggle Debug Camera - CTRL+7
11:40:10.123 [JavaFX Application Thread] DEBUG LoopRunner           - Starting loop
11:40:10.123 [JavaFX Application Thread] DEBUG LoopRunner           - Initializing JavaFX AnimationTimerLoop
11:40:10.126 [JavaFX Application Thread] DEBUG Input                - Clearing active input actions
11:40:10.141 [JavaFX Application Thread] DEBUG GameApplicationServi - Removing overlay from FXGLStartupScene and adding to FXGLMainMenuDummyScene
11:40:10.142 [JavaFX Application Thread] DEBUG PrimaryStageWindow   - FXGLStartupScene -> FXGLMainMenuDummyScene
11:40:10.142 [JavaFX Application Thread] DEBUG PrimaryStageWindow   - Push state: WaitingMenu
11:40:10.143 [JavaFX Application Thread] DEBUG Input                - Clearing active input actions
11:40:10.151 [JavaFX Application Thread] DEBUG GameApplicationServi - Removing overlay from FXGLMainMenuDummyScene and adding to WaitingMenu
11:40:10.151 [JavaFX Application Thread] DEBUG PrimaryStageWindow   - FXGLMainMenuDummyScene -> WaitingMenu
11:40:10.153 [JavaFX Application Thread] DEBUG FXGLApplication      - Registering font factories with UI factory
11:40:10.344 [FXGL Background Thread 2 ] INFO  UpdaterService       - Your current version:  21
11:40:10.344 [FXGL Background Thread 2 ] INFO  UpdaterService       - Latest stable version: 21.1
11:40:12.874 [FXGL Background Thread 3 ] DEBUG Engine               - Logging environment variables
11:40:12.874 [FXGL Background Thread 3 ] DEBUG Engine               - achievements: []
11:40:12.874 [FXGL Background Thread 3 ] DEBUG Engine               - actualHeight: 720.0
11:40:12.875 [FXGL Background Thread 3 ] DEBUG Engine               - actualHeightProperty: ReadOnlyDoubleProperty [value: 720.0]
11:40:12.875 [FXGL Background Thread 3 ] DEBUG Engine               - actualWidth: 1280.0
11:40:12.875 [FXGL Background Thread 3 ] DEBUG Engine               - actualWidthProperty: ReadOnlyDoubleProperty [value: 1280.0]
11:40:12.875 [FXGL Background Thread 3 ] DEBUG Engine               - appIcon: fxgl_icon.png
11:40:12.875 [FXGL Background Thread 3 ] DEBUG Engine               - applicationMode: DEVELOPER
11:40:12.875 [FXGL Background Thread 3 ] DEBUG Engine               - cSSList: [fxgl_dark.css]
11:40:12.875 [FXGL Background Thread 3 ] DEBUG Engine               - collisionDetectionStrategy: BRUTE_FORCE
11:40:12.875 [FXGL Background Thread 3 ] DEBUG Engine               - configClass: Optional.empty
11:40:12.875 [FXGL Background Thread 3 ] DEBUG Engine               - credits: []
11:40:12.875 [FXGL Background Thread 3 ] DEBUG Engine               - defaultCursor: CursorInfo(imageName=fxgl_default_cursor.png, hotspotX=7.0, hotspotY=6.0)
11:40:12.876 [FXGL Background Thread 3 ] DEBUG Engine               - devBBoxColorProperty: ObjectProperty [value: 0xff0000ff]
11:40:12.876 [FXGL Background Thread 3 ] DEBUG Engine               - devEnableDebugCameraProperty: BooleanProperty [value: false]
11:40:12.876 [FXGL Background Thread 3 ] DEBUG Engine               - devSensorColorProperty: ObjectProperty [value: 0xffff00ff]
11:40:12.876 [FXGL Background Thread 3 ] DEBUG Engine               - devShowBBoxProperty: BooleanProperty [value: false]
11:40:12.876 [FXGL Background Thread 3 ] DEBUG Engine               - devShowPositionProperty: BooleanProperty [value: false]
11:40:12.876 [FXGL Background Thread 3 ] DEBUG Engine               - enabledMenuItems: []
11:40:12.876 [FXGL Background Thread 3 ] DEBUG Engine               - engineServices: [class com.almasb.fxgl.app.services.FXGLAssetLoaderService, class com.almasb.fxgl.app.FXGLApplication$GameApplicationService, class com.almasb.fxgl.app.services.FXGLDialogService, class com.almasb.fxgl.app.services.IOTaskExecutorService, class com.almasb.fxgl.io.FileSystemService, class com.almasb.fxgl.localization.LocalizationService, class com.almasb.fxgl.app.services.SystemBundleService, class com.almasb.fxgl.profile.SaveLoadService, class com.almasb.fxgl.ui.FXGLUIFactoryServiceProvider, class com.almasb.fxgl.ui.FXGLDialogFactoryServiceProvider, class com.almasb.fxgl.audio.AudioPlayer, class com.almasb.fxgl.notification.impl.NotificationServiceProvider, class com.almasb.fxgl.achievement.AchievementService, class com.almasb.fxgl.cutscene.CutsceneService, class com.almasb.fxgl.minigames.MiniGameService, class com.almasb.fxgl.net.NetService, class com.almasb.fxgl.app.services.UpdaterService, class com.almasb.fxgl.dev.DevService]
11:40:12.876 [FXGL Background Thread 3 ] DEBUG Engine               - fontGame: Abel-Regular.ttf
11:40:12.876 [FXGL Background Thread 3 ] DEBUG Engine               - fontMono: TerminalLandMono-Regular.otf
11:40:12.876 [FXGL Background Thread 3 ] DEBUG Engine               - fontSizeScaleUI: 1.0
11:40:12.876 [FXGL Background Thread 3 ] DEBUG Engine               - fontText: Courier-Prime.ttf
11:40:12.876 [FXGL Background Thread 3 ] DEBUG Engine               - fontUI: VarelaRound-Regular.ttf
11:40:12.876 [FXGL Background Thread 3 ] DEBUG Engine               - fullScreen: BooleanProperty [value: false]
11:40:12.876 [FXGL Background Thread 3 ] DEBUG Engine               - gameDifficulty: MEDIUM
11:40:12.877 [FXGL Background Thread 3 ] DEBUG Engine               - gameDifficultyProperty: ObjectProperty [value: MEDIUM]
11:40:12.877 [FXGL Background Thread 3 ] DEBUG Engine               - globalMusicVolume: 0.5
11:40:12.877 [FXGL Background Thread 3 ] DEBUG Engine               - globalMusicVolumeProperty: DoubleProperty [value: 0.25]
11:40:12.877 [FXGL Background Thread 3 ] DEBUG Engine               - globalSoundVolume: 0.5
11:40:12.877 [FXGL Background Thread 3 ] DEBUG Engine               - globalSoundVolumeProperty: DoubleProperty [value: 0.5]
11:40:12.877 [FXGL Background Thread 3 ] DEBUG Engine               - height: 720
11:40:12.877 [FXGL Background Thread 3 ] DEBUG Engine               - is3D: false
11:40:12.877 [FXGL Background Thread 3 ] DEBUG Engine               - isAndroid: false
11:40:12.877 [FXGL Background Thread 3 ] DEBUG Engine               - isBrowser: false
11:40:12.877 [FXGL Background Thread 3 ] DEBUG Engine               - isClickFeedbackEnabled: false
11:40:12.877 [FXGL Background Thread 3 ] DEBUG Engine               - isCloseConfirmation: false
11:40:12.877 [FXGL Background Thread 3 ] DEBUG Engine               - isDesktop: true
11:40:12.877 [FXGL Background Thread 3 ] DEBUG Engine               - isDeveloperMenuEnabled: false
11:40:12.877 [FXGL Background Thread 3 ] DEBUG Engine               - isEmbedded: false
11:40:12.878 [FXGL Background Thread 3 ] DEBUG Engine               - isEntityPreloadEnabled: true
11:40:12.878 [FXGL Background Thread 3 ] DEBUG Engine               - isExperimentalTiledLargeMap: false
11:40:12.878 [FXGL Background Thread 3 ] DEBUG Engine               - isFileSystemWriteAllowed: true
11:40:12.878 [FXGL Background Thread 3 ] DEBUG Engine               - isFullScreenAllowed: false
11:40:12.878 [FXGL Background Thread 3 ] DEBUG Engine               - isFullScreenFromStart: false
11:40:12.878 [FXGL Background Thread 3 ] DEBUG Engine               - isGameMenuEnabled: true
11:40:12.878 [FXGL Background Thread 3 ] DEBUG Engine               - isIOS: false
11:40:12.878 [FXGL Background Thread 3 ] DEBUG Engine               - isIntroEnabled: false
11:40:12.878 [FXGL Background Thread 3 ] DEBUG Engine               - isLinux: false
11:40:12.878 [FXGL Background Thread 3 ] DEBUG Engine               - isMac: false
11:40:12.878 [FXGL Background Thread 3 ] DEBUG Engine               - isMainMenuEnabled: true
11:40:12.878 [FXGL Background Thread 3 ] DEBUG Engine               - isManualResizeEnabled: false
11:40:12.878 [FXGL Background Thread 3 ] DEBUG Engine               - isMobile: false
11:40:12.878 [FXGL Background Thread 3 ] DEBUG Engine               - isNative: false
11:40:12.878 [FXGL Background Thread 3 ] DEBUG Engine               - isPauseMusicWhenMinimized: true
11:40:12.879 [FXGL Background Thread 3 ] DEBUG Engine               - isPreserveResizeRatio: false
11:40:12.879 [FXGL Background Thread 3 ] DEBUG Engine               - isProfilingEnabled: false
11:40:12.879 [FXGL Background Thread 3 ] DEBUG Engine               - isScaleAffectedOnResize: true
11:40:12.879 [FXGL Background Thread 3 ] DEBUG Engine               - isSingleStep: false
11:40:12.879 [FXGL Background Thread 3 ] DEBUG Engine               - isUserProfileEnabled: false
11:40:12.879 [FXGL Background Thread 3 ] DEBUG Engine               - isWindows: true
11:40:12.879 [FXGL Background Thread 3 ] DEBUG Engine               - language: ObjectProperty [value: ENGLISH]
11:40:12.879 [FXGL Background Thread 3 ] DEBUG Engine               - menuKey: ESCAPE
11:40:12.879 [FXGL Background Thread 3 ] DEBUG Engine               - mouseSensitivity: 0.2
11:40:12.879 [FXGL Background Thread 3 ] DEBUG Engine               - notificationViewClass: class com.almasb.fxgl.notification.view.XboxNotificationView
11:40:12.879 [FXGL Background Thread 3 ] DEBUG Engine               - pixelsPerMeter: 50.0
11:40:12.879 [FXGL Background Thread 3 ] DEBUG Engine               - platform: WINDOWS
11:40:12.879 [FXGL Background Thread 3 ] DEBUG Engine               - prefHeightProperty: ReadOnlyDoubleProperty [value: 720.0]
11:40:12.879 [FXGL Background Thread 3 ] DEBUG Engine               - prefWidthProperty: ReadOnlyDoubleProperty [value: 1280.0]
11:40:12.879 [FXGL Background Thread 3 ] DEBUG Engine               - profileDir: profiles/
11:40:12.880 [FXGL Background Thread 3 ] DEBUG Engine               - profileName: StringProperty [value: DEFAULT]
11:40:12.880 [FXGL Background Thread 3 ] DEBUG Engine               - randomSeed: -1
11:40:12.880 [FXGL Background Thread 3 ] DEBUG Engine               - runtimeInfo: RuntimeInfo(platform=WINDOWS, version=21, build=28.12.2023 13.35)
11:40:12.880 [FXGL Background Thread 3 ] DEBUG Engine               - saveFileExt: sav
11:40:12.880 [FXGL Background Thread 3 ] DEBUG Engine               - scaledHeightProp$fxgl: DoubleProperty [bound, value: 720.0]
11:40:12.880 [FXGL Background Thread 3 ] DEBUG Engine               - scaledWidthProp$fxgl: DoubleProperty [bound, value: 1280.0]
11:40:12.880 [FXGL Background Thread 3 ] DEBUG Engine               - sceneFactory: com.almasb.fxglgames.platformer.PlatformerApp$1@2faa8cf7
11:40:12.880 [FXGL Background Thread 3 ] DEBUG Engine               - secondsIn24h: 60
11:40:12.880 [FXGL Background Thread 3 ] DEBUG Engine               - soundMenuBack: menu/back.wav
11:40:12.880 [FXGL Background Thread 3 ] DEBUG Engine               - soundMenuPress: menu/press.wav
11:40:12.880 [FXGL Background Thread 3 ] DEBUG Engine               - soundMenuSelect: menu/select.wav
11:40:12.880 [FXGL Background Thread 3 ] DEBUG Engine               - soundNotification: core/notification.wav
11:40:12.880 [FXGL Background Thread 3 ] DEBUG Engine               - stageStyle: DECORATED
11:40:12.881 [FXGL Background Thread 3 ] DEBUG Engine               - supportedLanguages: [ENGLISH, FRENCH, GERMAN, HUNGARIAN, RUSSIAN]
11:40:12.881 [FXGL Background Thread 3 ] DEBUG Engine               - ticksPerSecond: -1
11:40:12.881 [FXGL Background Thread 3 ] DEBUG Engine               - title: Untitled
11:40:12.881 [FXGL Background Thread 3 ] DEBUG Engine               - urlGithub: https://github.com/AlmasB/FXGL
11:40:12.881 [FXGL Background Thread 3 ] DEBUG Engine               - urlLeaderboard: http://fxgl-top.herokuapp.com/
11:40:12.881 [FXGL Background Thread 3 ] DEBUG Engine               - urlPOM: https://raw.githubusercontent.com/AlmasB/FXGL/release/README.md
11:40:12.881 [FXGL Background Thread 3 ] DEBUG Engine               - userAppClass: class com.almasb.fxglgames.platformer.PlatformerApp
11:40:12.881 [FXGL Background Thread 3 ] DEBUG Engine               - version: 0.0
11:40:12.881 [FXGL Background Thread 3 ] DEBUG Engine               - versionCheckDays: 7
11:40:12.881 [FXGL Background Thread 3 ] DEBUG Engine               - width: 1280
11:40:12.881 [FXGL Background Thread 3 ] DEBUG Engine               - Logging services
11:40:12.881 [FXGL Background Thread 3 ] DEBUG Engine               - class com.almasb.fxgl.app.services.FXGLAssetLoaderService
11:40:12.881 [FXGL Background Thread 3 ] DEBUG Engine               - class com.almasb.fxgl.app.FXGLApplication$GameApplicationService
11:40:12.881 [FXGL Background Thread 3 ] DEBUG Engine               - class com.almasb.fxgl.app.services.FXGLDialogService
11:40:12.881 [FXGL Background Thread 3 ] DEBUG Engine               - class com.almasb.fxgl.app.services.IOTaskExecutorService
11:40:12.881 [FXGL Background Thread 3 ] DEBUG Engine               - class com.almasb.fxgl.io.FileSystemService
11:40:12.881 [FXGL Background Thread 3 ] DEBUG Engine               - class com.almasb.fxgl.localization.LocalizationService
11:40:12.881 [FXGL Background Thread 3 ] DEBUG Engine               - class com.almasb.fxgl.app.services.SystemBundleService
11:40:12.882 [FXGL Background Thread 3 ] DEBUG Engine               - class com.almasb.fxgl.profile.SaveLoadService
11:40:12.882 [FXGL Background Thread 3 ] DEBUG Engine               - class com.almasb.fxgl.ui.FXGLUIFactoryServiceProvider
11:40:12.882 [FXGL Background Thread 3 ] DEBUG Engine               - class com.almasb.fxgl.ui.FXGLDialogFactoryServiceProvider
11:40:12.882 [FXGL Background Thread 3 ] DEBUG Engine               - class com.almasb.fxgl.audio.AudioPlayer
11:40:12.882 [FXGL Background Thread 3 ] DEBUG Engine               - class com.almasb.fxgl.notification.impl.NotificationServiceProvider
11:40:12.882 [FXGL Background Thread 3 ] DEBUG Engine               - class com.almasb.fxgl.achievement.AchievementService
11:40:12.882 [FXGL Background Thread 3 ] DEBUG Engine               - class com.almasb.fxgl.cutscene.CutsceneService
11:40:12.882 [FXGL Background Thread 3 ] DEBUG Engine               - class com.almasb.fxgl.minigames.MiniGameService
11:40:12.882 [FXGL Background Thread 3 ] DEBUG Engine               - class com.almasb.fxgl.net.NetService
11:40:12.882 [FXGL Background Thread 3 ] DEBUG Engine               - class com.almasb.fxgl.app.services.UpdaterService
11:40:12.882 [FXGL Background Thread 3 ] DEBUG Engine               - class com.almasb.fxgl.dev.DevService
11:40:15.036 [JavaFX Application Thread] DEBUG Menu                 - fireNewGame()
11:40:15.036 [JavaFX Application Thread] DEBUG GameApplicationServi - Starting new game
11:40:15.036 [JavaFX Application Thread] DEBUG PrimaryStageWindow   - Pop state: WaitingMenu
11:40:15.036 [JavaFX Application Thread] DEBUG Input                - Clearing active input actions
11:40:15.037 [JavaFX Application Thread] DEBUG GameApplicationServi - Removing overlay from WaitingMenu and adding to FXGLMainMenuDummyScene
11:40:15.037 [JavaFX Application Thread] DEBUG PrimaryStageWindow   - FXGLMainMenuDummyScene <- WaitingMenu
11:40:15.038 [JavaFX Application Thread] DEBUG Input                - Clearing active input actions
11:40:15.045 [JavaFX Application Thread] DEBUG GameApplicationServi - Removing overlay from FXGLMainMenuDummyScene and adding to FXGLLoadingScene
11:40:15.046 [JavaFX Application Thread] DEBUG PrimaryStageWindow   - FXGLMainMenuDummyScene -> FXGLLoadingScene
11:40:15.046 [JavaFX Application Thread] DEBUG GameApplicationServi - Clearing previous game
11:40:15.046 [JavaFX Application Thread] DEBUG GameScene            - Clearing game scene
11:40:15.046 [JavaFX Application Thread] DEBUG GameWorld            - Clearing game world
11:40:15.046 [JavaFX Application Thread] DEBUG PhysicsWorld         - Clearing physics world
11:40:15.048 [FXGL Background Thread 2 ] DEBUG FXGLApplication      - Initializing game
11:40:15.090 [FXGL Background Thread 2 ] WARN  TMXLevelLoader       - TiledMap generated from 1.2.3. Supported version: 1.9.0. Some features may not be parsed fully.
11:40:15.097 [FXGL Background Thread 2 ] DEBUG TMXLevelLoader       - Parsed TiledMap: file:/C:/project/main_repo/target/classes/assets/levels/tmx/level1.tmx
11:40:15.098 [FXGL Background Thread 2 ] DEBUG TMXLevelLoader       - Creating tile layer entities
11:40:15.100 [FXGL Background Thread 2 ] DEBUG TilesetLoader        - Loading view for layer Tile Layer 1
11:40:15.101 [FXGL Background Thread 2 ] DEBUG TilesetLoader        - Created buffer with size 1050.0x700.0
11:40:15.120 [FXGL Background Thread 2 ] DEBUG TMXLevelLoader       - Creating object layer entities
11:40:15.141 [FXGL Background Thread 2 ] DEBUG GameWorld            - Clearing removable entities
11:40:15.141 [FXGL Background Thread 2 ] DEBUG GameWorld            - Setting level: com.almasb.fxgl.entity.level.Level@751f7c5c
11:40:15.158 [FXGL Background Thread 2 ] DEBUG FXGLAssetLoaderServi - Loading from file system: file:/C:/project/main_repo/target/classes/assets/textures/player.png
11:40:15.178 [FXGL Background Thread 2 ] DEBUG FXGLAssetLoaderServi - Loading from file system: file:/C:/project/main_repo/target/classes/assets/textures/background/forest.png
11:40:15.204 [FXGL Background Thread 2 ] INFO  FXGLApplication      - Game initialization took: 0.156 sec
11:40:15.204 [JavaFX Application Thread] DEBUG Input                - Clearing active input actions
11:40:15.213 [JavaFX Application Thread] DEBUG GameApplicationServi - Removing overlay from FXGLLoadingScene and adding to GameScene
11:40:15.214 [JavaFX Application Thread] DEBUG PrimaryStageWindow   - FXGLLoadingScene -> GameScene
11:40:19.799 [JavaFX Application Thread] DEBUG Input                - Registered new binding: Close Level End Screen - LMB
11:40:19.802 [JavaFX Application Thread] DEBUG FXGLAssetLoaderServi - Loading from file system: file:/C:/project/main_repo/target/classes/assets/textures/star_empty.png
11:40:19.809 [JavaFX Application Thread] DEBUG FXGLAssetLoaderServi - Loading from file system: file:/C:/project/main_repo/target/classes/assets/textures/star_full.png
11:40:19.814 [JavaFX Application Thread] DEBUG PrimaryStageWindow   - Push state: LevelEndScene
11:40:19.814 [JavaFX Application Thread] DEBUG Input                - Clearing active input actions
11:40:19.814 [JavaFX Application Thread] DEBUG GameApplicationServi - Removing overlay from GameScene and adding to LevelEndScene
11:40:19.814 [JavaFX Application Thread] DEBUG PrimaryStageWindow   - GameScene -> LevelEndScene
11:44:13.574 [JavaFX Application Thread] DEBUG FXGLApplication      - Exiting FXGL
11:44:13.575 [JavaFX Application Thread] DEBUG LoopRunner           - Stopping loop
11:44:13.575 [JavaFX Application Thread] DEBUG SystemBundleService  - Saving FXGL system data
11:44:13.577 [JavaFX Application Thread] DEBUG FileSystemAccess     - Writing to: C:\project\main_repo\system\fxgl.bundle
11:44:13.581 [JavaFX Application Thread] DEBUG Async                - Shutting down background threads
11:44:13.581 [JavaFX Application Thread] DEBUG PrimaryStageWindow   - Closing main window
11:44:13.592 [JavaFX Application Thread] DEBUG Logger               - Closing Logger
