16:09:27.762 [main                     ] DEBUG Logger               - Configured Logger
16:09:27.791 [main                     ] DEBUG GameApplication      - Logging settings
Title: Untitled
Version: 0.0
Width: 1280
Height: 720
Fullscreen: false
Intro: false
Profiling: false
Single step:false
App Mode: DEVELOPER
Menu Key: ESCAPE
Stage Style: DECORATED
Scene Factory: class com.almasb.fxglgames.platformer.PlatformerApp$1

16:09:28.103 [JavaFX Application Thread] DEBUG FXGLApplication      - Initializing FXGL
16:09:28.109 [JavaFX Application Thread] INFO  Engine               - FXGL-21 (28.12.2023 13.35) on WINDOWS (J:21.0.2 FX:21.0.1)
16:09:28.109 [JavaFX Application Thread] DEBUG Engine               - JRE Vendor Name: Oracle Corporation
16:09:28.109 [JavaFX Application Thread] DEBUG Engine               - Running on OS: Windows 11 version 10.0
16:09:28.110 [JavaFX Application Thread] DEBUG Engine               - Architecture: amd64
16:09:28.110 [JavaFX Application Thread] INFO  Engine               - Source code and latest versions at: https://github.com/AlmasB/FXGL
16:09:28.110 [JavaFX Application Thread] INFO  Engine               -       Ask questions and discuss at: https://github.com/AlmasB/FXGL/discussions
16:09:28.110 [JavaFX Application Thread] INFO  Engine               -              Join the FXGL chat at: https://gitter.im/AlmasB/FXGL
16:09:28.178 [JavaFX Application Thread] DEBUG PrimaryStageWindow   - Creating a JavaFX scene
16:09:28.217 [JavaFX Application Thread] DEBUG PrimaryStageWindow   - Target settings size: 1280.0 x 720.0
16:09:28.217 [JavaFX Application Thread] DEBUG PrimaryStageWindow   - Scaled scene size:    1280.0 x 720.0
16:09:28.218 [JavaFX Application Thread] DEBUG PrimaryStageWindow   - Scaled ratio: (1.0, 1.0)
16:09:28.222 [JavaFX Application Thread] DEBUG PrimaryStageWindow   - Set initial scene to FXGLStartupScene
16:09:28.228 [JavaFX Application Thread] DEBUG PrimaryStageWindow   - Opening main window
16:09:28.291 [JavaFX Application Thread] DEBUG PrimaryStageWindow   - Window border size: (12.800048828125, 35.20001220703125)
16:09:28.292 [JavaFX Application Thread] DEBUG PrimaryStageWindow   - Scaled size: 1280.0 x 720.0
16:09:28.292 [JavaFX Application Thread] DEBUG PrimaryStageWindow   - Scaled ratio: (1.0, 1.0)
16:09:28.292 [JavaFX Application Thread] DEBUG PrimaryStageWindow   - Scene size: 1280.0 x 720.0
16:09:28.293 [JavaFX Application Thread] DEBUG PrimaryStageWindow   - Stage size: 1292.800048828125 x 755.2000122070312
16:09:28.316 [FXGL Background Thread 1 ] DEBUG Engine               - Initializing environment variables
16:09:28.356 [FXGL Background Thread 1 ] DEBUG FXGLAssetLoaderServi - User app class for loading assets: class com.almasb.fxglgames.platformer.PlatformerApp
16:09:28.357 [FXGL Background Thread 1 ] DEBUG GameApplicationServi - Applying CSS: fxgl_dark.css
16:09:28.357 [FXGL Background Thread 1 ] DEBUG FXGLAssetLoaderServi - Loading from file system: jar:file:///C:/Users/khpark/.m2/repository/com/github/almasb/fxgl/21/fxgl-21.jar!/fxglassets/ui/css/fxgl_dark.css
16:09:28.406 [FXGL Background Thread 1 ] DEBUG GameApplicationServi - Initializing application scenes
16:09:28.486 [FXGL Background Thread 1 ] DEBUG GameWorld            - Game world initialized
16:09:28.523 [FXGL Background Thread 1 ] DEBUG PhysicsWorld         - Physics world initialized: appHeight=720, physics.ppm=50.0
16:09:28.524 [FXGL Background Thread 1 ] DEBUG PhysicsWorld         - Using strategy: BRUTE_FORCE
16:09:28.527 [FXGL Background Thread 1 ] DEBUG GameScene            - Game scene initialized: 1280x720
16:09:28.542 [FXGL Background Thread 1 ] DEBUG FXGL.DefaultMenu     - createMenuBodyGameMenu()
16:09:28.549 [FXGL Background Thread 1 ] DEBUG FXGL.DefaultMenu     - createOptionsMenu()
16:09:28.557 [FXGL Background Thread 1 ] DEBUG FXGLAssetLoaderServi - Loading from file system: jar:file:///C:/Users/khpark/.m2/repository/com/github/almasb/fxgl/21/fxgl-21.jar!/fxglassets/textures/particles/smoke.png
16:09:28.641 [FXGL Background Thread 1 ] DEBUG FXGLAssetLoaderServi - Loading from file system: jar:file:///C:/Users/khpark/.m2/repository/com/github/almasb/fxgl/21/fxgl-21.jar!/fxglassets/textures/particles/trace_horizontal.png
16:09:28.663 [FXGL Background Thread 1 ] DEBUG GameApplicationServi - Application scenes initialized
16:09:28.674 [FXGL Background Thread 1 ] DEBUG SystemBundleService  - Loading FXGL system data
16:09:28.676 [FXGL Background Thread 1 ] DEBUG FileSystemAccess     - Reading from: C:\latest\system\fxgl.bundle
16:09:28.684 [FXGL Background Thread 1 ] DEBUG SystemBundleService  - Bundle FXGL: {}
16:09:28.684 [FXGL Background Thread 1 ] DEBUG UpdaterService       - Checking for updates
16:09:28.690 [FXGL Background Thread 4 ] DEBUG FXGLApplication      - Loading fonts
16:09:28.690 [FXGL Background Thread 1 ] DEBUG FXGLApplication      - Loading default localization
16:09:28.691 [FXGL Background Thread 1 ] DEBUG FXGLAssetLoaderServi - Loading from file system: jar:file:///C:/Users/khpark/.m2/repository/com/github/almasb/fxgl/21/fxgl-21.jar!/fxglassets/languages/english.lang
16:09:28.691 [FXGL Background Thread 4 ] DEBUG FXGLAssetLoaderServi - Loading from file system: jar:file:///C:/Users/khpark/.m2/repository/com/github/almasb/fxgl/21/fxgl-21.jar!/fxglassets/ui/fonts/VarelaRound-Regular.ttf
16:09:28.735 [FXGL Background Thread 1 ] INFO  FXGLApplication      - FXGL initialization took: 0.419 sec
16:09:28.739 [JavaFX Application Thread] DEBUG Input                - Registered new binding: action0 - LMB
16:09:28.747 [JavaFX Application Thread] DEBUG Input                - Registered new binding: Left - A
16:09:28.747 [JavaFX Application Thread] DEBUG Input                - Registered new binding: Right - D
16:09:28.747 [JavaFX Application Thread] DEBUG Input                - Registered new binding: Jump - W
16:09:28.747 [JavaFX Application Thread] DEBUG Input                - Registered new binding: Use - E
16:09:28.748 [JavaFX Application Thread] DEBUG FXGLAssetLoaderServi - Loading from file system: file:/C:/latest/target/classes/assets/music/BGM_dash_runner.wav
16:09:28.762 [FXGL Background Thread 4 ] DEBUG FXGLAssetLoaderServi - Loading from file system: jar:file:///C:/Users/khpark/.m2/repository/com/github/almasb/fxgl/21/fxgl-21.jar!/fxglassets/ui/fonts/Abel-Regular.ttf
16:09:28.770 [FXGL Background Thread 4 ] DEBUG FXGLAssetLoaderServi - Loading from file system: jar:file:///C:/Users/khpark/.m2/repository/com/github/almasb/fxgl/21/fxgl-21.jar!/fxglassets/ui/fonts/TerminalLandMono-Regular.otf
16:09:28.777 [FXGL Background Thread 4 ] DEBUG FXGLAssetLoaderServi - Loading from file system: jar:file:///C:/Users/khpark/.m2/repository/com/github/almasb/fxgl/21/fxgl-21.jar!/fxglassets/ui/fonts/Courier-Prime.ttf
16:09:28.857 [JavaFX Application Thread] DEBUG AudioPlayer          - Playing music com.almasb.fxgl.audio.Music@2df5a93d
16:09:28.858 [JavaFX Application Thread] DEBUG FXGLAssetLoaderServi - Loading from file system: jar:file:///C:/Users/khpark/.m2/repository/com/github/almasb/fxgl/21/fxgl-21.jar!/fxglassets/textures/fxgl_icon.png
16:09:28.872 [JavaFX Application Thread] DEBUG FXGLAssetLoaderServi - Loading from file system: jar:file:///C:/Users/khpark/.m2/repository/com/github/almasb/fxgl/21/fxgl-21.jar!/fxglassets/textures/fxgl_default_cursor.png
16:09:28.874 [JavaFX Application Thread] DEBUG Input                - Registered new binding: Screenshot - CTRL+8
16:09:28.874 [JavaFX Application Thread] DEBUG Input                - Registered new binding: System info dump - CTRL+9
16:09:28.874 [JavaFX Application Thread] DEBUG Input                - Registered new binding: Restart - CTRL+R
16:09:28.875 [JavaFX Application Thread] DEBUG Input                - Registered new binding: Toggle Debug Camera - CTRL+7
16:09:28.877 [JavaFX Application Thread] DEBUG LoopRunner           - Starting loop
16:09:28.877 [JavaFX Application Thread] DEBUG LoopRunner           - Initializing JavaFX AnimationTimerLoop
16:09:28.879 [JavaFX Application Thread] DEBUG Input                - Clearing active input actions
16:09:28.890 [JavaFX Application Thread] DEBUG GameApplicationServi - Removing overlay from FXGLStartupScene and adding to FXGLMainMenuDummyScene
16:09:28.890 [JavaFX Application Thread] DEBUG PrimaryStageWindow   - FXGLStartupScene -> FXGLMainMenuDummyScene
16:09:28.891 [JavaFX Application Thread] DEBUG PrimaryStageWindow   - Push state: WaitingMenu
16:09:28.891 [JavaFX Application Thread] DEBUG Input                - Clearing active input actions
16:09:28.899 [JavaFX Application Thread] DEBUG GameApplicationServi - Removing overlay from FXGLMainMenuDummyScene and adding to WaitingMenu
16:09:28.900 [JavaFX Application Thread] DEBUG PrimaryStageWindow   - FXGLMainMenuDummyScene -> WaitingMenu
16:09:28.900 [JavaFX Application Thread] DEBUG FXGLApplication      - Registering font factories with UI factory
16:09:29.438 [FXGL Background Thread 2 ] INFO  UpdaterService       - Your current version:  21
16:09:29.438 [FXGL Background Thread 2 ] INFO  UpdaterService       - Latest stable version: 21.1
16:09:31.691 [FXGL Background Thread 3 ] DEBUG Engine               - Logging environment variables
16:09:31.692 [FXGL Background Thread 3 ] DEBUG Engine               - achievements: []
16:09:31.692 [FXGL Background Thread 3 ] DEBUG Engine               - actualHeight: 720.0
16:09:31.692 [FXGL Background Thread 3 ] DEBUG Engine               - actualHeightProperty: ReadOnlyDoubleProperty [value: 720.0]
16:09:31.692 [FXGL Background Thread 3 ] DEBUG Engine               - actualWidth: 1280.0
16:09:31.693 [FXGL Background Thread 3 ] DEBUG Engine               - actualWidthProperty: ReadOnlyDoubleProperty [value: 1280.0]
16:09:31.693 [FXGL Background Thread 3 ] DEBUG Engine               - appIcon: fxgl_icon.png
16:09:31.693 [FXGL Background Thread 3 ] DEBUG Engine               - applicationMode: DEVELOPER
16:09:31.693 [FXGL Background Thread 3 ] DEBUG Engine               - cSSList: [fxgl_dark.css]
16:09:31.693 [FXGL Background Thread 3 ] DEBUG Engine               - collisionDetectionStrategy: BRUTE_FORCE
16:09:31.693 [FXGL Background Thread 3 ] DEBUG Engine               - configClass: Optional.empty
16:09:31.694 [FXGL Background Thread 3 ] DEBUG Engine               - credits: []
16:09:31.697 [FXGL Background Thread 3 ] DEBUG Engine               - defaultCursor: CursorInfo(imageName=fxgl_default_cursor.png, hotspotX=7.0, hotspotY=6.0)
16:09:31.700 [FXGL Background Thread 3 ] DEBUG Engine               - devBBoxColorProperty: ObjectProperty [value: 0xff0000ff]
16:09:31.700 [FXGL Background Thread 3 ] DEBUG Engine               - devEnableDebugCameraProperty: BooleanProperty [value: false]
16:09:31.700 [FXGL Background Thread 3 ] DEBUG Engine               - devSensorColorProperty: ObjectProperty [value: 0xffff00ff]
16:09:31.701 [FXGL Background Thread 3 ] DEBUG Engine               - devShowBBoxProperty: BooleanProperty [value: false]
16:09:31.701 [FXGL Background Thread 3 ] DEBUG Engine               - devShowPositionProperty: BooleanProperty [value: false]
16:09:31.701 [FXGL Background Thread 3 ] DEBUG Engine               - enabledMenuItems: []
16:09:31.701 [FXGL Background Thread 3 ] DEBUG Engine               - engineServices: [class com.almasb.fxgl.app.services.FXGLAssetLoaderService, class com.almasb.fxgl.app.FXGLApplication$GameApplicationService, class com.almasb.fxgl.app.services.FXGLDialogService, class com.almasb.fxgl.app.services.IOTaskExecutorService, class com.almasb.fxgl.io.FileSystemService, class com.almasb.fxgl.localization.LocalizationService, class com.almasb.fxgl.app.services.SystemBundleService, class com.almasb.fxgl.profile.SaveLoadService, class com.almasb.fxgl.ui.FXGLUIFactoryServiceProvider, class com.almasb.fxgl.ui.FXGLDialogFactoryServiceProvider, class com.almasb.fxgl.audio.AudioPlayer, class com.almasb.fxgl.notification.impl.NotificationServiceProvider, class com.almasb.fxgl.achievement.AchievementService, class com.almasb.fxgl.cutscene.CutsceneService, class com.almasb.fxgl.minigames.MiniGameService, class com.almasb.fxgl.net.NetService, class com.almasb.fxgl.app.services.UpdaterService, class com.almasb.fxgl.dev.DevService]
16:09:31.701 [FXGL Background Thread 3 ] DEBUG Engine               - fontGame: Abel-Regular.ttf
16:09:31.701 [FXGL Background Thread 3 ] DEBUG Engine               - fontMono: TerminalLandMono-Regular.otf
16:09:31.701 [FXGL Background Thread 3 ] DEBUG Engine               - fontSizeScaleUI: 1.0
16:09:31.701 [FXGL Background Thread 3 ] DEBUG Engine               - fontText: Courier-Prime.ttf
16:09:31.702 [FXGL Background Thread 3 ] DEBUG Engine               - fontUI: VarelaRound-Regular.ttf
16:09:31.702 [FXGL Background Thread 3 ] DEBUG Engine               - fullScreen: BooleanProperty [value: false]
16:09:31.702 [FXGL Background Thread 3 ] DEBUG Engine               - gameDifficulty: MEDIUM
16:09:31.702 [FXGL Background Thread 3 ] DEBUG Engine               - gameDifficultyProperty: ObjectProperty [value: MEDIUM]
16:09:31.702 [FXGL Background Thread 3 ] DEBUG Engine               - globalMusicVolume: 0.5
16:09:31.702 [FXGL Background Thread 3 ] DEBUG Engine               - globalMusicVolumeProperty: DoubleProperty [value: 0.25]
16:09:31.702 [FXGL Background Thread 3 ] DEBUG Engine               - globalSoundVolume: 0.5
16:09:31.702 [FXGL Background Thread 3 ] DEBUG Engine               - globalSoundVolumeProperty: DoubleProperty [value: 0.5]
16:09:31.702 [FXGL Background Thread 3 ] DEBUG Engine               - height: 720
16:09:31.702 [FXGL Background Thread 3 ] DEBUG Engine               - is3D: false
16:09:31.702 [FXGL Background Thread 3 ] DEBUG Engine               - isAndroid: false
16:09:31.703 [FXGL Background Thread 3 ] DEBUG Engine               - isBrowser: false
16:09:31.703 [FXGL Background Thread 3 ] DEBUG Engine               - isClickFeedbackEnabled: false
16:09:31.703 [FXGL Background Thread 3 ] DEBUG Engine               - isCloseConfirmation: false
16:09:31.703 [FXGL Background Thread 3 ] DEBUG Engine               - isDesktop: true
16:09:31.703 [FXGL Background Thread 3 ] DEBUG Engine               - isDeveloperMenuEnabled: false
16:09:31.703 [FXGL Background Thread 3 ] DEBUG Engine               - isEmbedded: false
16:09:31.703 [FXGL Background Thread 3 ] DEBUG Engine               - isEntityPreloadEnabled: true
16:09:31.703 [FXGL Background Thread 3 ] DEBUG Engine               - isExperimentalTiledLargeMap: false
16:09:31.704 [FXGL Background Thread 3 ] DEBUG Engine               - isFileSystemWriteAllowed: true
16:09:31.704 [FXGL Background Thread 3 ] DEBUG Engine               - isFullScreenAllowed: false
16:09:31.704 [FXGL Background Thread 3 ] DEBUG Engine               - isFullScreenFromStart: false
16:09:31.704 [FXGL Background Thread 3 ] DEBUG Engine               - isGameMenuEnabled: true
16:09:31.704 [FXGL Background Thread 3 ] DEBUG Engine               - isIOS: false
16:09:31.705 [FXGL Background Thread 3 ] DEBUG Engine               - isIntroEnabled: false
16:09:31.705 [FXGL Background Thread 3 ] DEBUG Engine               - isLinux: false
16:09:31.705 [FXGL Background Thread 3 ] DEBUG Engine               - isMac: false
16:09:31.705 [FXGL Background Thread 3 ] DEBUG Engine               - isMainMenuEnabled: true
16:09:31.705 [FXGL Background Thread 3 ] DEBUG Engine               - isManualResizeEnabled: false
16:09:31.705 [FXGL Background Thread 3 ] DEBUG Engine               - isMobile: false
16:09:31.705 [FXGL Background Thread 3 ] DEBUG Engine               - isNative: false
16:09:31.705 [FXGL Background Thread 3 ] DEBUG Engine               - isPauseMusicWhenMinimized: true
16:09:31.705 [FXGL Background Thread 3 ] DEBUG Engine               - isPreserveResizeRatio: false
16:09:31.705 [FXGL Background Thread 3 ] DEBUG Engine               - isProfilingEnabled: false
16:09:31.705 [FXGL Background Thread 3 ] DEBUG Engine               - isScaleAffectedOnResize: true
16:09:31.706 [FXGL Background Thread 3 ] DEBUG Engine               - isSingleStep: false
16:09:31.706 [FXGL Background Thread 3 ] DEBUG Engine               - isUserProfileEnabled: false
16:09:31.706 [FXGL Background Thread 3 ] DEBUG Engine               - isWindows: true
16:09:31.706 [FXGL Background Thread 3 ] DEBUG Engine               - language: ObjectProperty [value: ENGLISH]
16:09:31.706 [FXGL Background Thread 3 ] DEBUG Engine               - menuKey: ESCAPE
16:09:31.706 [FXGL Background Thread 3 ] DEBUG Engine               - mouseSensitivity: 0.2
16:09:31.706 [FXGL Background Thread 3 ] DEBUG Engine               - notificationViewClass: class com.almasb.fxgl.notification.view.XboxNotificationView
16:09:31.706 [FXGL Background Thread 3 ] DEBUG Engine               - pixelsPerMeter: 50.0
16:09:31.706 [FXGL Background Thread 3 ] DEBUG Engine               - platform: WINDOWS
16:09:31.706 [FXGL Background Thread 3 ] DEBUG Engine               - prefHeightProperty: ReadOnlyDoubleProperty [value: 720.0]
16:09:31.706 [FXGL Background Thread 3 ] DEBUG Engine               - prefWidthProperty: ReadOnlyDoubleProperty [value: 1280.0]
16:09:31.706 [FXGL Background Thread 3 ] DEBUG Engine               - profileDir: profiles/
16:09:31.706 [FXGL Background Thread 3 ] DEBUG Engine               - profileName: StringProperty [value: DEFAULT]
16:09:31.706 [FXGL Background Thread 3 ] DEBUG Engine               - randomSeed: -1
16:09:31.706 [FXGL Background Thread 3 ] DEBUG Engine               - runtimeInfo: RuntimeInfo(platform=WINDOWS, version=21, build=28.12.2023 13.35)
16:09:31.706 [FXGL Background Thread 3 ] DEBUG Engine               - saveFileExt: sav
16:09:31.707 [FXGL Background Thread 3 ] DEBUG Engine               - scaledHeightProp$fxgl: DoubleProperty [bound, value: 720.0]
16:09:31.707 [FXGL Background Thread 3 ] DEBUG Engine               - scaledWidthProp$fxgl: DoubleProperty [bound, value: 1280.0]
16:09:31.707 [FXGL Background Thread 3 ] DEBUG Engine               - sceneFactory: com.almasb.fxglgames.platformer.PlatformerApp$1@4d44fce6
16:09:31.707 [FXGL Background Thread 3 ] DEBUG Engine               - secondsIn24h: 60
16:09:31.707 [FXGL Background Thread 3 ] DEBUG Engine               - soundMenuBack: menu/back.wav
16:09:31.707 [FXGL Background Thread 3 ] DEBUG Engine               - soundMenuPress: menu/press.wav
16:09:31.707 [FXGL Background Thread 3 ] DEBUG Engine               - soundMenuSelect: menu/select.wav
16:09:31.707 [FXGL Background Thread 3 ] DEBUG Engine               - soundNotification: core/notification.wav
16:09:31.707 [FXGL Background Thread 3 ] DEBUG Engine               - stageStyle: DECORATED
16:09:31.707 [FXGL Background Thread 3 ] DEBUG Engine               - supportedLanguages: [ENGLISH, FRENCH, GERMAN, HUNGARIAN, RUSSIAN]
16:09:31.707 [FXGL Background Thread 3 ] DEBUG Engine               - ticksPerSecond: -1
16:09:31.707 [FXGL Background Thread 3 ] DEBUG Engine               - title: Untitled
16:09:31.707 [FXGL Background Thread 3 ] DEBUG Engine               - urlGithub: https://github.com/AlmasB/FXGL
16:09:31.707 [FXGL Background Thread 3 ] DEBUG Engine               - urlLeaderboard: http://fxgl-top.herokuapp.com/
16:09:31.707 [FXGL Background Thread 3 ] DEBUG Engine               - urlPOM: https://raw.githubusercontent.com/AlmasB/FXGL/release/README.md
16:09:31.707 [FXGL Background Thread 3 ] DEBUG Engine               - userAppClass: class com.almasb.fxglgames.platformer.PlatformerApp
16:09:31.707 [FXGL Background Thread 3 ] DEBUG Engine               - version: 0.0
16:09:31.707 [FXGL Background Thread 3 ] DEBUG Engine               - versionCheckDays: 7
16:09:31.707 [FXGL Background Thread 3 ] DEBUG Engine               - width: 1280
16:09:31.707 [FXGL Background Thread 3 ] DEBUG Engine               - Logging services
16:09:31.707 [FXGL Background Thread 3 ] DEBUG Engine               - class com.almasb.fxgl.app.services.FXGLAssetLoaderService
16:09:31.707 [FXGL Background Thread 3 ] DEBUG Engine               - class com.almasb.fxgl.app.FXGLApplication$GameApplicationService
16:09:31.707 [FXGL Background Thread 3 ] DEBUG Engine               - class com.almasb.fxgl.app.services.FXGLDialogService
16:09:31.707 [FXGL Background Thread 3 ] DEBUG Engine               - class com.almasb.fxgl.app.services.IOTaskExecutorService
16:09:31.707 [FXGL Background Thread 3 ] DEBUG Engine               - class com.almasb.fxgl.io.FileSystemService
16:09:31.707 [FXGL Background Thread 3 ] DEBUG Engine               - class com.almasb.fxgl.localization.LocalizationService
16:09:31.707 [FXGL Background Thread 3 ] DEBUG Engine               - class com.almasb.fxgl.app.services.SystemBundleService
16:09:31.707 [FXGL Background Thread 3 ] DEBUG Engine               - class com.almasb.fxgl.profile.SaveLoadService
16:09:31.707 [FXGL Background Thread 3 ] DEBUG Engine               - class com.almasb.fxgl.ui.FXGLUIFactoryServiceProvider
16:09:31.707 [FXGL Background Thread 3 ] DEBUG Engine               - class com.almasb.fxgl.ui.FXGLDialogFactoryServiceProvider
16:09:31.707 [FXGL Background Thread 3 ] DEBUG Engine               - class com.almasb.fxgl.audio.AudioPlayer
16:09:31.707 [FXGL Background Thread 3 ] DEBUG Engine               - class com.almasb.fxgl.notification.impl.NotificationServiceProvider
16:09:31.707 [FXGL Background Thread 3 ] DEBUG Engine               - class com.almasb.fxgl.achievement.AchievementService
16:09:31.707 [FXGL Background Thread 3 ] DEBUG Engine               - class com.almasb.fxgl.cutscene.CutsceneService
16:09:31.707 [FXGL Background Thread 3 ] DEBUG Engine               - class com.almasb.fxgl.minigames.MiniGameService
16:09:31.707 [FXGL Background Thread 3 ] DEBUG Engine               - class com.almasb.fxgl.net.NetService
16:09:31.707 [FXGL Background Thread 3 ] DEBUG Engine               - class com.almasb.fxgl.app.services.UpdaterService
16:09:31.707 [FXGL Background Thread 3 ] DEBUG Engine               - class com.almasb.fxgl.dev.DevService
16:09:34.015 [JavaFX Application Thread] DEBUG Menu                 - fireNewGame()
16:09:34.015 [JavaFX Application Thread] DEBUG GameApplicationServi - Starting new game
16:09:34.016 [JavaFX Application Thread] DEBUG PrimaryStageWindow   - Pop state: WaitingMenu
16:09:34.016 [JavaFX Application Thread] DEBUG Input                - Clearing active input actions
16:09:34.017 [JavaFX Application Thread] DEBUG GameApplicationServi - Removing overlay from WaitingMenu and adding to FXGLMainMenuDummyScene
16:09:34.018 [JavaFX Application Thread] DEBUG PrimaryStageWindow   - FXGLMainMenuDummyScene <- WaitingMenu
16:09:34.018 [JavaFX Application Thread] DEBUG Input                - Clearing active input actions
16:09:34.038 [JavaFX Application Thread] DEBUG GameApplicationServi - Removing overlay from FXGLMainMenuDummyScene and adding to FXGLLoadingScene
16:09:34.038 [JavaFX Application Thread] DEBUG PrimaryStageWindow   - FXGLMainMenuDummyScene -> FXGLLoadingScene
16:09:34.039 [JavaFX Application Thread] DEBUG GameApplicationServi - Clearing previous game
16:09:34.039 [JavaFX Application Thread] DEBUG GameScene            - Clearing game scene
16:09:34.039 [JavaFX Application Thread] DEBUG GameWorld            - Clearing game world
16:09:34.039 [JavaFX Application Thread] DEBUG PhysicsWorld         - Clearing physics world
16:09:34.040 [FXGL Background Thread 2 ] DEBUG FXGLApplication      - Initializing game
16:09:34.095 [FXGL Background Thread 2 ] WARN  TMXLevelLoader       - TiledMap generated from 1.2.3. Supported version: 1.9.0. Some features may not be parsed fully.
16:09:34.101 [FXGL Background Thread 2 ] DEBUG TMXLevelLoader       - Parsed TiledMap: file:/C:/latest/target/classes/assets/levels/tmx/level1.tmx
16:09:34.102 [FXGL Background Thread 2 ] DEBUG TMXLevelLoader       - Creating tile layer entities
16:09:34.104 [FXGL Background Thread 2 ] DEBUG TilesetLoader        - Loading view for layer Tile Layer 1
16:09:34.105 [FXGL Background Thread 2 ] DEBUG TilesetLoader        - Created buffer with size 1050.0x700.0
16:09:34.120 [FXGL Background Thread 2 ] DEBUG TMXLevelLoader       - Creating object layer entities
16:09:34.134 [FXGL Background Thread 2 ] DEBUG GameWorld            - Clearing removable entities
16:09:34.134 [FXGL Background Thread 2 ] DEBUG GameWorld            - Setting level: com.almasb.fxgl.entity.level.Level@70bc67f5
16:09:34.162 [FXGL Background Thread 2 ] DEBUG FXGLAssetLoaderServi - Loading from file system: file:/C:/latest/target/classes/assets/textures/player.png
16:09:34.180 [FXGL Background Thread 2 ] DEBUG FXGLAssetLoaderServi - Loading from file system: file:/C:/latest/target/classes/assets/textures/background/forest.png
16:09:34.237 [FXGL Background Thread 2 ] INFO  FXGLApplication      - Game initialization took: 0.197 sec
16:09:34.238 [JavaFX Application Thread] DEBUG Input                - Clearing active input actions
16:09:34.247 [JavaFX Application Thread] DEBUG GameApplicationServi - Removing overlay from FXGLLoadingScene and adding to GameScene
16:09:34.248 [JavaFX Application Thread] DEBUG PrimaryStageWindow   - FXGLLoadingScene -> GameScene
16:09:40.793 [JavaFX Application Thread] DEBUG Input                - Registered new binding: Close Level End Screen - LMB
16:09:40.801 [JavaFX Application Thread] DEBUG FXGLAssetLoaderServi - Loading from file system: file:/C:/latest/target/classes/assets/textures/star_empty.png
16:09:40.815 [JavaFX Application Thread] DEBUG FXGLAssetLoaderServi - Loading from file system: file:/C:/latest/target/classes/assets/textures/star_full.png
16:09:40.823 [JavaFX Application Thread] DEBUG PrimaryStageWindow   - Push state: LevelEndScene
16:09:40.823 [JavaFX Application Thread] DEBUG Input                - Clearing active input actions
16:09:40.823 [JavaFX Application Thread] DEBUG GameApplicationServi - Removing overlay from GameScene and adding to LevelEndScene
16:09:40.823 [JavaFX Application Thread] DEBUG PrimaryStageWindow   - GameScene -> LevelEndScene
16:09:44.705 [JavaFX Application Thread] DEBUG FXGLApplication      - Exiting FXGL
16:09:44.705 [JavaFX Application Thread] DEBUG LoopRunner           - Stopping loop
16:09:44.705 [JavaFX Application Thread] DEBUG SystemBundleService  - Saving FXGL system data
16:09:44.708 [JavaFX Application Thread] DEBUG FileSystemAccess     - Writing to: C:\latest\system\fxgl.bundle
16:09:44.712 [JavaFX Application Thread] DEBUG Async                - Shutting down background threads
16:09:44.712 [JavaFX Application Thread] DEBUG PrimaryStageWindow   - Closing main window
16:09:44.722 [JavaFX Application Thread] DEBUG Logger               - Closing Logger
