11:48:32.533 [main                     ] DEBUG Logger               - Configured Logger
11:48:32.553 [main                     ] DEBUG GameApplication      - Logging settings
Title: Untitled
Version: 0.0
Width: 1280
Height: 960
Fullscreen: false
Intro: false
Profiling: false
Single step:false
App Mode: DEVELOPER
Menu Key: ESCAPE
Stage Style: DECORATED
Scene Factory: class com.almasb.fxglgames.platformer.PlatformerApp$1

11:48:33.003 [JavaFX Application Thread] DEBUG FXGLApplication      - Initializing FXGL
11:48:33.007 [JavaFX Application Thread] INFO  Engine               - FXGL-21 (28.12.2023 13.35) on WINDOWS (J:21 FX:21.0.1)
11:48:33.008 [JavaFX Application Thread] DEBUG Engine               - JRE Vendor Name: Oracle Corporation
11:48:33.008 [JavaFX Application Thread] DEBUG Engine               - Running on OS: Windows 10 version 10.0
11:48:33.008 [JavaFX Application Thread] DEBUG Engine               - Architecture: amd64
11:48:33.008 [JavaFX Application Thread] INFO  Engine               - Source code and latest versions at: https://github.com/AlmasB/FXGL
11:48:33.009 [JavaFX Application Thread] INFO  Engine               -       Ask questions and discuss at: https://github.com/AlmasB/FXGL/discussions
11:48:33.009 [JavaFX Application Thread] INFO  Engine               -              Join the FXGL chat at: https://gitter.im/AlmasB/FXGL
11:48:33.091 [JavaFX Application Thread] DEBUG PrimaryStageWindow   - Creating a JavaFX scene
11:48:33.135 [JavaFX Application Thread] DEBUG PrimaryStageWindow   - Target settings size: 1280.0 x 960.0
11:48:33.135 [JavaFX Application Thread] DEBUG PrimaryStageWindow   - Scaled scene size:    1280.0 x 960.0
11:48:33.136 [JavaFX Application Thread] DEBUG PrimaryStageWindow   - Scaled ratio: (1.0, 1.0)
11:48:33.136 [JavaFX Application Thread] DEBUG PrimaryStageWindow   - Set initial scene to FXGLStartupScene
11:48:33.139 [JavaFX Application Thread] DEBUG PrimaryStageWindow   - Opening main window
11:48:33.228 [JavaFX Application Thread] DEBUG PrimaryStageWindow   - Window border size: (16.0, 39.0)
11:48:33.229 [JavaFX Application Thread] DEBUG PrimaryStageWindow   - Scaled size: 1280.0 x 960.0
11:48:33.229 [JavaFX Application Thread] DEBUG PrimaryStageWindow   - Scaled ratio: (1.0, 1.0)
11:48:33.229 [JavaFX Application Thread] DEBUG PrimaryStageWindow   - Scene size: 1280.0 x 960.0
11:48:33.229 [JavaFX Application Thread] DEBUG PrimaryStageWindow   - Stage size: 1296.0 x 999.0
11:48:33.237 [FXGL Background Thread 1 ] DEBUG Engine               - Initializing environment variables
11:48:33.288 [FXGL Background Thread 1 ] DEBUG FXGLAssetLoaderServi - User app class for loading assets: class com.almasb.fxglgames.platformer.PlatformerApp
11:48:33.288 [FXGL Background Thread 1 ] DEBUG GameApplicationServi - Applying CSS: fxgl_dark.css
11:48:33.289 [FXGL Background Thread 1 ] DEBUG FXGLAssetLoaderServi - Loading from file system: jar:file:///C:/Users/TECH2-07/.m2/repository/com/github/almasb/fxgl/21/fxgl-21.jar!/fxglassets/ui/css/fxgl_dark.css
11:48:33.336 [FXGL Background Thread 1 ] DEBUG GameApplicationServi - Initializing application scenes
11:48:33.402 [FXGL Background Thread 1 ] DEBUG FXGLAssetLoaderServi - Loading from file system: file:/C:/Users/TECH2-07/Desktop/Mario/target/classes/assets/textures/player.png
11:48:33.429 [FXGL Background Thread 1 ] DEBUG GameWorld            - Game world initialized
11:48:33.481 [FXGL Background Thread 1 ] DEBUG PhysicsWorld         - Physics world initialized: appHeight=960, physics.ppm=50.0
11:48:33.481 [FXGL Background Thread 1 ] DEBUG PhysicsWorld         - Using strategy: BRUTE_FORCE
11:48:33.486 [FXGL Background Thread 1 ] DEBUG GameScene            - Game scene initialized: 1280x960
11:48:33.494 [FXGL Background Thread 1 ] DEBUG FXGL.DefaultMenu     - createMenuBodyGameMenu()
11:48:33.511 [FXGL Background Thread 1 ] DEBUG FXGL.DefaultMenu     - createOptionsMenu()
11:48:33.520 [FXGL Background Thread 1 ] DEBUG FXGLAssetLoaderServi - Loading from file system: jar:file:///C:/Users/TECH2-07/.m2/repository/com/github/almasb/fxgl/21/fxgl-21.jar!/fxglassets/textures/particles/smoke.png
11:48:33.601 [FXGL Background Thread 1 ] DEBUG FXGLAssetLoaderServi - Loading from file system: jar:file:///C:/Users/TECH2-07/.m2/repository/com/github/almasb/fxgl/21/fxgl-21.jar!/fxglassets/textures/particles/trace_horizontal.png
11:48:33.655 [FXGL Background Thread 1 ] DEBUG GameApplicationServi - Application scenes initialized
11:48:33.666 [FXGL Background Thread 1 ] DEBUG SystemBundleService  - Loading FXGL system data
11:48:33.671 [FXGL Background Thread 1 ] DEBUG FileSystemAccess     - Reading from: C:\Users\TECH2-07\Desktop\Mario\system\fxgl.bundle
11:48:33.680 [FXGL Background Thread 1 ] DEBUG SystemBundleService  - Bundle FXGL: {}
11:48:33.680 [FXGL Background Thread 1 ] DEBUG UpdaterService       - Checking for updates
11:48:33.685 [FXGL Background Thread 4 ] DEBUG FXGLApplication      - Loading fonts
11:48:33.686 [FXGL Background Thread 4 ] DEBUG FXGLAssetLoaderServi - Loading from file system: jar:file:///C:/Users/TECH2-07/.m2/repository/com/github/almasb/fxgl/21/fxgl-21.jar!/fxglassets/ui/fonts/VarelaRound-Regular.ttf
11:48:33.686 [FXGL Background Thread 1 ] DEBUG FXGLApplication      - Loading default localization
11:48:33.687 [FXGL Background Thread 1 ] DEBUG FXGLAssetLoaderServi - Loading from file system: jar:file:///C:/Users/TECH2-07/.m2/repository/com/github/almasb/fxgl/21/fxgl-21.jar!/fxglassets/languages/english.lang
11:48:33.707 [FXGL Background Thread 1 ] INFO  FXGLApplication      - FXGL initialization took: 0.470 sec
11:48:33.717 [JavaFX Application Thread] DEBUG Input                - Registered new binding: action0 - LMB
11:48:33.725 [JavaFX Application Thread] DEBUG Input                - Registered new binding: Left - A
11:48:33.725 [JavaFX Application Thread] DEBUG Input                - Registered new binding: Right - D
11:48:33.725 [JavaFX Application Thread] DEBUG Input                - Registered new binding: Jump - W
11:48:33.725 [JavaFX Application Thread] DEBUG Input                - Registered new binding: Use - E
11:48:33.726 [JavaFX Application Thread] DEBUG FXGLAssetLoaderServi - Loading from file system: file:/C:/Users/TECH2-07/Desktop/Mario/target/classes/assets/music/BGM_dash_runner.wav
11:48:33.729 [FXGL Background Thread 4 ] DEBUG FXGLAssetLoaderServi - Loading from file system: jar:file:///C:/Users/TECH2-07/.m2/repository/com/github/almasb/fxgl/21/fxgl-21.jar!/fxglassets/ui/fonts/Abel-Regular.ttf
11:48:33.734 [FXGL Background Thread 4 ] DEBUG FXGLAssetLoaderServi - Loading from file system: jar:file:///C:/Users/TECH2-07/.m2/repository/com/github/almasb/fxgl/21/fxgl-21.jar!/fxglassets/ui/fonts/TerminalLandMono-Regular.otf
11:48:33.740 [FXGL Background Thread 4 ] DEBUG FXGLAssetLoaderServi - Loading from file system: jar:file:///C:/Users/TECH2-07/.m2/repository/com/github/almasb/fxgl/21/fxgl-21.jar!/fxglassets/ui/fonts/Courier-Prime.ttf
11:48:33.855 [JavaFX Application Thread] DEBUG AudioPlayer          - Playing music com.almasb.fxgl.audio.Music@3d1c977e
11:48:33.856 [JavaFX Application Thread] DEBUG FXGLAssetLoaderServi - Loading from file system: jar:file:///C:/Users/TECH2-07/.m2/repository/com/github/almasb/fxgl/21/fxgl-21.jar!/fxglassets/textures/fxgl_icon.png
11:48:33.872 [JavaFX Application Thread] DEBUG FXGLAssetLoaderServi - Loading from file system: jar:file:///C:/Users/TECH2-07/.m2/repository/com/github/almasb/fxgl/21/fxgl-21.jar!/fxglassets/textures/fxgl_default_cursor.png
11:48:33.874 [JavaFX Application Thread] DEBUG Input                - Registered new binding: Screenshot - CTRL+8
11:48:33.875 [JavaFX Application Thread] DEBUG Input                - Registered new binding: System info dump - CTRL+9
11:48:33.875 [JavaFX Application Thread] DEBUG Input                - Registered new binding: Restart - CTRL+R
11:48:33.876 [JavaFX Application Thread] DEBUG Input                - Registered new binding: Toggle Debug Camera - CTRL+7
11:48:33.879 [JavaFX Application Thread] DEBUG LoopRunner           - Starting loop
11:48:33.879 [JavaFX Application Thread] DEBUG LoopRunner           - Initializing JavaFX AnimationTimerLoop
11:48:33.880 [JavaFX Application Thread] DEBUG GameApplicationServi - Starting new game
11:48:33.880 [JavaFX Application Thread] DEBUG Input                - Clearing active input actions
11:48:33.898 [JavaFX Application Thread] DEBUG GameApplicationServi - Removing overlay from FXGLStartupScene and adding to MainLoadingScene
11:48:33.898 [JavaFX Application Thread] DEBUG PrimaryStageWindow   - FXGLStartupScene -> MainLoadingScene
11:48:33.899 [JavaFX Application Thread] DEBUG GameApplicationServi - Clearing previous game
11:48:33.899 [JavaFX Application Thread] DEBUG GameScene            - Clearing game scene
11:48:33.899 [JavaFX Application Thread] DEBUG GameWorld            - Clearing game world
11:48:33.899 [JavaFX Application Thread] DEBUG PhysicsWorld         - Clearing physics world
11:48:33.900 [FXGL Background Thread 4 ] DEBUG FXGLApplication      - Initializing game
11:48:33.902 [JavaFX Application Thread] DEBUG FXGLApplication      - Registering font factories with UI factory
11:48:33.948 [FXGL Background Thread 4 ] WARN  TMXLevelLoader       - TiledMap generated from 1.2.3. Supported version: 1.9.0. Some features may not be parsed fully.
11:48:33.958 [FXGL Background Thread 4 ] DEBUG TMXLevelLoader       - Parsed TiledMap: file:/C:/Users/TECH2-07/Desktop/Mario/target/classes/assets/levels/tmx/level1.tmx
11:48:33.959 [FXGL Background Thread 4 ] DEBUG TMXLevelLoader       - Creating tile layer entities
11:48:33.962 [FXGL Background Thread 4 ] DEBUG TilesetLoader        - Loading view for layer Tile Layer 1
11:48:33.964 [FXGL Background Thread 4 ] DEBUG TilesetLoader        - Created buffer with size 1050.0x700.0
11:48:33.995 [FXGL Background Thread 4 ] DEBUG TMXLevelLoader       - Creating object layer entities
11:48:34.024 [FXGL Background Thread 4 ] DEBUG GameWorld            - Clearing removable entities
11:48:34.024 [FXGL Background Thread 4 ] DEBUG GameWorld            - Setting level: com.almasb.fxgl.entity.level.Level@23ed1c13
11:48:34.060 [FXGL Background Thread 4 ] DEBUG FXGLAssetLoaderServi - Loading from file system: file:/C:/Users/TECH2-07/Desktop/Mario/target/classes/assets/textures/background/forest.png
11:48:34.085 [FXGL Background Thread 4 ] INFO  FXGLApplication      - Game initialization took: 0.185 sec
11:48:34.086 [JavaFX Application Thread] DEBUG Input                - Clearing active input actions
11:48:34.101 [JavaFX Application Thread] DEBUG GameApplicationServi - Removing overlay from MainLoadingScene and adding to GameScene
11:48:34.101 [JavaFX Application Thread] DEBUG PrimaryStageWindow   - MainLoadingScene -> GameScene
11:48:34.358 [FXGL Background Thread 2 ] INFO  UpdaterService       - Your current version:  21
11:48:34.358 [FXGL Background Thread 2 ] INFO  UpdaterService       - Latest stable version: 21.1
11:48:36.683 [FXGL Background Thread 3 ] DEBUG Engine               - Logging environment variables
11:48:36.683 [FXGL Background Thread 3 ] DEBUG Engine               - achievements: []
11:48:36.683 [FXGL Background Thread 3 ] DEBUG Engine               - actualHeight: 960.0
11:48:36.684 [FXGL Background Thread 3 ] DEBUG Engine               - actualHeightProperty: ReadOnlyDoubleProperty [value: 960.0]
11:48:36.684 [FXGL Background Thread 3 ] DEBUG Engine               - actualWidth: 1280.0
11:48:36.684 [FXGL Background Thread 3 ] DEBUG Engine               - actualWidthProperty: ReadOnlyDoubleProperty [value: 1280.0]
11:48:36.684 [FXGL Background Thread 3 ] DEBUG Engine               - appIcon: fxgl_icon.png
11:48:36.684 [FXGL Background Thread 3 ] DEBUG Engine               - applicationMode: DEVELOPER
11:48:36.684 [FXGL Background Thread 3 ] DEBUG Engine               - cSSList: [fxgl_dark.css]
11:48:36.684 [FXGL Background Thread 3 ] DEBUG Engine               - collisionDetectionStrategy: BRUTE_FORCE
11:48:36.684 [FXGL Background Thread 3 ] DEBUG Engine               - configClass: Optional.empty
11:48:36.684 [FXGL Background Thread 3 ] DEBUG Engine               - credits: []
11:48:36.684 [FXGL Background Thread 3 ] DEBUG Engine               - defaultCursor: CursorInfo(imageName=fxgl_default_cursor.png, hotspotX=7.0, hotspotY=6.0)
11:48:36.684 [FXGL Background Thread 3 ] DEBUG Engine               - devBBoxColorProperty: ObjectProperty [value: 0xff0000ff]
11:48:36.684 [FXGL Background Thread 3 ] DEBUG Engine               - devEnableDebugCameraProperty: BooleanProperty [value: false]
11:48:36.684 [FXGL Background Thread 3 ] DEBUG Engine               - devSensorColorProperty: ObjectProperty [value: 0xffff00ff]
11:48:36.684 [FXGL Background Thread 3 ] DEBUG Engine               - devShowBBoxProperty: BooleanProperty [value: false]
11:48:36.685 [FXGL Background Thread 3 ] DEBUG Engine               - devShowPositionProperty: BooleanProperty [value: false]
11:48:36.685 [FXGL Background Thread 3 ] DEBUG Engine               - enabledMenuItems: []
11:48:36.685 [FXGL Background Thread 3 ] DEBUG Engine               - engineServices: [class com.almasb.fxgl.app.services.FXGLAssetLoaderService, class com.almasb.fxgl.app.FXGLApplication$GameApplicationService, class com.almasb.fxgl.app.services.FXGLDialogService, class com.almasb.fxgl.app.services.IOTaskExecutorService, class com.almasb.fxgl.io.FileSystemService, class com.almasb.fxgl.localization.LocalizationService, class com.almasb.fxgl.app.services.SystemBundleService, class com.almasb.fxgl.profile.SaveLoadService, class com.almasb.fxgl.ui.FXGLUIFactoryServiceProvider, class com.almasb.fxgl.ui.FXGLDialogFactoryServiceProvider, class com.almasb.fxgl.audio.AudioPlayer, class com.almasb.fxgl.notification.impl.NotificationServiceProvider, class com.almasb.fxgl.achievement.AchievementService, class com.almasb.fxgl.cutscene.CutsceneService, class com.almasb.fxgl.minigames.MiniGameService, class com.almasb.fxgl.net.NetService, class com.almasb.fxgl.app.services.UpdaterService, class com.almasb.fxgl.dev.DevService]
11:48:36.685 [FXGL Background Thread 3 ] DEBUG Engine               - fontGame: Abel-Regular.ttf
11:48:36.685 [FXGL Background Thread 3 ] DEBUG Engine               - fontMono: TerminalLandMono-Regular.otf
11:48:36.685 [FXGL Background Thread 3 ] DEBUG Engine               - fontSizeScaleUI: 1.0
11:48:36.685 [FXGL Background Thread 3 ] DEBUG Engine               - fontText: Courier-Prime.ttf
11:48:36.685 [FXGL Background Thread 3 ] DEBUG Engine               - fontUI: VarelaRound-Regular.ttf
11:48:36.685 [FXGL Background Thread 3 ] DEBUG Engine               - fullScreen: BooleanProperty [value: false]
11:48:36.685 [FXGL Background Thread 3 ] DEBUG Engine               - gameDifficulty: MEDIUM
11:48:36.685 [FXGL Background Thread 3 ] DEBUG Engine               - gameDifficultyProperty: ObjectProperty [value: MEDIUM]
11:48:36.685 [FXGL Background Thread 3 ] DEBUG Engine               - globalMusicVolume: 0.5
11:48:36.685 [FXGL Background Thread 3 ] DEBUG Engine               - globalMusicVolumeProperty: DoubleProperty [value: 0.25]
11:48:36.685 [FXGL Background Thread 3 ] DEBUG Engine               - globalSoundVolume: 0.5
11:48:36.685 [FXGL Background Thread 3 ] DEBUG Engine               - globalSoundVolumeProperty: DoubleProperty [value: 0.5]
11:48:36.685 [FXGL Background Thread 3 ] DEBUG Engine               - height: 960
11:48:36.685 [FXGL Background Thread 3 ] DEBUG Engine               - is3D: false
11:48:36.685 [FXGL Background Thread 3 ] DEBUG Engine               - isAndroid: false
11:48:36.685 [FXGL Background Thread 3 ] DEBUG Engine               - isBrowser: false
11:48:36.685 [FXGL Background Thread 3 ] DEBUG Engine               - isClickFeedbackEnabled: false
11:48:36.685 [FXGL Background Thread 3 ] DEBUG Engine               - isCloseConfirmation: false
11:48:36.686 [FXGL Background Thread 3 ] DEBUG Engine               - isDesktop: true
11:48:36.686 [FXGL Background Thread 3 ] DEBUG Engine               - isDeveloperMenuEnabled: false
11:48:36.686 [FXGL Background Thread 3 ] DEBUG Engine               - isEmbedded: false
11:48:36.686 [FXGL Background Thread 3 ] DEBUG Engine               - isEntityPreloadEnabled: true
11:48:36.686 [FXGL Background Thread 3 ] DEBUG Engine               - isExperimentalTiledLargeMap: false
11:48:36.686 [FXGL Background Thread 3 ] DEBUG Engine               - isFileSystemWriteAllowed: true
11:48:36.686 [FXGL Background Thread 3 ] DEBUG Engine               - isFullScreenAllowed: false
11:48:36.686 [FXGL Background Thread 3 ] DEBUG Engine               - isFullScreenFromStart: false
11:48:36.686 [FXGL Background Thread 3 ] DEBUG Engine               - isGameMenuEnabled: true
11:48:36.686 [FXGL Background Thread 3 ] DEBUG Engine               - isIOS: false
11:48:36.686 [FXGL Background Thread 3 ] DEBUG Engine               - isIntroEnabled: false
11:48:36.686 [FXGL Background Thread 3 ] DEBUG Engine               - isLinux: false
11:48:36.686 [FXGL Background Thread 3 ] DEBUG Engine               - isMac: false
11:48:36.686 [FXGL Background Thread 3 ] DEBUG Engine               - isMainMenuEnabled: false
11:48:36.686 [FXGL Background Thread 3 ] DEBUG Engine               - isManualResizeEnabled: false
11:48:36.686 [FXGL Background Thread 3 ] DEBUG Engine               - isMobile: false
11:48:36.686 [FXGL Background Thread 3 ] DEBUG Engine               - isNative: false
11:48:36.686 [FXGL Background Thread 3 ] DEBUG Engine               - isPauseMusicWhenMinimized: true
11:48:36.686 [FXGL Background Thread 3 ] DEBUG Engine               - isPreserveResizeRatio: false
11:48:36.686 [FXGL Background Thread 3 ] DEBUG Engine               - isProfilingEnabled: false
11:48:36.687 [FXGL Background Thread 3 ] DEBUG Engine               - isScaleAffectedOnResize: true
11:48:36.687 [FXGL Background Thread 3 ] DEBUG Engine               - isSingleStep: false
11:48:36.687 [FXGL Background Thread 3 ] DEBUG Engine               - isUserProfileEnabled: false
11:48:36.687 [FXGL Background Thread 3 ] DEBUG Engine               - isWindows: true
11:48:36.687 [FXGL Background Thread 3 ] DEBUG Engine               - language: ObjectProperty [value: ENGLISH]
11:48:36.687 [FXGL Background Thread 3 ] DEBUG Engine               - menuKey: ESCAPE
11:48:36.687 [FXGL Background Thread 3 ] DEBUG Engine               - mouseSensitivity: 0.2
11:48:36.687 [FXGL Background Thread 3 ] DEBUG Engine               - notificationViewClass: class com.almasb.fxgl.notification.view.XboxNotificationView
11:48:36.687 [FXGL Background Thread 3 ] DEBUG Engine               - pixelsPerMeter: 50.0
11:48:36.687 [FXGL Background Thread 3 ] DEBUG Engine               - platform: WINDOWS
11:48:36.687 [FXGL Background Thread 3 ] DEBUG Engine               - prefHeightProperty: ReadOnlyDoubleProperty [value: 960.0]
11:48:36.687 [FXGL Background Thread 3 ] DEBUG Engine               - prefWidthProperty: ReadOnlyDoubleProperty [value: 1280.0]
11:48:36.688 [FXGL Background Thread 3 ] DEBUG Engine               - profileDir: profiles/
11:48:36.688 [FXGL Background Thread 3 ] DEBUG Engine               - profileName: StringProperty [value: DEFAULT]
11:48:36.688 [FXGL Background Thread 3 ] DEBUG Engine               - randomSeed: -1
11:48:36.688 [FXGL Background Thread 3 ] DEBUG Engine               - runtimeInfo: RuntimeInfo(platform=WINDOWS, version=21, build=28.12.2023 13.35)
11:48:36.688 [FXGL Background Thread 3 ] DEBUG Engine               - saveFileExt: sav
11:48:36.688 [FXGL Background Thread 3 ] DEBUG Engine               - scaledHeightProp$fxgl: DoubleProperty [bound, value: 960.0]
11:48:36.688 [FXGL Background Thread 3 ] DEBUG Engine               - scaledWidthProp$fxgl: DoubleProperty [bound, value: 1280.0]
11:48:36.688 [FXGL Background Thread 3 ] DEBUG Engine               - sceneFactory: com.almasb.fxglgames.platformer.PlatformerApp$1@529c8504
11:48:36.688 [FXGL Background Thread 3 ] DEBUG Engine               - secondsIn24h: 60
11:48:36.688 [FXGL Background Thread 3 ] DEBUG Engine               - soundMenuBack: menu/back.wav
11:48:36.688 [FXGL Background Thread 3 ] DEBUG Engine               - soundMenuPress: menu/press.wav
11:48:36.689 [FXGL Background Thread 3 ] DEBUG Engine               - soundMenuSelect: menu/select.wav
11:48:36.689 [FXGL Background Thread 3 ] DEBUG Engine               - soundNotification: core/notification.wav
11:48:36.689 [FXGL Background Thread 3 ] DEBUG Engine               - stageStyle: DECORATED
11:48:36.689 [FXGL Background Thread 3 ] DEBUG Engine               - supportedLanguages: [ENGLISH, FRENCH, GERMAN, HUNGARIAN, RUSSIAN]
11:48:36.689 [FXGL Background Thread 3 ] DEBUG Engine               - ticksPerSecond: -1
11:48:36.689 [FXGL Background Thread 3 ] DEBUG Engine               - title: Untitled
11:48:36.689 [FXGL Background Thread 3 ] DEBUG Engine               - urlGithub: https://github.com/AlmasB/FXGL
11:48:36.689 [FXGL Background Thread 3 ] DEBUG Engine               - urlLeaderboard: http://fxgl-top.herokuapp.com/
11:48:36.689 [FXGL Background Thread 3 ] DEBUG Engine               - urlPOM: https://raw.githubusercontent.com/AlmasB/FXGL/release/README.md
11:48:36.689 [FXGL Background Thread 3 ] DEBUG Engine               - userAppClass: class com.almasb.fxglgames.platformer.PlatformerApp
11:48:36.689 [FXGL Background Thread 3 ] DEBUG Engine               - version: 0.0
11:48:36.689 [FXGL Background Thread 3 ] DEBUG Engine               - versionCheckDays: 7
11:48:36.689 [FXGL Background Thread 3 ] DEBUG Engine               - width: 1280
11:48:36.689 [FXGL Background Thread 3 ] DEBUG Engine               - Logging services
11:48:36.690 [FXGL Background Thread 3 ] DEBUG Engine               - class com.almasb.fxgl.app.services.FXGLAssetLoaderService
11:48:36.690 [FXGL Background Thread 3 ] DEBUG Engine               - class com.almasb.fxgl.app.FXGLApplication$GameApplicationService
11:48:36.690 [FXGL Background Thread 3 ] DEBUG Engine               - class com.almasb.fxgl.app.services.FXGLDialogService
11:48:36.690 [FXGL Background Thread 3 ] DEBUG Engine               - class com.almasb.fxgl.app.services.IOTaskExecutorService
11:48:36.690 [FXGL Background Thread 3 ] DEBUG Engine               - class com.almasb.fxgl.io.FileSystemService
11:48:36.690 [FXGL Background Thread 3 ] DEBUG Engine               - class com.almasb.fxgl.localization.LocalizationService
11:48:36.690 [FXGL Background Thread 3 ] DEBUG Engine               - class com.almasb.fxgl.app.services.SystemBundleService
11:48:36.690 [FXGL Background Thread 3 ] DEBUG Engine               - class com.almasb.fxgl.profile.SaveLoadService
11:48:36.690 [FXGL Background Thread 3 ] DEBUG Engine               - class com.almasb.fxgl.ui.FXGLUIFactoryServiceProvider
11:48:36.690 [FXGL Background Thread 3 ] DEBUG Engine               - class com.almasb.fxgl.ui.FXGLDialogFactoryServiceProvider
11:48:36.690 [FXGL Background Thread 3 ] DEBUG Engine               - class com.almasb.fxgl.audio.AudioPlayer
11:48:36.690 [FXGL Background Thread 3 ] DEBUG Engine               - class com.almasb.fxgl.notification.impl.NotificationServiceProvider
11:48:36.690 [FXGL Background Thread 3 ] DEBUG Engine               - class com.almasb.fxgl.achievement.AchievementService
11:48:36.690 [FXGL Background Thread 3 ] DEBUG Engine               - class com.almasb.fxgl.cutscene.CutsceneService
11:48:36.690 [FXGL Background Thread 3 ] DEBUG Engine               - class com.almasb.fxgl.minigames.MiniGameService
11:48:36.690 [FXGL Background Thread 3 ] DEBUG Engine               - class com.almasb.fxgl.net.NetService
11:48:36.690 [FXGL Background Thread 3 ] DEBUG Engine               - class com.almasb.fxgl.app.services.UpdaterService
11:48:36.690 [FXGL Background Thread 3 ] DEBUG Engine               - class com.almasb.fxgl.dev.DevService
11:51:10.886 [JavaFX Application Thread] DEBUG FXGLApplication      - Exiting FXGL
11:51:10.886 [JavaFX Application Thread] DEBUG LoopRunner           - Stopping loop
11:51:10.886 [JavaFX Application Thread] DEBUG SystemBundleService  - Saving FXGL system data
11:51:10.889 [JavaFX Application Thread] DEBUG FileSystemAccess     - Writing to: C:\Users\TECH2-07\Desktop\Mario\system\fxgl.bundle
11:51:10.893 [JavaFX Application Thread] DEBUG Async                - Shutting down background threads
11:51:10.893 [JavaFX Application Thread] DEBUG PrimaryStageWindow   - Closing main window
11:51:10.905 [JavaFX Application Thread] DEBUG Logger               - Closing Logger
