16:26:45.111 [main                     ] DEBUG Logger               - Configured Logger
16:26:45.135 [main                     ] DEBUG GameApplication      - Logging settings
Title: Untitled
Version: 0.0
Width: 800
Height: 600
Fullscreen: false
Intro: false
Profiling: false
Single step:false
App Mode: DEVELOPER
Menu Key: ESCAPE
Stage Style: DECORATED
Scene Factory: class com.almasb.fxglgames.platformer.PlatformerApp$1

16:26:45.537 [JavaFX Application Thread] DEBUG FXGLApplication      - Initializing FXGL
16:26:45.541 [JavaFX Application Thread] INFO  Engine               - FXGL-21 (28.12.2023 13.35) on WINDOWS (J:21.0.2 FX:21.0.1)
16:26:45.542 [JavaFX Application Thread] DEBUG Engine               - JRE Vendor Name: Oracle Corporation
16:26:45.542 [JavaFX Application Thread] DEBUG Engine               - Running on OS: Windows 10 version 10.0
16:26:45.542 [JavaFX Application Thread] DEBUG Engine               - Architecture: amd64
16:26:45.542 [JavaFX Application Thread] INFO  Engine               - Source code and latest versions at: https://github.com/AlmasB/FXGL
16:26:45.543 [JavaFX Application Thread] INFO  Engine               -       Ask questions and discuss at: https://github.com/AlmasB/FXGL/discussions
16:26:45.543 [JavaFX Application Thread] INFO  Engine               -              Join the FXGL chat at: https://gitter.im/AlmasB/FXGL
16:26:45.639 [JavaFX Application Thread] DEBUG PrimaryStageWindow   - Creating a JavaFX scene
16:26:45.696 [JavaFX Application Thread] DEBUG PrimaryStageWindow   - Target settings size: 800.0 x 600.0
16:26:45.697 [JavaFX Application Thread] DEBUG PrimaryStageWindow   - Scaled scene size:    800.0 x 600.0
16:26:45.697 [JavaFX Application Thread] DEBUG PrimaryStageWindow   - Scaled ratio: (1.0, 1.0)
16:26:45.698 [JavaFX Application Thread] DEBUG PrimaryStageWindow   - Set initial scene to FXGLStartupScene
16:26:45.702 [JavaFX Application Thread] DEBUG PrimaryStageWindow   - Opening main window
16:26:45.780 [JavaFX Application Thread] DEBUG PrimaryStageWindow   - Window border size: (16.0, 39.0)
16:26:45.781 [JavaFX Application Thread] DEBUG PrimaryStageWindow   - Scaled size: 800.0 x 600.0
16:26:45.781 [JavaFX Application Thread] DEBUG PrimaryStageWindow   - Scaled ratio: (1.0, 1.0)
16:26:45.781 [JavaFX Application Thread] DEBUG PrimaryStageWindow   - Scene size: 800.0 x 600.0
16:26:45.781 [JavaFX Application Thread] DEBUG PrimaryStageWindow   - Stage size: 816.0 x 639.0
16:26:45.789 [FXGL Background Thread 1 ] DEBUG Engine               - Initializing environment variables
16:26:45.843 [FXGL Background Thread 1 ] DEBUG FXGLAssetLoaderServi - User app class for loading assets: class com.almasb.fxglgames.platformer.PlatformerApp
16:26:45.843 [FXGL Background Thread 1 ] DEBUG GameApplicationServi - Applying CSS: fxgl_dark.css
16:26:45.844 [FXGL Background Thread 1 ] DEBUG FXGLAssetLoaderServi - Loading from file system: jar:file:///C:/Users/TECH2-26/.m2/repository/com/github/almasb/fxgl/21/fxgl-21.jar!/fxglassets/ui/css/fxgl_dark.css
16:26:45.896 [FXGL Background Thread 1 ] DEBUG GameApplicationServi - Initializing application scenes
16:26:45.978 [FXGL Background Thread 1 ] DEBUG FXGLAssetLoaderServi - Loading from file system: file:/C:/project/main_repo/target/classes/assets/textures/player.png
16:26:46.009 [FXGL Background Thread 1 ] DEBUG GameWorld            - Game world initialized
16:26:46.067 [FXGL Background Thread 1 ] DEBUG PhysicsWorld         - Physics world initialized: appHeight=600, physics.ppm=50.0
16:26:46.067 [FXGL Background Thread 1 ] DEBUG PhysicsWorld         - Using strategy: BRUTE_FORCE
16:26:46.071 [FXGL Background Thread 1 ] DEBUG GameScene            - Game scene initialized: 800x600
16:26:46.081 [FXGL Background Thread 1 ] DEBUG FXGL.DefaultMenu     - createMenuBodyGameMenu()
16:26:46.100 [FXGL Background Thread 1 ] DEBUG FXGL.DefaultMenu     - createOptionsMenu()
16:26:46.111 [FXGL Background Thread 1 ] DEBUG FXGLAssetLoaderServi - Loading from file system: jar:file:///C:/Users/TECH2-26/.m2/repository/com/github/almasb/fxgl/21/fxgl-21.jar!/fxglassets/textures/particles/smoke.png
16:26:46.209 [FXGL Background Thread 1 ] DEBUG FXGLAssetLoaderServi - Loading from file system: jar:file:///C:/Users/TECH2-26/.m2/repository/com/github/almasb/fxgl/21/fxgl-21.jar!/fxglassets/textures/particles/trace_horizontal.png
16:26:46.268 [FXGL Background Thread 1 ] DEBUG GameApplicationServi - Application scenes initialized
16:26:46.281 [FXGL Background Thread 1 ] DEBUG SystemBundleService  - Loading FXGL system data
16:26:46.288 [FXGL Background Thread 1 ] DEBUG FileSystemAccess     - Reading from: C:\project\main_repo\system\fxgl.bundle
16:26:46.298 [FXGL Background Thread 1 ] DEBUG SystemBundleService  - Bundle FXGL: {}
16:26:46.298 [FXGL Background Thread 1 ] DEBUG UpdaterService       - Checking for updates
16:26:46.305 [FXGL Background Thread 4 ] DEBUG FXGLApplication      - Loading fonts
16:26:46.306 [FXGL Background Thread 1 ] DEBUG FXGLApplication      - Loading default localization
16:26:46.307 [FXGL Background Thread 1 ] DEBUG FXGLAssetLoaderServi - Loading from file system: jar:file:///C:/Users/TECH2-26/.m2/repository/com/github/almasb/fxgl/21/fxgl-21.jar!/fxglassets/languages/english.lang
16:26:46.331 [FXGL Background Thread 1 ] INFO  FXGLApplication      - FXGL initialization took: 0.543 sec
16:26:46.339 [JavaFX Application Thread] DEBUG Input                - Registered new binding: action0 - LMB
16:26:46.348 [JavaFX Application Thread] DEBUG Input                - Registered new binding: Left - A
16:26:46.348 [JavaFX Application Thread] DEBUG Input                - Registered new binding: Right - D
16:26:46.349 [JavaFX Application Thread] DEBUG Input                - Registered new binding: Jump - W
16:26:46.349 [JavaFX Application Thread] DEBUG Input                - Registered new binding: Use - E
16:26:46.350 [JavaFX Application Thread] DEBUG FXGLAssetLoaderServi - Loading from file system: file:/C:/project/main_repo/target/classes/assets/music/BGM_dash_runner.wav
16:26:46.355 [FXGL Background Thread 4 ] DEBUG FXGLAssetLoaderServi - Loading from file system: jar:file:///C:/Users/TECH2-26/.m2/repository/com/github/almasb/fxgl/21/fxgl-21.jar!/fxglassets/ui/fonts/Abel-Regular.ttf
16:26:46.361 [FXGL Background Thread 4 ] DEBUG FXGLAssetLoaderServi - Loading from file system: jar:file:///C:/Users/TECH2-26/.m2/repository/com/github/almasb/fxgl/21/fxgl-21.jar!/fxglassets/ui/fonts/TerminalLandMono-Regular.otf
16:26:46.368 [FXGL Background Thread 4 ] DEBUG FXGLAssetLoaderServi - Loading from file system: jar:file:///C:/Users/TECH2-26/.m2/repository/com/github/almasb/fxgl/21/fxgl-21.jar!/fxglassets/ui/fonts/Courier-Prime.ttf
16:26:46.542 [JavaFX Application Thread] DEBUG AudioPlayer          - Playing music com.almasb.fxgl.audio.Music@36a65957
16:26:46.543 [JavaFX Application Thread] DEBUG FXGLAssetLoaderServi - Loading from file system: jar:file:///C:/Users/TECH2-26/.m2/repository/com/github/almasb/fxgl/21/fxgl-21.jar!/fxglassets/textures/fxgl_icon.png
16:26:46.563 [JavaFX Application Thread] DEBUG FXGLAssetLoaderServi - Loading from file system: jar:file:///C:/Users/TECH2-26/.m2/repository/com/github/almasb/fxgl/21/fxgl-21.jar!/fxglassets/textures/fxgl_default_cursor.png
16:26:46.565 [JavaFX Application Thread] DEBUG Input                - Registered new binding: Screenshot - CTRL+8
16:26:46.566 [JavaFX Application Thread] DEBUG Input                - Registered new binding: System info dump - CTRL+9
16:26:46.566 [JavaFX Application Thread] DEBUG Input                - Registered new binding: Restart - CTRL+R
16:26:46.567 [JavaFX Application Thread] DEBUG Input                - Registered new binding: Toggle Debug Camera - CTRL+7
16:26:46.569 [JavaFX Application Thread] DEBUG LoopRunner           - Starting loop
16:26:46.569 [JavaFX Application Thread] DEBUG LoopRunner           - Initializing JavaFX AnimationTimerLoop
16:26:46.570 [JavaFX Application Thread] DEBUG GameApplicationServi - Starting new game
16:26:46.571 [JavaFX Application Thread] DEBUG Input                - Clearing active input actions
16:26:46.589 [JavaFX Application Thread] DEBUG GameApplicationServi - Removing overlay from FXGLStartupScene and adding to MainLoadingScene
16:26:46.590 [JavaFX Application Thread] DEBUG PrimaryStageWindow   - FXGLStartupScene -> MainLoadingScene
16:26:46.590 [JavaFX Application Thread] DEBUG GameApplicationServi - Clearing previous game
16:26:46.590 [JavaFX Application Thread] DEBUG GameScene            - Clearing game scene
16:26:46.591 [JavaFX Application Thread] DEBUG GameWorld            - Clearing game world
16:26:46.591 [JavaFX Application Thread] DEBUG PhysicsWorld         - Clearing physics world
16:26:46.592 [FXGL Background Thread 4 ] DEBUG FXGLApplication      - Initializing game
16:26:46.593 [JavaFX Application Thread] DEBUG FXGLApplication      - Registering font factories with UI factory
16:26:46.651 [FXGL Background Thread 4 ] WARN  TMXLevelLoader       - TiledMap generated from 1.2.3. Supported version: 1.9.0. Some features may not be parsed fully.
16:26:46.661 [FXGL Background Thread 4 ] DEBUG TMXLevelLoader       - Parsed TiledMap: file:/C:/project/main_repo/target/classes/assets/levels/tmx/level1.tmx
16:26:46.663 [FXGL Background Thread 4 ] DEBUG TMXLevelLoader       - Creating tile layer entities
16:26:46.667 [FXGL Background Thread 4 ] DEBUG TilesetLoader        - Loading view for layer Tile Layer 1
16:26:46.669 [FXGL Background Thread 4 ] DEBUG TilesetLoader        - Created buffer with size 1050.0x700.0
16:26:46.695 [FXGL Background Thread 4 ] DEBUG TMXLevelLoader       - Creating object layer entities
16:26:46.731 [FXGL Background Thread 4 ] DEBUG GameWorld            - Clearing removable entities
16:26:46.731 [FXGL Background Thread 4 ] DEBUG GameWorld            - Setting level: com.almasb.fxgl.entity.level.Level@4346e25d
16:26:46.774 [FXGL Background Thread 4 ] DEBUG FXGLAssetLoaderServi - Loading from file system: file:/C:/project/main_repo/target/classes/assets/textures/background/forest.png
16:26:46.806 [FXGL Background Thread 4 ] INFO  FXGLApplication      - Game initialization took: 0.213 sec
16:26:46.807 [JavaFX Application Thread] DEBUG Input                - Clearing active input actions
16:26:46.825 [JavaFX Application Thread] DEBUG GameApplicationServi - Removing overlay from MainLoadingScene and adding to GameScene
16:26:46.825 [JavaFX Application Thread] DEBUG PrimaryStageWindow   - MainLoadingScene -> GameScene
16:26:47.064 [FXGL Background Thread 2 ] INFO  UpdaterService       - Your current version:  21
16:26:47.064 [FXGL Background Thread 2 ] INFO  UpdaterService       - Latest stable version: 21.1
16:26:49.302 [FXGL Background Thread 3 ] DEBUG Engine               - Logging environment variables
16:26:49.302 [FXGL Background Thread 3 ] DEBUG Engine               - achievements: []
16:26:49.302 [FXGL Background Thread 3 ] DEBUG Engine               - actualHeight: 600.0
16:26:49.302 [FXGL Background Thread 3 ] DEBUG Engine               - actualHeightProperty: ReadOnlyDoubleProperty [value: 600.0]
16:26:49.302 [FXGL Background Thread 3 ] DEBUG Engine               - actualWidth: 800.0
16:26:49.302 [FXGL Background Thread 3 ] DEBUG Engine               - actualWidthProperty: ReadOnlyDoubleProperty [value: 800.0]
16:26:49.303 [FXGL Background Thread 3 ] DEBUG Engine               - appIcon: fxgl_icon.png
16:26:49.303 [FXGL Background Thread 3 ] DEBUG Engine               - applicationMode: DEVELOPER
16:26:49.303 [FXGL Background Thread 3 ] DEBUG Engine               - cSSList: [fxgl_dark.css]
16:26:49.303 [FXGL Background Thread 3 ] DEBUG Engine               - collisionDetectionStrategy: BRUTE_FORCE
16:26:49.303 [FXGL Background Thread 3 ] DEBUG Engine               - configClass: Optional.empty
16:26:49.303 [FXGL Background Thread 3 ] DEBUG Engine               - credits: []
16:26:49.303 [FXGL Background Thread 3 ] DEBUG Engine               - defaultCursor: CursorInfo(imageName=fxgl_default_cursor.png, hotspotX=7.0, hotspotY=6.0)
16:26:49.303 [FXGL Background Thread 3 ] DEBUG Engine               - devBBoxColorProperty: ObjectProperty [value: 0xff0000ff]
16:26:49.303 [FXGL Background Thread 3 ] DEBUG Engine               - devEnableDebugCameraProperty: BooleanProperty [value: false]
16:26:49.304 [FXGL Background Thread 3 ] DEBUG Engine               - devSensorColorProperty: ObjectProperty [value: 0xffff00ff]
16:26:49.304 [FXGL Background Thread 3 ] DEBUG Engine               - devShowBBoxProperty: BooleanProperty [value: false]
16:26:49.304 [FXGL Background Thread 3 ] DEBUG Engine               - devShowPositionProperty: BooleanProperty [value: false]
16:26:49.304 [FXGL Background Thread 3 ] DEBUG Engine               - enabledMenuItems: []
16:26:49.304 [FXGL Background Thread 3 ] DEBUG Engine               - engineServices: [class com.almasb.fxgl.app.services.FXGLAssetLoaderService, class com.almasb.fxgl.app.FXGLApplication$GameApplicationService, class com.almasb.fxgl.app.services.FXGLDialogService, class com.almasb.fxgl.app.services.IOTaskExecutorService, class com.almasb.fxgl.io.FileSystemService, class com.almasb.fxgl.localization.LocalizationService, class com.almasb.fxgl.app.services.SystemBundleService, class com.almasb.fxgl.profile.SaveLoadService, class com.almasb.fxgl.ui.FXGLUIFactoryServiceProvider, class com.almasb.fxgl.ui.FXGLDialogFactoryServiceProvider, class com.almasb.fxgl.audio.AudioPlayer, class com.almasb.fxgl.notification.impl.NotificationServiceProvider, class com.almasb.fxgl.achievement.AchievementService, class com.almasb.fxgl.cutscene.CutsceneService, class com.almasb.fxgl.minigames.MiniGameService, class com.almasb.fxgl.net.NetService, class com.almasb.fxgl.app.services.UpdaterService, class com.almasb.fxgl.dev.DevService]
16:26:49.304 [FXGL Background Thread 3 ] DEBUG Engine               - fontGame: Abel-Regular.ttf
16:26:49.304 [FXGL Background Thread 3 ] DEBUG Engine               - fontMono: TerminalLandMono-Regular.otf
16:26:49.304 [FXGL Background Thread 3 ] DEBUG Engine               - fontSizeScaleUI: 1.0
16:26:49.304 [FXGL Background Thread 3 ] DEBUG Engine               - fontText: Courier-Prime.ttf
16:26:49.304 [FXGL Background Thread 3 ] DEBUG Engine               - fontUI: VarelaRound-Regular.ttf
16:26:49.304 [FXGL Background Thread 3 ] DEBUG Engine               - fullScreen: BooleanProperty [value: false]
16:26:49.304 [FXGL Background Thread 3 ] DEBUG Engine               - gameDifficulty: MEDIUM
16:26:49.304 [FXGL Background Thread 3 ] DEBUG Engine               - gameDifficultyProperty: ObjectProperty [value: MEDIUM]
16:26:49.304 [FXGL Background Thread 3 ] DEBUG Engine               - globalMusicVolume: 0.5
16:26:49.304 [FXGL Background Thread 3 ] DEBUG Engine               - globalMusicVolumeProperty: DoubleProperty [value: 0.25]
16:26:49.304 [FXGL Background Thread 3 ] DEBUG Engine               - globalSoundVolume: 0.5
16:26:49.304 [FXGL Background Thread 3 ] DEBUG Engine               - globalSoundVolumeProperty: DoubleProperty [value: 0.5]
16:26:49.305 [FXGL Background Thread 3 ] DEBUG Engine               - height: 600
16:26:49.305 [FXGL Background Thread 3 ] DEBUG Engine               - is3D: false
16:26:49.305 [FXGL Background Thread 3 ] DEBUG Engine               - isAndroid: false
16:26:49.305 [FXGL Background Thread 3 ] DEBUG Engine               - isBrowser: false
16:26:49.305 [FXGL Background Thread 3 ] DEBUG Engine               - isClickFeedbackEnabled: false
16:26:49.305 [FXGL Background Thread 3 ] DEBUG Engine               - isCloseConfirmation: false
16:26:49.305 [FXGL Background Thread 3 ] DEBUG Engine               - isDesktop: true
16:26:49.305 [FXGL Background Thread 3 ] DEBUG Engine               - isDeveloperMenuEnabled: false
16:26:49.305 [FXGL Background Thread 3 ] DEBUG Engine               - isEmbedded: false
16:26:49.305 [FXGL Background Thread 3 ] DEBUG Engine               - isEntityPreloadEnabled: true
16:26:49.305 [FXGL Background Thread 3 ] DEBUG Engine               - isExperimentalTiledLargeMap: false
16:26:49.305 [FXGL Background Thread 3 ] DEBUG Engine               - isFileSystemWriteAllowed: true
16:26:49.305 [FXGL Background Thread 3 ] DEBUG Engine               - isFullScreenAllowed: false
16:26:49.305 [FXGL Background Thread 3 ] DEBUG Engine               - isFullScreenFromStart: false
16:26:49.305 [FXGL Background Thread 3 ] DEBUG Engine               - isGameMenuEnabled: true
16:26:49.305 [FXGL Background Thread 3 ] DEBUG Engine               - isIOS: false
16:26:49.305 [FXGL Background Thread 3 ] DEBUG Engine               - isIntroEnabled: false
16:26:49.305 [FXGL Background Thread 3 ] DEBUG Engine               - isLinux: false
16:26:49.305 [FXGL Background Thread 3 ] DEBUG Engine               - isMac: false
16:26:49.305 [FXGL Background Thread 3 ] DEBUG Engine               - isMainMenuEnabled: false
16:26:49.305 [FXGL Background Thread 3 ] DEBUG Engine               - isManualResizeEnabled: false
16:26:49.306 [FXGL Background Thread 3 ] DEBUG Engine               - isMobile: false
16:26:49.306 [FXGL Background Thread 3 ] DEBUG Engine               - isNative: false
16:26:49.306 [FXGL Background Thread 3 ] DEBUG Engine               - isPauseMusicWhenMinimized: true
16:26:49.306 [FXGL Background Thread 3 ] DEBUG Engine               - isPreserveResizeRatio: false
16:26:49.306 [FXGL Background Thread 3 ] DEBUG Engine               - isProfilingEnabled: false
16:26:49.306 [FXGL Background Thread 3 ] DEBUG Engine               - isScaleAffectedOnResize: true
16:26:49.306 [FXGL Background Thread 3 ] DEBUG Engine               - isSingleStep: false
16:26:49.306 [FXGL Background Thread 3 ] DEBUG Engine               - isUserProfileEnabled: false
16:26:49.306 [FXGL Background Thread 3 ] DEBUG Engine               - isWindows: true
16:26:49.306 [FXGL Background Thread 3 ] DEBUG Engine               - language: ObjectProperty [value: ENGLISH]
16:26:49.306 [FXGL Background Thread 3 ] DEBUG Engine               - menuKey: ESCAPE
16:26:49.306 [FXGL Background Thread 3 ] DEBUG Engine               - mouseSensitivity: 0.2
16:26:49.306 [FXGL Background Thread 3 ] DEBUG Engine               - notificationViewClass: class com.almasb.fxgl.notification.view.XboxNotificationView
16:26:49.306 [FXGL Background Thread 3 ] DEBUG Engine               - pixelsPerMeter: 50.0
16:26:49.306 [FXGL Background Thread 3 ] DEBUG Engine               - platform: WINDOWS
16:26:49.306 [FXGL Background Thread 3 ] DEBUG Engine               - prefHeightProperty: ReadOnlyDoubleProperty [value: 600.0]
16:26:49.306 [FXGL Background Thread 3 ] DEBUG Engine               - prefWidthProperty: ReadOnlyDoubleProperty [value: 800.0]
16:26:49.306 [FXGL Background Thread 3 ] DEBUG Engine               - profileDir: profiles/
16:26:49.306 [FXGL Background Thread 3 ] DEBUG Engine               - profileName: StringProperty [value: DEFAULT]
16:26:49.306 [FXGL Background Thread 3 ] DEBUG Engine               - randomSeed: -1
16:26:49.307 [FXGL Background Thread 3 ] DEBUG Engine               - runtimeInfo: RuntimeInfo(platform=WINDOWS, version=21, build=28.12.2023 13.35)
16:26:49.307 [FXGL Background Thread 3 ] DEBUG Engine               - saveFileExt: sav
16:26:49.307 [FXGL Background Thread 3 ] DEBUG Engine               - scaledHeightProp$fxgl: DoubleProperty [bound, value: 600.0]
16:26:49.307 [FXGL Background Thread 3 ] DEBUG Engine               - scaledWidthProp$fxgl: DoubleProperty [bound, value: 800.0]
16:26:49.307 [FXGL Background Thread 3 ] DEBUG Engine               - sceneFactory: com.almasb.fxglgames.platformer.PlatformerApp$1@4c4cbe7c
16:26:49.307 [FXGL Background Thread 3 ] DEBUG Engine               - secondsIn24h: 60
16:26:49.307 [FXGL Background Thread 3 ] DEBUG Engine               - soundMenuBack: menu/back.wav
16:26:49.307 [FXGL Background Thread 3 ] DEBUG Engine               - soundMenuPress: menu/press.wav
16:26:49.307 [FXGL Background Thread 3 ] DEBUG Engine               - soundMenuSelect: menu/select.wav
16:26:49.307 [FXGL Background Thread 3 ] DEBUG Engine               - soundNotification: core/notification.wav
16:26:49.308 [FXGL Background Thread 3 ] DEBUG Engine               - stageStyle: DECORATED
16:26:49.308 [FXGL Background Thread 3 ] DEBUG Engine               - supportedLanguages: [ENGLISH, FRENCH, GERMAN, HUNGARIAN, RUSSIAN]
16:26:49.308 [FXGL Background Thread 3 ] DEBUG Engine               - ticksPerSecond: -1
16:26:49.308 [FXGL Background Thread 3 ] DEBUG Engine               - title: Untitled
16:26:49.308 [FXGL Background Thread 3 ] DEBUG Engine               - urlGithub: https://github.com/AlmasB/FXGL
16:26:49.308 [FXGL Background Thread 3 ] DEBUG Engine               - urlLeaderboard: http://fxgl-top.herokuapp.com/
16:26:49.308 [FXGL Background Thread 3 ] DEBUG Engine               - urlPOM: https://raw.githubusercontent.com/AlmasB/FXGL/release/README.md
16:26:49.308 [FXGL Background Thread 3 ] DEBUG Engine               - userAppClass: class com.almasb.fxglgames.platformer.PlatformerApp
16:26:49.308 [FXGL Background Thread 3 ] DEBUG Engine               - version: 0.0
16:26:49.308 [FXGL Background Thread 3 ] DEBUG Engine               - versionCheckDays: 7
16:26:49.308 [FXGL Background Thread 3 ] DEBUG Engine               - width: 800
16:26:49.308 [FXGL Background Thread 3 ] DEBUG Engine               - Logging services
16:26:49.308 [FXGL Background Thread 3 ] DEBUG Engine               - class com.almasb.fxgl.app.services.FXGLAssetLoaderService
16:26:49.308 [FXGL Background Thread 3 ] DEBUG Engine               - class com.almasb.fxgl.app.FXGLApplication$GameApplicationService
16:26:49.308 [FXGL Background Thread 3 ] DEBUG Engine               - class com.almasb.fxgl.app.services.FXGLDialogService
16:26:49.308 [FXGL Background Thread 3 ] DEBUG Engine               - class com.almasb.fxgl.app.services.IOTaskExecutorService
16:26:49.308 [FXGL Background Thread 3 ] DEBUG Engine               - class com.almasb.fxgl.io.FileSystemService
16:26:49.308 [FXGL Background Thread 3 ] DEBUG Engine               - class com.almasb.fxgl.localization.LocalizationService
16:26:49.308 [FXGL Background Thread 3 ] DEBUG Engine               - class com.almasb.fxgl.app.services.SystemBundleService
16:26:49.308 [FXGL Background Thread 3 ] DEBUG Engine               - class com.almasb.fxgl.profile.SaveLoadService
16:26:49.308 [FXGL Background Thread 3 ] DEBUG Engine               - class com.almasb.fxgl.ui.FXGLUIFactoryServiceProvider
16:26:49.308 [FXGL Background Thread 3 ] DEBUG Engine               - class com.almasb.fxgl.ui.FXGLDialogFactoryServiceProvider
16:26:49.309 [FXGL Background Thread 3 ] DEBUG Engine               - class com.almasb.fxgl.audio.AudioPlayer
16:26:49.309 [FXGL Background Thread 3 ] DEBUG Engine               - class com.almasb.fxgl.notification.impl.NotificationServiceProvider
16:26:49.309 [FXGL Background Thread 3 ] DEBUG Engine               - class com.almasb.fxgl.achievement.AchievementService
16:26:49.309 [FXGL Background Thread 3 ] DEBUG Engine               - class com.almasb.fxgl.cutscene.CutsceneService
16:26:49.309 [FXGL Background Thread 3 ] DEBUG Engine               - class com.almasb.fxgl.minigames.MiniGameService
16:26:49.309 [FXGL Background Thread 3 ] DEBUG Engine               - class com.almasb.fxgl.net.NetService
16:26:49.309 [FXGL Background Thread 3 ] DEBUG Engine               - class com.almasb.fxgl.app.services.UpdaterService
16:26:49.309 [FXGL Background Thread 3 ] DEBUG Engine               - class com.almasb.fxgl.dev.DevService
16:27:17.913 [JavaFX Application Thread] DEBUG FXGLApplication      - Exiting FXGL
16:27:17.913 [JavaFX Application Thread] DEBUG LoopRunner           - Stopping loop
16:27:17.913 [JavaFX Application Thread] DEBUG SystemBundleService  - Saving FXGL system data
16:27:17.916 [JavaFX Application Thread] DEBUG FileSystemAccess     - Writing to: C:\project\main_repo\system\fxgl.bundle
16:27:17.919 [JavaFX Application Thread] DEBUG Async                - Shutting down background threads
16:27:17.919 [JavaFX Application Thread] DEBUG PrimaryStageWindow   - Closing main window
16:27:17.928 [JavaFX Application Thread] DEBUG Logger               - Closing Logger
