21:24:47.162 [main                     ] DEBUG Logger               - Configured Logger
21:24:47.186 [main                     ] DEBUG GameApplication      - Logging settings
Title: Untitled
Version: 0.0
Width: 800
Height: 600
Fullscreen: false
Intro: false
Profiling: false
Single step:false
App Mode: DEVELOPER
Menu Key: ESCAPE
Stage Style: DECORATED
Scene Factory: class com.almasb.fxglgames.platformer.PlatformerApp$1

21:24:47.588 [JavaFX Application Thread] DEBUG FXGLApplication      - Initializing FXGL
21:24:47.594 [JavaFX Application Thread] INFO  Engine               - FXGL-21 (28.12.2023 13.35) on WINDOWS (J:21.0.2 FX:21.0.1)
21:24:47.594 [JavaFX Application Thread] DEBUG Engine               - JRE Vendor Name: Oracle Corporation
21:24:47.594 [JavaFX Application Thread] DEBUG Engine               - Running on OS: Windows 10 version 10.0
21:24:47.595 [JavaFX Application Thread] DEBUG Engine               - Architecture: amd64
21:24:47.595 [JavaFX Application Thread] INFO  Engine               - Source code and latest versions at: https://github.com/AlmasB/FXGL
21:24:47.595 [JavaFX Application Thread] INFO  Engine               -       Ask questions and discuss at: https://github.com/AlmasB/FXGL/discussions
21:24:47.595 [JavaFX Application Thread] INFO  Engine               -              Join the FXGL chat at: https://gitter.im/AlmasB/FXGL
21:24:47.682 [JavaFX Application Thread] DEBUG PrimaryStageWindow   - Creating a JavaFX scene
21:24:47.730 [JavaFX Application Thread] DEBUG PrimaryStageWindow   - Target settings size: 800.0 x 600.0
21:24:47.730 [JavaFX Application Thread] DEBUG PrimaryStageWindow   - Scaled scene size:    800.0 x 600.0
21:24:47.730 [JavaFX Application Thread] DEBUG PrimaryStageWindow   - Scaled ratio: (1.0, 1.0)
21:24:47.731 [JavaFX Application Thread] DEBUG PrimaryStageWindow   - Set initial scene to FXGLStartupScene
21:24:47.735 [JavaFX Application Thread] DEBUG PrimaryStageWindow   - Opening main window
21:24:47.837 [JavaFX Application Thread] DEBUG PrimaryStageWindow   - Window border size: (16.0, 39.0)
21:24:47.837 [JavaFX Application Thread] DEBUG PrimaryStageWindow   - Scaled size: 800.0 x 600.0
21:24:47.837 [JavaFX Application Thread] DEBUG PrimaryStageWindow   - Scaled ratio: (1.0, 1.0)
21:24:47.838 [JavaFX Application Thread] DEBUG PrimaryStageWindow   - Scene size: 800.0 x 600.0
21:24:47.838 [JavaFX Application Thread] DEBUG PrimaryStageWindow   - Stage size: 816.0 x 639.0
21:24:47.844 [FXGL Background Thread 1 ] DEBUG Engine               - Initializing environment variables
21:24:47.894 [FXGL Background Thread 1 ] DEBUG FXGLAssetLoaderServi - User app class for loading assets: class com.almasb.fxglgames.platformer.PlatformerApp
21:24:47.894 [FXGL Background Thread 1 ] DEBUG GameApplicationServi - Applying CSS: fxgl_dark.css
21:24:47.895 [FXGL Background Thread 1 ] DEBUG FXGLAssetLoaderServi - Loading from file system: jar:file:///C:/Users/TECH2-26/.m2/repository/com/github/almasb/fxgl/21/fxgl-21.jar!/fxglassets/ui/css/fxgl_dark.css
21:24:47.944 [FXGL Background Thread 1 ] DEBUG GameApplicationServi - Initializing application scenes
21:24:48.016 [FXGL Background Thread 1 ] DEBUG FXGLAssetLoaderServi - Loading from file system: file:/C:/project/main_repo/target/classes/assets/textures/player.png
21:24:48.040 [FXGL Background Thread 1 ] DEBUG GameWorld            - Game world initialized
21:24:48.095 [FXGL Background Thread 1 ] DEBUG PhysicsWorld         - Physics world initialized: appHeight=600, physics.ppm=50.0
21:24:48.096 [FXGL Background Thread 1 ] DEBUG PhysicsWorld         - Using strategy: BRUTE_FORCE
21:24:48.099 [FXGL Background Thread 1 ] DEBUG GameScene            - Game scene initialized: 800x600
21:24:48.108 [FXGL Background Thread 1 ] DEBUG FXGL.DefaultMenu     - createMenuBodyGameMenu()
21:24:48.125 [FXGL Background Thread 1 ] DEBUG FXGL.DefaultMenu     - createOptionsMenu()
21:24:48.135 [FXGL Background Thread 1 ] DEBUG FXGLAssetLoaderServi - Loading from file system: jar:file:///C:/Users/TECH2-26/.m2/repository/com/github/almasb/fxgl/21/fxgl-21.jar!/fxglassets/textures/particles/smoke.png
21:24:48.214 [FXGL Background Thread 1 ] DEBUG FXGLAssetLoaderServi - Loading from file system: jar:file:///C:/Users/TECH2-26/.m2/repository/com/github/almasb/fxgl/21/fxgl-21.jar!/fxglassets/textures/particles/trace_horizontal.png
21:24:48.268 [FXGL Background Thread 1 ] DEBUG GameApplicationServi - Application scenes initialized
21:24:48.280 [FXGL Background Thread 1 ] DEBUG SystemBundleService  - Loading FXGL system data
21:24:48.286 [FXGL Background Thread 1 ] DEBUG FileSystemAccess     - Reading from: C:\project\main_repo\system\fxgl.bundle
21:24:48.296 [FXGL Background Thread 1 ] DEBUG SystemBundleService  - Bundle FXGL: {}
21:24:48.296 [FXGL Background Thread 1 ] DEBUG UpdaterService       - Checking for updates
21:24:48.300 [FXGL Background Thread 4 ] DEBUG FXGLApplication      - Loading fonts
21:24:48.301 [FXGL Background Thread 1 ] DEBUG FXGLApplication      - Loading default localization
21:24:48.301 [FXGL Background Thread 4 ] DEBUG FXGLAssetLoaderServi - Loading from file system: jar:file:///C:/Users/TECH2-26/.m2/repository/com/github/almasb/fxgl/21/fxgl-21.jar!/fxglassets/ui/fonts/VarelaRound-Regular.ttf
21:24:48.302 [FXGL Background Thread 1 ] DEBUG FXGLAssetLoaderServi - Loading from file system: jar:file:///C:/Users/TECH2-26/.m2/repository/com/github/almasb/fxgl/21/fxgl-21.jar!/fxglassets/languages/english.lang
21:24:48.323 [FXGL Background Thread 1 ] INFO  FXGLApplication      - FXGL initialization took: 0.479 sec
21:24:48.329 [JavaFX Application Thread] DEBUG Input                - Registered new binding: action0 - LMB
21:24:48.339 [JavaFX Application Thread] DEBUG Input                - Registered new binding: Left - A
21:24:48.339 [JavaFX Application Thread] DEBUG Input                - Registered new binding: Right - D
21:24:48.339 [JavaFX Application Thread] DEBUG Input                - Registered new binding: Jump - W
21:24:48.339 [JavaFX Application Thread] DEBUG Input                - Registered new binding: Use - E
21:24:48.340 [JavaFX Application Thread] DEBUG FXGLAssetLoaderServi - Loading from file system: file:/C:/project/main_repo/target/classes/assets/music/BGM_dash_runner.wav
21:24:48.347 [FXGL Background Thread 4 ] DEBUG FXGLAssetLoaderServi - Loading from file system: jar:file:///C:/Users/TECH2-26/.m2/repository/com/github/almasb/fxgl/21/fxgl-21.jar!/fxglassets/ui/fonts/Abel-Regular.ttf
21:24:48.353 [FXGL Background Thread 4 ] DEBUG FXGLAssetLoaderServi - Loading from file system: jar:file:///C:/Users/TECH2-26/.m2/repository/com/github/almasb/fxgl/21/fxgl-21.jar!/fxglassets/ui/fonts/TerminalLandMono-Regular.otf
21:24:48.360 [FXGL Background Thread 4 ] DEBUG FXGLAssetLoaderServi - Loading from file system: jar:file:///C:/Users/TECH2-26/.m2/repository/com/github/almasb/fxgl/21/fxgl-21.jar!/fxglassets/ui/fonts/Courier-Prime.ttf
21:24:48.521 [JavaFX Application Thread] DEBUG AudioPlayer          - Playing music com.almasb.fxgl.audio.Music@69f875f2
21:24:48.522 [JavaFX Application Thread] DEBUG FXGLAssetLoaderServi - Loading from file system: jar:file:///C:/Users/TECH2-26/.m2/repository/com/github/almasb/fxgl/21/fxgl-21.jar!/fxglassets/textures/fxgl_icon.png
21:24:48.543 [JavaFX Application Thread] DEBUG FXGLAssetLoaderServi - Loading from file system: jar:file:///C:/Users/TECH2-26/.m2/repository/com/github/almasb/fxgl/21/fxgl-21.jar!/fxglassets/textures/fxgl_default_cursor.png
21:24:48.545 [JavaFX Application Thread] DEBUG Input                - Registered new binding: Screenshot - CTRL+8
21:24:48.546 [JavaFX Application Thread] DEBUG Input                - Registered new binding: System info dump - CTRL+9
21:24:48.546 [JavaFX Application Thread] DEBUG Input                - Registered new binding: Restart - CTRL+R
21:24:48.547 [JavaFX Application Thread] DEBUG Input                - Registered new binding: Toggle Debug Camera - CTRL+7
21:24:48.549 [JavaFX Application Thread] DEBUG LoopRunner           - Starting loop
21:24:48.549 [JavaFX Application Thread] DEBUG LoopRunner           - Initializing JavaFX AnimationTimerLoop
21:24:48.550 [JavaFX Application Thread] DEBUG GameApplicationServi - Starting new game
21:24:48.551 [JavaFX Application Thread] DEBUG Input                - Clearing active input actions
21:24:48.569 [JavaFX Application Thread] DEBUG GameApplicationServi - Removing overlay from FXGLStartupScene and adding to MainLoadingScene
21:24:48.570 [JavaFX Application Thread] DEBUG PrimaryStageWindow   - FXGLStartupScene -> MainLoadingScene
21:24:48.570 [JavaFX Application Thread] DEBUG GameApplicationServi - Clearing previous game
21:24:48.570 [JavaFX Application Thread] DEBUG GameScene            - Clearing game scene
21:24:48.570 [JavaFX Application Thread] DEBUG GameWorld            - Clearing game world
21:24:48.570 [JavaFX Application Thread] DEBUG PhysicsWorld         - Clearing physics world
21:24:48.571 [FXGL Background Thread 4 ] DEBUG FXGLApplication      - Initializing game
21:24:48.572 [JavaFX Application Thread] DEBUG FXGLApplication      - Registering font factories with UI factory
21:24:48.624 [FXGL Background Thread 4 ] WARN  TMXLevelLoader       - TiledMap generated from 1.2.3. Supported version: 1.9.0. Some features may not be parsed fully.
21:24:48.636 [FXGL Background Thread 4 ] DEBUG TMXLevelLoader       - Parsed TiledMap: file:/C:/project/main_repo/target/classes/assets/levels/tmx/level1.tmx
21:24:48.637 [FXGL Background Thread 4 ] DEBUG TMXLevelLoader       - Creating tile layer entities
21:24:48.641 [FXGL Background Thread 4 ] DEBUG TilesetLoader        - Loading view for layer Tile Layer 1
21:24:48.644 [FXGL Background Thread 4 ] DEBUG TilesetLoader        - Created buffer with size 1050.0x700.0
21:24:48.679 [FXGL Background Thread 4 ] DEBUG TMXLevelLoader       - Creating object layer entities
21:24:48.704 [FXGL Background Thread 4 ] DEBUG GameWorld            - Clearing removable entities
21:24:48.705 [FXGL Background Thread 4 ] DEBUG GameWorld            - Setting level: com.almasb.fxgl.entity.level.Level@6bffbb9f
21:24:48.746 [FXGL Background Thread 4 ] DEBUG FXGLAssetLoaderServi - Loading from file system: file:/C:/project/main_repo/target/classes/assets/textures/background/forest.png
21:24:48.772 [FXGL Background Thread 4 ] INFO  FXGLApplication      - Game initialization took: 0.201 sec
21:24:48.779 [JavaFX Application Thread] DEBUG Input                - Clearing active input actions
21:24:48.789 [JavaFX Application Thread] DEBUG GameApplicationServi - Removing overlay from MainLoadingScene and adding to GameScene
21:24:48.789 [JavaFX Application Thread] DEBUG PrimaryStageWindow   - MainLoadingScene -> GameScene
21:24:49.024 [FXGL Background Thread 2 ] INFO  UpdaterService       - Your current version:  21
21:24:49.024 [FXGL Background Thread 2 ] INFO  UpdaterService       - Latest stable version: 21.1
21:24:51.299 [FXGL Background Thread 3 ] DEBUG Engine               - Logging environment variables
21:24:51.299 [FXGL Background Thread 3 ] DEBUG Engine               - achievements: []
21:24:51.299 [FXGL Background Thread 3 ] DEBUG Engine               - actualHeight: 600.0
21:24:51.299 [FXGL Background Thread 3 ] DEBUG Engine               - actualHeightProperty: ReadOnlyDoubleProperty [value: 600.0]
21:24:51.300 [FXGL Background Thread 3 ] DEBUG Engine               - actualWidth: 800.0
21:24:51.300 [FXGL Background Thread 3 ] DEBUG Engine               - actualWidthProperty: ReadOnlyDoubleProperty [value: 800.0]
21:24:51.300 [FXGL Background Thread 3 ] DEBUG Engine               - appIcon: fxgl_icon.png
21:24:51.300 [FXGL Background Thread 3 ] DEBUG Engine               - applicationMode: DEVELOPER
21:24:51.300 [FXGL Background Thread 3 ] DEBUG Engine               - cSSList: [fxgl_dark.css]
21:24:51.300 [FXGL Background Thread 3 ] DEBUG Engine               - collisionDetectionStrategy: BRUTE_FORCE
21:24:51.300 [FXGL Background Thread 3 ] DEBUG Engine               - configClass: Optional.empty
21:24:51.300 [FXGL Background Thread 3 ] DEBUG Engine               - credits: []
21:24:51.300 [FXGL Background Thread 3 ] DEBUG Engine               - defaultCursor: CursorInfo(imageName=fxgl_default_cursor.png, hotspotX=7.0, hotspotY=6.0)
21:24:51.300 [FXGL Background Thread 3 ] DEBUG Engine               - devBBoxColorProperty: ObjectProperty [value: 0xff0000ff]
21:24:51.301 [FXGL Background Thread 3 ] DEBUG Engine               - devEnableDebugCameraProperty: BooleanProperty [value: false]
21:24:51.301 [FXGL Background Thread 3 ] DEBUG Engine               - devSensorColorProperty: ObjectProperty [value: 0xffff00ff]
21:24:51.301 [FXGL Background Thread 3 ] DEBUG Engine               - devShowBBoxProperty: BooleanProperty [value: false]
21:24:51.301 [FXGL Background Thread 3 ] DEBUG Engine               - devShowPositionProperty: BooleanProperty [value: false]
21:24:51.301 [FXGL Background Thread 3 ] DEBUG Engine               - enabledMenuItems: []
21:24:51.301 [FXGL Background Thread 3 ] DEBUG Engine               - engineServices: [class com.almasb.fxgl.app.services.FXGLAssetLoaderService, class com.almasb.fxgl.app.FXGLApplication$GameApplicationService, class com.almasb.fxgl.app.services.FXGLDialogService, class com.almasb.fxgl.app.services.IOTaskExecutorService, class com.almasb.fxgl.io.FileSystemService, class com.almasb.fxgl.localization.LocalizationService, class com.almasb.fxgl.app.services.SystemBundleService, class com.almasb.fxgl.profile.SaveLoadService, class com.almasb.fxgl.ui.FXGLUIFactoryServiceProvider, class com.almasb.fxgl.ui.FXGLDialogFactoryServiceProvider, class com.almasb.fxgl.audio.AudioPlayer, class com.almasb.fxgl.notification.impl.NotificationServiceProvider, class com.almasb.fxgl.achievement.AchievementService, class com.almasb.fxgl.cutscene.CutsceneService, class com.almasb.fxgl.minigames.MiniGameService, class com.almasb.fxgl.net.NetService, class com.almasb.fxgl.app.services.UpdaterService, class com.almasb.fxgl.dev.DevService]
21:24:51.301 [FXGL Background Thread 3 ] DEBUG Engine               - fontGame: Abel-Regular.ttf
21:24:51.301 [FXGL Background Thread 3 ] DEBUG Engine               - fontMono: TerminalLandMono-Regular.otf
21:24:51.301 [FXGL Background Thread 3 ] DEBUG Engine               - fontSizeScaleUI: 1.0
21:24:51.301 [FXGL Background Thread 3 ] DEBUG Engine               - fontText: Courier-Prime.ttf
21:24:51.301 [FXGL Background Thread 3 ] DEBUG Engine               - fontUI: VarelaRound-Regular.ttf
21:24:51.301 [FXGL Background Thread 3 ] DEBUG Engine               - fullScreen: BooleanProperty [value: false]
21:24:51.301 [FXGL Background Thread 3 ] DEBUG Engine               - gameDifficulty: MEDIUM
21:24:51.301 [FXGL Background Thread 3 ] DEBUG Engine               - gameDifficultyProperty: ObjectProperty [value: MEDIUM]
21:24:51.302 [FXGL Background Thread 3 ] DEBUG Engine               - globalMusicVolume: 0.5
21:24:51.302 [FXGL Background Thread 3 ] DEBUG Engine               - globalMusicVolumeProperty: DoubleProperty [value: 0.25]
21:24:51.302 [FXGL Background Thread 3 ] DEBUG Engine               - globalSoundVolume: 0.5
21:24:51.302 [FXGL Background Thread 3 ] DEBUG Engine               - globalSoundVolumeProperty: DoubleProperty [value: 0.5]
21:24:51.302 [FXGL Background Thread 3 ] DEBUG Engine               - height: 600
21:24:51.302 [FXGL Background Thread 3 ] DEBUG Engine               - is3D: false
21:24:51.302 [FXGL Background Thread 3 ] DEBUG Engine               - isAndroid: false
21:24:51.302 [FXGL Background Thread 3 ] DEBUG Engine               - isBrowser: false
21:24:51.302 [FXGL Background Thread 3 ] DEBUG Engine               - isClickFeedbackEnabled: false
21:24:51.302 [FXGL Background Thread 3 ] DEBUG Engine               - isCloseConfirmation: false
21:24:51.302 [FXGL Background Thread 3 ] DEBUG Engine               - isDesktop: true
21:24:51.302 [FXGL Background Thread 3 ] DEBUG Engine               - isDeveloperMenuEnabled: false
21:24:51.302 [FXGL Background Thread 3 ] DEBUG Engine               - isEmbedded: false
21:24:51.302 [FXGL Background Thread 3 ] DEBUG Engine               - isEntityPreloadEnabled: true
21:24:51.303 [FXGL Background Thread 3 ] DEBUG Engine               - isExperimentalTiledLargeMap: false
21:24:51.303 [FXGL Background Thread 3 ] DEBUG Engine               - isFileSystemWriteAllowed: true
21:24:51.303 [FXGL Background Thread 3 ] DEBUG Engine               - isFullScreenAllowed: false
21:24:51.303 [FXGL Background Thread 3 ] DEBUG Engine               - isFullScreenFromStart: false
21:24:51.303 [FXGL Background Thread 3 ] DEBUG Engine               - isGameMenuEnabled: true
21:24:51.303 [FXGL Background Thread 3 ] DEBUG Engine               - isIOS: false
21:24:51.303 [FXGL Background Thread 3 ] DEBUG Engine               - isIntroEnabled: false
21:24:51.303 [FXGL Background Thread 3 ] DEBUG Engine               - isLinux: false
21:24:51.303 [FXGL Background Thread 3 ] DEBUG Engine               - isMac: false
21:24:51.303 [FXGL Background Thread 3 ] DEBUG Engine               - isMainMenuEnabled: false
21:24:51.303 [FXGL Background Thread 3 ] DEBUG Engine               - isManualResizeEnabled: false
21:24:51.303 [FXGL Background Thread 3 ] DEBUG Engine               - isMobile: false
21:24:51.303 [FXGL Background Thread 3 ] DEBUG Engine               - isNative: false
21:24:51.303 [FXGL Background Thread 3 ] DEBUG Engine               - isPauseMusicWhenMinimized: true
21:24:51.303 [FXGL Background Thread 3 ] DEBUG Engine               - isPreserveResizeRatio: false
21:24:51.303 [FXGL Background Thread 3 ] DEBUG Engine               - isProfilingEnabled: false
21:24:51.303 [FXGL Background Thread 3 ] DEBUG Engine               - isScaleAffectedOnResize: true
21:24:51.303 [FXGL Background Thread 3 ] DEBUG Engine               - isSingleStep: false
21:24:51.303 [FXGL Background Thread 3 ] DEBUG Engine               - isUserProfileEnabled: false
21:24:51.303 [FXGL Background Thread 3 ] DEBUG Engine               - isWindows: true
21:24:51.304 [FXGL Background Thread 3 ] DEBUG Engine               - language: ObjectProperty [value: ENGLISH]
21:24:51.304 [FXGL Background Thread 3 ] DEBUG Engine               - menuKey: ESCAPE
21:24:51.304 [FXGL Background Thread 3 ] DEBUG Engine               - mouseSensitivity: 0.2
21:24:51.304 [FXGL Background Thread 3 ] DEBUG Engine               - notificationViewClass: class com.almasb.fxgl.notification.view.XboxNotificationView
21:24:51.304 [FXGL Background Thread 3 ] DEBUG Engine               - pixelsPerMeter: 50.0
21:24:51.304 [FXGL Background Thread 3 ] DEBUG Engine               - platform: WINDOWS
21:24:51.304 [FXGL Background Thread 3 ] DEBUG Engine               - prefHeightProperty: ReadOnlyDoubleProperty [value: 600.0]
21:24:51.304 [FXGL Background Thread 3 ] DEBUG Engine               - prefWidthProperty: ReadOnlyDoubleProperty [value: 800.0]
21:24:51.304 [FXGL Background Thread 3 ] DEBUG Engine               - profileDir: profiles/
21:24:51.304 [FXGL Background Thread 3 ] DEBUG Engine               - profileName: StringProperty [value: DEFAULT]
21:24:51.304 [FXGL Background Thread 3 ] DEBUG Engine               - randomSeed: -1
21:24:51.304 [FXGL Background Thread 3 ] DEBUG Engine               - runtimeInfo: RuntimeInfo(platform=WINDOWS, version=21, build=28.12.2023 13.35)
21:24:51.304 [FXGL Background Thread 3 ] DEBUG Engine               - saveFileExt: sav
21:24:51.305 [FXGL Background Thread 3 ] DEBUG Engine               - scaledHeightProp$fxgl: DoubleProperty [bound, value: 600.0]
21:24:51.305 [FXGL Background Thread 3 ] DEBUG Engine               - scaledWidthProp$fxgl: DoubleProperty [bound, value: 800.0]
21:24:51.305 [FXGL Background Thread 3 ] DEBUG Engine               - sceneFactory: com.almasb.fxglgames.platformer.PlatformerApp$1@6499b68c
21:24:51.305 [FXGL Background Thread 3 ] DEBUG Engine               - secondsIn24h: 60
21:24:51.305 [FXGL Background Thread 3 ] DEBUG Engine               - soundMenuBack: menu/back.wav
21:24:51.305 [FXGL Background Thread 3 ] DEBUG Engine               - soundMenuPress: menu/press.wav
21:24:51.305 [FXGL Background Thread 3 ] DEBUG Engine               - soundMenuSelect: menu/select.wav
21:24:51.305 [FXGL Background Thread 3 ] DEBUG Engine               - soundNotification: core/notification.wav
21:24:51.305 [FXGL Background Thread 3 ] DEBUG Engine               - stageStyle: DECORATED
21:24:51.305 [FXGL Background Thread 3 ] DEBUG Engine               - supportedLanguages: [ENGLISH, FRENCH, GERMAN, HUNGARIAN, RUSSIAN]
21:24:51.305 [FXGL Background Thread 3 ] DEBUG Engine               - ticksPerSecond: -1
21:24:51.305 [FXGL Background Thread 3 ] DEBUG Engine               - title: Untitled
21:24:51.305 [FXGL Background Thread 3 ] DEBUG Engine               - urlGithub: https://github.com/AlmasB/FXGL
21:24:51.305 [FXGL Background Thread 3 ] DEBUG Engine               - urlLeaderboard: http://fxgl-top.herokuapp.com/
21:24:51.305 [FXGL Background Thread 3 ] DEBUG Engine               - urlPOM: https://raw.githubusercontent.com/AlmasB/FXGL/release/README.md
21:24:51.305 [FXGL Background Thread 3 ] DEBUG Engine               - userAppClass: class com.almasb.fxglgames.platformer.PlatformerApp
21:24:51.305 [FXGL Background Thread 3 ] DEBUG Engine               - version: 0.0
21:24:51.305 [FXGL Background Thread 3 ] DEBUG Engine               - versionCheckDays: 7
21:24:51.305 [FXGL Background Thread 3 ] DEBUG Engine               - width: 800
21:24:51.305 [FXGL Background Thread 3 ] DEBUG Engine               - Logging services
21:24:51.305 [FXGL Background Thread 3 ] DEBUG Engine               - class com.almasb.fxgl.app.services.FXGLAssetLoaderService
21:24:51.305 [FXGL Background Thread 3 ] DEBUG Engine               - class com.almasb.fxgl.app.FXGLApplication$GameApplicationService
21:24:51.305 [FXGL Background Thread 3 ] DEBUG Engine               - class com.almasb.fxgl.app.services.FXGLDialogService
21:24:51.305 [FXGL Background Thread 3 ] DEBUG Engine               - class com.almasb.fxgl.app.services.IOTaskExecutorService
21:24:51.306 [FXGL Background Thread 3 ] DEBUG Engine               - class com.almasb.fxgl.io.FileSystemService
21:24:51.306 [FXGL Background Thread 3 ] DEBUG Engine               - class com.almasb.fxgl.localization.LocalizationService
21:24:51.306 [FXGL Background Thread 3 ] DEBUG Engine               - class com.almasb.fxgl.app.services.SystemBundleService
21:24:51.306 [FXGL Background Thread 3 ] DEBUG Engine               - class com.almasb.fxgl.profile.SaveLoadService
21:24:51.306 [FXGL Background Thread 3 ] DEBUG Engine               - class com.almasb.fxgl.ui.FXGLUIFactoryServiceProvider
21:24:51.306 [FXGL Background Thread 3 ] DEBUG Engine               - class com.almasb.fxgl.ui.FXGLDialogFactoryServiceProvider
21:24:51.306 [FXGL Background Thread 3 ] DEBUG Engine               - class com.almasb.fxgl.audio.AudioPlayer
21:24:51.306 [FXGL Background Thread 3 ] DEBUG Engine               - class com.almasb.fxgl.notification.impl.NotificationServiceProvider
21:24:51.306 [FXGL Background Thread 3 ] DEBUG Engine               - class com.almasb.fxgl.achievement.AchievementService
21:24:51.306 [FXGL Background Thread 3 ] DEBUG Engine               - class com.almasb.fxgl.cutscene.CutsceneService
21:24:51.306 [FXGL Background Thread 3 ] DEBUG Engine               - class com.almasb.fxgl.minigames.MiniGameService
21:24:51.306 [FXGL Background Thread 3 ] DEBUG Engine               - class com.almasb.fxgl.net.NetService
21:24:51.306 [FXGL Background Thread 3 ] DEBUG Engine               - class com.almasb.fxgl.app.services.UpdaterService
21:24:51.306 [FXGL Background Thread 3 ] DEBUG Engine               - class com.almasb.fxgl.dev.DevService
21:25:49.827 [JavaFX Application Thread] DEBUG Input                - Registered new binding: Close Level End Screen - LMB
21:25:49.830 [JavaFX Application Thread] DEBUG FXGLAssetLoaderServi - Loading from file system: file:/C:/project/main_repo/target/classes/assets/textures/star_empty.png
21:25:49.847 [JavaFX Application Thread] DEBUG FXGLAssetLoaderServi - Loading from file system: file:/C:/project/main_repo/target/classes/assets/textures/star_full.png
21:25:49.858 [JavaFX Application Thread] DEBUG PrimaryStageWindow   - Push state: LevelEndScene
21:25:49.859 [JavaFX Application Thread] DEBUG Input                - Clearing active input actions
21:25:49.860 [JavaFX Application Thread] DEBUG GameApplicationServi - Removing overlay from GameScene and adding to LevelEndScene
21:25:49.860 [JavaFX Application Thread] DEBUG PrimaryStageWindow   - GameScene -> LevelEndScene
21:26:31.128 [JavaFX Application Thread] DEBUG FXGLApplication      - Exiting FXGL
21:26:31.128 [JavaFX Application Thread] DEBUG LoopRunner           - Stopping loop
21:26:31.128 [JavaFX Application Thread] DEBUG SystemBundleService  - Saving FXGL system data
21:26:31.131 [JavaFX Application Thread] DEBUG FileSystemAccess     - Writing to: C:\project\main_repo\system\fxgl.bundle
21:26:31.134 [JavaFX Application Thread] DEBUG Async                - Shutting down background threads
21:26:31.134 [JavaFX Application Thread] DEBUG PrimaryStageWindow   - Closing main window
21:26:31.146 [JavaFX Application Thread] DEBUG Logger               - Closing Logger
