16:41:43.160 [main                     ] DEBUG Logger               - Configured Logger
16:41:43.181 [main                     ] DEBUG GameApplication      - Logging settings
Title: Untitled
Version: 0.0
Width: 800
Height: 600
Fullscreen: false
Intro: false
Profiling: false
Single step:false
App Mode: DEVELOPER
Menu Key: ESCAPE
Stage Style: DECORATED
Scene Factory: class com.almasb.fxglgames.platformer.PlatformerApp$1

16:41:43.559 [JavaFX Application Thread] DEBUG FXGLApplication      - Initializing FXGL
16:41:43.564 [JavaFX Application Thread] INFO  Engine               - FXGL-21 (28.12.2023 13.35) on WINDOWS (J:21.0.2 FX:21.0.1)
16:41:43.564 [JavaFX Application Thread] DEBUG Engine               - JRE Vendor Name: Oracle Corporation
16:41:43.564 [JavaFX Application Thread] DEBUG Engine               - Running on OS: Windows 10 version 10.0
16:41:43.565 [JavaFX Application Thread] DEBUG Engine               - Architecture: amd64
16:41:43.565 [JavaFX Application Thread] INFO  Engine               - Source code and latest versions at: https://github.com/AlmasB/FXGL
16:41:43.565 [JavaFX Application Thread] INFO  Engine               -       Ask questions and discuss at: https://github.com/AlmasB/FXGL/discussions
16:41:43.565 [JavaFX Application Thread] INFO  Engine               -              Join the FXGL chat at: https://gitter.im/AlmasB/FXGL
16:41:43.652 [JavaFX Application Thread] DEBUG PrimaryStageWindow   - Creating a JavaFX scene
16:41:43.705 [JavaFX Application Thread] DEBUG PrimaryStageWindow   - Target settings size: 800.0 x 600.0
16:41:43.705 [JavaFX Application Thread] DEBUG PrimaryStageWindow   - Scaled scene size:    800.0 x 600.0
16:41:43.705 [JavaFX Application Thread] DEBUG PrimaryStageWindow   - Scaled ratio: (1.0, 1.0)
16:41:43.706 [JavaFX Application Thread] DEBUG PrimaryStageWindow   - Set initial scene to FXGLStartupScene
16:41:43.710 [JavaFX Application Thread] DEBUG PrimaryStageWindow   - Opening main window
16:41:43.807 [JavaFX Application Thread] DEBUG PrimaryStageWindow   - Window border size: (16.0, 39.0)
16:41:43.808 [JavaFX Application Thread] DEBUG PrimaryStageWindow   - Scaled size: 800.0 x 600.0
16:41:43.808 [JavaFX Application Thread] DEBUG PrimaryStageWindow   - Scaled ratio: (1.0, 1.0)
16:41:43.808 [JavaFX Application Thread] DEBUG PrimaryStageWindow   - Scene size: 800.0 x 600.0
16:41:43.808 [JavaFX Application Thread] DEBUG PrimaryStageWindow   - Stage size: 816.0 x 639.0
16:41:43.816 [FXGL Background Thread 1 ] DEBUG Engine               - Initializing environment variables
16:41:43.863 [FXGL Background Thread 1 ] DEBUG FXGLAssetLoaderServi - User app class for loading assets: class com.almasb.fxglgames.platformer.PlatformerApp
16:41:43.863 [FXGL Background Thread 1 ] DEBUG GameApplicationServi - Applying CSS: fxgl_dark.css
16:41:43.864 [FXGL Background Thread 1 ] DEBUG FXGLAssetLoaderServi - Loading from file system: jar:file:///C:/Users/TECH2-26/.m2/repository/com/github/almasb/fxgl/21/fxgl-21.jar!/fxglassets/ui/css/fxgl_dark.css
16:41:43.913 [FXGL Background Thread 1 ] DEBUG GameApplicationServi - Initializing application scenes
16:41:43.983 [FXGL Background Thread 1 ] DEBUG FXGLAssetLoaderServi - Loading from file system: file:/C:/project/main_repo/target/classes/assets/textures/player.png
16:41:44.009 [FXGL Background Thread 1 ] DEBUG GameWorld            - Game world initialized
16:41:44.066 [FXGL Background Thread 1 ] DEBUG PhysicsWorld         - Physics world initialized: appHeight=600, physics.ppm=50.0
16:41:44.066 [FXGL Background Thread 1 ] DEBUG PhysicsWorld         - Using strategy: BRUTE_FORCE
16:41:44.070 [FXGL Background Thread 1 ] DEBUG GameScene            - Game scene initialized: 800x600
16:41:44.078 [FXGL Background Thread 1 ] DEBUG FXGL.DefaultMenu     - createMenuBodyGameMenu()
16:41:44.096 [FXGL Background Thread 1 ] DEBUG FXGL.DefaultMenu     - createOptionsMenu()
16:41:44.107 [FXGL Background Thread 1 ] DEBUG FXGLAssetLoaderServi - Loading from file system: jar:file:///C:/Users/TECH2-26/.m2/repository/com/github/almasb/fxgl/21/fxgl-21.jar!/fxglassets/textures/particles/smoke.png
16:41:44.185 [FXGL Background Thread 1 ] DEBUG FXGLAssetLoaderServi - Loading from file system: jar:file:///C:/Users/TECH2-26/.m2/repository/com/github/almasb/fxgl/21/fxgl-21.jar!/fxglassets/textures/particles/trace_horizontal.png
16:41:44.244 [FXGL Background Thread 1 ] DEBUG GameApplicationServi - Application scenes initialized
16:41:44.258 [FXGL Background Thread 1 ] DEBUG SystemBundleService  - Loading FXGL system data
16:41:44.262 [FXGL Background Thread 1 ] DEBUG FileSystemAccess     - Reading from: C:\project\main_repo\system\fxgl.bundle
16:41:44.273 [FXGL Background Thread 1 ] DEBUG SystemBundleService  - Bundle FXGL: {}
16:41:44.273 [FXGL Background Thread 1 ] DEBUG UpdaterService       - Checking for updates
16:41:44.277 [FXGL Background Thread 4 ] DEBUG FXGLApplication      - Loading fonts
16:41:44.277 [FXGL Background Thread 1 ] DEBUG FXGLApplication      - Loading default localization
16:41:44.277 [FXGL Background Thread 4 ] DEBUG FXGLAssetLoaderServi - Loading from file system: jar:file:///C:/Users/TECH2-26/.m2/repository/com/github/almasb/fxgl/21/fxgl-21.jar!/fxglassets/ui/fonts/VarelaRound-Regular.ttf
16:41:44.278 [FXGL Background Thread 1 ] DEBUG FXGLAssetLoaderServi - Loading from file system: jar:file:///C:/Users/TECH2-26/.m2/repository/com/github/almasb/fxgl/21/fxgl-21.jar!/fxglassets/languages/english.lang
16:41:44.299 [FXGL Background Thread 1 ] INFO  FXGLApplication      - FXGL initialization took: 0.484 sec
16:41:44.307 [JavaFX Application Thread] DEBUG Input                - Registered new binding: action0 - LMB
16:41:44.317 [JavaFX Application Thread] DEBUG Input                - Registered new binding: Left - A
16:41:44.317 [JavaFX Application Thread] DEBUG Input                - Registered new binding: Right - D
16:41:44.317 [JavaFX Application Thread] DEBUG Input                - Registered new binding: Jump - W
16:41:44.317 [JavaFX Application Thread] DEBUG Input                - Registered new binding: Use - E
16:41:44.318 [JavaFX Application Thread] DEBUG FXGLAssetLoaderServi - Loading from file system: file:/C:/project/main_repo/target/classes/assets/music/BGM_dash_runner.wav
16:41:44.323 [FXGL Background Thread 4 ] DEBUG FXGLAssetLoaderServi - Loading from file system: jar:file:///C:/Users/TECH2-26/.m2/repository/com/github/almasb/fxgl/21/fxgl-21.jar!/fxglassets/ui/fonts/Abel-Regular.ttf
16:41:44.329 [FXGL Background Thread 4 ] DEBUG FXGLAssetLoaderServi - Loading from file system: jar:file:///C:/Users/TECH2-26/.m2/repository/com/github/almasb/fxgl/21/fxgl-21.jar!/fxglassets/ui/fonts/TerminalLandMono-Regular.otf
16:41:44.335 [FXGL Background Thread 4 ] DEBUG FXGLAssetLoaderServi - Loading from file system: jar:file:///C:/Users/TECH2-26/.m2/repository/com/github/almasb/fxgl/21/fxgl-21.jar!/fxglassets/ui/fonts/Courier-Prime.ttf
16:41:44.491 [JavaFX Application Thread] DEBUG AudioPlayer          - Playing music com.almasb.fxgl.audio.Music@36a65957
16:41:44.492 [JavaFX Application Thread] DEBUG FXGLAssetLoaderServi - Loading from file system: jar:file:///C:/Users/TECH2-26/.m2/repository/com/github/almasb/fxgl/21/fxgl-21.jar!/fxglassets/textures/fxgl_icon.png
16:41:44.513 [JavaFX Application Thread] DEBUG FXGLAssetLoaderServi - Loading from file system: jar:file:///C:/Users/TECH2-26/.m2/repository/com/github/almasb/fxgl/21/fxgl-21.jar!/fxglassets/textures/fxgl_default_cursor.png
16:41:44.515 [JavaFX Application Thread] DEBUG Input                - Registered new binding: Screenshot - CTRL+8
16:41:44.516 [JavaFX Application Thread] DEBUG Input                - Registered new binding: System info dump - CTRL+9
16:41:44.516 [JavaFX Application Thread] DEBUG Input                - Registered new binding: Restart - CTRL+R
16:41:44.517 [JavaFX Application Thread] DEBUG Input                - Registered new binding: Toggle Debug Camera - CTRL+7
16:41:44.520 [JavaFX Application Thread] DEBUG LoopRunner           - Starting loop
16:41:44.520 [JavaFX Application Thread] DEBUG LoopRunner           - Initializing JavaFX AnimationTimerLoop
16:41:44.522 [JavaFX Application Thread] DEBUG GameApplicationServi - Starting new game
16:41:44.522 [JavaFX Application Thread] DEBUG Input                - Clearing active input actions
16:41:44.537 [JavaFX Application Thread] DEBUG GameApplicationServi - Removing overlay from FXGLStartupScene and adding to MainLoadingScene
16:41:44.538 [JavaFX Application Thread] DEBUG PrimaryStageWindow   - FXGLStartupScene -> MainLoadingScene
16:41:44.538 [JavaFX Application Thread] DEBUG GameApplicationServi - Clearing previous game
16:41:44.538 [JavaFX Application Thread] DEBUG GameScene            - Clearing game scene
16:41:44.538 [JavaFX Application Thread] DEBUG GameWorld            - Clearing game world
16:41:44.538 [JavaFX Application Thread] DEBUG PhysicsWorld         - Clearing physics world
16:41:44.539 [FXGL Background Thread 4 ] DEBUG FXGLApplication      - Initializing game
16:41:44.588 [FXGL Background Thread 4 ] WARN  TMXLevelLoader       - TiledMap generated from 1.2.3. Supported version: 1.9.0. Some features may not be parsed fully.
16:41:44.599 [FXGL Background Thread 4 ] DEBUG TMXLevelLoader       - Parsed TiledMap: file:/C:/project/main_repo/target/classes/assets/levels/tmx/level1.tmx
16:41:44.601 [FXGL Background Thread 4 ] DEBUG TMXLevelLoader       - Creating tile layer entities
16:41:44.603 [FXGL Background Thread 4 ] DEBUG TilesetLoader        - Loading view for layer Tile Layer 1
16:41:44.605 [FXGL Background Thread 4 ] DEBUG TilesetLoader        - Created buffer with size 1050.0x700.0
16:41:44.629 [FXGL Background Thread 4 ] DEBUG TMXLevelLoader       - Creating object layer entities
16:41:44.658 [FXGL Background Thread 4 ] DEBUG GameWorld            - Clearing removable entities
16:41:44.658 [FXGL Background Thread 4 ] DEBUG GameWorld            - Setting level: com.almasb.fxgl.entity.level.Level@1939cb9e
16:41:44.710 [FXGL Background Thread 4 ] DEBUG FXGLAssetLoaderServi - Loading from file system: file:/C:/project/main_repo/target/classes/assets/textures/background/forest.png
16:41:44.741 [FXGL Background Thread 4 ] INFO  FXGLApplication      - Game initialization took: 0.202 sec
16:41:44.742 [JavaFX Application Thread] DEBUG Input                - Clearing active input actions
16:41:44.757 [JavaFX Application Thread] DEBUG GameApplicationServi - Removing overlay from MainLoadingScene and adding to GameScene
16:41:44.757 [JavaFX Application Thread] DEBUG PrimaryStageWindow   - MainLoadingScene -> GameScene
16:41:44.768 [FXGL Background Thread 2 ] INFO  UpdaterService       - Your current version:  21
16:41:44.768 [FXGL Background Thread 2 ] INFO  UpdaterService       - Latest stable version: 21.1
16:41:47.276 [FXGL Background Thread 3 ] DEBUG Engine               - Logging environment variables
16:41:47.277 [FXGL Background Thread 3 ] DEBUG Engine               - achievements: []
16:41:47.277 [FXGL Background Thread 3 ] DEBUG Engine               - actualHeight: 600.0
16:41:47.277 [FXGL Background Thread 3 ] DEBUG Engine               - actualHeightProperty: ReadOnlyDoubleProperty [value: 600.0]
16:41:47.277 [FXGL Background Thread 3 ] DEBUG Engine               - actualWidth: 800.0
16:41:47.278 [FXGL Background Thread 3 ] DEBUG Engine               - actualWidthProperty: ReadOnlyDoubleProperty [value: 800.0]
16:41:47.278 [FXGL Background Thread 3 ] DEBUG Engine               - appIcon: fxgl_icon.png
16:41:47.278 [FXGL Background Thread 3 ] DEBUG Engine               - applicationMode: DEVELOPER
16:41:47.278 [FXGL Background Thread 3 ] DEBUG Engine               - cSSList: [fxgl_dark.css]
16:41:47.278 [FXGL Background Thread 3 ] DEBUG Engine               - collisionDetectionStrategy: BRUTE_FORCE
16:41:47.279 [FXGL Background Thread 3 ] DEBUG Engine               - configClass: Optional.empty
16:41:47.279 [FXGL Background Thread 3 ] DEBUG Engine               - credits: []
16:41:47.279 [FXGL Background Thread 3 ] DEBUG Engine               - defaultCursor: CursorInfo(imageName=fxgl_default_cursor.png, hotspotX=7.0, hotspotY=6.0)
16:41:47.280 [FXGL Background Thread 3 ] DEBUG Engine               - devBBoxColorProperty: ObjectProperty [value: 0xff0000ff]
16:41:47.280 [FXGL Background Thread 3 ] DEBUG Engine               - devEnableDebugCameraProperty: BooleanProperty [value: false]
16:41:47.280 [FXGL Background Thread 3 ] DEBUG Engine               - devSensorColorProperty: ObjectProperty [value: 0xffff00ff]
16:41:47.281 [FXGL Background Thread 3 ] DEBUG Engine               - devShowBBoxProperty: BooleanProperty [value: false]
16:41:47.281 [FXGL Background Thread 3 ] DEBUG Engine               - devShowPositionProperty: BooleanProperty [value: false]
16:41:47.281 [FXGL Background Thread 3 ] DEBUG Engine               - enabledMenuItems: []
16:41:47.281 [FXGL Background Thread 3 ] DEBUG Engine               - engineServices: [class com.almasb.fxgl.app.services.FXGLAssetLoaderService, class com.almasb.fxgl.app.FXGLApplication$GameApplicationService, class com.almasb.fxgl.app.services.FXGLDialogService, class com.almasb.fxgl.app.services.IOTaskExecutorService, class com.almasb.fxgl.io.FileSystemService, class com.almasb.fxgl.localization.LocalizationService, class com.almasb.fxgl.app.services.SystemBundleService, class com.almasb.fxgl.profile.SaveLoadService, class com.almasb.fxgl.ui.FXGLUIFactoryServiceProvider, class com.almasb.fxgl.ui.FXGLDialogFactoryServiceProvider, class com.almasb.fxgl.audio.AudioPlayer, class com.almasb.fxgl.notification.impl.NotificationServiceProvider, class com.almasb.fxgl.achievement.AchievementService, class com.almasb.fxgl.cutscene.CutsceneService, class com.almasb.fxgl.minigames.MiniGameService, class com.almasb.fxgl.net.NetService, class com.almasb.fxgl.app.services.UpdaterService, class com.almasb.fxgl.dev.DevService]
16:41:47.281 [FXGL Background Thread 3 ] DEBUG Engine               - fontGame: Abel-Regular.ttf
16:41:47.281 [FXGL Background Thread 3 ] DEBUG Engine               - fontMono: TerminalLandMono-Regular.otf
16:41:47.281 [FXGL Background Thread 3 ] DEBUG Engine               - fontSizeScaleUI: 1.0
16:41:47.281 [FXGL Background Thread 3 ] DEBUG Engine               - fontText: Courier-Prime.ttf
16:41:47.282 [FXGL Background Thread 3 ] DEBUG Engine               - fontUI: VarelaRound-Regular.ttf
16:41:47.282 [FXGL Background Thread 3 ] DEBUG Engine               - fullScreen: BooleanProperty [value: false]
16:41:47.282 [FXGL Background Thread 3 ] DEBUG Engine               - gameDifficulty: MEDIUM
16:41:47.282 [FXGL Background Thread 3 ] DEBUG Engine               - gameDifficultyProperty: ObjectProperty [value: MEDIUM]
16:41:47.282 [FXGL Background Thread 3 ] DEBUG Engine               - globalMusicVolume: 0.5
16:41:47.282 [FXGL Background Thread 3 ] DEBUG Engine               - globalMusicVolumeProperty: DoubleProperty [value: 0.25]
16:41:47.282 [FXGL Background Thread 3 ] DEBUG Engine               - globalSoundVolume: 0.5
16:41:47.283 [FXGL Background Thread 3 ] DEBUG Engine               - globalSoundVolumeProperty: DoubleProperty [value: 0.5]
16:41:47.283 [FXGL Background Thread 3 ] DEBUG Engine               - height: 600
16:41:47.283 [FXGL Background Thread 3 ] DEBUG Engine               - is3D: false
16:41:47.283 [FXGL Background Thread 3 ] DEBUG Engine               - isAndroid: false
16:41:47.283 [FXGL Background Thread 3 ] DEBUG Engine               - isBrowser: false
16:41:47.283 [FXGL Background Thread 3 ] DEBUG Engine               - isClickFeedbackEnabled: false
16:41:47.283 [FXGL Background Thread 3 ] DEBUG Engine               - isCloseConfirmation: false
16:41:47.283 [FXGL Background Thread 3 ] DEBUG Engine               - isDesktop: true
16:41:47.284 [FXGL Background Thread 3 ] DEBUG Engine               - isDeveloperMenuEnabled: false
16:41:47.284 [FXGL Background Thread 3 ] DEBUG Engine               - isEmbedded: false
16:41:47.284 [FXGL Background Thread 3 ] DEBUG Engine               - isEntityPreloadEnabled: true
16:41:47.284 [FXGL Background Thread 3 ] DEBUG Engine               - isExperimentalTiledLargeMap: false
16:41:47.284 [FXGL Background Thread 3 ] DEBUG Engine               - isFileSystemWriteAllowed: true
16:41:47.284 [FXGL Background Thread 3 ] DEBUG Engine               - isFullScreenAllowed: false
16:41:47.284 [FXGL Background Thread 3 ] DEBUG Engine               - isFullScreenFromStart: false
16:41:47.284 [FXGL Background Thread 3 ] DEBUG Engine               - isGameMenuEnabled: true
16:41:47.284 [FXGL Background Thread 3 ] DEBUG Engine               - isIOS: false
16:41:47.285 [FXGL Background Thread 3 ] DEBUG Engine               - isIntroEnabled: false
16:41:47.285 [FXGL Background Thread 3 ] DEBUG Engine               - isLinux: false
16:41:47.285 [FXGL Background Thread 3 ] DEBUG Engine               - isMac: false
16:41:47.285 [FXGL Background Thread 3 ] DEBUG Engine               - isMainMenuEnabled: false
16:41:47.285 [FXGL Background Thread 3 ] DEBUG Engine               - isManualResizeEnabled: false
16:41:47.285 [FXGL Background Thread 3 ] DEBUG Engine               - isMobile: false
16:41:47.285 [FXGL Background Thread 3 ] DEBUG Engine               - isNative: false
16:41:47.285 [FXGL Background Thread 3 ] DEBUG Engine               - isPauseMusicWhenMinimized: true
16:41:47.285 [FXGL Background Thread 3 ] DEBUG Engine               - isPreserveResizeRatio: false
16:41:47.285 [FXGL Background Thread 3 ] DEBUG Engine               - isProfilingEnabled: false
16:41:47.285 [FXGL Background Thread 3 ] DEBUG Engine               - isScaleAffectedOnResize: true
16:41:47.285 [FXGL Background Thread 3 ] DEBUG Engine               - isSingleStep: false
16:41:47.285 [FXGL Background Thread 3 ] DEBUG Engine               - isUserProfileEnabled: false
16:41:47.285 [FXGL Background Thread 3 ] DEBUG Engine               - isWindows: true
16:41:47.285 [FXGL Background Thread 3 ] DEBUG Engine               - language: ObjectProperty [value: ENGLISH]
16:41:47.285 [FXGL Background Thread 3 ] DEBUG Engine               - menuKey: ESCAPE
16:41:47.285 [FXGL Background Thread 3 ] DEBUG Engine               - mouseSensitivity: 0.2
16:41:47.286 [FXGL Background Thread 3 ] DEBUG Engine               - notificationViewClass: class com.almasb.fxgl.notification.view.XboxNotificationView
16:41:47.286 [FXGL Background Thread 3 ] DEBUG Engine               - pixelsPerMeter: 50.0
16:41:47.286 [FXGL Background Thread 3 ] DEBUG Engine               - platform: WINDOWS
16:41:47.286 [FXGL Background Thread 3 ] DEBUG Engine               - prefHeightProperty: ReadOnlyDoubleProperty [value: 600.0]
16:41:47.286 [FXGL Background Thread 3 ] DEBUG Engine               - prefWidthProperty: ReadOnlyDoubleProperty [value: 800.0]
16:41:47.286 [FXGL Background Thread 3 ] DEBUG Engine               - profileDir: profiles/
16:41:47.286 [FXGL Background Thread 3 ] DEBUG Engine               - profileName: StringProperty [value: DEFAULT]
16:41:47.286 [FXGL Background Thread 3 ] DEBUG Engine               - randomSeed: -1
16:41:47.286 [FXGL Background Thread 3 ] DEBUG Engine               - runtimeInfo: RuntimeInfo(platform=WINDOWS, version=21, build=28.12.2023 13.35)
16:41:47.286 [FXGL Background Thread 3 ] DEBUG Engine               - saveFileExt: sav
16:41:47.286 [FXGL Background Thread 3 ] DEBUG Engine               - scaledHeightProp$fxgl: DoubleProperty [bound, value: 600.0]
16:41:47.286 [FXGL Background Thread 3 ] DEBUG Engine               - scaledWidthProp$fxgl: DoubleProperty [bound, value: 800.0]
16:41:47.286 [FXGL Background Thread 3 ] DEBUG Engine               - sceneFactory: com.almasb.fxglgames.platformer.PlatformerApp$1@1a20ae52
16:41:47.286 [FXGL Background Thread 3 ] DEBUG Engine               - secondsIn24h: 60
16:41:47.286 [FXGL Background Thread 3 ] DEBUG Engine               - soundMenuBack: menu/back.wav
16:41:47.286 [FXGL Background Thread 3 ] DEBUG Engine               - soundMenuPress: menu/press.wav
16:41:47.286 [FXGL Background Thread 3 ] DEBUG Engine               - soundMenuSelect: menu/select.wav
16:41:47.287 [FXGL Background Thread 3 ] DEBUG Engine               - soundNotification: core/notification.wav
16:41:47.287 [FXGL Background Thread 3 ] DEBUG Engine               - stageStyle: DECORATED
16:41:47.287 [FXGL Background Thread 3 ] DEBUG Engine               - supportedLanguages: [ENGLISH, FRENCH, GERMAN, HUNGARIAN, RUSSIAN]
16:41:47.287 [FXGL Background Thread 3 ] DEBUG Engine               - ticksPerSecond: -1
16:41:47.287 [FXGL Background Thread 3 ] DEBUG Engine               - title: Untitled
16:41:47.287 [FXGL Background Thread 3 ] DEBUG Engine               - urlGithub: https://github.com/AlmasB/FXGL
16:41:47.287 [FXGL Background Thread 3 ] DEBUG Engine               - urlLeaderboard: http://fxgl-top.herokuapp.com/
16:41:47.287 [FXGL Background Thread 3 ] DEBUG Engine               - urlPOM: https://raw.githubusercontent.com/AlmasB/FXGL/release/README.md
16:41:47.287 [FXGL Background Thread 3 ] DEBUG Engine               - userAppClass: class com.almasb.fxglgames.platformer.PlatformerApp
16:41:47.287 [FXGL Background Thread 3 ] DEBUG Engine               - version: 0.0
16:41:47.287 [FXGL Background Thread 3 ] DEBUG Engine               - versionCheckDays: 7
16:41:47.287 [FXGL Background Thread 3 ] DEBUG Engine               - width: 800
16:41:47.287 [FXGL Background Thread 3 ] DEBUG Engine               - Logging services
16:41:47.287 [FXGL Background Thread 3 ] DEBUG Engine               - class com.almasb.fxgl.app.services.FXGLAssetLoaderService
16:41:47.287 [FXGL Background Thread 3 ] DEBUG Engine               - class com.almasb.fxgl.app.FXGLApplication$GameApplicationService
16:41:47.287 [FXGL Background Thread 3 ] DEBUG Engine               - class com.almasb.fxgl.app.services.FXGLDialogService
16:41:47.287 [FXGL Background Thread 3 ] DEBUG Engine               - class com.almasb.fxgl.app.services.IOTaskExecutorService
16:41:47.287 [FXGL Background Thread 3 ] DEBUG Engine               - class com.almasb.fxgl.io.FileSystemService
16:41:47.287 [FXGL Background Thread 3 ] DEBUG Engine               - class com.almasb.fxgl.localization.LocalizationService
16:41:47.287 [FXGL Background Thread 3 ] DEBUG Engine               - class com.almasb.fxgl.app.services.SystemBundleService
16:41:47.287 [FXGL Background Thread 3 ] DEBUG Engine               - class com.almasb.fxgl.profile.SaveLoadService
16:41:47.287 [FXGL Background Thread 3 ] DEBUG Engine               - class com.almasb.fxgl.ui.FXGLUIFactoryServiceProvider
16:41:47.287 [FXGL Background Thread 3 ] DEBUG Engine               - class com.almasb.fxgl.ui.FXGLDialogFactoryServiceProvider
16:41:47.287 [FXGL Background Thread 3 ] DEBUG Engine               - class com.almasb.fxgl.audio.AudioPlayer
16:41:47.287 [FXGL Background Thread 3 ] DEBUG Engine               - class com.almasb.fxgl.notification.impl.NotificationServiceProvider
16:41:47.288 [FXGL Background Thread 3 ] DEBUG Engine               - class com.almasb.fxgl.achievement.AchievementService
16:41:47.288 [FXGL Background Thread 3 ] DEBUG Engine               - class com.almasb.fxgl.cutscene.CutsceneService
16:41:47.288 [FXGL Background Thread 3 ] DEBUG Engine               - class com.almasb.fxgl.minigames.MiniGameService
16:41:47.288 [FXGL Background Thread 3 ] DEBUG Engine               - class com.almasb.fxgl.net.NetService
16:41:47.288 [FXGL Background Thread 3 ] DEBUG Engine               - class com.almasb.fxgl.app.services.UpdaterService
16:41:47.288 [FXGL Background Thread 3 ] DEBUG Engine               - class com.almasb.fxgl.dev.DevService
16:42:22.560 [JavaFX Application Thread] DEBUG FXGLApplication      - Exiting FXGL
16:42:22.561 [JavaFX Application Thread] DEBUG LoopRunner           - Stopping loop
16:42:22.561 [JavaFX Application Thread] DEBUG SystemBundleService  - Saving FXGL system data
16:42:22.563 [JavaFX Application Thread] DEBUG FileSystemAccess     - Writing to: C:\project\main_repo\system\fxgl.bundle
16:42:22.567 [JavaFX Application Thread] DEBUG Async                - Shutting down background threads
16:42:22.567 [JavaFX Application Thread] DEBUG PrimaryStageWindow   - Closing main window
16:42:22.579 [JavaFX Application Thread] DEBUG Logger               - Closing Logger
