11:44:05.119 [main                     ] DEBUG Logger               - Configured Logger
11:44:05.143 [main                     ] DEBUG GameApplication      - Logging settings
Title: Untitled
Version: 0.0
Width: 1280
Height: 960
Fullscreen: false
Intro: false
Profiling: false
Single step:false
App Mode: DEVELOPER
Menu Key: ESCAPE
Stage Style: DECORATED
Scene Factory: class com.almasb.fxglgames.platformer.PlatformerApp$1

11:44:05.489 [JavaFX Application Thread] DEBUG FXGLApplication      - Initializing FXGL
11:44:05.494 [JavaFX Application Thread] INFO  Engine               - FXGL-21 (28.12.2023 13.35) on WINDOWS (J:21 FX:21.0.1)
11:44:05.494 [JavaFX Application Thread] DEBUG Engine               - JRE Vendor Name: Oracle Corporation
11:44:05.495 [JavaFX Application Thread] DEBUG Engine               - Running on OS: Windows 10 version 10.0
11:44:05.495 [JavaFX Application Thread] DEBUG Engine               - Architecture: amd64
11:44:05.495 [JavaFX Application Thread] INFO  Engine               - Source code and latest versions at: https://github.com/AlmasB/FXGL
11:44:05.495 [JavaFX Application Thread] INFO  Engine               -       Ask questions and discuss at: https://github.com/AlmasB/FXGL/discussions
11:44:05.495 [JavaFX Application Thread] INFO  Engine               -              Join the FXGL chat at: https://gitter.im/AlmasB/FXGL
11:44:05.587 [JavaFX Application Thread] DEBUG PrimaryStageWindow   - Creating a JavaFX scene
11:44:05.637 [JavaFX Application Thread] DEBUG PrimaryStageWindow   - Target settings size: 1280.0 x 960.0
11:44:05.637 [JavaFX Application Thread] DEBUG PrimaryStageWindow   - Scaled scene size:    1280.0 x 960.0
11:44:05.637 [JavaFX Application Thread] DEBUG PrimaryStageWindow   - Scaled ratio: (1.0, 1.0)
11:44:05.639 [JavaFX Application Thread] DEBUG PrimaryStageWindow   - Set initial scene to FXGLStartupScene
11:44:05.641 [JavaFX Application Thread] DEBUG PrimaryStageWindow   - Opening main window
11:44:05.714 [JavaFX Application Thread] DEBUG PrimaryStageWindow   - Window border size: (16.0, 39.0)
11:44:05.714 [JavaFX Application Thread] DEBUG PrimaryStageWindow   - Scaled size: 1280.0 x 960.0
11:44:05.714 [JavaFX Application Thread] DEBUG PrimaryStageWindow   - Scaled ratio: (1.0, 1.0)
11:44:05.715 [JavaFX Application Thread] DEBUG PrimaryStageWindow   - Scene size: 1280.0 x 960.0
11:44:05.715 [JavaFX Application Thread] DEBUG PrimaryStageWindow   - Stage size: 1296.0 x 999.0
11:44:05.725 [FXGL Background Thread 1 ] DEBUG Engine               - Initializing environment variables
11:44:05.791 [FXGL Background Thread 1 ] DEBUG FXGLAssetLoaderServi - User app class for loading assets: class com.almasb.fxglgames.platformer.PlatformerApp
11:44:05.791 [FXGL Background Thread 1 ] DEBUG GameApplicationServi - Applying CSS: fxgl_dark.css
11:44:05.792 [FXGL Background Thread 1 ] DEBUG FXGLAssetLoaderServi - Loading from file system: jar:file:///C:/Users/TECH2-07/.m2/repository/com/github/almasb/fxgl/21/fxgl-21.jar!/fxglassets/ui/css/fxgl_dark.css
11:44:05.850 [FXGL Background Thread 1 ] DEBUG GameApplicationServi - Initializing application scenes
11:44:05.941 [FXGL Background Thread 1 ] DEBUG FXGLAssetLoaderServi - Loading from file system: file:/C:/Users/TECH2-07/Desktop/Mario/target/classes/assets/textures/player.png
11:44:05.976 [FXGL Background Thread 1 ] DEBUG GameWorld            - Game world initialized
11:44:06.038 [FXGL Background Thread 1 ] DEBUG PhysicsWorld         - Physics world initialized: appHeight=960, physics.ppm=50.0
11:44:06.038 [FXGL Background Thread 1 ] DEBUG PhysicsWorld         - Using strategy: BRUTE_FORCE
11:44:06.044 [FXGL Background Thread 1 ] DEBUG GameScene            - Game scene initialized: 1280x960
11:44:06.055 [FXGL Background Thread 1 ] DEBUG FXGL.DefaultMenu     - createMenuBodyGameMenu()
11:44:06.077 [FXGL Background Thread 1 ] DEBUG FXGL.DefaultMenu     - createOptionsMenu()
11:44:06.091 [FXGL Background Thread 1 ] DEBUG FXGLAssetLoaderServi - Loading from file system: jar:file:///C:/Users/TECH2-07/.m2/repository/com/github/almasb/fxgl/21/fxgl-21.jar!/fxglassets/textures/particles/smoke.png
11:44:06.183 [FXGL Background Thread 1 ] DEBUG FXGLAssetLoaderServi - Loading from file system: jar:file:///C:/Users/TECH2-07/.m2/repository/com/github/almasb/fxgl/21/fxgl-21.jar!/fxglassets/textures/particles/trace_horizontal.png
11:44:06.247 [FXGL Background Thread 1 ] DEBUG GameApplicationServi - Application scenes initialized
11:44:06.262 [FXGL Background Thread 1 ] DEBUG SystemBundleService  - Loading FXGL system data
11:44:06.266 [FXGL Background Thread 1 ] DEBUG FileSystemAccess     - Reading from: C:\Users\TECH2-07\Desktop\Mario\system\fxgl.bundle
11:44:06.278 [FXGL Background Thread 1 ] DEBUG SystemBundleService  - Bundle FXGL: {}
11:44:06.278 [FXGL Background Thread 1 ] DEBUG UpdaterService       - Checking for updates
11:44:06.282 [FXGL Background Thread 4 ] DEBUG FXGLApplication      - Loading fonts
11:44:06.283 [FXGL Background Thread 4 ] DEBUG FXGLAssetLoaderServi - Loading from file system: jar:file:///C:/Users/TECH2-07/.m2/repository/com/github/almasb/fxgl/21/fxgl-21.jar!/fxglassets/ui/fonts/VarelaRound-Regular.ttf
11:44:06.283 [FXGL Background Thread 1 ] DEBUG FXGLApplication      - Loading default localization
11:44:06.283 [FXGL Background Thread 1 ] DEBUG FXGLAssetLoaderServi - Loading from file system: jar:file:///C:/Users/TECH2-07/.m2/repository/com/github/almasb/fxgl/21/fxgl-21.jar!/fxglassets/languages/english.lang
11:44:06.314 [FXGL Background Thread 1 ] INFO  FXGLApplication      - FXGL initialization took: 0.589 sec
11:44:06.327 [JavaFX Application Thread] DEBUG Input                - Registered new binding: action0 - LMB
11:44:06.338 [JavaFX Application Thread] DEBUG Input                - Registered new binding: Left - A
11:44:06.338 [JavaFX Application Thread] DEBUG Input                - Registered new binding: Right - D
11:44:06.339 [JavaFX Application Thread] DEBUG Input                - Registered new binding: Jump - W
11:44:06.339 [JavaFX Application Thread] DEBUG Input                - Registered new binding: Use - E
11:44:06.340 [JavaFX Application Thread] DEBUG FXGLAssetLoaderServi - Loading from file system: file:/C:/Users/TECH2-07/Desktop/Mario/target/classes/assets/music/BGM_dash_runner.wav
11:44:06.344 [FXGL Background Thread 4 ] DEBUG FXGLAssetLoaderServi - Loading from file system: jar:file:///C:/Users/TECH2-07/.m2/repository/com/github/almasb/fxgl/21/fxgl-21.jar!/fxglassets/ui/fonts/Abel-Regular.ttf
11:44:06.349 [FXGL Background Thread 4 ] DEBUG FXGLAssetLoaderServi - Loading from file system: jar:file:///C:/Users/TECH2-07/.m2/repository/com/github/almasb/fxgl/21/fxgl-21.jar!/fxglassets/ui/fonts/TerminalLandMono-Regular.otf
11:44:06.359 [FXGL Background Thread 4 ] DEBUG FXGLAssetLoaderServi - Loading from file system: jar:file:///C:/Users/TECH2-07/.m2/repository/com/github/almasb/fxgl/21/fxgl-21.jar!/fxglassets/ui/fonts/Courier-Prime.ttf
11:44:06.509 [JavaFX Application Thread] DEBUG AudioPlayer          - Playing music com.almasb.fxgl.audio.Music@385ad5db
11:44:06.509 [JavaFX Application Thread] DEBUG FXGLAssetLoaderServi - Loading from file system: jar:file:///C:/Users/TECH2-07/.m2/repository/com/github/almasb/fxgl/21/fxgl-21.jar!/fxglassets/textures/fxgl_icon.png
11:44:06.533 [JavaFX Application Thread] DEBUG FXGLAssetLoaderServi - Loading from file system: jar:file:///C:/Users/TECH2-07/.m2/repository/com/github/almasb/fxgl/21/fxgl-21.jar!/fxglassets/textures/fxgl_default_cursor.png
11:44:06.538 [JavaFX Application Thread] DEBUG Input                - Registered new binding: Screenshot - CTRL+8
11:44:06.539 [JavaFX Application Thread] DEBUG Input                - Registered new binding: System info dump - CTRL+9
11:44:06.540 [JavaFX Application Thread] DEBUG Input                - Registered new binding: Restart - CTRL+R
11:44:06.541 [JavaFX Application Thread] DEBUG Input                - Registered new binding: Toggle Debug Camera - CTRL+7
11:44:06.545 [JavaFX Application Thread] DEBUG LoopRunner           - Starting loop
11:44:06.545 [JavaFX Application Thread] DEBUG LoopRunner           - Initializing JavaFX AnimationTimerLoop
11:44:06.547 [JavaFX Application Thread] DEBUG GameApplicationServi - Starting new game
11:44:06.547 [JavaFX Application Thread] DEBUG Input                - Clearing active input actions
11:44:06.569 [JavaFX Application Thread] DEBUG GameApplicationServi - Removing overlay from FXGLStartupScene and adding to MainLoadingScene
11:44:06.570 [JavaFX Application Thread] DEBUG PrimaryStageWindow   - FXGLStartupScene -> MainLoadingScene
11:44:06.570 [JavaFX Application Thread] DEBUG GameApplicationServi - Clearing previous game
11:44:06.570 [JavaFX Application Thread] DEBUG GameScene            - Clearing game scene
11:44:06.570 [JavaFX Application Thread] DEBUG GameWorld            - Clearing game world
11:44:06.570 [JavaFX Application Thread] DEBUG PhysicsWorld         - Clearing physics world
11:44:06.572 [JavaFX Application Thread] DEBUG FXGLApplication      - Registering font factories with UI factory
11:44:06.572 [FXGL Background Thread 4 ] DEBUG FXGLApplication      - Initializing game
11:44:06.624 [FXGL Background Thread 4 ] WARN  TMXLevelLoader       - TiledMap generated from 1.2.3. Supported version: 1.9.0. Some features may not be parsed fully.
11:44:06.635 [FXGL Background Thread 4 ] DEBUG TMXLevelLoader       - Parsed TiledMap: file:/C:/Users/TECH2-07/Desktop/Mario/target/classes/assets/levels/tmx/level1.tmx
11:44:06.638 [FXGL Background Thread 4 ] DEBUG TMXLevelLoader       - Creating tile layer entities
11:44:06.645 [FXGL Background Thread 4 ] DEBUG TilesetLoader        - Loading view for layer Tile Layer 1
11:44:06.648 [FXGL Background Thread 4 ] DEBUG TilesetLoader        - Created buffer with size 1050.0x700.0
11:44:06.680 [FXGL Background Thread 4 ] DEBUG TMXLevelLoader       - Creating object layer entities
11:44:06.724 [FXGL Background Thread 4 ] DEBUG GameWorld            - Clearing removable entities
11:44:06.763 [FXGL Background Thread 4 ] DEBUG GameWorld            - Setting level: com.almasb.fxgl.entity.level.Level@3d463cf0
11:44:06.830 [FXGL Background Thread 4 ] DEBUG FXGLAssetLoaderServi - Loading from file system: file:/C:/Users/TECH2-07/Desktop/Mario/target/classes/assets/textures/background/forest.png
11:44:06.865 [FXGL Background Thread 4 ] INFO  FXGLApplication      - Game initialization took: 0.294 sec
11:44:06.866 [JavaFX Application Thread] DEBUG Input                - Clearing active input actions
11:44:06.879 [JavaFX Application Thread] DEBUG GameApplicationServi - Removing overlay from MainLoadingScene and adding to GameScene
11:44:06.880 [JavaFX Application Thread] DEBUG PrimaryStageWindow   - MainLoadingScene -> GameScene
11:44:06.985 [FXGL Background Thread 2 ] INFO  UpdaterService       - Your current version:  21
11:44:06.986 [FXGL Background Thread 2 ] INFO  UpdaterService       - Latest stable version: 21.1
11:44:09.281 [FXGL Background Thread 3 ] DEBUG Engine               - Logging environment variables
11:44:09.281 [FXGL Background Thread 3 ] DEBUG Engine               - achievements: []
11:44:09.281 [FXGL Background Thread 3 ] DEBUG Engine               - actualHeight: 960.0
11:44:09.282 [FXGL Background Thread 3 ] DEBUG Engine               - actualHeightProperty: ReadOnlyDoubleProperty [value: 960.0]
11:44:09.282 [FXGL Background Thread 3 ] DEBUG Engine               - actualWidth: 1280.0
11:44:09.282 [FXGL Background Thread 3 ] DEBUG Engine               - actualWidthProperty: ReadOnlyDoubleProperty [value: 1280.0]
11:44:09.282 [FXGL Background Thread 3 ] DEBUG Engine               - appIcon: fxgl_icon.png
11:44:09.282 [FXGL Background Thread 3 ] DEBUG Engine               - applicationMode: DEVELOPER
11:44:09.282 [FXGL Background Thread 3 ] DEBUG Engine               - cSSList: [fxgl_dark.css]
11:44:09.282 [FXGL Background Thread 3 ] DEBUG Engine               - collisionDetectionStrategy: BRUTE_FORCE
11:44:09.282 [FXGL Background Thread 3 ] DEBUG Engine               - configClass: Optional.empty
11:44:09.282 [FXGL Background Thread 3 ] DEBUG Engine               - credits: []
11:44:09.282 [FXGL Background Thread 3 ] DEBUG Engine               - defaultCursor: CursorInfo(imageName=fxgl_default_cursor.png, hotspotX=7.0, hotspotY=6.0)
11:44:09.283 [FXGL Background Thread 3 ] DEBUG Engine               - devBBoxColorProperty: ObjectProperty [value: 0xff0000ff]
11:44:09.283 [FXGL Background Thread 3 ] DEBUG Engine               - devEnableDebugCameraProperty: BooleanProperty [value: false]
11:44:09.283 [FXGL Background Thread 3 ] DEBUG Engine               - devSensorColorProperty: ObjectProperty [value: 0xffff00ff]
11:44:09.283 [FXGL Background Thread 3 ] DEBUG Engine               - devShowBBoxProperty: BooleanProperty [value: false]
11:44:09.283 [FXGL Background Thread 3 ] DEBUG Engine               - devShowPositionProperty: BooleanProperty [value: false]
11:44:09.283 [FXGL Background Thread 3 ] DEBUG Engine               - enabledMenuItems: []
11:44:09.283 [FXGL Background Thread 3 ] DEBUG Engine               - engineServices: [class com.almasb.fxgl.app.services.FXGLAssetLoaderService, class com.almasb.fxgl.app.FXGLApplication$GameApplicationService, class com.almasb.fxgl.app.services.FXGLDialogService, class com.almasb.fxgl.app.services.IOTaskExecutorService, class com.almasb.fxgl.io.FileSystemService, class com.almasb.fxgl.localization.LocalizationService, class com.almasb.fxgl.app.services.SystemBundleService, class com.almasb.fxgl.profile.SaveLoadService, class com.almasb.fxgl.ui.FXGLUIFactoryServiceProvider, class com.almasb.fxgl.ui.FXGLDialogFactoryServiceProvider, class com.almasb.fxgl.audio.AudioPlayer, class com.almasb.fxgl.notification.impl.NotificationServiceProvider, class com.almasb.fxgl.achievement.AchievementService, class com.almasb.fxgl.cutscene.CutsceneService, class com.almasb.fxgl.minigames.MiniGameService, class com.almasb.fxgl.net.NetService, class com.almasb.fxgl.app.services.UpdaterService, class com.almasb.fxgl.dev.DevService]
11:44:09.283 [FXGL Background Thread 3 ] DEBUG Engine               - fontGame: Abel-Regular.ttf
11:44:09.283 [FXGL Background Thread 3 ] DEBUG Engine               - fontMono: TerminalLandMono-Regular.otf
11:44:09.283 [FXGL Background Thread 3 ] DEBUG Engine               - fontSizeScaleUI: 1.0
11:44:09.283 [FXGL Background Thread 3 ] DEBUG Engine               - fontText: Courier-Prime.ttf
11:44:09.283 [FXGL Background Thread 3 ] DEBUG Engine               - fontUI: VarelaRound-Regular.ttf
11:44:09.283 [FXGL Background Thread 3 ] DEBUG Engine               - fullScreen: BooleanProperty [value: false]
11:44:09.283 [FXGL Background Thread 3 ] DEBUG Engine               - gameDifficulty: MEDIUM
11:44:09.283 [FXGL Background Thread 3 ] DEBUG Engine               - gameDifficultyProperty: ObjectProperty [value: MEDIUM]
11:44:09.283 [FXGL Background Thread 3 ] DEBUG Engine               - globalMusicVolume: 0.5
11:44:09.283 [FXGL Background Thread 3 ] DEBUG Engine               - globalMusicVolumeProperty: DoubleProperty [value: 0.25]
11:44:09.283 [FXGL Background Thread 3 ] DEBUG Engine               - globalSoundVolume: 0.5
11:44:09.284 [FXGL Background Thread 3 ] DEBUG Engine               - globalSoundVolumeProperty: DoubleProperty [value: 0.5]
11:44:09.284 [FXGL Background Thread 3 ] DEBUG Engine               - height: 960
11:44:09.284 [FXGL Background Thread 3 ] DEBUG Engine               - is3D: false
11:44:09.284 [FXGL Background Thread 3 ] DEBUG Engine               - isAndroid: false
11:44:09.284 [FXGL Background Thread 3 ] DEBUG Engine               - isBrowser: false
11:44:09.284 [FXGL Background Thread 3 ] DEBUG Engine               - isClickFeedbackEnabled: false
11:44:09.284 [FXGL Background Thread 3 ] DEBUG Engine               - isCloseConfirmation: false
11:44:09.284 [FXGL Background Thread 3 ] DEBUG Engine               - isDesktop: true
11:44:09.284 [FXGL Background Thread 3 ] DEBUG Engine               - isDeveloperMenuEnabled: false
11:44:09.284 [FXGL Background Thread 3 ] DEBUG Engine               - isEmbedded: false
11:44:09.284 [FXGL Background Thread 3 ] DEBUG Engine               - isEntityPreloadEnabled: true
11:44:09.284 [FXGL Background Thread 3 ] DEBUG Engine               - isExperimentalTiledLargeMap: false
11:44:09.284 [FXGL Background Thread 3 ] DEBUG Engine               - isFileSystemWriteAllowed: true
11:44:09.284 [FXGL Background Thread 3 ] DEBUG Engine               - isFullScreenAllowed: false
11:44:09.284 [FXGL Background Thread 3 ] DEBUG Engine               - isFullScreenFromStart: false
11:44:09.284 [FXGL Background Thread 3 ] DEBUG Engine               - isGameMenuEnabled: true
11:44:09.284 [FXGL Background Thread 3 ] DEBUG Engine               - isIOS: false
11:44:09.284 [FXGL Background Thread 3 ] DEBUG Engine               - isIntroEnabled: false
11:44:09.284 [FXGL Background Thread 3 ] DEBUG Engine               - isLinux: false
11:44:09.284 [FXGL Background Thread 3 ] DEBUG Engine               - isMac: false
11:44:09.284 [FXGL Background Thread 3 ] DEBUG Engine               - isMainMenuEnabled: false
11:44:09.284 [FXGL Background Thread 3 ] DEBUG Engine               - isManualResizeEnabled: false
11:44:09.284 [FXGL Background Thread 3 ] DEBUG Engine               - isMobile: false
11:44:09.285 [FXGL Background Thread 3 ] DEBUG Engine               - isNative: false
11:44:09.285 [FXGL Background Thread 3 ] DEBUG Engine               - isPauseMusicWhenMinimized: true
11:44:09.285 [FXGL Background Thread 3 ] DEBUG Engine               - isPreserveResizeRatio: false
11:44:09.285 [FXGL Background Thread 3 ] DEBUG Engine               - isProfilingEnabled: false
11:44:09.285 [FXGL Background Thread 3 ] DEBUG Engine               - isScaleAffectedOnResize: true
11:44:09.285 [FXGL Background Thread 3 ] DEBUG Engine               - isSingleStep: false
11:44:09.285 [FXGL Background Thread 3 ] DEBUG Engine               - isUserProfileEnabled: false
11:44:09.285 [FXGL Background Thread 3 ] DEBUG Engine               - isWindows: true
11:44:09.285 [FXGL Background Thread 3 ] DEBUG Engine               - language: ObjectProperty [value: ENGLISH]
11:44:09.285 [FXGL Background Thread 3 ] DEBUG Engine               - menuKey: ESCAPE
11:44:09.285 [FXGL Background Thread 3 ] DEBUG Engine               - mouseSensitivity: 0.2
11:44:09.285 [FXGL Background Thread 3 ] DEBUG Engine               - notificationViewClass: class com.almasb.fxgl.notification.view.XboxNotificationView
11:44:09.285 [FXGL Background Thread 3 ] DEBUG Engine               - pixelsPerMeter: 50.0
11:44:09.285 [FXGL Background Thread 3 ] DEBUG Engine               - platform: WINDOWS
11:44:09.285 [FXGL Background Thread 3 ] DEBUG Engine               - prefHeightProperty: ReadOnlyDoubleProperty [value: 960.0]
11:44:09.285 [FXGL Background Thread 3 ] DEBUG Engine               - prefWidthProperty: ReadOnlyDoubleProperty [value: 1280.0]
11:44:09.285 [FXGL Background Thread 3 ] DEBUG Engine               - profileDir: profiles/
11:44:09.285 [FXGL Background Thread 3 ] DEBUG Engine               - profileName: StringProperty [value: DEFAULT]
11:44:09.285 [FXGL Background Thread 3 ] DEBUG Engine               - randomSeed: -1
11:44:09.286 [FXGL Background Thread 3 ] DEBUG Engine               - runtimeInfo: RuntimeInfo(platform=WINDOWS, version=21, build=28.12.2023 13.35)
11:44:09.286 [FXGL Background Thread 3 ] DEBUG Engine               - saveFileExt: sav
11:44:09.286 [FXGL Background Thread 3 ] DEBUG Engine               - scaledHeightProp$fxgl: DoubleProperty [bound, value: 960.0]
11:44:09.286 [FXGL Background Thread 3 ] DEBUG Engine               - scaledWidthProp$fxgl: DoubleProperty [bound, value: 1280.0]
11:44:09.286 [FXGL Background Thread 3 ] DEBUG Engine               - sceneFactory: com.almasb.fxglgames.platformer.PlatformerApp$1@6d408b23
11:44:09.286 [FXGL Background Thread 3 ] DEBUG Engine               - secondsIn24h: 60
11:44:09.286 [FXGL Background Thread 3 ] DEBUG Engine               - soundMenuBack: menu/back.wav
11:44:09.286 [FXGL Background Thread 3 ] DEBUG Engine               - soundMenuPress: menu/press.wav
11:44:09.286 [FXGL Background Thread 3 ] DEBUG Engine               - soundMenuSelect: menu/select.wav
11:44:09.286 [FXGL Background Thread 3 ] DEBUG Engine               - soundNotification: core/notification.wav
11:44:09.286 [FXGL Background Thread 3 ] DEBUG Engine               - stageStyle: DECORATED
11:44:09.286 [FXGL Background Thread 3 ] DEBUG Engine               - supportedLanguages: [ENGLISH, FRENCH, GERMAN, HUNGARIAN, RUSSIAN]
11:44:09.286 [FXGL Background Thread 3 ] DEBUG Engine               - ticksPerSecond: -1
11:44:09.287 [FXGL Background Thread 3 ] DEBUG Engine               - title: Untitled
11:44:09.287 [FXGL Background Thread 3 ] DEBUG Engine               - urlGithub: https://github.com/AlmasB/FXGL
11:44:09.287 [FXGL Background Thread 3 ] DEBUG Engine               - urlLeaderboard: http://fxgl-top.herokuapp.com/
11:44:09.287 [FXGL Background Thread 3 ] DEBUG Engine               - urlPOM: https://raw.githubusercontent.com/AlmasB/FXGL/release/README.md
11:44:09.287 [FXGL Background Thread 3 ] DEBUG Engine               - userAppClass: class com.almasb.fxglgames.platformer.PlatformerApp
11:44:09.287 [FXGL Background Thread 3 ] DEBUG Engine               - version: 0.0
11:44:09.287 [FXGL Background Thread 3 ] DEBUG Engine               - versionCheckDays: 7
11:44:09.287 [FXGL Background Thread 3 ] DEBUG Engine               - width: 1280
11:44:09.287 [FXGL Background Thread 3 ] DEBUG Engine               - Logging services
11:44:09.287 [FXGL Background Thread 3 ] DEBUG Engine               - class com.almasb.fxgl.app.services.FXGLAssetLoaderService
11:44:09.287 [FXGL Background Thread 3 ] DEBUG Engine               - class com.almasb.fxgl.app.FXGLApplication$GameApplicationService
11:44:09.288 [FXGL Background Thread 3 ] DEBUG Engine               - class com.almasb.fxgl.app.services.FXGLDialogService
11:44:09.288 [FXGL Background Thread 3 ] DEBUG Engine               - class com.almasb.fxgl.app.services.IOTaskExecutorService
11:44:09.288 [FXGL Background Thread 3 ] DEBUG Engine               - class com.almasb.fxgl.io.FileSystemService
11:44:09.288 [FXGL Background Thread 3 ] DEBUG Engine               - class com.almasb.fxgl.localization.LocalizationService
11:44:09.288 [FXGL Background Thread 3 ] DEBUG Engine               - class com.almasb.fxgl.app.services.SystemBundleService
11:44:09.288 [FXGL Background Thread 3 ] DEBUG Engine               - class com.almasb.fxgl.profile.SaveLoadService
11:44:09.288 [FXGL Background Thread 3 ] DEBUG Engine               - class com.almasb.fxgl.ui.FXGLUIFactoryServiceProvider
11:44:09.288 [FXGL Background Thread 3 ] DEBUG Engine               - class com.almasb.fxgl.ui.FXGLDialogFactoryServiceProvider
11:44:09.288 [FXGL Background Thread 3 ] DEBUG Engine               - class com.almasb.fxgl.audio.AudioPlayer
11:44:09.288 [FXGL Background Thread 3 ] DEBUG Engine               - class com.almasb.fxgl.notification.impl.NotificationServiceProvider
11:44:09.288 [FXGL Background Thread 3 ] DEBUG Engine               - class com.almasb.fxgl.achievement.AchievementService
11:44:09.288 [FXGL Background Thread 3 ] DEBUG Engine               - class com.almasb.fxgl.cutscene.CutsceneService
11:44:09.288 [FXGL Background Thread 3 ] DEBUG Engine               - class com.almasb.fxgl.minigames.MiniGameService
11:44:09.288 [FXGL Background Thread 3 ] DEBUG Engine               - class com.almasb.fxgl.net.NetService
11:44:09.288 [FXGL Background Thread 3 ] DEBUG Engine               - class com.almasb.fxgl.app.services.UpdaterService
11:44:09.288 [FXGL Background Thread 3 ] DEBUG Engine               - class com.almasb.fxgl.dev.DevService
11:44:14.200 [JavaFX Application Thread] DEBUG FXGLApplication      - Exiting FXGL
11:44:14.200 [JavaFX Application Thread] DEBUG LoopRunner           - Stopping loop
11:44:14.200 [JavaFX Application Thread] DEBUG SystemBundleService  - Saving FXGL system data
11:44:14.203 [JavaFX Application Thread] DEBUG FileSystemAccess     - Writing to: C:\Users\TECH2-07\Desktop\Mario\system\fxgl.bundle
11:44:14.205 [JavaFX Application Thread] DEBUG Async                - Shutting down background threads
11:44:14.205 [JavaFX Application Thread] DEBUG PrimaryStageWindow   - Closing main window
11:44:14.220 [JavaFX Application Thread] DEBUG Logger               - Closing Logger
