20:30:13.309 [main                     ] DEBUG Logger               - Configured Logger
20:30:13.331 [main                     ] DEBUG GameApplication      - Logging settings
Title: Untitled
Version: 0.0
Width: 800
Height: 600
Fullscreen: false
Intro: false
Profiling: false
Single step:false
App Mode: DEVELOPER
Menu Key: ESCAPE
Stage Style: DECORATED
Scene Factory: class com.almasb.fxglgames.platformer.PlatformerApp$1

20:30:13.721 [JavaFX Application Thread] DEBUG FXGLApplication      - Initializing FXGL
20:30:13.725 [JavaFX Application Thread] INFO  Engine               - FXGL-21 (28.12.2023 13.35) on WINDOWS (J:21.0.2 FX:21.0.1)
20:30:13.726 [JavaFX Application Thread] DEBUG Engine               - JRE Vendor Name: Oracle Corporation
20:30:13.726 [JavaFX Application Thread] DEBUG Engine               - Running on OS: Windows 10 version 10.0
20:30:13.726 [JavaFX Application Thread] DEBUG Engine               - Architecture: amd64
20:30:13.726 [JavaFX Application Thread] INFO  Engine               - Source code and latest versions at: https://github.com/AlmasB/FXGL
20:30:13.727 [JavaFX Application Thread] INFO  Engine               -       Ask questions and discuss at: https://github.com/AlmasB/FXGL/discussions
20:30:13.727 [JavaFX Application Thread] INFO  Engine               -              Join the FXGL chat at: https://gitter.im/AlmasB/FXGL
20:30:13.814 [JavaFX Application Thread] DEBUG PrimaryStageWindow   - Creating a JavaFX scene
20:30:13.864 [JavaFX Application Thread] DEBUG PrimaryStageWindow   - Target settings size: 800.0 x 600.0
20:30:13.864 [JavaFX Application Thread] DEBUG PrimaryStageWindow   - Scaled scene size:    800.0 x 600.0
20:30:13.864 [JavaFX Application Thread] DEBUG PrimaryStageWindow   - Scaled ratio: (1.0, 1.0)
20:30:13.865 [JavaFX Application Thread] DEBUG PrimaryStageWindow   - Set initial scene to FXGLStartupScene
20:30:13.869 [JavaFX Application Thread] DEBUG PrimaryStageWindow   - Opening main window
20:30:13.969 [JavaFX Application Thread] DEBUG PrimaryStageWindow   - Window border size: (16.0, 39.0)
20:30:13.969 [JavaFX Application Thread] DEBUG PrimaryStageWindow   - Scaled size: 800.0 x 600.0
20:30:13.969 [JavaFX Application Thread] DEBUG PrimaryStageWindow   - Scaled ratio: (1.0, 1.0)
20:30:13.970 [JavaFX Application Thread] DEBUG PrimaryStageWindow   - Scene size: 800.0 x 600.0
20:30:13.970 [JavaFX Application Thread] DEBUG PrimaryStageWindow   - Stage size: 816.0 x 639.0
20:30:13.976 [FXGL Background Thread 1 ] DEBUG Engine               - Initializing environment variables
20:30:14.025 [FXGL Background Thread 1 ] DEBUG FXGLAssetLoaderServi - User app class for loading assets: class com.almasb.fxglgames.platformer.PlatformerApp
20:30:14.025 [FXGL Background Thread 1 ] DEBUG GameApplicationServi - Applying CSS: fxgl_dark.css
20:30:14.026 [FXGL Background Thread 1 ] DEBUG FXGLAssetLoaderServi - Loading from file system: jar:file:///C:/Users/TECH2-26/.m2/repository/com/github/almasb/fxgl/21/fxgl-21.jar!/fxglassets/ui/css/fxgl_dark.css
20:30:14.074 [FXGL Background Thread 1 ] DEBUG GameApplicationServi - Initializing application scenes
20:30:14.145 [FXGL Background Thread 1 ] DEBUG FXGLAssetLoaderServi - Loading from file system: file:/C:/project/main_repo/target/classes/assets/textures/player.png
20:30:14.169 [FXGL Background Thread 1 ] DEBUG GameWorld            - Game world initialized
20:30:14.224 [FXGL Background Thread 1 ] DEBUG PhysicsWorld         - Physics world initialized: appHeight=600, physics.ppm=50.0
20:30:14.224 [FXGL Background Thread 1 ] DEBUG PhysicsWorld         - Using strategy: BRUTE_FORCE
20:30:14.228 [FXGL Background Thread 1 ] DEBUG GameScene            - Game scene initialized: 800x600
20:30:14.237 [FXGL Background Thread 1 ] DEBUG FXGL.DefaultMenu     - createMenuBodyGameMenu()
20:30:14.255 [FXGL Background Thread 1 ] DEBUG FXGL.DefaultMenu     - createOptionsMenu()
20:30:14.263 [FXGL Background Thread 1 ] DEBUG FXGLAssetLoaderServi - Loading from file system: jar:file:///C:/Users/TECH2-26/.m2/repository/com/github/almasb/fxgl/21/fxgl-21.jar!/fxglassets/textures/particles/smoke.png
20:30:14.355 [FXGL Background Thread 1 ] DEBUG FXGLAssetLoaderServi - Loading from file system: jar:file:///C:/Users/TECH2-26/.m2/repository/com/github/almasb/fxgl/21/fxgl-21.jar!/fxglassets/textures/particles/trace_horizontal.png
20:30:14.408 [FXGL Background Thread 1 ] DEBUG GameApplicationServi - Application scenes initialized
20:30:14.422 [FXGL Background Thread 1 ] DEBUG SystemBundleService  - Loading FXGL system data
20:30:14.429 [FXGL Background Thread 1 ] DEBUG FileSystemAccess     - Reading from: C:\project\main_repo\system\fxgl.bundle
20:30:14.440 [FXGL Background Thread 1 ] DEBUG SystemBundleService  - Bundle FXGL: {}
20:30:14.440 [FXGL Background Thread 1 ] DEBUG UpdaterService       - Checking for updates
20:30:14.445 [FXGL Background Thread 4 ] DEBUG FXGLApplication      - Loading fonts
20:30:14.446 [FXGL Background Thread 4 ] DEBUG FXGLAssetLoaderServi - Loading from file system: jar:file:///C:/Users/TECH2-26/.m2/repository/com/github/almasb/fxgl/21/fxgl-21.jar!/fxglassets/ui/fonts/VarelaRound-Regular.ttf
20:30:14.446 [FXGL Background Thread 1 ] DEBUG FXGLApplication      - Loading default localization
20:30:14.447 [FXGL Background Thread 1 ] DEBUG FXGLAssetLoaderServi - Loading from file system: jar:file:///C:/Users/TECH2-26/.m2/repository/com/github/almasb/fxgl/21/fxgl-21.jar!/fxglassets/languages/english.lang
20:30:14.470 [FXGL Background Thread 1 ] INFO  FXGLApplication      - FXGL initialization took: 0.493 sec
20:30:14.476 [JavaFX Application Thread] DEBUG Input                - Registered new binding: action0 - LMB
20:30:14.485 [JavaFX Application Thread] DEBUG Input                - Registered new binding: Left - A
20:30:14.486 [JavaFX Application Thread] DEBUG Input                - Registered new binding: Right - D
20:30:14.486 [JavaFX Application Thread] DEBUG Input                - Registered new binding: Jump - W
20:30:14.486 [JavaFX Application Thread] DEBUG Input                - Registered new binding: Use - E
20:30:14.487 [JavaFX Application Thread] DEBUG FXGLAssetLoaderServi - Loading from file system: file:/C:/project/main_repo/target/classes/assets/music/BGM_dash_runner.wav
20:30:14.493 [FXGL Background Thread 4 ] DEBUG FXGLAssetLoaderServi - Loading from file system: jar:file:///C:/Users/TECH2-26/.m2/repository/com/github/almasb/fxgl/21/fxgl-21.jar!/fxglassets/ui/fonts/Abel-Regular.ttf
20:30:14.500 [FXGL Background Thread 4 ] DEBUG FXGLAssetLoaderServi - Loading from file system: jar:file:///C:/Users/TECH2-26/.m2/repository/com/github/almasb/fxgl/21/fxgl-21.jar!/fxglassets/ui/fonts/TerminalLandMono-Regular.otf
20:30:14.507 [FXGL Background Thread 4 ] DEBUG FXGLAssetLoaderServi - Loading from file system: jar:file:///C:/Users/TECH2-26/.m2/repository/com/github/almasb/fxgl/21/fxgl-21.jar!/fxglassets/ui/fonts/Courier-Prime.ttf
20:30:14.663 [JavaFX Application Thread] DEBUG AudioPlayer          - Playing music com.almasb.fxgl.audio.Music@365e6e03
20:30:14.664 [JavaFX Application Thread] DEBUG FXGLAssetLoaderServi - Loading from file system: jar:file:///C:/Users/TECH2-26/.m2/repository/com/github/almasb/fxgl/21/fxgl-21.jar!/fxglassets/textures/fxgl_icon.png
20:30:14.681 [JavaFX Application Thread] DEBUG FXGLAssetLoaderServi - Loading from file system: jar:file:///C:/Users/TECH2-26/.m2/repository/com/github/almasb/fxgl/21/fxgl-21.jar!/fxglassets/textures/fxgl_default_cursor.png
20:30:14.684 [JavaFX Application Thread] DEBUG Input                - Registered new binding: Screenshot - CTRL+8
20:30:14.685 [JavaFX Application Thread] DEBUG Input                - Registered new binding: System info dump - CTRL+9
20:30:14.685 [JavaFX Application Thread] DEBUG Input                - Registered new binding: Restart - CTRL+R
20:30:14.686 [JavaFX Application Thread] DEBUG Input                - Registered new binding: Toggle Debug Camera - CTRL+7
20:30:14.688 [JavaFX Application Thread] DEBUG LoopRunner           - Starting loop
20:30:14.688 [JavaFX Application Thread] DEBUG LoopRunner           - Initializing JavaFX AnimationTimerLoop
20:30:14.689 [JavaFX Application Thread] DEBUG GameApplicationServi - Starting new game
20:30:14.690 [JavaFX Application Thread] DEBUG Input                - Clearing active input actions
20:30:14.710 [JavaFX Application Thread] DEBUG GameApplicationServi - Removing overlay from FXGLStartupScene and adding to MainLoadingScene
20:30:14.710 [JavaFX Application Thread] DEBUG PrimaryStageWindow   - FXGLStartupScene -> MainLoadingScene
20:30:14.710 [JavaFX Application Thread] DEBUG GameApplicationServi - Clearing previous game
20:30:14.710 [JavaFX Application Thread] DEBUG GameScene            - Clearing game scene
20:30:14.710 [JavaFX Application Thread] DEBUG GameWorld            - Clearing game world
20:30:14.710 [JavaFX Application Thread] DEBUG PhysicsWorld         - Clearing physics world
20:30:14.712 [JavaFX Application Thread] DEBUG FXGLApplication      - Registering font factories with UI factory
20:30:14.712 [FXGL Background Thread 4 ] DEBUG FXGLApplication      - Initializing game
20:30:14.760 [FXGL Background Thread 4 ] WARN  TMXLevelLoader       - TiledMap generated from 1.2.3. Supported version: 1.9.0. Some features may not be parsed fully.
20:30:14.768 [FXGL Background Thread 4 ] DEBUG TMXLevelLoader       - Parsed TiledMap: file:/C:/project/main_repo/target/classes/assets/levels/tmx/level1.tmx
20:30:14.769 [FXGL Background Thread 4 ] DEBUG TMXLevelLoader       - Creating tile layer entities
20:30:14.773 [FXGL Background Thread 4 ] DEBUG TilesetLoader        - Loading view for layer Tile Layer 1
20:30:14.775 [FXGL Background Thread 4 ] DEBUG TilesetLoader        - Created buffer with size 1050.0x700.0
20:30:14.800 [FXGL Background Thread 4 ] DEBUG TMXLevelLoader       - Creating object layer entities
20:30:14.830 [FXGL Background Thread 4 ] DEBUG GameWorld            - Clearing removable entities
20:30:14.830 [FXGL Background Thread 4 ] DEBUG GameWorld            - Setting level: com.almasb.fxgl.entity.level.Level@514ae12b
20:30:14.872 [FXGL Background Thread 4 ] DEBUG FXGLAssetLoaderServi - Loading from file system: file:/C:/project/main_repo/target/classes/assets/textures/background/forest.png
20:30:14.907 [FXGL Background Thread 4 ] INFO  FXGLApplication      - Game initialization took: 0.195 sec
20:30:14.908 [JavaFX Application Thread] DEBUG Input                - Clearing active input actions
20:30:14.919 [JavaFX Application Thread] DEBUG GameApplicationServi - Removing overlay from MainLoadingScene and adding to GameScene
20:30:14.919 [JavaFX Application Thread] DEBUG PrimaryStageWindow   - MainLoadingScene -> GameScene
20:30:14.940 [FXGL Background Thread 2 ] INFO  UpdaterService       - Your current version:  21
20:30:14.941 [FXGL Background Thread 2 ] INFO  UpdaterService       - Latest stable version: 21.1
20:30:17.443 [FXGL Background Thread 3 ] DEBUG Engine               - Logging environment variables
20:30:17.443 [FXGL Background Thread 3 ] DEBUG Engine               - achievements: []
20:30:17.444 [FXGL Background Thread 3 ] DEBUG Engine               - actualHeight: 600.0
20:30:17.444 [FXGL Background Thread 3 ] DEBUG Engine               - actualHeightProperty: ReadOnlyDoubleProperty [value: 600.0]
20:30:17.444 [FXGL Background Thread 3 ] DEBUG Engine               - actualWidth: 800.0
20:30:17.444 [FXGL Background Thread 3 ] DEBUG Engine               - actualWidthProperty: ReadOnlyDoubleProperty [value: 800.0]
20:30:17.444 [FXGL Background Thread 3 ] DEBUG Engine               - appIcon: fxgl_icon.png
20:30:17.444 [FXGL Background Thread 3 ] DEBUG Engine               - applicationMode: DEVELOPER
20:30:17.444 [FXGL Background Thread 3 ] DEBUG Engine               - cSSList: [fxgl_dark.css]
20:30:17.444 [FXGL Background Thread 3 ] DEBUG Engine               - collisionDetectionStrategy: BRUTE_FORCE
20:30:17.444 [FXGL Background Thread 3 ] DEBUG Engine               - configClass: Optional.empty
20:30:17.444 [FXGL Background Thread 3 ] DEBUG Engine               - credits: []
20:30:17.445 [FXGL Background Thread 3 ] DEBUG Engine               - defaultCursor: CursorInfo(imageName=fxgl_default_cursor.png, hotspotX=7.0, hotspotY=6.0)
20:30:17.445 [FXGL Background Thread 3 ] DEBUG Engine               - devBBoxColorProperty: ObjectProperty [value: 0xff0000ff]
20:30:17.445 [FXGL Background Thread 3 ] DEBUG Engine               - devEnableDebugCameraProperty: BooleanProperty [value: false]
20:30:17.445 [FXGL Background Thread 3 ] DEBUG Engine               - devSensorColorProperty: ObjectProperty [value: 0xffff00ff]
20:30:17.445 [FXGL Background Thread 3 ] DEBUG Engine               - devShowBBoxProperty: BooleanProperty [value: false]
20:30:17.445 [FXGL Background Thread 3 ] DEBUG Engine               - devShowPositionProperty: BooleanProperty [value: false]
20:30:17.445 [FXGL Background Thread 3 ] DEBUG Engine               - enabledMenuItems: []
20:30:17.445 [FXGL Background Thread 3 ] DEBUG Engine               - engineServices: [class com.almasb.fxgl.app.services.FXGLAssetLoaderService, class com.almasb.fxgl.app.FXGLApplication$GameApplicationService, class com.almasb.fxgl.app.services.FXGLDialogService, class com.almasb.fxgl.app.services.IOTaskExecutorService, class com.almasb.fxgl.io.FileSystemService, class com.almasb.fxgl.localization.LocalizationService, class com.almasb.fxgl.app.services.SystemBundleService, class com.almasb.fxgl.profile.SaveLoadService, class com.almasb.fxgl.ui.FXGLUIFactoryServiceProvider, class com.almasb.fxgl.ui.FXGLDialogFactoryServiceProvider, class com.almasb.fxgl.audio.AudioPlayer, class com.almasb.fxgl.notification.impl.NotificationServiceProvider, class com.almasb.fxgl.achievement.AchievementService, class com.almasb.fxgl.cutscene.CutsceneService, class com.almasb.fxgl.minigames.MiniGameService, class com.almasb.fxgl.net.NetService, class com.almasb.fxgl.app.services.UpdaterService, class com.almasb.fxgl.dev.DevService]
20:30:17.445 [FXGL Background Thread 3 ] DEBUG Engine               - fontGame: Abel-Regular.ttf
20:30:17.445 [FXGL Background Thread 3 ] DEBUG Engine               - fontMono: TerminalLandMono-Regular.otf
20:30:17.446 [FXGL Background Thread 3 ] DEBUG Engine               - fontSizeScaleUI: 1.0
20:30:17.446 [FXGL Background Thread 3 ] DEBUG Engine               - fontText: Courier-Prime.ttf
20:30:17.446 [FXGL Background Thread 3 ] DEBUG Engine               - fontUI: VarelaRound-Regular.ttf
20:30:17.446 [FXGL Background Thread 3 ] DEBUG Engine               - fullScreen: BooleanProperty [value: false]
20:30:17.446 [FXGL Background Thread 3 ] DEBUG Engine               - gameDifficulty: MEDIUM
20:30:17.446 [FXGL Background Thread 3 ] DEBUG Engine               - gameDifficultyProperty: ObjectProperty [value: MEDIUM]
20:30:17.446 [FXGL Background Thread 3 ] DEBUG Engine               - globalMusicVolume: 0.5
20:30:17.446 [FXGL Background Thread 3 ] DEBUG Engine               - globalMusicVolumeProperty: DoubleProperty [value: 0.25]
20:30:17.446 [FXGL Background Thread 3 ] DEBUG Engine               - globalSoundVolume: 0.5
20:30:17.446 [FXGL Background Thread 3 ] DEBUG Engine               - globalSoundVolumeProperty: DoubleProperty [value: 0.5]
20:30:17.446 [FXGL Background Thread 3 ] DEBUG Engine               - height: 600
20:30:17.446 [FXGL Background Thread 3 ] DEBUG Engine               - is3D: false
20:30:17.446 [FXGL Background Thread 3 ] DEBUG Engine               - isAndroid: false
20:30:17.446 [FXGL Background Thread 3 ] DEBUG Engine               - isBrowser: false
20:30:17.446 [FXGL Background Thread 3 ] DEBUG Engine               - isClickFeedbackEnabled: false
20:30:17.446 [FXGL Background Thread 3 ] DEBUG Engine               - isCloseConfirmation: false
20:30:17.447 [FXGL Background Thread 3 ] DEBUG Engine               - isDesktop: true
20:30:17.447 [FXGL Background Thread 3 ] DEBUG Engine               - isDeveloperMenuEnabled: false
20:30:17.447 [FXGL Background Thread 3 ] DEBUG Engine               - isEmbedded: false
20:30:17.447 [FXGL Background Thread 3 ] DEBUG Engine               - isEntityPreloadEnabled: true
20:30:17.447 [FXGL Background Thread 3 ] DEBUG Engine               - isExperimentalTiledLargeMap: false
20:30:17.447 [FXGL Background Thread 3 ] DEBUG Engine               - isFileSystemWriteAllowed: true
20:30:17.447 [FXGL Background Thread 3 ] DEBUG Engine               - isFullScreenAllowed: false
20:30:17.447 [FXGL Background Thread 3 ] DEBUG Engine               - isFullScreenFromStart: false
20:30:17.447 [FXGL Background Thread 3 ] DEBUG Engine               - isGameMenuEnabled: true
20:30:17.447 [FXGL Background Thread 3 ] DEBUG Engine               - isIOS: false
20:30:17.447 [FXGL Background Thread 3 ] DEBUG Engine               - isIntroEnabled: false
20:30:17.447 [FXGL Background Thread 3 ] DEBUG Engine               - isLinux: false
20:30:17.447 [FXGL Background Thread 3 ] DEBUG Engine               - isMac: false
20:30:17.447 [FXGL Background Thread 3 ] DEBUG Engine               - isMainMenuEnabled: false
20:30:17.447 [FXGL Background Thread 3 ] DEBUG Engine               - isManualResizeEnabled: false
20:30:17.447 [FXGL Background Thread 3 ] DEBUG Engine               - isMobile: false
20:30:17.448 [FXGL Background Thread 3 ] DEBUG Engine               - isNative: false
20:30:17.448 [FXGL Background Thread 3 ] DEBUG Engine               - isPauseMusicWhenMinimized: true
20:30:17.448 [FXGL Background Thread 3 ] DEBUG Engine               - isPreserveResizeRatio: false
20:30:17.448 [FXGL Background Thread 3 ] DEBUG Engine               - isProfilingEnabled: false
20:30:17.448 [FXGL Background Thread 3 ] DEBUG Engine               - isScaleAffectedOnResize: true
20:30:17.448 [FXGL Background Thread 3 ] DEBUG Engine               - isSingleStep: false
20:30:17.448 [FXGL Background Thread 3 ] DEBUG Engine               - isUserProfileEnabled: false
20:30:17.448 [FXGL Background Thread 3 ] DEBUG Engine               - isWindows: true
20:30:17.448 [FXGL Background Thread 3 ] DEBUG Engine               - language: ObjectProperty [value: ENGLISH]
20:30:17.448 [FXGL Background Thread 3 ] DEBUG Engine               - menuKey: ESCAPE
20:30:17.448 [FXGL Background Thread 3 ] DEBUG Engine               - mouseSensitivity: 0.2
20:30:17.448 [FXGL Background Thread 3 ] DEBUG Engine               - notificationViewClass: class com.almasb.fxgl.notification.view.XboxNotificationView
20:30:17.448 [FXGL Background Thread 3 ] DEBUG Engine               - pixelsPerMeter: 50.0
20:30:17.448 [FXGL Background Thread 3 ] DEBUG Engine               - platform: WINDOWS
20:30:17.448 [FXGL Background Thread 3 ] DEBUG Engine               - prefHeightProperty: ReadOnlyDoubleProperty [value: 600.0]
20:30:17.448 [FXGL Background Thread 3 ] DEBUG Engine               - prefWidthProperty: ReadOnlyDoubleProperty [value: 800.0]
20:30:17.448 [FXGL Background Thread 3 ] DEBUG Engine               - profileDir: profiles/
20:30:17.448 [FXGL Background Thread 3 ] DEBUG Engine               - profileName: StringProperty [value: DEFAULT]
20:30:17.449 [FXGL Background Thread 3 ] DEBUG Engine               - randomSeed: -1
20:30:17.449 [FXGL Background Thread 3 ] DEBUG Engine               - runtimeInfo: RuntimeInfo(platform=WINDOWS, version=21, build=28.12.2023 13.35)
20:30:17.449 [FXGL Background Thread 3 ] DEBUG Engine               - saveFileExt: sav
20:30:17.449 [FXGL Background Thread 3 ] DEBUG Engine               - scaledHeightProp$fxgl: DoubleProperty [bound, value: 600.0]
20:30:17.449 [FXGL Background Thread 3 ] DEBUG Engine               - scaledWidthProp$fxgl: DoubleProperty [bound, value: 800.0]
20:30:17.449 [FXGL Background Thread 3 ] DEBUG Engine               - sceneFactory: com.almasb.fxglgames.platformer.PlatformerApp$1@6bc28e51
20:30:17.449 [FXGL Background Thread 3 ] DEBUG Engine               - secondsIn24h: 60
20:30:17.449 [FXGL Background Thread 3 ] DEBUG Engine               - soundMenuBack: menu/back.wav
20:30:17.449 [FXGL Background Thread 3 ] DEBUG Engine               - soundMenuPress: menu/press.wav
20:30:17.449 [FXGL Background Thread 3 ] DEBUG Engine               - soundMenuSelect: menu/select.wav
20:30:17.449 [FXGL Background Thread 3 ] DEBUG Engine               - soundNotification: core/notification.wav
20:30:17.449 [FXGL Background Thread 3 ] DEBUG Engine               - stageStyle: DECORATED
20:30:17.449 [FXGL Background Thread 3 ] DEBUG Engine               - supportedLanguages: [ENGLISH, FRENCH, GERMAN, HUNGARIAN, RUSSIAN]
20:30:17.450 [FXGL Background Thread 3 ] DEBUG Engine               - ticksPerSecond: -1
20:30:17.450 [FXGL Background Thread 3 ] DEBUG Engine               - title: Untitled
20:30:17.450 [FXGL Background Thread 3 ] DEBUG Engine               - urlGithub: https://github.com/AlmasB/FXGL
20:30:17.450 [FXGL Background Thread 3 ] DEBUG Engine               - urlLeaderboard: http://fxgl-top.herokuapp.com/
20:30:17.450 [FXGL Background Thread 3 ] DEBUG Engine               - urlPOM: https://raw.githubusercontent.com/AlmasB/FXGL/release/README.md
20:30:17.450 [FXGL Background Thread 3 ] DEBUG Engine               - userAppClass: class com.almasb.fxglgames.platformer.PlatformerApp
20:30:17.450 [FXGL Background Thread 3 ] DEBUG Engine               - version: 0.0
20:30:17.450 [FXGL Background Thread 3 ] DEBUG Engine               - versionCheckDays: 7
20:30:17.450 [FXGL Background Thread 3 ] DEBUG Engine               - width: 800
20:30:17.450 [FXGL Background Thread 3 ] DEBUG Engine               - Logging services
20:30:17.450 [FXGL Background Thread 3 ] DEBUG Engine               - class com.almasb.fxgl.app.services.FXGLAssetLoaderService
20:30:17.450 [FXGL Background Thread 3 ] DEBUG Engine               - class com.almasb.fxgl.app.FXGLApplication$GameApplicationService
20:30:17.450 [FXGL Background Thread 3 ] DEBUG Engine               - class com.almasb.fxgl.app.services.FXGLDialogService
20:30:17.450 [FXGL Background Thread 3 ] DEBUG Engine               - class com.almasb.fxgl.app.services.IOTaskExecutorService
20:30:17.450 [FXGL Background Thread 3 ] DEBUG Engine               - class com.almasb.fxgl.io.FileSystemService
20:30:17.450 [FXGL Background Thread 3 ] DEBUG Engine               - class com.almasb.fxgl.localization.LocalizationService
20:30:17.450 [FXGL Background Thread 3 ] DEBUG Engine               - class com.almasb.fxgl.app.services.SystemBundleService
20:30:17.450 [FXGL Background Thread 3 ] DEBUG Engine               - class com.almasb.fxgl.profile.SaveLoadService
20:30:17.450 [FXGL Background Thread 3 ] DEBUG Engine               - class com.almasb.fxgl.ui.FXGLUIFactoryServiceProvider
20:30:17.450 [FXGL Background Thread 3 ] DEBUG Engine               - class com.almasb.fxgl.ui.FXGLDialogFactoryServiceProvider
20:30:17.450 [FXGL Background Thread 3 ] DEBUG Engine               - class com.almasb.fxgl.audio.AudioPlayer
20:30:17.450 [FXGL Background Thread 3 ] DEBUG Engine               - class com.almasb.fxgl.notification.impl.NotificationServiceProvider
20:30:17.450 [FXGL Background Thread 3 ] DEBUG Engine               - class com.almasb.fxgl.achievement.AchievementService
20:30:17.450 [FXGL Background Thread 3 ] DEBUG Engine               - class com.almasb.fxgl.cutscene.CutsceneService
20:30:17.450 [FXGL Background Thread 3 ] DEBUG Engine               - class com.almasb.fxgl.minigames.MiniGameService
20:30:17.450 [FXGL Background Thread 3 ] DEBUG Engine               - class com.almasb.fxgl.net.NetService
20:30:17.450 [FXGL Background Thread 3 ] DEBUG Engine               - class com.almasb.fxgl.app.services.UpdaterService
20:30:17.451 [FXGL Background Thread 3 ] DEBUG Engine               - class com.almasb.fxgl.dev.DevService
20:30:21.426 [JavaFX Application Thread] DEBUG Input                - Registered new binding: Close Level End Screen - LMB
20:30:21.429 [JavaFX Application Thread] DEBUG FXGLAssetLoaderServi - Loading from file system: file:/C:/project/main_repo/target/classes/assets/textures/star_empty.png
20:30:21.444 [JavaFX Application Thread] DEBUG FXGLAssetLoaderServi - Loading from file system: file:/C:/project/main_repo/target/classes/assets/textures/star_full.png
20:30:21.449 [JavaFX Application Thread] DEBUG PrimaryStageWindow   - Push state: LevelEndScene
20:30:21.449 [JavaFX Application Thread] DEBUG Input                - Clearing active input actions
20:30:21.449 [JavaFX Application Thread] DEBUG GameApplicationServi - Removing overlay from GameScene and adding to LevelEndScene
20:30:21.450 [JavaFX Application Thread] DEBUG PrimaryStageWindow   - GameScene -> LevelEndScene
20:41:48.218 [JavaFX Application Thread] DEBUG FXGLApplication      - Exiting FXGL
20:41:48.218 [JavaFX Application Thread] DEBUG LoopRunner           - Stopping loop
20:41:48.218 [JavaFX Application Thread] DEBUG SystemBundleService  - Saving FXGL system data
20:41:48.221 [JavaFX Application Thread] DEBUG FileSystemAccess     - Writing to: C:\project\main_repo\system\fxgl.bundle
20:41:48.224 [JavaFX Application Thread] DEBUG Async                - Shutting down background threads
20:41:48.224 [JavaFX Application Thread] DEBUG PrimaryStageWindow   - Closing main window
20:41:48.233 [JavaFX Application Thread] DEBUG Logger               - Closing Logger
