18:56:51.948 [main                     ] DEBUG Logger               - Configured Logger
18:56:51.972 [main                     ] DEBUG GameApplication      - Logging settings
Title: Untitled
Version: 0.0
Width: 800
Height: 600
Fullscreen: false
Intro: false
Profiling: false
Single step:false
App Mode: DEVELOPER
Menu Key: ESCAPE
Stage Style: DECORATED
Scene Factory: class com.almasb.fxglgames.platformer.PlatformerApp$1

18:56:52.334 [JavaFX Application Thread] DEBUG FXGLApplication      - Initializing FXGL
18:56:52.339 [JavaFX Application Thread] INFO  Engine               - FXGL-21 (28.12.2023 13.35) on WINDOWS (J:21 FX:21.0.1)
18:56:52.339 [JavaFX Application Thread] DEBUG Engine               - JRE Vendor Name: Oracle Corporation
18:56:52.339 [JavaFX Application Thread] DEBUG Engine               - Running on OS: Windows 10 version 10.0
18:56:52.340 [JavaFX Application Thread] DEBUG Engine               - Architecture: amd64
18:56:52.340 [JavaFX Application Thread] INFO  Engine               - Source code and latest versions at: https://github.com/AlmasB/FXGL
18:56:52.340 [JavaFX Application Thread] INFO  Engine               -       Ask questions and discuss at: https://github.com/AlmasB/FXGL/discussions
18:56:52.340 [JavaFX Application Thread] INFO  Engine               -              Join the FXGL chat at: https://gitter.im/AlmasB/FXGL
18:56:52.431 [JavaFX Application Thread] DEBUG PrimaryStageWindow   - Creating a JavaFX scene
18:56:52.484 [JavaFX Application Thread] DEBUG PrimaryStageWindow   - Target settings size: 800.0 x 600.0
18:56:52.484 [JavaFX Application Thread] DEBUG PrimaryStageWindow   - Scaled scene size:    800.0 x 600.0
18:56:52.484 [JavaFX Application Thread] DEBUG PrimaryStageWindow   - Scaled ratio: (1.0, 1.0)
18:56:52.485 [JavaFX Application Thread] DEBUG PrimaryStageWindow   - Set initial scene to FXGLStartupScene
18:56:52.490 [JavaFX Application Thread] DEBUG PrimaryStageWindow   - Opening main window
18:56:52.617 [JavaFX Application Thread] DEBUG PrimaryStageWindow   - Window border size: (16.0, 39.0)
18:56:52.618 [JavaFX Application Thread] DEBUG PrimaryStageWindow   - Scaled size: 800.0 x 600.0
18:56:52.618 [JavaFX Application Thread] DEBUG PrimaryStageWindow   - Scaled ratio: (1.0, 1.0)
18:56:52.619 [JavaFX Application Thread] DEBUG PrimaryStageWindow   - Scene size: 800.0 x 600.0
18:56:52.619 [JavaFX Application Thread] DEBUG PrimaryStageWindow   - Stage size: 816.0 x 639.0
18:56:52.629 [FXGL Background Thread 1 ] DEBUG Engine               - Initializing environment variables
18:56:52.694 [FXGL Background Thread 1 ] DEBUG FXGLAssetLoaderServi - User app class for loading assets: class com.almasb.fxglgames.platformer.PlatformerApp
18:56:52.694 [FXGL Background Thread 1 ] DEBUG GameApplicationServi - Applying CSS: fxgl_dark.css
18:56:52.695 [FXGL Background Thread 1 ] DEBUG FXGLAssetLoaderServi - Loading from file system: jar:file:///C:/Users/TECH2-07/.m2/repository/com/github/almasb/fxgl/21/fxgl-21.jar!/fxglassets/ui/css/fxgl_dark.css
18:56:52.746 [FXGL Background Thread 1 ] DEBUG GameApplicationServi - Initializing application scenes
18:56:52.820 [FXGL Background Thread 1 ] DEBUG FXGLAssetLoaderServi - Loading from file system: file:/C:/Users/TECH2-07/Downloads/FXGLGames-master123/FXGLGames-master/Mario/target/classes/assets/textures/player.png
18:56:52.848 [FXGL Background Thread 1 ] DEBUG GameWorld            - Game world initialized
18:56:52.911 [FXGL Background Thread 1 ] DEBUG PhysicsWorld         - Physics world initialized: appHeight=600, physics.ppm=50.0
18:56:52.911 [FXGL Background Thread 1 ] DEBUG PhysicsWorld         - Using strategy: BRUTE_FORCE
18:56:52.916 [FXGL Background Thread 1 ] DEBUG GameScene            - Game scene initialized: 800x600
18:56:52.926 [FXGL Background Thread 1 ] DEBUG FXGL.DefaultMenu     - createMenuBodyGameMenu()
18:56:52.945 [FXGL Background Thread 1 ] DEBUG FXGL.DefaultMenu     - createOptionsMenu()
18:56:52.957 [FXGL Background Thread 1 ] DEBUG FXGLAssetLoaderServi - Loading from file system: jar:file:///C:/Users/TECH2-07/.m2/repository/com/github/almasb/fxgl/21/fxgl-21.jar!/fxglassets/textures/particles/smoke.png
18:56:53.061 [FXGL Background Thread 1 ] DEBUG FXGLAssetLoaderServi - Loading from file system: jar:file:///C:/Users/TECH2-07/.m2/repository/com/github/almasb/fxgl/21/fxgl-21.jar!/fxglassets/textures/particles/trace_horizontal.png
18:56:53.127 [FXGL Background Thread 1 ] DEBUG GameApplicationServi - Application scenes initialized
18:56:53.139 [FXGL Background Thread 1 ] DEBUG SystemBundleService  - Loading FXGL system data
18:56:53.143 [FXGL Background Thread 1 ] DEBUG FileSystemAccess     - Reading from: C:\Users\TECH2-07\Downloads\FXGLGames-master123\FXGLGames-master\Mario\system\fxgl.bundle
18:56:53.153 [FXGL Background Thread 1 ] DEBUG SystemBundleService  - Bundle FXGL: {}
18:56:53.153 [FXGL Background Thread 1 ] DEBUG UpdaterService       - Checking for updates
18:56:53.159 [FXGL Background Thread 4 ] DEBUG FXGLApplication      - Loading fonts
18:56:53.160 [FXGL Background Thread 4 ] DEBUG FXGLAssetLoaderServi - Loading from file system: jar:file:///C:/Users/TECH2-07/.m2/repository/com/github/almasb/fxgl/21/fxgl-21.jar!/fxglassets/ui/fonts/VarelaRound-Regular.ttf
18:56:53.160 [FXGL Background Thread 1 ] DEBUG FXGLApplication      - Loading default localization
18:56:53.161 [FXGL Background Thread 1 ] DEBUG FXGLAssetLoaderServi - Loading from file system: jar:file:///C:/Users/TECH2-07/.m2/repository/com/github/almasb/fxgl/21/fxgl-21.jar!/fxglassets/languages/english.lang
18:56:53.182 [FXGL Background Thread 1 ] INFO  FXGLApplication      - FXGL initialization took: 0.553 sec
18:56:53.189 [JavaFX Application Thread] DEBUG Input                - Registered new binding: action0 - LMB
18:56:53.199 [JavaFX Application Thread] DEBUG Input                - Registered new binding: Left - A
18:56:53.199 [JavaFX Application Thread] DEBUG Input                - Registered new binding: Right - D
18:56:53.199 [JavaFX Application Thread] DEBUG Input                - Registered new binding: Jump - W
18:56:53.200 [JavaFX Application Thread] DEBUG Input                - Registered new binding: Use - E
18:56:53.203 [JavaFX Application Thread] DEBUG FXGLAssetLoaderServi - Loading from file system: file:/C:/Users/TECH2-07/Downloads/FXGLGames-master123/FXGLGames-master/Mario/target/classes/assets/music/BGM_dash_runner.wav
18:56:53.207 [FXGL Background Thread 4 ] DEBUG FXGLAssetLoaderServi - Loading from file system: jar:file:///C:/Users/TECH2-07/.m2/repository/com/github/almasb/fxgl/21/fxgl-21.jar!/fxglassets/ui/fonts/Abel-Regular.ttf
18:56:53.212 [FXGL Background Thread 4 ] DEBUG FXGLAssetLoaderServi - Loading from file system: jar:file:///C:/Users/TECH2-07/.m2/repository/com/github/almasb/fxgl/21/fxgl-21.jar!/fxglassets/ui/fonts/TerminalLandMono-Regular.otf
18:56:53.217 [FXGL Background Thread 4 ] DEBUG FXGLAssetLoaderServi - Loading from file system: jar:file:///C:/Users/TECH2-07/.m2/repository/com/github/almasb/fxgl/21/fxgl-21.jar!/fxglassets/ui/fonts/Courier-Prime.ttf
18:56:53.350 [JavaFX Application Thread] DEBUG AudioPlayer          - Playing music com.almasb.fxgl.audio.Music@76e65ed1
18:56:53.351 [JavaFX Application Thread] DEBUG FXGLAssetLoaderServi - Loading from file system: jar:file:///C:/Users/TECH2-07/.m2/repository/com/github/almasb/fxgl/21/fxgl-21.jar!/fxglassets/textures/fxgl_icon.png
18:56:53.370 [JavaFX Application Thread] DEBUG FXGLAssetLoaderServi - Loading from file system: jar:file:///C:/Users/TECH2-07/.m2/repository/com/github/almasb/fxgl/21/fxgl-21.jar!/fxglassets/textures/fxgl_default_cursor.png
18:56:53.373 [JavaFX Application Thread] DEBUG Input                - Registered new binding: Screenshot - CTRL+8
18:56:53.373 [JavaFX Application Thread] DEBUG Input                - Registered new binding: System info dump - CTRL+9
18:56:53.374 [JavaFX Application Thread] DEBUG Input                - Registered new binding: Restart - CTRL+R
18:56:53.374 [JavaFX Application Thread] DEBUG Input                - Registered new binding: Toggle Debug Camera - CTRL+7
18:56:53.377 [JavaFX Application Thread] DEBUG LoopRunner           - Starting loop
18:56:53.377 [JavaFX Application Thread] DEBUG LoopRunner           - Initializing JavaFX AnimationTimerLoop
18:56:53.379 [JavaFX Application Thread] DEBUG GameApplicationServi - Starting new game
18:56:53.379 [JavaFX Application Thread] DEBUG Input                - Clearing active input actions
18:56:53.399 [JavaFX Application Thread] DEBUG GameApplicationServi - Removing overlay from FXGLStartupScene and adding to MainLoadingScene
18:56:53.400 [JavaFX Application Thread] DEBUG PrimaryStageWindow   - FXGLStartupScene -> MainLoadingScene
18:56:53.400 [JavaFX Application Thread] DEBUG GameApplicationServi - Clearing previous game
18:56:53.400 [JavaFX Application Thread] DEBUG GameScene            - Clearing game scene
18:56:53.400 [JavaFX Application Thread] DEBUG GameWorld            - Clearing game world
18:56:53.400 [JavaFX Application Thread] DEBUG PhysicsWorld         - Clearing physics world
18:56:53.401 [FXGL Background Thread 4 ] DEBUG FXGLApplication      - Initializing game
18:56:53.402 [JavaFX Application Thread] DEBUG FXGLApplication      - Registering font factories with UI factory
18:56:53.455 [FXGL Background Thread 4 ] WARN  TMXLevelLoader       - TiledMap generated from 1.2.3. Supported version: 1.9.0. Some features may not be parsed fully.
18:56:53.466 [FXGL Background Thread 4 ] DEBUG TMXLevelLoader       - Parsed TiledMap: file:/C:/Users/TECH2-07/Downloads/FXGLGames-master123/FXGLGames-master/Mario/target/classes/assets/levels/tmx/level1.tmx
18:56:53.467 [FXGL Background Thread 4 ] DEBUG TMXLevelLoader       - Creating tile layer entities
18:56:53.470 [FXGL Background Thread 4 ] DEBUG TilesetLoader        - Loading view for layer Tile Layer 1
18:56:53.472 [FXGL Background Thread 4 ] DEBUG TilesetLoader        - Created buffer with size 1050.0x700.0
18:56:53.497 [FXGL Background Thread 4 ] DEBUG TMXLevelLoader       - Creating object layer entities
18:56:53.523 [FXGL Background Thread 4 ] DEBUG GameWorld            - Clearing removable entities
18:56:53.523 [FXGL Background Thread 4 ] DEBUG GameWorld            - Setting level: com.almasb.fxgl.entity.level.Level@51da9021
18:56:53.559 [FXGL Background Thread 4 ] DEBUG FXGLAssetLoaderServi - Loading from file system: file:/C:/Users/TECH2-07/Downloads/FXGLGames-master123/FXGLGames-master/Mario/target/classes/assets/textures/background/forest.png
18:56:53.589 [FXGL Background Thread 4 ] INFO  FXGLApplication      - Game initialization took: 0.187 sec
18:56:53.590 [JavaFX Application Thread] DEBUG Input                - Clearing active input actions
18:56:53.606 [JavaFX Application Thread] DEBUG GameApplicationServi - Removing overlay from MainLoadingScene and adding to GameScene
18:56:53.606 [JavaFX Application Thread] DEBUG PrimaryStageWindow   - MainLoadingScene -> GameScene
18:56:53.639 [FXGL Background Thread 2 ] INFO  UpdaterService       - Your current version:  21
18:56:53.640 [FXGL Background Thread 2 ] INFO  UpdaterService       - Latest stable version: 21.1
18:56:56.159 [FXGL Background Thread 3 ] DEBUG Engine               - Logging environment variables
18:56:56.159 [FXGL Background Thread 3 ] DEBUG Engine               - achievements: []
18:56:56.159 [FXGL Background Thread 3 ] DEBUG Engine               - actualHeight: 600.0
18:56:56.159 [FXGL Background Thread 3 ] DEBUG Engine               - actualHeightProperty: ReadOnlyDoubleProperty [value: 600.0]
18:56:56.159 [FXGL Background Thread 3 ] DEBUG Engine               - actualWidth: 800.0
18:56:56.159 [FXGL Background Thread 3 ] DEBUG Engine               - actualWidthProperty: ReadOnlyDoubleProperty [value: 800.0]
18:56:56.160 [FXGL Background Thread 3 ] DEBUG Engine               - appIcon: fxgl_icon.png
18:56:56.160 [FXGL Background Thread 3 ] DEBUG Engine               - applicationMode: DEVELOPER
18:56:56.160 [FXGL Background Thread 3 ] DEBUG Engine               - cSSList: [fxgl_dark.css]
18:56:56.160 [FXGL Background Thread 3 ] DEBUG Engine               - collisionDetectionStrategy: BRUTE_FORCE
18:56:56.160 [FXGL Background Thread 3 ] DEBUG Engine               - configClass: Optional.empty
18:56:56.160 [FXGL Background Thread 3 ] DEBUG Engine               - credits: []
18:56:56.160 [FXGL Background Thread 3 ] DEBUG Engine               - defaultCursor: CursorInfo(imageName=fxgl_default_cursor.png, hotspotX=7.0, hotspotY=6.0)
18:56:56.161 [FXGL Background Thread 3 ] DEBUG Engine               - devBBoxColorProperty: ObjectProperty [value: 0xff0000ff]
18:56:56.161 [FXGL Background Thread 3 ] DEBUG Engine               - devEnableDebugCameraProperty: BooleanProperty [value: false]
18:56:56.161 [FXGL Background Thread 3 ] DEBUG Engine               - devSensorColorProperty: ObjectProperty [value: 0xffff00ff]
18:56:56.161 [FXGL Background Thread 3 ] DEBUG Engine               - devShowBBoxProperty: BooleanProperty [value: false]
18:56:56.161 [FXGL Background Thread 3 ] DEBUG Engine               - devShowPositionProperty: BooleanProperty [value: false]
18:56:56.162 [FXGL Background Thread 3 ] DEBUG Engine               - enabledMenuItems: []
18:56:56.162 [FXGL Background Thread 3 ] DEBUG Engine               - engineServices: [class com.almasb.fxgl.app.services.FXGLAssetLoaderService, class com.almasb.fxgl.app.FXGLApplication$GameApplicationService, class com.almasb.fxgl.app.services.FXGLDialogService, class com.almasb.fxgl.app.services.IOTaskExecutorService, class com.almasb.fxgl.io.FileSystemService, class com.almasb.fxgl.localization.LocalizationService, class com.almasb.fxgl.app.services.SystemBundleService, class com.almasb.fxgl.profile.SaveLoadService, class com.almasb.fxgl.ui.FXGLUIFactoryServiceProvider, class com.almasb.fxgl.ui.FXGLDialogFactoryServiceProvider, class com.almasb.fxgl.audio.AudioPlayer, class com.almasb.fxgl.notification.impl.NotificationServiceProvider, class com.almasb.fxgl.achievement.AchievementService, class com.almasb.fxgl.cutscene.CutsceneService, class com.almasb.fxgl.minigames.MiniGameService, class com.almasb.fxgl.net.NetService, class com.almasb.fxgl.app.services.UpdaterService, class com.almasb.fxgl.dev.DevService]
18:56:56.162 [FXGL Background Thread 3 ] DEBUG Engine               - fontGame: Abel-Regular.ttf
18:56:56.162 [FXGL Background Thread 3 ] DEBUG Engine               - fontMono: TerminalLandMono-Regular.otf
18:56:56.162 [FXGL Background Thread 3 ] DEBUG Engine               - fontSizeScaleUI: 1.0
18:56:56.162 [FXGL Background Thread 3 ] DEBUG Engine               - fontText: Courier-Prime.ttf
18:56:56.162 [FXGL Background Thread 3 ] DEBUG Engine               - fontUI: VarelaRound-Regular.ttf
18:56:56.162 [FXGL Background Thread 3 ] DEBUG Engine               - fullScreen: BooleanProperty [value: false]
18:56:56.162 [FXGL Background Thread 3 ] DEBUG Engine               - gameDifficulty: MEDIUM
18:56:56.162 [FXGL Background Thread 3 ] DEBUG Engine               - gameDifficultyProperty: ObjectProperty [value: MEDIUM]
18:56:56.163 [FXGL Background Thread 3 ] DEBUG Engine               - globalMusicVolume: 0.5
18:56:56.163 [FXGL Background Thread 3 ] DEBUG Engine               - globalMusicVolumeProperty: DoubleProperty [value: 0.25]
18:56:56.163 [FXGL Background Thread 3 ] DEBUG Engine               - globalSoundVolume: 0.5
18:56:56.163 [FXGL Background Thread 3 ] DEBUG Engine               - globalSoundVolumeProperty: DoubleProperty [value: 0.5]
18:56:56.163 [FXGL Background Thread 3 ] DEBUG Engine               - height: 600
18:56:56.163 [FXGL Background Thread 3 ] DEBUG Engine               - is3D: false
18:56:56.163 [FXGL Background Thread 3 ] DEBUG Engine               - isAndroid: false
18:56:56.163 [FXGL Background Thread 3 ] DEBUG Engine               - isBrowser: false
18:56:56.163 [FXGL Background Thread 3 ] DEBUG Engine               - isClickFeedbackEnabled: false
18:56:56.163 [FXGL Background Thread 3 ] DEBUG Engine               - isCloseConfirmation: false
18:56:56.163 [FXGL Background Thread 3 ] DEBUG Engine               - isDesktop: true
18:56:56.164 [FXGL Background Thread 3 ] DEBUG Engine               - isDeveloperMenuEnabled: false
18:56:56.164 [FXGL Background Thread 3 ] DEBUG Engine               - isEmbedded: false
18:56:56.164 [FXGL Background Thread 3 ] DEBUG Engine               - isEntityPreloadEnabled: true
18:56:56.164 [FXGL Background Thread 3 ] DEBUG Engine               - isExperimentalTiledLargeMap: false
18:56:56.164 [FXGL Background Thread 3 ] DEBUG Engine               - isFileSystemWriteAllowed: true
18:56:56.164 [FXGL Background Thread 3 ] DEBUG Engine               - isFullScreenAllowed: false
18:56:56.164 [FXGL Background Thread 3 ] DEBUG Engine               - isFullScreenFromStart: false
18:56:56.164 [FXGL Background Thread 3 ] DEBUG Engine               - isGameMenuEnabled: true
18:56:56.164 [FXGL Background Thread 3 ] DEBUG Engine               - isIOS: false
18:56:56.164 [FXGL Background Thread 3 ] DEBUG Engine               - isIntroEnabled: false
18:56:56.164 [FXGL Background Thread 3 ] DEBUG Engine               - isLinux: false
18:56:56.164 [FXGL Background Thread 3 ] DEBUG Engine               - isMac: false
18:56:56.164 [FXGL Background Thread 3 ] DEBUG Engine               - isMainMenuEnabled: false
18:56:56.164 [FXGL Background Thread 3 ] DEBUG Engine               - isManualResizeEnabled: false
18:56:56.164 [FXGL Background Thread 3 ] DEBUG Engine               - isMobile: false
18:56:56.164 [FXGL Background Thread 3 ] DEBUG Engine               - isNative: false
18:56:56.164 [FXGL Background Thread 3 ] DEBUG Engine               - isPauseMusicWhenMinimized: true
18:56:56.165 [FXGL Background Thread 3 ] DEBUG Engine               - isPreserveResizeRatio: false
18:56:56.165 [FXGL Background Thread 3 ] DEBUG Engine               - isProfilingEnabled: false
18:56:56.165 [FXGL Background Thread 3 ] DEBUG Engine               - isScaleAffectedOnResize: true
18:56:56.165 [FXGL Background Thread 3 ] DEBUG Engine               - isSingleStep: false
18:56:56.165 [FXGL Background Thread 3 ] DEBUG Engine               - isUserProfileEnabled: false
18:56:56.165 [FXGL Background Thread 3 ] DEBUG Engine               - isWindows: true
18:56:56.165 [FXGL Background Thread 3 ] DEBUG Engine               - language: ObjectProperty [value: ENGLISH]
18:56:56.165 [FXGL Background Thread 3 ] DEBUG Engine               - menuKey: ESCAPE
18:56:56.165 [FXGL Background Thread 3 ] DEBUG Engine               - mouseSensitivity: 0.2
18:56:56.165 [FXGL Background Thread 3 ] DEBUG Engine               - notificationViewClass: class com.almasb.fxgl.notification.view.XboxNotificationView
18:56:56.165 [FXGL Background Thread 3 ] DEBUG Engine               - pixelsPerMeter: 50.0
18:56:56.165 [FXGL Background Thread 3 ] DEBUG Engine               - platform: WINDOWS
18:56:56.165 [FXGL Background Thread 3 ] DEBUG Engine               - prefHeightProperty: ReadOnlyDoubleProperty [value: 600.0]
18:56:56.165 [FXGL Background Thread 3 ] DEBUG Engine               - prefWidthProperty: ReadOnlyDoubleProperty [value: 800.0]
18:56:56.165 [FXGL Background Thread 3 ] DEBUG Engine               - profileDir: profiles/
18:56:56.165 [FXGL Background Thread 3 ] DEBUG Engine               - profileName: StringProperty [value: DEFAULT]
18:56:56.166 [FXGL Background Thread 3 ] DEBUG Engine               - randomSeed: -1
18:56:56.166 [FXGL Background Thread 3 ] DEBUG Engine               - runtimeInfo: RuntimeInfo(platform=WINDOWS, version=21, build=28.12.2023 13.35)
18:56:56.166 [FXGL Background Thread 3 ] DEBUG Engine               - saveFileExt: sav
18:56:56.166 [FXGL Background Thread 3 ] DEBUG Engine               - scaledHeightProp$fxgl: DoubleProperty [bound, value: 600.0]
18:56:56.166 [FXGL Background Thread 3 ] DEBUG Engine               - scaledWidthProp$fxgl: DoubleProperty [bound, value: 800.0]
18:56:56.166 [FXGL Background Thread 3 ] DEBUG Engine               - sceneFactory: com.almasb.fxglgames.platformer.PlatformerApp$1@2e5c03dc
18:56:56.166 [FXGL Background Thread 3 ] DEBUG Engine               - secondsIn24h: 60
18:56:56.166 [FXGL Background Thread 3 ] DEBUG Engine               - soundMenuBack: menu/back.wav
18:56:56.166 [FXGL Background Thread 3 ] DEBUG Engine               - soundMenuPress: menu/press.wav
18:56:56.166 [FXGL Background Thread 3 ] DEBUG Engine               - soundMenuSelect: menu/select.wav
18:56:56.166 [FXGL Background Thread 3 ] DEBUG Engine               - soundNotification: core/notification.wav
18:56:56.167 [FXGL Background Thread 3 ] DEBUG Engine               - stageStyle: DECORATED
18:56:56.167 [FXGL Background Thread 3 ] DEBUG Engine               - supportedLanguages: [ENGLISH, FRENCH, GERMAN, HUNGARIAN, RUSSIAN]
18:56:56.167 [FXGL Background Thread 3 ] DEBUG Engine               - ticksPerSecond: -1
18:56:56.167 [FXGL Background Thread 3 ] DEBUG Engine               - title: Untitled
18:56:56.167 [FXGL Background Thread 3 ] DEBUG Engine               - urlGithub: https://github.com/AlmasB/FXGL
18:56:56.167 [FXGL Background Thread 3 ] DEBUG Engine               - urlLeaderboard: http://fxgl-top.herokuapp.com/
18:56:56.167 [FXGL Background Thread 3 ] DEBUG Engine               - urlPOM: https://raw.githubusercontent.com/AlmasB/FXGL/release/README.md
18:56:56.167 [FXGL Background Thread 3 ] DEBUG Engine               - userAppClass: class com.almasb.fxglgames.platformer.PlatformerApp
18:56:56.167 [FXGL Background Thread 3 ] DEBUG Engine               - version: 0.0
18:56:56.167 [FXGL Background Thread 3 ] DEBUG Engine               - versionCheckDays: 7
18:56:56.167 [FXGL Background Thread 3 ] DEBUG Engine               - width: 800
18:56:56.167 [FXGL Background Thread 3 ] DEBUG Engine               - Logging services
18:56:56.167 [FXGL Background Thread 3 ] DEBUG Engine               - class com.almasb.fxgl.app.services.FXGLAssetLoaderService
18:56:56.167 [FXGL Background Thread 3 ] DEBUG Engine               - class com.almasb.fxgl.app.FXGLApplication$GameApplicationService
18:56:56.167 [FXGL Background Thread 3 ] DEBUG Engine               - class com.almasb.fxgl.app.services.FXGLDialogService
18:56:56.167 [FXGL Background Thread 3 ] DEBUG Engine               - class com.almasb.fxgl.app.services.IOTaskExecutorService
18:56:56.167 [FXGL Background Thread 3 ] DEBUG Engine               - class com.almasb.fxgl.io.FileSystemService
18:56:56.167 [FXGL Background Thread 3 ] DEBUG Engine               - class com.almasb.fxgl.localization.LocalizationService
18:56:56.168 [FXGL Background Thread 3 ] DEBUG Engine               - class com.almasb.fxgl.app.services.SystemBundleService
18:56:56.168 [FXGL Background Thread 3 ] DEBUG Engine               - class com.almasb.fxgl.profile.SaveLoadService
18:56:56.168 [FXGL Background Thread 3 ] DEBUG Engine               - class com.almasb.fxgl.ui.FXGLUIFactoryServiceProvider
18:56:56.168 [FXGL Background Thread 3 ] DEBUG Engine               - class com.almasb.fxgl.ui.FXGLDialogFactoryServiceProvider
18:56:56.168 [FXGL Background Thread 3 ] DEBUG Engine               - class com.almasb.fxgl.audio.AudioPlayer
18:56:56.168 [FXGL Background Thread 3 ] DEBUG Engine               - class com.almasb.fxgl.notification.impl.NotificationServiceProvider
18:56:56.168 [FXGL Background Thread 3 ] DEBUG Engine               - class com.almasb.fxgl.achievement.AchievementService
18:56:56.168 [FXGL Background Thread 3 ] DEBUG Engine               - class com.almasb.fxgl.cutscene.CutsceneService
18:56:56.168 [FXGL Background Thread 3 ] DEBUG Engine               - class com.almasb.fxgl.minigames.MiniGameService
18:56:56.168 [FXGL Background Thread 3 ] DEBUG Engine               - class com.almasb.fxgl.net.NetService
18:56:56.168 [FXGL Background Thread 3 ] DEBUG Engine               - class com.almasb.fxgl.app.services.UpdaterService
18:56:56.168 [FXGL Background Thread 3 ] DEBUG Engine               - class com.almasb.fxgl.dev.DevService
18:57:06.856 [JavaFX Application Thread] DEBUG FXGLApplication      - Exiting FXGL
18:57:06.857 [JavaFX Application Thread] DEBUG LoopRunner           - Stopping loop
18:57:06.857 [JavaFX Application Thread] DEBUG SystemBundleService  - Saving FXGL system data
18:57:06.861 [JavaFX Application Thread] DEBUG FileSystemAccess     - Writing to: C:\Users\TECH2-07\Downloads\FXGLGames-master123\FXGLGames-master\Mario\system\fxgl.bundle
18:57:06.865 [JavaFX Application Thread] DEBUG Async                - Shutting down background threads
18:57:06.865 [JavaFX Application Thread] DEBUG PrimaryStageWindow   - Closing main window
18:57:06.878 [JavaFX Application Thread] DEBUG Logger               - Closing Logger
