20:43:15.803 [main                     ] DEBUG Logger               - Configured Logger
20:43:15.825 [main                     ] DEBUG GameApplication      - Logging settings
Title: Untitled
Version: 0.0
Width: 800
Height: 600
Fullscreen: false
Intro: false
Profiling: false
Single step:false
App Mode: DEVELOPER
Menu Key: ESCAPE
Stage Style: DECORATED
Scene Factory: class com.almasb.fxglgames.platformer.PlatformerApp$1

20:43:16.231 [JavaFX Application Thread] DEBUG FXGLApplication      - Initializing FXGL
20:43:16.236 [JavaFX Application Thread] INFO  Engine               - FXGL-21 (28.12.2023 13.35) on WINDOWS (J:21.0.2 FX:21.0.1)
20:43:16.236 [JavaFX Application Thread] DEBUG Engine               - JRE Vendor Name: Oracle Corporation
20:43:16.237 [JavaFX Application Thread] DEBUG Engine               - Running on OS: Windows 10 version 10.0
20:43:16.237 [JavaFX Application Thread] DEBUG Engine               - Architecture: amd64
20:43:16.237 [JavaFX Application Thread] INFO  Engine               - Source code and latest versions at: https://github.com/AlmasB/FXGL
20:43:16.237 [JavaFX Application Thread] INFO  Engine               -       Ask questions and discuss at: https://github.com/AlmasB/FXGL/discussions
20:43:16.237 [JavaFX Application Thread] INFO  Engine               -              Join the FXGL chat at: https://gitter.im/AlmasB/FXGL
20:43:16.335 [JavaFX Application Thread] DEBUG PrimaryStageWindow   - Creating a JavaFX scene
20:43:16.388 [JavaFX Application Thread] DEBUG PrimaryStageWindow   - Target settings size: 800.0 x 600.0
20:43:16.388 [JavaFX Application Thread] DEBUG PrimaryStageWindow   - Scaled scene size:    800.0 x 600.0
20:43:16.388 [JavaFX Application Thread] DEBUG PrimaryStageWindow   - Scaled ratio: (1.0, 1.0)
20:43:16.389 [JavaFX Application Thread] DEBUG PrimaryStageWindow   - Set initial scene to FXGLStartupScene
20:43:16.392 [JavaFX Application Thread] DEBUG PrimaryStageWindow   - Opening main window
20:43:16.469 [JavaFX Application Thread] DEBUG PrimaryStageWindow   - Window border size: (16.0, 39.0)
20:43:16.469 [JavaFX Application Thread] DEBUG PrimaryStageWindow   - Scaled size: 800.0 x 600.0
20:43:16.470 [JavaFX Application Thread] DEBUG PrimaryStageWindow   - Scaled ratio: (1.0, 1.0)
20:43:16.470 [JavaFX Application Thread] DEBUG PrimaryStageWindow   - Scene size: 800.0 x 600.0
20:43:16.471 [JavaFX Application Thread] DEBUG PrimaryStageWindow   - Stage size: 816.0 x 639.0
20:43:16.477 [FXGL Background Thread 1 ] DEBUG Engine               - Initializing environment variables
20:43:16.536 [FXGL Background Thread 1 ] DEBUG FXGLAssetLoaderServi - User app class for loading assets: class com.almasb.fxglgames.platformer.PlatformerApp
20:43:16.536 [FXGL Background Thread 1 ] DEBUG GameApplicationServi - Applying CSS: fxgl_dark.css
20:43:16.537 [FXGL Background Thread 1 ] DEBUG FXGLAssetLoaderServi - Loading from file system: jar:file:///C:/Users/TECH2-26/.m2/repository/com/github/almasb/fxgl/21/fxgl-21.jar!/fxglassets/ui/css/fxgl_dark.css
20:43:16.589 [FXGL Background Thread 1 ] DEBUG GameApplicationServi - Initializing application scenes
20:43:16.667 [FXGL Background Thread 1 ] DEBUG FXGLAssetLoaderServi - Loading from file system: file:/C:/project/main_repo/target/classes/assets/textures/player.png
20:43:16.692 [FXGL Background Thread 1 ] DEBUG GameWorld            - Game world initialized
20:43:16.752 [FXGL Background Thread 1 ] DEBUG PhysicsWorld         - Physics world initialized: appHeight=600, physics.ppm=50.0
20:43:16.752 [FXGL Background Thread 1 ] DEBUG PhysicsWorld         - Using strategy: BRUTE_FORCE
20:43:16.755 [FXGL Background Thread 1 ] DEBUG GameScene            - Game scene initialized: 800x600
20:43:16.765 [FXGL Background Thread 1 ] DEBUG FXGL.DefaultMenu     - createMenuBodyGameMenu()
20:43:16.784 [FXGL Background Thread 1 ] DEBUG FXGL.DefaultMenu     - createOptionsMenu()
20:43:16.793 [FXGL Background Thread 1 ] DEBUG FXGLAssetLoaderServi - Loading from file system: jar:file:///C:/Users/TECH2-26/.m2/repository/com/github/almasb/fxgl/21/fxgl-21.jar!/fxglassets/textures/particles/smoke.png
20:43:16.889 [FXGL Background Thread 1 ] DEBUG FXGLAssetLoaderServi - Loading from file system: jar:file:///C:/Users/TECH2-26/.m2/repository/com/github/almasb/fxgl/21/fxgl-21.jar!/fxglassets/textures/particles/trace_horizontal.png
20:43:16.955 [FXGL Background Thread 1 ] DEBUG GameApplicationServi - Application scenes initialized
20:43:16.967 [FXGL Background Thread 1 ] DEBUG SystemBundleService  - Loading FXGL system data
20:43:16.972 [FXGL Background Thread 1 ] DEBUG FileSystemAccess     - Reading from: C:\project\main_repo\system\fxgl.bundle
20:43:16.983 [FXGL Background Thread 1 ] DEBUG SystemBundleService  - Bundle FXGL: {}
20:43:16.983 [FXGL Background Thread 1 ] DEBUG UpdaterService       - Checking for updates
20:43:16.988 [FXGL Background Thread 4 ] DEBUG FXGLApplication      - Loading fonts
20:43:16.988 [FXGL Background Thread 4 ] DEBUG FXGLAssetLoaderServi - Loading from file system: jar:file:///C:/Users/TECH2-26/.m2/repository/com/github/almasb/fxgl/21/fxgl-21.jar!/fxglassets/ui/fonts/VarelaRound-Regular.ttf
20:43:16.988 [FXGL Background Thread 1 ] DEBUG FXGLApplication      - Loading default localization
20:43:16.989 [FXGL Background Thread 1 ] DEBUG FXGLAssetLoaderServi - Loading from file system: jar:file:///C:/Users/TECH2-26/.m2/repository/com/github/almasb/fxgl/21/fxgl-21.jar!/fxglassets/languages/english.lang
20:43:17.014 [FXGL Background Thread 1 ] INFO  FXGLApplication      - FXGL initialization took: 0.537 sec
20:43:17.022 [JavaFX Application Thread] DEBUG Input                - Registered new binding: action0 - LMB
20:43:17.030 [JavaFX Application Thread] DEBUG Input                - Registered new binding: Left - A
20:43:17.031 [JavaFX Application Thread] DEBUG Input                - Registered new binding: Right - D
20:43:17.031 [JavaFX Application Thread] DEBUG Input                - Registered new binding: Jump - W
20:43:17.032 [JavaFX Application Thread] DEBUG Input                - Registered new binding: Use - E
20:43:17.032 [JavaFX Application Thread] DEBUG FXGLAssetLoaderServi - Loading from file system: file:/C:/project/main_repo/target/classes/assets/music/BGM_dash_runner.wav
20:43:17.039 [FXGL Background Thread 4 ] DEBUG FXGLAssetLoaderServi - Loading from file system: jar:file:///C:/Users/TECH2-26/.m2/repository/com/github/almasb/fxgl/21/fxgl-21.jar!/fxglassets/ui/fonts/Abel-Regular.ttf
20:43:17.046 [FXGL Background Thread 4 ] DEBUG FXGLAssetLoaderServi - Loading from file system: jar:file:///C:/Users/TECH2-26/.m2/repository/com/github/almasb/fxgl/21/fxgl-21.jar!/fxglassets/ui/fonts/TerminalLandMono-Regular.otf
20:43:17.055 [FXGL Background Thread 4 ] DEBUG FXGLAssetLoaderServi - Loading from file system: jar:file:///C:/Users/TECH2-26/.m2/repository/com/github/almasb/fxgl/21/fxgl-21.jar!/fxglassets/ui/fonts/Courier-Prime.ttf
20:43:17.228 [JavaFX Application Thread] DEBUG AudioPlayer          - Playing music com.almasb.fxgl.audio.Music@6ab72f03
20:43:17.229 [JavaFX Application Thread] DEBUG FXGLAssetLoaderServi - Loading from file system: jar:file:///C:/Users/TECH2-26/.m2/repository/com/github/almasb/fxgl/21/fxgl-21.jar!/fxglassets/textures/fxgl_icon.png
20:43:17.250 [JavaFX Application Thread] DEBUG FXGLAssetLoaderServi - Loading from file system: jar:file:///C:/Users/TECH2-26/.m2/repository/com/github/almasb/fxgl/21/fxgl-21.jar!/fxglassets/textures/fxgl_default_cursor.png
20:43:17.252 [JavaFX Application Thread] DEBUG Input                - Registered new binding: Screenshot - CTRL+8
20:43:17.253 [JavaFX Application Thread] DEBUG Input                - Registered new binding: System info dump - CTRL+9
20:43:17.253 [JavaFX Application Thread] DEBUG Input                - Registered new binding: Restart - CTRL+R
20:43:17.254 [JavaFX Application Thread] DEBUG Input                - Registered new binding: Toggle Debug Camera - CTRL+7
20:43:17.256 [JavaFX Application Thread] DEBUG LoopRunner           - Starting loop
20:43:17.256 [JavaFX Application Thread] DEBUG LoopRunner           - Initializing JavaFX AnimationTimerLoop
20:43:17.257 [JavaFX Application Thread] DEBUG GameApplicationServi - Starting new game
20:43:17.258 [JavaFX Application Thread] DEBUG Input                - Clearing active input actions
20:43:17.281 [JavaFX Application Thread] DEBUG GameApplicationServi - Removing overlay from FXGLStartupScene and adding to MainLoadingScene
20:43:17.282 [JavaFX Application Thread] DEBUG PrimaryStageWindow   - FXGLStartupScene -> MainLoadingScene
20:43:17.282 [JavaFX Application Thread] DEBUG GameApplicationServi - Clearing previous game
20:43:17.282 [JavaFX Application Thread] DEBUG GameScene            - Clearing game scene
20:43:17.283 [JavaFX Application Thread] DEBUG GameWorld            - Clearing game world
20:43:17.283 [JavaFX Application Thread] DEBUG PhysicsWorld         - Clearing physics world
20:43:17.284 [FXGL Background Thread 4 ] DEBUG FXGLApplication      - Initializing game
20:43:17.284 [JavaFX Application Thread] DEBUG FXGLApplication      - Registering font factories with UI factory
20:43:17.344 [FXGL Background Thread 4 ] WARN  TMXLevelLoader       - TiledMap generated from 1.2.3. Supported version: 1.9.0. Some features may not be parsed fully.
20:43:17.355 [FXGL Background Thread 4 ] DEBUG TMXLevelLoader       - Parsed TiledMap: file:/C:/project/main_repo/target/classes/assets/levels/tmx/level1.tmx
20:43:17.356 [FXGL Background Thread 4 ] DEBUG TMXLevelLoader       - Creating tile layer entities
20:43:17.359 [FXGL Background Thread 4 ] DEBUG TilesetLoader        - Loading view for layer Tile Layer 1
20:43:17.362 [FXGL Background Thread 4 ] DEBUG TilesetLoader        - Created buffer with size 1050.0x700.0
20:43:17.386 [FXGL Background Thread 4 ] DEBUG TMXLevelLoader       - Creating object layer entities
20:43:17.418 [FXGL Background Thread 4 ] DEBUG GameWorld            - Clearing removable entities
20:43:17.418 [FXGL Background Thread 4 ] DEBUG GameWorld            - Setting level: com.almasb.fxgl.entity.level.Level@71d7ec2e
20:43:17.461 [FXGL Background Thread 4 ] DEBUG FXGLAssetLoaderServi - Loading from file system: file:/C:/project/main_repo/target/classes/assets/textures/background/forest.png
20:43:17.491 [FXGL Background Thread 4 ] INFO  FXGLApplication      - Game initialization took: 0.207 sec
20:43:17.499 [JavaFX Application Thread] DEBUG Input                - Clearing active input actions
20:43:17.522 [FXGL Background Thread 2 ] INFO  UpdaterService       - Your current version:  21
20:43:17.523 [FXGL Background Thread 2 ] INFO  UpdaterService       - Latest stable version: 21.1
20:43:17.523 [JavaFX Application Thread] DEBUG GameApplicationServi - Removing overlay from MainLoadingScene and adding to GameScene
20:43:17.524 [JavaFX Application Thread] DEBUG PrimaryStageWindow   - MainLoadingScene -> GameScene
20:43:19.986 [FXGL Background Thread 3 ] DEBUG Engine               - Logging environment variables
20:43:19.986 [FXGL Background Thread 3 ] DEBUG Engine               - achievements: []
20:43:19.986 [FXGL Background Thread 3 ] DEBUG Engine               - actualHeight: 600.0
20:43:19.987 [FXGL Background Thread 3 ] DEBUG Engine               - actualHeightProperty: ReadOnlyDoubleProperty [value: 600.0]
20:43:19.987 [FXGL Background Thread 3 ] DEBUG Engine               - actualWidth: 800.0
20:43:19.987 [FXGL Background Thread 3 ] DEBUG Engine               - actualWidthProperty: ReadOnlyDoubleProperty [value: 800.0]
20:43:19.987 [FXGL Background Thread 3 ] DEBUG Engine               - appIcon: fxgl_icon.png
20:43:19.987 [FXGL Background Thread 3 ] DEBUG Engine               - applicationMode: DEVELOPER
20:43:19.987 [FXGL Background Thread 3 ] DEBUG Engine               - cSSList: [fxgl_dark.css]
20:43:19.987 [FXGL Background Thread 3 ] DEBUG Engine               - collisionDetectionStrategy: BRUTE_FORCE
20:43:19.987 [FXGL Background Thread 3 ] DEBUG Engine               - configClass: Optional.empty
20:43:19.987 [FXGL Background Thread 3 ] DEBUG Engine               - credits: []
20:43:19.987 [FXGL Background Thread 3 ] DEBUG Engine               - defaultCursor: CursorInfo(imageName=fxgl_default_cursor.png, hotspotX=7.0, hotspotY=6.0)
20:43:19.987 [FXGL Background Thread 3 ] DEBUG Engine               - devBBoxColorProperty: ObjectProperty [value: 0xff0000ff]
20:43:19.987 [FXGL Background Thread 3 ] DEBUG Engine               - devEnableDebugCameraProperty: BooleanProperty [value: false]
20:43:19.988 [FXGL Background Thread 3 ] DEBUG Engine               - devSensorColorProperty: ObjectProperty [value: 0xffff00ff]
20:43:19.988 [FXGL Background Thread 3 ] DEBUG Engine               - devShowBBoxProperty: BooleanProperty [value: false]
20:43:19.988 [FXGL Background Thread 3 ] DEBUG Engine               - devShowPositionProperty: BooleanProperty [value: false]
20:43:19.988 [FXGL Background Thread 3 ] DEBUG Engine               - enabledMenuItems: []
20:43:19.988 [FXGL Background Thread 3 ] DEBUG Engine               - engineServices: [class com.almasb.fxgl.app.services.FXGLAssetLoaderService, class com.almasb.fxgl.app.FXGLApplication$GameApplicationService, class com.almasb.fxgl.app.services.FXGLDialogService, class com.almasb.fxgl.app.services.IOTaskExecutorService, class com.almasb.fxgl.io.FileSystemService, class com.almasb.fxgl.localization.LocalizationService, class com.almasb.fxgl.app.services.SystemBundleService, class com.almasb.fxgl.profile.SaveLoadService, class com.almasb.fxgl.ui.FXGLUIFactoryServiceProvider, class com.almasb.fxgl.ui.FXGLDialogFactoryServiceProvider, class com.almasb.fxgl.audio.AudioPlayer, class com.almasb.fxgl.notification.impl.NotificationServiceProvider, class com.almasb.fxgl.achievement.AchievementService, class com.almasb.fxgl.cutscene.CutsceneService, class com.almasb.fxgl.minigames.MiniGameService, class com.almasb.fxgl.net.NetService, class com.almasb.fxgl.app.services.UpdaterService, class com.almasb.fxgl.dev.DevService]
20:43:19.988 [FXGL Background Thread 3 ] DEBUG Engine               - fontGame: Abel-Regular.ttf
20:43:19.988 [FXGL Background Thread 3 ] DEBUG Engine               - fontMono: TerminalLandMono-Regular.otf
20:43:19.988 [FXGL Background Thread 3 ] DEBUG Engine               - fontSizeScaleUI: 1.0
20:43:19.988 [FXGL Background Thread 3 ] DEBUG Engine               - fontText: Courier-Prime.ttf
20:43:19.988 [FXGL Background Thread 3 ] DEBUG Engine               - fontUI: VarelaRound-Regular.ttf
20:43:19.988 [FXGL Background Thread 3 ] DEBUG Engine               - fullScreen: BooleanProperty [value: false]
20:43:19.988 [FXGL Background Thread 3 ] DEBUG Engine               - gameDifficulty: MEDIUM
20:43:19.988 [FXGL Background Thread 3 ] DEBUG Engine               - gameDifficultyProperty: ObjectProperty [value: MEDIUM]
20:43:19.988 [FXGL Background Thread 3 ] DEBUG Engine               - globalMusicVolume: 0.5
20:43:19.988 [FXGL Background Thread 3 ] DEBUG Engine               - globalMusicVolumeProperty: DoubleProperty [value: 0.25]
20:43:19.988 [FXGL Background Thread 3 ] DEBUG Engine               - globalSoundVolume: 0.5
20:43:19.988 [FXGL Background Thread 3 ] DEBUG Engine               - globalSoundVolumeProperty: DoubleProperty [value: 0.5]
20:43:19.988 [FXGL Background Thread 3 ] DEBUG Engine               - height: 600
20:43:19.988 [FXGL Background Thread 3 ] DEBUG Engine               - is3D: false
20:43:19.988 [FXGL Background Thread 3 ] DEBUG Engine               - isAndroid: false
20:43:19.988 [FXGL Background Thread 3 ] DEBUG Engine               - isBrowser: false
20:43:19.989 [FXGL Background Thread 3 ] DEBUG Engine               - isClickFeedbackEnabled: false
20:43:19.989 [FXGL Background Thread 3 ] DEBUG Engine               - isCloseConfirmation: false
20:43:19.989 [FXGL Background Thread 3 ] DEBUG Engine               - isDesktop: true
20:43:19.989 [FXGL Background Thread 3 ] DEBUG Engine               - isDeveloperMenuEnabled: false
20:43:19.989 [FXGL Background Thread 3 ] DEBUG Engine               - isEmbedded: false
20:43:19.989 [FXGL Background Thread 3 ] DEBUG Engine               - isEntityPreloadEnabled: true
20:43:19.989 [FXGL Background Thread 3 ] DEBUG Engine               - isExperimentalTiledLargeMap: false
20:43:19.989 [FXGL Background Thread 3 ] DEBUG Engine               - isFileSystemWriteAllowed: true
20:43:19.989 [FXGL Background Thread 3 ] DEBUG Engine               - isFullScreenAllowed: false
20:43:19.989 [FXGL Background Thread 3 ] DEBUG Engine               - isFullScreenFromStart: false
20:43:19.989 [FXGL Background Thread 3 ] DEBUG Engine               - isGameMenuEnabled: true
20:43:19.989 [FXGL Background Thread 3 ] DEBUG Engine               - isIOS: false
20:43:19.989 [FXGL Background Thread 3 ] DEBUG Engine               - isIntroEnabled: false
20:43:19.989 [FXGL Background Thread 3 ] DEBUG Engine               - isLinux: false
20:43:19.989 [FXGL Background Thread 3 ] DEBUG Engine               - isMac: false
20:43:19.989 [FXGL Background Thread 3 ] DEBUG Engine               - isMainMenuEnabled: false
20:43:19.989 [FXGL Background Thread 3 ] DEBUG Engine               - isManualResizeEnabled: false
20:43:19.989 [FXGL Background Thread 3 ] DEBUG Engine               - isMobile: false
20:43:19.989 [FXGL Background Thread 3 ] DEBUG Engine               - isNative: false
20:43:19.989 [FXGL Background Thread 3 ] DEBUG Engine               - isPauseMusicWhenMinimized: true
20:43:19.989 [FXGL Background Thread 3 ] DEBUG Engine               - isPreserveResizeRatio: false
20:43:19.989 [FXGL Background Thread 3 ] DEBUG Engine               - isProfilingEnabled: false
20:43:19.989 [FXGL Background Thread 3 ] DEBUG Engine               - isScaleAffectedOnResize: true
20:43:19.989 [FXGL Background Thread 3 ] DEBUG Engine               - isSingleStep: false
20:43:19.990 [FXGL Background Thread 3 ] DEBUG Engine               - isUserProfileEnabled: false
20:43:19.990 [FXGL Background Thread 3 ] DEBUG Engine               - isWindows: true
20:43:19.990 [FXGL Background Thread 3 ] DEBUG Engine               - language: ObjectProperty [value: ENGLISH]
20:43:19.990 [FXGL Background Thread 3 ] DEBUG Engine               - menuKey: ESCAPE
20:43:19.990 [FXGL Background Thread 3 ] DEBUG Engine               - mouseSensitivity: 0.2
20:43:19.990 [FXGL Background Thread 3 ] DEBUG Engine               - notificationViewClass: class com.almasb.fxgl.notification.view.XboxNotificationView
20:43:19.990 [FXGL Background Thread 3 ] DEBUG Engine               - pixelsPerMeter: 50.0
20:43:19.990 [FXGL Background Thread 3 ] DEBUG Engine               - platform: WINDOWS
20:43:19.990 [FXGL Background Thread 3 ] DEBUG Engine               - prefHeightProperty: ReadOnlyDoubleProperty [value: 600.0]
20:43:19.990 [FXGL Background Thread 3 ] DEBUG Engine               - prefWidthProperty: ReadOnlyDoubleProperty [value: 800.0]
20:43:19.990 [FXGL Background Thread 3 ] DEBUG Engine               - profileDir: profiles/
20:43:19.990 [FXGL Background Thread 3 ] DEBUG Engine               - profileName: StringProperty [value: DEFAULT]
20:43:19.990 [FXGL Background Thread 3 ] DEBUG Engine               - randomSeed: -1
20:43:19.990 [FXGL Background Thread 3 ] DEBUG Engine               - runtimeInfo: RuntimeInfo(platform=WINDOWS, version=21, build=28.12.2023 13.35)
20:43:19.990 [FXGL Background Thread 3 ] DEBUG Engine               - saveFileExt: sav
20:43:19.991 [FXGL Background Thread 3 ] DEBUG Engine               - scaledHeightProp$fxgl: DoubleProperty [bound, value: 600.0]
20:43:19.991 [FXGL Background Thread 3 ] DEBUG Engine               - scaledWidthProp$fxgl: DoubleProperty [bound, value: 800.0]
20:43:19.991 [FXGL Background Thread 3 ] DEBUG Engine               - sceneFactory: com.almasb.fxglgames.platformer.PlatformerApp$1@69788123
20:43:19.991 [FXGL Background Thread 3 ] DEBUG Engine               - secondsIn24h: 60
20:43:19.991 [FXGL Background Thread 3 ] DEBUG Engine               - soundMenuBack: menu/back.wav
20:43:19.991 [FXGL Background Thread 3 ] DEBUG Engine               - soundMenuPress: menu/press.wav
20:43:19.991 [FXGL Background Thread 3 ] DEBUG Engine               - soundMenuSelect: menu/select.wav
20:43:19.991 [FXGL Background Thread 3 ] DEBUG Engine               - soundNotification: core/notification.wav
20:43:19.991 [FXGL Background Thread 3 ] DEBUG Engine               - stageStyle: DECORATED
20:43:19.991 [FXGL Background Thread 3 ] DEBUG Engine               - supportedLanguages: [ENGLISH, FRENCH, GERMAN, HUNGARIAN, RUSSIAN]
20:43:19.991 [FXGL Background Thread 3 ] DEBUG Engine               - ticksPerSecond: -1
20:43:19.991 [FXGL Background Thread 3 ] DEBUG Engine               - title: Untitled
20:43:19.991 [FXGL Background Thread 3 ] DEBUG Engine               - urlGithub: https://github.com/AlmasB/FXGL
20:43:19.991 [FXGL Background Thread 3 ] DEBUG Engine               - urlLeaderboard: http://fxgl-top.herokuapp.com/
20:43:19.991 [FXGL Background Thread 3 ] DEBUG Engine               - urlPOM: https://raw.githubusercontent.com/AlmasB/FXGL/release/README.md
20:43:19.991 [FXGL Background Thread 3 ] DEBUG Engine               - userAppClass: class com.almasb.fxglgames.platformer.PlatformerApp
20:43:19.991 [FXGL Background Thread 3 ] DEBUG Engine               - version: 0.0
20:43:19.991 [FXGL Background Thread 3 ] DEBUG Engine               - versionCheckDays: 7
20:43:19.991 [FXGL Background Thread 3 ] DEBUG Engine               - width: 800
20:43:19.991 [FXGL Background Thread 3 ] DEBUG Engine               - Logging services
20:43:19.991 [FXGL Background Thread 3 ] DEBUG Engine               - class com.almasb.fxgl.app.services.FXGLAssetLoaderService
20:43:19.992 [FXGL Background Thread 3 ] DEBUG Engine               - class com.almasb.fxgl.app.FXGLApplication$GameApplicationService
20:43:19.992 [FXGL Background Thread 3 ] DEBUG Engine               - class com.almasb.fxgl.app.services.FXGLDialogService
20:43:19.992 [FXGL Background Thread 3 ] DEBUG Engine               - class com.almasb.fxgl.app.services.IOTaskExecutorService
20:43:19.992 [FXGL Background Thread 3 ] DEBUG Engine               - class com.almasb.fxgl.io.FileSystemService
20:43:19.992 [FXGL Background Thread 3 ] DEBUG Engine               - class com.almasb.fxgl.localization.LocalizationService
20:43:19.992 [FXGL Background Thread 3 ] DEBUG Engine               - class com.almasb.fxgl.app.services.SystemBundleService
20:43:19.992 [FXGL Background Thread 3 ] DEBUG Engine               - class com.almasb.fxgl.profile.SaveLoadService
20:43:19.992 [FXGL Background Thread 3 ] DEBUG Engine               - class com.almasb.fxgl.ui.FXGLUIFactoryServiceProvider
20:43:19.992 [FXGL Background Thread 3 ] DEBUG Engine               - class com.almasb.fxgl.ui.FXGLDialogFactoryServiceProvider
20:43:19.992 [FXGL Background Thread 3 ] DEBUG Engine               - class com.almasb.fxgl.audio.AudioPlayer
20:43:19.992 [FXGL Background Thread 3 ] DEBUG Engine               - class com.almasb.fxgl.notification.impl.NotificationServiceProvider
20:43:19.992 [FXGL Background Thread 3 ] DEBUG Engine               - class com.almasb.fxgl.achievement.AchievementService
20:43:19.992 [FXGL Background Thread 3 ] DEBUG Engine               - class com.almasb.fxgl.cutscene.CutsceneService
20:43:19.992 [FXGL Background Thread 3 ] DEBUG Engine               - class com.almasb.fxgl.minigames.MiniGameService
20:43:19.992 [FXGL Background Thread 3 ] DEBUG Engine               - class com.almasb.fxgl.net.NetService
20:43:19.992 [FXGL Background Thread 3 ] DEBUG Engine               - class com.almasb.fxgl.app.services.UpdaterService
20:43:19.992 [FXGL Background Thread 3 ] DEBUG Engine               - class com.almasb.fxgl.dev.DevService
20:45:16.926 [JavaFX Application Thread] DEBUG Input                - Registered new binding: Close Level End Screen - LMB
20:45:16.930 [JavaFX Application Thread] DEBUG FXGLAssetLoaderServi - Loading from file system: file:/C:/project/main_repo/target/classes/assets/textures/star_empty.png
20:45:16.949 [JavaFX Application Thread] DEBUG FXGLAssetLoaderServi - Loading from file system: file:/C:/project/main_repo/target/classes/assets/textures/star_full.png
20:45:16.956 [JavaFX Application Thread] DEBUG PrimaryStageWindow   - Push state: LevelEndScene
20:45:16.956 [JavaFX Application Thread] DEBUG Input                - Clearing active input actions
20:45:16.957 [JavaFX Application Thread] DEBUG GameApplicationServi - Removing overlay from GameScene and adding to LevelEndScene
20:45:16.957 [JavaFX Application Thread] DEBUG PrimaryStageWindow   - GameScene -> LevelEndScene
20:45:23.866 [JavaFX Application Thread] DEBUG FXGLApplication      - Exiting FXGL
20:45:23.866 [JavaFX Application Thread] DEBUG LoopRunner           - Stopping loop
20:45:23.866 [JavaFX Application Thread] DEBUG SystemBundleService  - Saving FXGL system data
20:45:23.869 [JavaFX Application Thread] DEBUG FileSystemAccess     - Writing to: C:\project\main_repo\system\fxgl.bundle
20:45:23.872 [JavaFX Application Thread] DEBUG Async                - Shutting down background threads
20:45:23.872 [JavaFX Application Thread] DEBUG PrimaryStageWindow   - Closing main window
20:45:23.880 [JavaFX Application Thread] DEBUG Logger               - Closing Logger
