19:50:28.116 [main                     ] DEBUG Logger               - Configured Logger
19:50:28.160 [main                     ] DEBUG GameApplication      - Logging settings
Title: Untitled
Version: 0.0
Width: 800
Height: 600
Fullscreen: false
Intro: false
Profiling: false
Single step:false
App Mode: DEVELOPER
Menu Key: ESCAPE
Stage Style: DECORATED
Scene Factory: class com.almasb.fxglgames.platformer.PlatformerApp$1

19:50:28.694 [JavaFX Application Thread] DEBUG FXGLApplication      - Initializing FXGL
19:50:28.698 [JavaFX Application Thread] INFO  Engine               - FXGL-21 (28.12.2023 13.35) on WINDOWS (J:21.0.2 FX:21.0.1)
19:50:28.699 [JavaFX Application Thread] DEBUG Engine               - JRE Vendor Name: Oracle Corporation
19:50:28.699 [JavaFX Application Thread] DEBUG Engine               - Running on OS: Windows 10 version 10.0
19:50:28.699 [JavaFX Application Thread] DEBUG Engine               - Architecture: amd64
19:50:28.699 [JavaFX Application Thread] INFO  Engine               - Source code and latest versions at: https://github.com/AlmasB/FXGL
19:50:28.700 [JavaFX Application Thread] INFO  Engine               -       Ask questions and discuss at: https://github.com/AlmasB/FXGL/discussions
19:50:28.700 [JavaFX Application Thread] INFO  Engine               -              Join the FXGL chat at: https://gitter.im/AlmasB/FXGL
19:50:28.793 [JavaFX Application Thread] DEBUG PrimaryStageWindow   - Creating a JavaFX scene
19:50:28.843 [JavaFX Application Thread] DEBUG PrimaryStageWindow   - Target settings size: 800.0 x 600.0
19:50:28.844 [JavaFX Application Thread] DEBUG PrimaryStageWindow   - Scaled scene size:    800.0 x 600.0
19:50:28.844 [JavaFX Application Thread] DEBUG PrimaryStageWindow   - Scaled ratio: (1.0, 1.0)
19:50:28.845 [JavaFX Application Thread] DEBUG PrimaryStageWindow   - Set initial scene to FXGLStartupScene
19:50:28.849 [JavaFX Application Thread] DEBUG PrimaryStageWindow   - Opening main window
19:50:28.920 [JavaFX Application Thread] DEBUG PrimaryStageWindow   - Window border size: (16.0, 39.0)
19:50:28.921 [JavaFX Application Thread] DEBUG PrimaryStageWindow   - Scaled size: 800.0 x 600.0
19:50:28.921 [JavaFX Application Thread] DEBUG PrimaryStageWindow   - Scaled ratio: (1.0, 1.0)
19:50:28.921 [JavaFX Application Thread] DEBUG PrimaryStageWindow   - Scene size: 800.0 x 600.0
19:50:28.921 [JavaFX Application Thread] DEBUG PrimaryStageWindow   - Stage size: 816.0 x 639.0
19:50:28.928 [FXGL Background Thread 1 ] DEBUG Engine               - Initializing environment variables
19:50:28.979 [FXGL Background Thread 1 ] DEBUG FXGLAssetLoaderServi - User app class for loading assets: class com.almasb.fxglgames.platformer.PlatformerApp
19:50:28.979 [FXGL Background Thread 1 ] DEBUG GameApplicationServi - Applying CSS: fxgl_dark.css
19:50:28.980 [FXGL Background Thread 1 ] DEBUG FXGLAssetLoaderServi - Loading from file system: jar:file:///C:/Users/TECH2-26/.m2/repository/com/github/almasb/fxgl/21/fxgl-21.jar!/fxglassets/ui/css/fxgl_dark.css
19:50:29.032 [FXGL Background Thread 1 ] DEBUG GameApplicationServi - Initializing application scenes
19:50:29.102 [FXGL Background Thread 1 ] DEBUG FXGLAssetLoaderServi - Loading from file system: file:/C:/project/main_repo/target/classes/assets/textures/player.png
19:50:29.127 [FXGL Background Thread 1 ] DEBUG GameWorld            - Game world initialized
19:50:29.183 [FXGL Background Thread 1 ] DEBUG PhysicsWorld         - Physics world initialized: appHeight=600, physics.ppm=50.0
19:50:29.183 [FXGL Background Thread 1 ] DEBUG PhysicsWorld         - Using strategy: BRUTE_FORCE
19:50:29.187 [FXGL Background Thread 1 ] DEBUG GameScene            - Game scene initialized: 800x600
19:50:29.196 [FXGL Background Thread 1 ] DEBUG FXGL.DefaultMenu     - createMenuBodyGameMenu()
19:50:29.213 [FXGL Background Thread 1 ] DEBUG FXGL.DefaultMenu     - createOptionsMenu()
19:50:29.224 [FXGL Background Thread 1 ] DEBUG FXGLAssetLoaderServi - Loading from file system: jar:file:///C:/Users/TECH2-26/.m2/repository/com/github/almasb/fxgl/21/fxgl-21.jar!/fxglassets/textures/particles/smoke.png
19:50:29.313 [FXGL Background Thread 1 ] DEBUG FXGLAssetLoaderServi - Loading from file system: jar:file:///C:/Users/TECH2-26/.m2/repository/com/github/almasb/fxgl/21/fxgl-21.jar!/fxglassets/textures/particles/trace_horizontal.png
19:50:29.369 [FXGL Background Thread 1 ] DEBUG GameApplicationServi - Application scenes initialized
19:50:29.383 [FXGL Background Thread 1 ] DEBUG SystemBundleService  - Loading FXGL system data
19:50:29.387 [FXGL Background Thread 1 ] DEBUG FileSystemAccess     - Reading from: C:\project\main_repo\system\fxgl.bundle
19:50:29.398 [FXGL Background Thread 1 ] DEBUG SystemBundleService  - Bundle FXGL: {}
19:50:29.398 [FXGL Background Thread 1 ] DEBUG UpdaterService       - Checking for updates
19:50:29.404 [FXGL Background Thread 4 ] DEBUG FXGLApplication      - Loading fonts
19:50:29.404 [FXGL Background Thread 1 ] DEBUG FXGLApplication      - Loading default localization
19:50:29.404 [FXGL Background Thread 4 ] DEBUG FXGLAssetLoaderServi - Loading from file system: jar:file:///C:/Users/TECH2-26/.m2/repository/com/github/almasb/fxgl/21/fxgl-21.jar!/fxglassets/ui/fonts/VarelaRound-Regular.ttf
19:50:29.405 [FXGL Background Thread 1 ] DEBUG FXGLAssetLoaderServi - Loading from file system: jar:file:///C:/Users/TECH2-26/.m2/repository/com/github/almasb/fxgl/21/fxgl-21.jar!/fxglassets/languages/english.lang
19:50:29.428 [FXGL Background Thread 1 ] INFO  FXGLApplication      - FXGL initialization took: 0.500 sec
19:50:29.436 [JavaFX Application Thread] DEBUG Input                - Registered new binding: action0 - LMB
19:50:29.446 [JavaFX Application Thread] DEBUG Input                - Registered new binding: Left - A
19:50:29.446 [JavaFX Application Thread] DEBUG Input                - Registered new binding: Right - D
19:50:29.446 [JavaFX Application Thread] DEBUG Input                - Registered new binding: Jump - W
19:50:29.447 [JavaFX Application Thread] DEBUG Input                - Registered new binding: Use - E
19:50:29.448 [JavaFX Application Thread] DEBUG FXGLAssetLoaderServi - Loading from file system: file:/C:/project/main_repo/target/classes/assets/music/BGM_dash_runner.wav
19:50:29.452 [FXGL Background Thread 4 ] DEBUG FXGLAssetLoaderServi - Loading from file system: jar:file:///C:/Users/TECH2-26/.m2/repository/com/github/almasb/fxgl/21/fxgl-21.jar!/fxglassets/ui/fonts/Abel-Regular.ttf
19:50:29.459 [FXGL Background Thread 4 ] DEBUG FXGLAssetLoaderServi - Loading from file system: jar:file:///C:/Users/TECH2-26/.m2/repository/com/github/almasb/fxgl/21/fxgl-21.jar!/fxglassets/ui/fonts/TerminalLandMono-Regular.otf
19:50:29.466 [FXGL Background Thread 4 ] DEBUG FXGLAssetLoaderServi - Loading from file system: jar:file:///C:/Users/TECH2-26/.m2/repository/com/github/almasb/fxgl/21/fxgl-21.jar!/fxglassets/ui/fonts/Courier-Prime.ttf
19:50:29.628 [JavaFX Application Thread] DEBUG AudioPlayer          - Playing music com.almasb.fxgl.audio.Music@3209b8fb
19:50:29.629 [JavaFX Application Thread] DEBUG FXGLAssetLoaderServi - Loading from file system: jar:file:///C:/Users/TECH2-26/.m2/repository/com/github/almasb/fxgl/21/fxgl-21.jar!/fxglassets/textures/fxgl_icon.png
19:50:29.648 [JavaFX Application Thread] DEBUG FXGLAssetLoaderServi - Loading from file system: jar:file:///C:/Users/TECH2-26/.m2/repository/com/github/almasb/fxgl/21/fxgl-21.jar!/fxglassets/textures/fxgl_default_cursor.png
19:50:29.650 [JavaFX Application Thread] DEBUG Input                - Registered new binding: Screenshot - CTRL+8
19:50:29.651 [JavaFX Application Thread] DEBUG Input                - Registered new binding: System info dump - CTRL+9
19:50:29.651 [JavaFX Application Thread] DEBUG Input                - Registered new binding: Restart - CTRL+R
19:50:29.652 [JavaFX Application Thread] DEBUG Input                - Registered new binding: Toggle Debug Camera - CTRL+7
19:50:29.654 [JavaFX Application Thread] DEBUG LoopRunner           - Starting loop
19:50:29.654 [JavaFX Application Thread] DEBUG LoopRunner           - Initializing JavaFX AnimationTimerLoop
19:50:29.655 [JavaFX Application Thread] DEBUG GameApplicationServi - Starting new game
19:50:29.656 [JavaFX Application Thread] DEBUG Input                - Clearing active input actions
19:50:29.673 [JavaFX Application Thread] DEBUG GameApplicationServi - Removing overlay from FXGLStartupScene and adding to MainLoadingScene
19:50:29.673 [JavaFX Application Thread] DEBUG PrimaryStageWindow   - FXGLStartupScene -> MainLoadingScene
19:50:29.673 [JavaFX Application Thread] DEBUG GameApplicationServi - Clearing previous game
19:50:29.673 [JavaFX Application Thread] DEBUG GameScene            - Clearing game scene
19:50:29.673 [JavaFX Application Thread] DEBUG GameWorld            - Clearing game world
19:50:29.673 [JavaFX Application Thread] DEBUG PhysicsWorld         - Clearing physics world
19:50:29.675 [FXGL Background Thread 4 ] DEBUG FXGLApplication      - Initializing game
19:50:29.675 [JavaFX Application Thread] DEBUG FXGLApplication      - Registering font factories with UI factory
19:50:29.724 [FXGL Background Thread 4 ] WARN  TMXLevelLoader       - TiledMap generated from 1.2.3. Supported version: 1.9.0. Some features may not be parsed fully.
19:50:29.734 [FXGL Background Thread 4 ] DEBUG TMXLevelLoader       - Parsed TiledMap: file:/C:/project/main_repo/target/classes/assets/levels/tmx/level1.tmx
19:50:29.735 [FXGL Background Thread 4 ] DEBUG TMXLevelLoader       - Creating tile layer entities
19:50:29.738 [FXGL Background Thread 4 ] DEBUG TilesetLoader        - Loading view for layer Tile Layer 1
19:50:29.740 [FXGL Background Thread 4 ] DEBUG TilesetLoader        - Created buffer with size 1050.0x700.0
19:50:29.763 [FXGL Background Thread 4 ] DEBUG TMXLevelLoader       - Creating object layer entities
19:50:29.793 [FXGL Background Thread 4 ] DEBUG GameWorld            - Clearing removable entities
19:50:29.793 [FXGL Background Thread 4 ] DEBUG GameWorld            - Setting level: com.almasb.fxgl.entity.level.Level@2f481c02
19:50:29.838 [FXGL Background Thread 4 ] DEBUG FXGLAssetLoaderServi - Loading from file system: file:/C:/project/main_repo/target/classes/assets/textures/background/forest.png
19:50:29.876 [FXGL Background Thread 4 ] INFO  FXGLApplication      - Game initialization took: 0.201 sec
19:50:29.878 [JavaFX Application Thread] DEBUG Input                - Clearing active input actions
19:50:29.889 [JavaFX Application Thread] DEBUG GameApplicationServi - Removing overlay from MainLoadingScene and adding to GameScene
19:50:29.889 [JavaFX Application Thread] DEBUG PrimaryStageWindow   - MainLoadingScene -> GameScene
19:50:30.132 [FXGL Background Thread 2 ] INFO  UpdaterService       - Your current version:  21
19:50:30.132 [FXGL Background Thread 2 ] INFO  UpdaterService       - Latest stable version: 21.1
19:50:32.403 [FXGL Background Thread 3 ] DEBUG Engine               - Logging environment variables
19:50:32.404 [FXGL Background Thread 3 ] DEBUG Engine               - achievements: []
19:50:32.404 [FXGL Background Thread 3 ] DEBUG Engine               - actualHeight: 600.0
19:50:32.404 [FXGL Background Thread 3 ] DEBUG Engine               - actualHeightProperty: ReadOnlyDoubleProperty [value: 600.0]
19:50:32.404 [FXGL Background Thread 3 ] DEBUG Engine               - actualWidth: 800.0
19:50:32.404 [FXGL Background Thread 3 ] DEBUG Engine               - actualWidthProperty: ReadOnlyDoubleProperty [value: 800.0]
19:50:32.404 [FXGL Background Thread 3 ] DEBUG Engine               - appIcon: fxgl_icon.png
19:50:32.404 [FXGL Background Thread 3 ] DEBUG Engine               - applicationMode: DEVELOPER
19:50:32.404 [FXGL Background Thread 3 ] DEBUG Engine               - cSSList: [fxgl_dark.css]
19:50:32.404 [FXGL Background Thread 3 ] DEBUG Engine               - collisionDetectionStrategy: BRUTE_FORCE
19:50:32.404 [FXGL Background Thread 3 ] DEBUG Engine               - configClass: Optional.empty
19:50:32.404 [FXGL Background Thread 3 ] DEBUG Engine               - credits: []
19:50:32.405 [FXGL Background Thread 3 ] DEBUG Engine               - defaultCursor: CursorInfo(imageName=fxgl_default_cursor.png, hotspotX=7.0, hotspotY=6.0)
19:50:32.405 [FXGL Background Thread 3 ] DEBUG Engine               - devBBoxColorProperty: ObjectProperty [value: 0xff0000ff]
19:50:32.405 [FXGL Background Thread 3 ] DEBUG Engine               - devEnableDebugCameraProperty: BooleanProperty [value: false]
19:50:32.405 [FXGL Background Thread 3 ] DEBUG Engine               - devSensorColorProperty: ObjectProperty [value: 0xffff00ff]
19:50:32.405 [FXGL Background Thread 3 ] DEBUG Engine               - devShowBBoxProperty: BooleanProperty [value: false]
19:50:32.405 [FXGL Background Thread 3 ] DEBUG Engine               - devShowPositionProperty: BooleanProperty [value: false]
19:50:32.405 [FXGL Background Thread 3 ] DEBUG Engine               - enabledMenuItems: []
19:50:32.405 [FXGL Background Thread 3 ] DEBUG Engine               - engineServices: [class com.almasb.fxgl.app.services.FXGLAssetLoaderService, class com.almasb.fxgl.app.FXGLApplication$GameApplicationService, class com.almasb.fxgl.app.services.FXGLDialogService, class com.almasb.fxgl.app.services.IOTaskExecutorService, class com.almasb.fxgl.io.FileSystemService, class com.almasb.fxgl.localization.LocalizationService, class com.almasb.fxgl.app.services.SystemBundleService, class com.almasb.fxgl.profile.SaveLoadService, class com.almasb.fxgl.ui.FXGLUIFactoryServiceProvider, class com.almasb.fxgl.ui.FXGLDialogFactoryServiceProvider, class com.almasb.fxgl.audio.AudioPlayer, class com.almasb.fxgl.notification.impl.NotificationServiceProvider, class com.almasb.fxgl.achievement.AchievementService, class com.almasb.fxgl.cutscene.CutsceneService, class com.almasb.fxgl.minigames.MiniGameService, class com.almasb.fxgl.net.NetService, class com.almasb.fxgl.app.services.UpdaterService, class com.almasb.fxgl.dev.DevService]
19:50:32.405 [FXGL Background Thread 3 ] DEBUG Engine               - fontGame: Abel-Regular.ttf
19:50:32.405 [FXGL Background Thread 3 ] DEBUG Engine               - fontMono: TerminalLandMono-Regular.otf
19:50:32.406 [FXGL Background Thread 3 ] DEBUG Engine               - fontSizeScaleUI: 1.0
19:50:32.406 [FXGL Background Thread 3 ] DEBUG Engine               - fontText: Courier-Prime.ttf
19:50:32.406 [FXGL Background Thread 3 ] DEBUG Engine               - fontUI: VarelaRound-Regular.ttf
19:50:32.406 [FXGL Background Thread 3 ] DEBUG Engine               - fullScreen: BooleanProperty [value: false]
19:50:32.406 [FXGL Background Thread 3 ] DEBUG Engine               - gameDifficulty: MEDIUM
19:50:32.406 [FXGL Background Thread 3 ] DEBUG Engine               - gameDifficultyProperty: ObjectProperty [value: MEDIUM]
19:50:32.406 [FXGL Background Thread 3 ] DEBUG Engine               - globalMusicVolume: 0.5
19:50:32.406 [FXGL Background Thread 3 ] DEBUG Engine               - globalMusicVolumeProperty: DoubleProperty [value: 0.25]
19:50:32.406 [FXGL Background Thread 3 ] DEBUG Engine               - globalSoundVolume: 0.5
19:50:32.406 [FXGL Background Thread 3 ] DEBUG Engine               - globalSoundVolumeProperty: DoubleProperty [value: 0.5]
19:50:32.406 [FXGL Background Thread 3 ] DEBUG Engine               - height: 600
19:50:32.406 [FXGL Background Thread 3 ] DEBUG Engine               - is3D: false
19:50:32.406 [FXGL Background Thread 3 ] DEBUG Engine               - isAndroid: false
19:50:32.407 [FXGL Background Thread 3 ] DEBUG Engine               - isBrowser: false
19:50:32.407 [FXGL Background Thread 3 ] DEBUG Engine               - isClickFeedbackEnabled: false
19:50:32.407 [FXGL Background Thread 3 ] DEBUG Engine               - isCloseConfirmation: false
19:50:32.407 [FXGL Background Thread 3 ] DEBUG Engine               - isDesktop: true
19:50:32.407 [FXGL Background Thread 3 ] DEBUG Engine               - isDeveloperMenuEnabled: false
19:50:32.407 [FXGL Background Thread 3 ] DEBUG Engine               - isEmbedded: false
19:50:32.407 [FXGL Background Thread 3 ] DEBUG Engine               - isEntityPreloadEnabled: true
19:50:32.407 [FXGL Background Thread 3 ] DEBUG Engine               - isExperimentalTiledLargeMap: false
19:50:32.407 [FXGL Background Thread 3 ] DEBUG Engine               - isFileSystemWriteAllowed: true
19:50:32.407 [FXGL Background Thread 3 ] DEBUG Engine               - isFullScreenAllowed: false
19:50:32.407 [FXGL Background Thread 3 ] DEBUG Engine               - isFullScreenFromStart: false
19:50:32.407 [FXGL Background Thread 3 ] DEBUG Engine               - isGameMenuEnabled: true
19:50:32.407 [FXGL Background Thread 3 ] DEBUG Engine               - isIOS: false
19:50:32.407 [FXGL Background Thread 3 ] DEBUG Engine               - isIntroEnabled: false
19:50:32.407 [FXGL Background Thread 3 ] DEBUG Engine               - isLinux: false
19:50:32.407 [FXGL Background Thread 3 ] DEBUG Engine               - isMac: false
19:50:32.407 [FXGL Background Thread 3 ] DEBUG Engine               - isMainMenuEnabled: false
19:50:32.407 [FXGL Background Thread 3 ] DEBUG Engine               - isManualResizeEnabled: false
19:50:32.407 [FXGL Background Thread 3 ] DEBUG Engine               - isMobile: false
19:50:32.407 [FXGL Background Thread 3 ] DEBUG Engine               - isNative: false
19:50:32.407 [FXGL Background Thread 3 ] DEBUG Engine               - isPauseMusicWhenMinimized: true
19:50:32.408 [FXGL Background Thread 3 ] DEBUG Engine               - isPreserveResizeRatio: false
19:50:32.408 [FXGL Background Thread 3 ] DEBUG Engine               - isProfilingEnabled: false
19:50:32.408 [FXGL Background Thread 3 ] DEBUG Engine               - isScaleAffectedOnResize: true
19:50:32.408 [FXGL Background Thread 3 ] DEBUG Engine               - isSingleStep: false
19:50:32.408 [FXGL Background Thread 3 ] DEBUG Engine               - isUserProfileEnabled: false
19:50:32.408 [FXGL Background Thread 3 ] DEBUG Engine               - isWindows: true
19:50:32.408 [FXGL Background Thread 3 ] DEBUG Engine               - language: ObjectProperty [value: ENGLISH]
19:50:32.408 [FXGL Background Thread 3 ] DEBUG Engine               - menuKey: ESCAPE
19:50:32.408 [FXGL Background Thread 3 ] DEBUG Engine               - mouseSensitivity: 0.2
19:50:32.408 [FXGL Background Thread 3 ] DEBUG Engine               - notificationViewClass: class com.almasb.fxgl.notification.view.XboxNotificationView
19:50:32.408 [FXGL Background Thread 3 ] DEBUG Engine               - pixelsPerMeter: 50.0
19:50:32.408 [FXGL Background Thread 3 ] DEBUG Engine               - platform: WINDOWS
19:50:32.408 [FXGL Background Thread 3 ] DEBUG Engine               - prefHeightProperty: ReadOnlyDoubleProperty [value: 600.0]
19:50:32.408 [FXGL Background Thread 3 ] DEBUG Engine               - prefWidthProperty: ReadOnlyDoubleProperty [value: 800.0]
19:50:32.408 [FXGL Background Thread 3 ] DEBUG Engine               - profileDir: profiles/
19:50:32.408 [FXGL Background Thread 3 ] DEBUG Engine               - profileName: StringProperty [value: DEFAULT]
19:50:32.408 [FXGL Background Thread 3 ] DEBUG Engine               - randomSeed: -1
19:50:32.408 [FXGL Background Thread 3 ] DEBUG Engine               - runtimeInfo: RuntimeInfo(platform=WINDOWS, version=21, build=28.12.2023 13.35)
19:50:32.409 [FXGL Background Thread 3 ] DEBUG Engine               - saveFileExt: sav
19:50:32.409 [FXGL Background Thread 3 ] DEBUG Engine               - scaledHeightProp$fxgl: DoubleProperty [bound, value: 600.0]
19:50:32.409 [FXGL Background Thread 3 ] DEBUG Engine               - scaledWidthProp$fxgl: DoubleProperty [bound, value: 800.0]
19:50:32.409 [FXGL Background Thread 3 ] DEBUG Engine               - sceneFactory: com.almasb.fxglgames.platformer.PlatformerApp$1@419464ac
19:50:32.409 [FXGL Background Thread 3 ] DEBUG Engine               - secondsIn24h: 60
19:50:32.409 [FXGL Background Thread 3 ] DEBUG Engine               - soundMenuBack: menu/back.wav
19:50:32.409 [FXGL Background Thread 3 ] DEBUG Engine               - soundMenuPress: menu/press.wav
19:50:32.409 [FXGL Background Thread 3 ] DEBUG Engine               - soundMenuSelect: menu/select.wav
19:50:32.409 [FXGL Background Thread 3 ] DEBUG Engine               - soundNotification: core/notification.wav
19:50:32.409 [FXGL Background Thread 3 ] DEBUG Engine               - stageStyle: DECORATED
19:50:32.409 [FXGL Background Thread 3 ] DEBUG Engine               - supportedLanguages: [ENGLISH, FRENCH, GERMAN, HUNGARIAN, RUSSIAN]
19:50:32.409 [FXGL Background Thread 3 ] DEBUG Engine               - ticksPerSecond: -1
19:50:32.409 [FXGL Background Thread 3 ] DEBUG Engine               - title: Untitled
19:50:32.409 [FXGL Background Thread 3 ] DEBUG Engine               - urlGithub: https://github.com/AlmasB/FXGL
19:50:32.409 [FXGL Background Thread 3 ] DEBUG Engine               - urlLeaderboard: http://fxgl-top.herokuapp.com/
19:50:32.409 [FXGL Background Thread 3 ] DEBUG Engine               - urlPOM: https://raw.githubusercontent.com/AlmasB/FXGL/release/README.md
19:50:32.409 [FXGL Background Thread 3 ] DEBUG Engine               - userAppClass: class com.almasb.fxglgames.platformer.PlatformerApp
19:50:32.409 [FXGL Background Thread 3 ] DEBUG Engine               - version: 0.0
19:50:32.409 [FXGL Background Thread 3 ] DEBUG Engine               - versionCheckDays: 7
19:50:32.409 [FXGL Background Thread 3 ] DEBUG Engine               - width: 800
19:50:32.409 [FXGL Background Thread 3 ] DEBUG Engine               - Logging services
19:50:32.409 [FXGL Background Thread 3 ] DEBUG Engine               - class com.almasb.fxgl.app.services.FXGLAssetLoaderService
19:50:32.409 [FXGL Background Thread 3 ] DEBUG Engine               - class com.almasb.fxgl.app.FXGLApplication$GameApplicationService
19:50:32.409 [FXGL Background Thread 3 ] DEBUG Engine               - class com.almasb.fxgl.app.services.FXGLDialogService
19:50:32.410 [FXGL Background Thread 3 ] DEBUG Engine               - class com.almasb.fxgl.app.services.IOTaskExecutorService
19:50:32.410 [FXGL Background Thread 3 ] DEBUG Engine               - class com.almasb.fxgl.io.FileSystemService
19:50:32.410 [FXGL Background Thread 3 ] DEBUG Engine               - class com.almasb.fxgl.localization.LocalizationService
19:50:32.410 [FXGL Background Thread 3 ] DEBUG Engine               - class com.almasb.fxgl.app.services.SystemBundleService
19:50:32.410 [FXGL Background Thread 3 ] DEBUG Engine               - class com.almasb.fxgl.profile.SaveLoadService
19:50:32.410 [FXGL Background Thread 3 ] DEBUG Engine               - class com.almasb.fxgl.ui.FXGLUIFactoryServiceProvider
19:50:32.410 [FXGL Background Thread 3 ] DEBUG Engine               - class com.almasb.fxgl.ui.FXGLDialogFactoryServiceProvider
19:50:32.410 [FXGL Background Thread 3 ] DEBUG Engine               - class com.almasb.fxgl.audio.AudioPlayer
19:50:32.410 [FXGL Background Thread 3 ] DEBUG Engine               - class com.almasb.fxgl.notification.impl.NotificationServiceProvider
19:50:32.410 [FXGL Background Thread 3 ] DEBUG Engine               - class com.almasb.fxgl.achievement.AchievementService
19:50:32.410 [FXGL Background Thread 3 ] DEBUG Engine               - class com.almasb.fxgl.cutscene.CutsceneService
19:50:32.410 [FXGL Background Thread 3 ] DEBUG Engine               - class com.almasb.fxgl.minigames.MiniGameService
19:50:32.410 [FXGL Background Thread 3 ] DEBUG Engine               - class com.almasb.fxgl.net.NetService
19:50:32.410 [FXGL Background Thread 3 ] DEBUG Engine               - class com.almasb.fxgl.app.services.UpdaterService
19:50:32.410 [FXGL Background Thread 3 ] DEBUG Engine               - class com.almasb.fxgl.dev.DevService
19:52:23.230 [JavaFX Application Thread] DEBUG FXGLApplication      - Exiting FXGL
19:52:23.230 [JavaFX Application Thread] DEBUG LoopRunner           - Stopping loop
19:52:23.230 [JavaFX Application Thread] DEBUG SystemBundleService  - Saving FXGL system data
19:52:23.233 [JavaFX Application Thread] DEBUG FileSystemAccess     - Writing to: C:\project\main_repo\system\fxgl.bundle
19:52:23.236 [JavaFX Application Thread] DEBUG Async                - Shutting down background threads
19:52:23.237 [JavaFX Application Thread] DEBUG PrimaryStageWindow   - Closing main window
19:52:23.245 [JavaFX Application Thread] DEBUG Logger               - Closing Logger
