21:11:25.370 [main                     ] DEBUG Logger               - Configured Logger
21:11:25.392 [main                     ] DEBUG GameApplication      - Logging settings
Title: Untitled
Version: 0.0
Width: 800
Height: 600
Fullscreen: false
Intro: false
Profiling: false
Single step:false
App Mode: DEVELOPER
Menu Key: ESCAPE
Stage Style: DECORATED
Scene Factory: class com.almasb.fxglgames.platformer.PlatformerApp$1

21:11:25.797 [JavaFX Application Thread] DEBUG FXGLApplication      - Initializing FXGL
21:11:25.801 [JavaFX Application Thread] INFO  Engine               - FXGL-21 (28.12.2023 13.35) on WINDOWS (J:21.0.2 FX:21.0.1)
21:11:25.802 [JavaFX Application Thread] DEBUG Engine               - JRE Vendor Name: Oracle Corporation
21:11:25.802 [JavaFX Application Thread] DEBUG Engine               - Running on OS: Windows 10 version 10.0
21:11:25.802 [JavaFX Application Thread] DEBUG Engine               - Architecture: amd64
21:11:25.802 [JavaFX Application Thread] INFO  Engine               - Source code and latest versions at: https://github.com/AlmasB/FXGL
21:11:25.802 [JavaFX Application Thread] INFO  Engine               -       Ask questions and discuss at: https://github.com/AlmasB/FXGL/discussions
21:11:25.803 [JavaFX Application Thread] INFO  Engine               -              Join the FXGL chat at: https://gitter.im/AlmasB/FXGL
21:11:25.889 [JavaFX Application Thread] DEBUG PrimaryStageWindow   - Creating a JavaFX scene
21:11:25.943 [JavaFX Application Thread] DEBUG PrimaryStageWindow   - Target settings size: 800.0 x 600.0
21:11:25.943 [JavaFX Application Thread] DEBUG PrimaryStageWindow   - Scaled scene size:    800.0 x 600.0
21:11:25.944 [JavaFX Application Thread] DEBUG PrimaryStageWindow   - Scaled ratio: (1.0, 1.0)
21:11:25.946 [JavaFX Application Thread] DEBUG PrimaryStageWindow   - Set initial scene to FXGLStartupScene
21:11:25.950 [JavaFX Application Thread] DEBUG PrimaryStageWindow   - Opening main window
21:11:26.024 [JavaFX Application Thread] DEBUG PrimaryStageWindow   - Window border size: (16.0, 39.0)
21:11:26.024 [JavaFX Application Thread] DEBUG PrimaryStageWindow   - Scaled size: 800.0 x 600.0
21:11:26.024 [JavaFX Application Thread] DEBUG PrimaryStageWindow   - Scaled ratio: (1.0, 1.0)
21:11:26.025 [JavaFX Application Thread] DEBUG PrimaryStageWindow   - Scene size: 800.0 x 600.0
21:11:26.025 [JavaFX Application Thread] DEBUG PrimaryStageWindow   - Stage size: 816.0 x 639.0
21:11:26.032 [FXGL Background Thread 1 ] DEBUG Engine               - Initializing environment variables
21:11:26.084 [FXGL Background Thread 1 ] DEBUG FXGLAssetLoaderServi - User app class for loading assets: class com.almasb.fxglgames.platformer.PlatformerApp
21:11:26.084 [FXGL Background Thread 1 ] DEBUG GameApplicationServi - Applying CSS: fxgl_dark.css
21:11:26.085 [FXGL Background Thread 1 ] DEBUG FXGLAssetLoaderServi - Loading from file system: jar:file:///C:/Users/TECH2-26/.m2/repository/com/github/almasb/fxgl/21/fxgl-21.jar!/fxglassets/ui/css/fxgl_dark.css
21:11:26.137 [FXGL Background Thread 1 ] DEBUG GameApplicationServi - Initializing application scenes
21:11:26.205 [FXGL Background Thread 1 ] DEBUG FXGLAssetLoaderServi - Loading from file system: file:/C:/project/main_repo/target/classes/assets/textures/player.png
21:11:26.230 [FXGL Background Thread 1 ] DEBUG GameWorld            - Game world initialized
21:11:26.290 [FXGL Background Thread 1 ] DEBUG PhysicsWorld         - Physics world initialized: appHeight=600, physics.ppm=50.0
21:11:26.290 [FXGL Background Thread 1 ] DEBUG PhysicsWorld         - Using strategy: BRUTE_FORCE
21:11:26.293 [FXGL Background Thread 1 ] DEBUG GameScene            - Game scene initialized: 800x600
21:11:26.303 [FXGL Background Thread 1 ] DEBUG FXGL.DefaultMenu     - createMenuBodyGameMenu()
21:11:26.323 [FXGL Background Thread 1 ] DEBUG FXGL.DefaultMenu     - createOptionsMenu()
21:11:26.333 [FXGL Background Thread 1 ] DEBUG FXGLAssetLoaderServi - Loading from file system: jar:file:///C:/Users/TECH2-26/.m2/repository/com/github/almasb/fxgl/21/fxgl-21.jar!/fxglassets/textures/particles/smoke.png
21:11:26.437 [FXGL Background Thread 1 ] DEBUG FXGLAssetLoaderServi - Loading from file system: jar:file:///C:/Users/TECH2-26/.m2/repository/com/github/almasb/fxgl/21/fxgl-21.jar!/fxglassets/textures/particles/trace_horizontal.png
21:11:26.506 [FXGL Background Thread 1 ] DEBUG GameApplicationServi - Application scenes initialized
21:11:26.523 [FXGL Background Thread 1 ] DEBUG SystemBundleService  - Loading FXGL system data
21:11:26.529 [FXGL Background Thread 1 ] DEBUG FileSystemAccess     - Reading from: C:\project\main_repo\system\fxgl.bundle
21:11:26.541 [FXGL Background Thread 1 ] DEBUG SystemBundleService  - Bundle FXGL: {}
21:11:26.541 [FXGL Background Thread 1 ] DEBUG UpdaterService       - Checking for updates
21:11:26.546 [FXGL Background Thread 4 ] DEBUG FXGLApplication      - Loading fonts
21:11:26.548 [FXGL Background Thread 1 ] DEBUG FXGLApplication      - Loading default localization
21:11:26.549 [FXGL Background Thread 1 ] DEBUG FXGLAssetLoaderServi - Loading from file system: jar:file:///C:/Users/TECH2-26/.m2/repository/com/github/almasb/fxgl/21/fxgl-21.jar!/fxglassets/languages/english.lang
21:11:26.549 [FXGL Background Thread 4 ] DEBUG FXGLAssetLoaderServi - Loading from file system: jar:file:///C:/Users/TECH2-26/.m2/repository/com/github/almasb/fxgl/21/fxgl-21.jar!/fxglassets/ui/fonts/VarelaRound-Regular.ttf
21:11:26.579 [FXGL Background Thread 1 ] INFO  FXGLApplication      - FXGL initialization took: 0.547 sec
21:11:26.601 [JavaFX Application Thread] DEBUG Input                - Registered new binding: action0 - LMB
21:11:26.615 [JavaFX Application Thread] DEBUG Input                - Registered new binding: Left - A
21:11:26.615 [JavaFX Application Thread] DEBUG Input                - Registered new binding: Right - D
21:11:26.615 [JavaFX Application Thread] DEBUG Input                - Registered new binding: Jump - W
21:11:26.616 [JavaFX Application Thread] DEBUG Input                - Registered new binding: Use - E
21:11:26.617 [JavaFX Application Thread] DEBUG FXGLAssetLoaderServi - Loading from file system: file:/C:/project/main_repo/target/classes/assets/music/BGM_dash_runner.wav
21:11:26.625 [FXGL Background Thread 4 ] DEBUG FXGLAssetLoaderServi - Loading from file system: jar:file:///C:/Users/TECH2-26/.m2/repository/com/github/almasb/fxgl/21/fxgl-21.jar!/fxglassets/ui/fonts/Abel-Regular.ttf
21:11:26.632 [FXGL Background Thread 4 ] DEBUG FXGLAssetLoaderServi - Loading from file system: jar:file:///C:/Users/TECH2-26/.m2/repository/com/github/almasb/fxgl/21/fxgl-21.jar!/fxglassets/ui/fonts/TerminalLandMono-Regular.otf
21:11:26.638 [FXGL Background Thread 4 ] DEBUG FXGLAssetLoaderServi - Loading from file system: jar:file:///C:/Users/TECH2-26/.m2/repository/com/github/almasb/fxgl/21/fxgl-21.jar!/fxglassets/ui/fonts/Courier-Prime.ttf
21:11:26.987 [JavaFX Application Thread] DEBUG AudioPlayer          - Playing music com.almasb.fxgl.audio.Music@25d1b7d7
21:11:26.988 [JavaFX Application Thread] DEBUG FXGLAssetLoaderServi - Loading from file system: jar:file:///C:/Users/TECH2-26/.m2/repository/com/github/almasb/fxgl/21/fxgl-21.jar!/fxglassets/textures/fxgl_icon.png
21:11:27.010 [JavaFX Application Thread] DEBUG FXGLAssetLoaderServi - Loading from file system: jar:file:///C:/Users/TECH2-26/.m2/repository/com/github/almasb/fxgl/21/fxgl-21.jar!/fxglassets/textures/fxgl_default_cursor.png
21:11:27.013 [JavaFX Application Thread] DEBUG Input                - Registered new binding: Screenshot - CTRL+8
21:11:27.014 [JavaFX Application Thread] DEBUG Input                - Registered new binding: System info dump - CTRL+9
21:11:27.014 [JavaFX Application Thread] DEBUG Input                - Registered new binding: Restart - CTRL+R
21:11:27.015 [JavaFX Application Thread] DEBUG Input                - Registered new binding: Toggle Debug Camera - CTRL+7
21:11:27.018 [JavaFX Application Thread] DEBUG LoopRunner           - Starting loop
21:11:27.019 [JavaFX Application Thread] DEBUG LoopRunner           - Initializing JavaFX AnimationTimerLoop
21:11:27.020 [JavaFX Application Thread] DEBUG GameApplicationServi - Starting new game
21:11:27.021 [JavaFX Application Thread] DEBUG Input                - Clearing active input actions
21:11:27.045 [JavaFX Application Thread] DEBUG GameApplicationServi - Removing overlay from FXGLStartupScene and adding to MainLoadingScene
21:11:27.046 [JavaFX Application Thread] DEBUG PrimaryStageWindow   - FXGLStartupScene -> MainLoadingScene
21:11:27.046 [JavaFX Application Thread] DEBUG GameApplicationServi - Clearing previous game
21:11:27.046 [JavaFX Application Thread] DEBUG GameScene            - Clearing game scene
21:11:27.046 [JavaFX Application Thread] DEBUG GameWorld            - Clearing game world
21:11:27.047 [JavaFX Application Thread] DEBUG PhysicsWorld         - Clearing physics world
21:11:27.048 [JavaFX Application Thread] DEBUG FXGLApplication      - Registering font factories with UI factory
21:11:27.130 [FXGL Background Thread 4 ] WARN  TMXLevelLoader       - TiledMap generated from 1.2.3. Supported version: 1.9.0. Some features may not be parsed fully.
21:11:27.144 [FXGL Background Thread 4 ] DEBUG TMXLevelLoader       - Parsed TiledMap: file:/C:/project/main_repo/target/classes/assets/levels/tmx/level1.tmx
21:11:27.147 [FXGL Background Thread 4 ] DEBUG TMXLevelLoader       - Creating tile layer entities
21:11:27.150 [FXGL Background Thread 4 ] DEBUG TilesetLoader        - Loading view for layer Tile Layer 1
21:11:27.153 [FXGL Background Thread 4 ] DEBUG TilesetLoader        - Created buffer with size 1050.0x700.0
21:11:27.186 [FXGL Background Thread 4 ] DEBUG TMXLevelLoader       - Creating object layer entities
21:11:27.217 [FXGL Background Thread 4 ] DEBUG GameWorld            - Clearing removable entities
21:11:27.218 [FXGL Background Thread 4 ] DEBUG GameWorld            - Setting level: com.almasb.fxgl.entity.level.Level@12c7bba4
21:11:27.246 [FXGL Background Thread 2 ] INFO  UpdaterService       - Your current version:  21
21:11:27.246 [FXGL Background Thread 2 ] INFO  UpdaterService       - Latest stable version: 21.1
21:11:27.281 [FXGL Background Thread 4 ] DEBUG FXGLAssetLoaderServi - Loading from file system: file:/C:/project/main_repo/target/classes/assets/textures/background/forest.png
21:11:27.305 [FXGL Background Thread 4 ] INFO  FXGLApplication      - Game initialization took: 0.257 sec
21:11:27.306 [JavaFX Application Thread] DEBUG Input                - Clearing active input actions
21:11:27.318 [JavaFX Application Thread] DEBUG GameApplicationServi - Removing overlay from MainLoadingScene and adding to GameScene
21:11:27.318 [JavaFX Application Thread] DEBUG PrimaryStageWindow   - MainLoadingScene -> GameScene
21:11:29.545 [FXGL Background Thread 3 ] DEBUG Engine               - Logging environment variables
21:11:29.545 [FXGL Background Thread 3 ] DEBUG Engine               - achievements: []
21:11:29.545 [FXGL Background Thread 3 ] DEBUG Engine               - actualHeight: 600.0
21:11:29.546 [FXGL Background Thread 3 ] DEBUG Engine               - actualHeightProperty: ReadOnlyDoubleProperty [value: 600.0]
21:11:29.546 [FXGL Background Thread 3 ] DEBUG Engine               - actualWidth: 800.0
21:11:29.546 [FXGL Background Thread 3 ] DEBUG Engine               - actualWidthProperty: ReadOnlyDoubleProperty [value: 800.0]
21:11:29.546 [FXGL Background Thread 3 ] DEBUG Engine               - appIcon: fxgl_icon.png
21:11:29.546 [FXGL Background Thread 3 ] DEBUG Engine               - applicationMode: DEVELOPER
21:11:29.546 [FXGL Background Thread 3 ] DEBUG Engine               - cSSList: [fxgl_dark.css]
21:11:29.546 [FXGL Background Thread 3 ] DEBUG Engine               - collisionDetectionStrategy: BRUTE_FORCE
21:11:29.546 [FXGL Background Thread 3 ] DEBUG Engine               - configClass: Optional.empty
21:11:29.546 [FXGL Background Thread 3 ] DEBUG Engine               - credits: []
21:11:29.546 [FXGL Background Thread 3 ] DEBUG Engine               - defaultCursor: CursorInfo(imageName=fxgl_default_cursor.png, hotspotX=7.0, hotspotY=6.0)
21:11:29.547 [FXGL Background Thread 3 ] DEBUG Engine               - devBBoxColorProperty: ObjectProperty [value: 0xff0000ff]
21:11:29.547 [FXGL Background Thread 3 ] DEBUG Engine               - devEnableDebugCameraProperty: BooleanProperty [value: false]
21:11:29.547 [FXGL Background Thread 3 ] DEBUG Engine               - devSensorColorProperty: ObjectProperty [value: 0xffff00ff]
21:11:29.547 [FXGL Background Thread 3 ] DEBUG Engine               - devShowBBoxProperty: BooleanProperty [value: false]
21:11:29.547 [FXGL Background Thread 3 ] DEBUG Engine               - devShowPositionProperty: BooleanProperty [value: false]
21:11:29.547 [FXGL Background Thread 3 ] DEBUG Engine               - enabledMenuItems: []
21:11:29.547 [FXGL Background Thread 3 ] DEBUG Engine               - engineServices: [class com.almasb.fxgl.app.services.FXGLAssetLoaderService, class com.almasb.fxgl.app.FXGLApplication$GameApplicationService, class com.almasb.fxgl.app.services.FXGLDialogService, class com.almasb.fxgl.app.services.IOTaskExecutorService, class com.almasb.fxgl.io.FileSystemService, class com.almasb.fxgl.localization.LocalizationService, class com.almasb.fxgl.app.services.SystemBundleService, class com.almasb.fxgl.profile.SaveLoadService, class com.almasb.fxgl.ui.FXGLUIFactoryServiceProvider, class com.almasb.fxgl.ui.FXGLDialogFactoryServiceProvider, class com.almasb.fxgl.audio.AudioPlayer, class com.almasb.fxgl.notification.impl.NotificationServiceProvider, class com.almasb.fxgl.achievement.AchievementService, class com.almasb.fxgl.cutscene.CutsceneService, class com.almasb.fxgl.minigames.MiniGameService, class com.almasb.fxgl.net.NetService, class com.almasb.fxgl.app.services.UpdaterService, class com.almasb.fxgl.dev.DevService]
21:11:29.547 [FXGL Background Thread 3 ] DEBUG Engine               - fontGame: Abel-Regular.ttf
21:11:29.547 [FXGL Background Thread 3 ] DEBUG Engine               - fontMono: TerminalLandMono-Regular.otf
21:11:29.547 [FXGL Background Thread 3 ] DEBUG Engine               - fontSizeScaleUI: 1.0
21:11:29.547 [FXGL Background Thread 3 ] DEBUG Engine               - fontText: Courier-Prime.ttf
21:11:29.547 [FXGL Background Thread 3 ] DEBUG Engine               - fontUI: VarelaRound-Regular.ttf
21:11:29.547 [FXGL Background Thread 3 ] DEBUG Engine               - fullScreen: BooleanProperty [value: false]
21:11:29.547 [FXGL Background Thread 3 ] DEBUG Engine               - gameDifficulty: MEDIUM
21:11:29.547 [FXGL Background Thread 3 ] DEBUG Engine               - gameDifficultyProperty: ObjectProperty [value: MEDIUM]
21:11:29.548 [FXGL Background Thread 3 ] DEBUG Engine               - globalMusicVolume: 0.5
21:11:29.548 [FXGL Background Thread 3 ] DEBUG Engine               - globalMusicVolumeProperty: DoubleProperty [value: 0.25]
21:11:29.548 [FXGL Background Thread 3 ] DEBUG Engine               - globalSoundVolume: 0.5
21:11:29.548 [FXGL Background Thread 3 ] DEBUG Engine               - globalSoundVolumeProperty: DoubleProperty [value: 0.5]
21:11:29.548 [FXGL Background Thread 3 ] DEBUG Engine               - height: 600
21:11:29.548 [FXGL Background Thread 3 ] DEBUG Engine               - is3D: false
21:11:29.548 [FXGL Background Thread 3 ] DEBUG Engine               - isAndroid: false
21:11:29.548 [FXGL Background Thread 3 ] DEBUG Engine               - isBrowser: false
21:11:29.548 [FXGL Background Thread 3 ] DEBUG Engine               - isClickFeedbackEnabled: false
21:11:29.548 [FXGL Background Thread 3 ] DEBUG Engine               - isCloseConfirmation: false
21:11:29.548 [FXGL Background Thread 3 ] DEBUG Engine               - isDesktop: true
21:11:29.548 [FXGL Background Thread 3 ] DEBUG Engine               - isDeveloperMenuEnabled: false
21:11:29.548 [FXGL Background Thread 3 ] DEBUG Engine               - isEmbedded: false
21:11:29.548 [FXGL Background Thread 3 ] DEBUG Engine               - isEntityPreloadEnabled: true
21:11:29.548 [FXGL Background Thread 3 ] DEBUG Engine               - isExperimentalTiledLargeMap: false
21:11:29.549 [FXGL Background Thread 3 ] DEBUG Engine               - isFileSystemWriteAllowed: true
21:11:29.549 [FXGL Background Thread 3 ] DEBUG Engine               - isFullScreenAllowed: false
21:11:29.549 [FXGL Background Thread 3 ] DEBUG Engine               - isFullScreenFromStart: false
21:11:29.549 [FXGL Background Thread 3 ] DEBUG Engine               - isGameMenuEnabled: true
21:11:29.549 [FXGL Background Thread 3 ] DEBUG Engine               - isIOS: false
21:11:29.549 [FXGL Background Thread 3 ] DEBUG Engine               - isIntroEnabled: false
21:11:29.549 [FXGL Background Thread 3 ] DEBUG Engine               - isLinux: false
21:11:29.549 [FXGL Background Thread 3 ] DEBUG Engine               - isMac: false
21:11:29.549 [FXGL Background Thread 3 ] DEBUG Engine               - isMainMenuEnabled: false
21:11:29.549 [FXGL Background Thread 3 ] DEBUG Engine               - isManualResizeEnabled: false
21:11:29.549 [FXGL Background Thread 3 ] DEBUG Engine               - isMobile: false
21:11:29.549 [FXGL Background Thread 3 ] DEBUG Engine               - isNative: false
21:11:29.549 [FXGL Background Thread 3 ] DEBUG Engine               - isPauseMusicWhenMinimized: true
21:11:29.549 [FXGL Background Thread 3 ] DEBUG Engine               - isPreserveResizeRatio: false
21:11:29.549 [FXGL Background Thread 3 ] DEBUG Engine               - isProfilingEnabled: false
21:11:29.549 [FXGL Background Thread 3 ] DEBUG Engine               - isScaleAffectedOnResize: true
21:11:29.549 [FXGL Background Thread 3 ] DEBUG Engine               - isSingleStep: false
21:11:29.549 [FXGL Background Thread 3 ] DEBUG Engine               - isUserProfileEnabled: false
21:11:29.549 [FXGL Background Thread 3 ] DEBUG Engine               - isWindows: true
21:11:29.549 [FXGL Background Thread 3 ] DEBUG Engine               - language: ObjectProperty [value: ENGLISH]
21:11:29.549 [FXGL Background Thread 3 ] DEBUG Engine               - menuKey: ESCAPE
21:11:29.549 [FXGL Background Thread 3 ] DEBUG Engine               - mouseSensitivity: 0.2
21:11:29.550 [FXGL Background Thread 3 ] DEBUG Engine               - notificationViewClass: class com.almasb.fxgl.notification.view.XboxNotificationView
21:11:29.550 [FXGL Background Thread 3 ] DEBUG Engine               - pixelsPerMeter: 50.0
21:11:29.550 [FXGL Background Thread 3 ] DEBUG Engine               - platform: WINDOWS
21:11:29.550 [FXGL Background Thread 3 ] DEBUG Engine               - prefHeightProperty: ReadOnlyDoubleProperty [value: 600.0]
21:11:29.550 [FXGL Background Thread 3 ] DEBUG Engine               - prefWidthProperty: ReadOnlyDoubleProperty [value: 800.0]
21:11:29.550 [FXGL Background Thread 3 ] DEBUG Engine               - profileDir: profiles/
21:11:29.550 [FXGL Background Thread 3 ] DEBUG Engine               - profileName: StringProperty [value: DEFAULT]
21:11:29.550 [FXGL Background Thread 3 ] DEBUG Engine               - randomSeed: -1
21:11:29.550 [FXGL Background Thread 3 ] DEBUG Engine               - runtimeInfo: RuntimeInfo(platform=WINDOWS, version=21, build=28.12.2023 13.35)
21:11:29.550 [FXGL Background Thread 3 ] DEBUG Engine               - saveFileExt: sav
21:11:29.550 [FXGL Background Thread 3 ] DEBUG Engine               - scaledHeightProp$fxgl: DoubleProperty [bound, value: 600.0]
21:11:29.550 [FXGL Background Thread 3 ] DEBUG Engine               - scaledWidthProp$fxgl: DoubleProperty [bound, value: 800.0]
21:11:29.550 [FXGL Background Thread 3 ] DEBUG Engine               - sceneFactory: com.almasb.fxglgames.platformer.PlatformerApp$1@5f92b6f0
21:11:29.550 [FXGL Background Thread 3 ] DEBUG Engine               - secondsIn24h: 60
21:11:29.550 [FXGL Background Thread 3 ] DEBUG Engine               - soundMenuBack: menu/back.wav
21:11:29.551 [FXGL Background Thread 3 ] DEBUG Engine               - soundMenuPress: menu/press.wav
21:11:29.551 [FXGL Background Thread 3 ] DEBUG Engine               - soundMenuSelect: menu/select.wav
21:11:29.551 [FXGL Background Thread 3 ] DEBUG Engine               - soundNotification: core/notification.wav
21:11:29.551 [FXGL Background Thread 3 ] DEBUG Engine               - stageStyle: DECORATED
21:11:29.551 [FXGL Background Thread 3 ] DEBUG Engine               - supportedLanguages: [ENGLISH, FRENCH, GERMAN, HUNGARIAN, RUSSIAN]
21:11:29.551 [FXGL Background Thread 3 ] DEBUG Engine               - ticksPerSecond: -1
21:11:29.551 [FXGL Background Thread 3 ] DEBUG Engine               - title: Untitled
21:11:29.551 [FXGL Background Thread 3 ] DEBUG Engine               - urlGithub: https://github.com/AlmasB/FXGL
21:11:29.551 [FXGL Background Thread 3 ] DEBUG Engine               - urlLeaderboard: http://fxgl-top.herokuapp.com/
21:11:29.551 [FXGL Background Thread 3 ] DEBUG Engine               - urlPOM: https://raw.githubusercontent.com/AlmasB/FXGL/release/README.md
21:11:29.551 [FXGL Background Thread 3 ] DEBUG Engine               - userAppClass: class com.almasb.fxglgames.platformer.PlatformerApp
21:11:29.551 [FXGL Background Thread 3 ] DEBUG Engine               - version: 0.0
21:11:29.551 [FXGL Background Thread 3 ] DEBUG Engine               - versionCheckDays: 7
21:11:29.551 [FXGL Background Thread 3 ] DEBUG Engine               - width: 800
21:11:29.551 [FXGL Background Thread 3 ] DEBUG Engine               - Logging services
21:11:29.551 [FXGL Background Thread 3 ] DEBUG Engine               - class com.almasb.fxgl.app.services.FXGLAssetLoaderService
21:11:29.551 [FXGL Background Thread 3 ] DEBUG Engine               - class com.almasb.fxgl.app.FXGLApplication$GameApplicationService
21:11:29.551 [FXGL Background Thread 3 ] DEBUG Engine               - class com.almasb.fxgl.app.services.FXGLDialogService
21:11:29.551 [FXGL Background Thread 3 ] DEBUG Engine               - class com.almasb.fxgl.app.services.IOTaskExecutorService
21:11:29.551 [FXGL Background Thread 3 ] DEBUG Engine               - class com.almasb.fxgl.io.FileSystemService
21:11:29.551 [FXGL Background Thread 3 ] DEBUG Engine               - class com.almasb.fxgl.localization.LocalizationService
21:11:29.551 [FXGL Background Thread 3 ] DEBUG Engine               - class com.almasb.fxgl.app.services.SystemBundleService
21:11:29.551 [FXGL Background Thread 3 ] DEBUG Engine               - class com.almasb.fxgl.profile.SaveLoadService
21:11:29.551 [FXGL Background Thread 3 ] DEBUG Engine               - class com.almasb.fxgl.ui.FXGLUIFactoryServiceProvider
21:11:29.551 [FXGL Background Thread 3 ] DEBUG Engine               - class com.almasb.fxgl.ui.FXGLDialogFactoryServiceProvider
21:11:29.551 [FXGL Background Thread 3 ] DEBUG Engine               - class com.almasb.fxgl.audio.AudioPlayer
21:11:29.551 [FXGL Background Thread 3 ] DEBUG Engine               - class com.almasb.fxgl.notification.impl.NotificationServiceProvider
21:11:29.551 [FXGL Background Thread 3 ] DEBUG Engine               - class com.almasb.fxgl.achievement.AchievementService
21:11:29.551 [FXGL Background Thread 3 ] DEBUG Engine               - class com.almasb.fxgl.cutscene.CutsceneService
21:11:29.552 [FXGL Background Thread 3 ] DEBUG Engine               - class com.almasb.fxgl.minigames.MiniGameService
21:11:29.552 [FXGL Background Thread 3 ] DEBUG Engine               - class com.almasb.fxgl.net.NetService
21:11:29.552 [FXGL Background Thread 3 ] DEBUG Engine               - class com.almasb.fxgl.app.services.UpdaterService
21:11:29.552 [FXGL Background Thread 3 ] DEBUG Engine               - class com.almasb.fxgl.dev.DevService
21:12:48.265 [JavaFX Application Thread] DEBUG FXGLApplication      - Exiting FXGL
21:12:48.265 [JavaFX Application Thread] DEBUG LoopRunner           - Stopping loop
21:12:48.265 [JavaFX Application Thread] DEBUG SystemBundleService  - Saving FXGL system data
21:12:48.268 [JavaFX Application Thread] DEBUG FileSystemAccess     - Writing to: C:\project\main_repo\system\fxgl.bundle
21:12:48.271 [JavaFX Application Thread] DEBUG Async                - Shutting down background threads
21:12:48.271 [JavaFX Application Thread] DEBUG PrimaryStageWindow   - Closing main window
21:12:48.282 [JavaFX Application Thread] DEBUG Logger               - Closing Logger
