19:37:11.649 [main                     ] DEBUG Logger               - Configured Logger
19:37:11.672 [main                     ] DEBUG GameApplication      - Logging settings
Title: Untitled
Version: 0.0
Width: 800
Height: 600
Fullscreen: false
Intro: false
Profiling: false
Single step:false
App Mode: DEVELOPER
Menu Key: ESCAPE
Stage Style: DECORATED
Scene Factory: class com.almasb.fxglgames.platformer.PlatformerApp$1

19:37:12.084 [JavaFX Application Thread] DEBUG FXGLApplication      - Initializing FXGL
19:37:12.089 [JavaFX Application Thread] INFO  Engine               - FXGL-21 (28.12.2023 13.35) on WINDOWS (J:21.0.2 FX:21.0.1)
19:37:12.090 [JavaFX Application Thread] DEBUG Engine               - JRE Vendor Name: Oracle Corporation
19:37:12.090 [JavaFX Application Thread] DEBUG Engine               - Running on OS: Windows 10 version 10.0
19:37:12.090 [JavaFX Application Thread] DEBUG Engine               - Architecture: amd64
19:37:12.091 [JavaFX Application Thread] INFO  Engine               - Source code and latest versions at: https://github.com/AlmasB/FXGL
19:37:12.091 [JavaFX Application Thread] INFO  Engine               -       Ask questions and discuss at: https://github.com/AlmasB/FXGL/discussions
19:37:12.091 [JavaFX Application Thread] INFO  Engine               -              Join the FXGL chat at: https://gitter.im/AlmasB/FXGL
19:37:12.183 [JavaFX Application Thread] DEBUG PrimaryStageWindow   - Creating a JavaFX scene
19:37:12.235 [JavaFX Application Thread] DEBUG PrimaryStageWindow   - Target settings size: 800.0 x 600.0
19:37:12.235 [JavaFX Application Thread] DEBUG PrimaryStageWindow   - Scaled scene size:    800.0 x 600.0
19:37:12.235 [JavaFX Application Thread] DEBUG PrimaryStageWindow   - Scaled ratio: (1.0, 1.0)
19:37:12.236 [JavaFX Application Thread] DEBUG PrimaryStageWindow   - Set initial scene to FXGLStartupScene
19:37:12.241 [JavaFX Application Thread] DEBUG PrimaryStageWindow   - Opening main window
19:37:12.320 [JavaFX Application Thread] DEBUG PrimaryStageWindow   - Window border size: (16.0, 39.0)
19:37:12.320 [JavaFX Application Thread] DEBUG PrimaryStageWindow   - Scaled size: 800.0 x 600.0
19:37:12.320 [JavaFX Application Thread] DEBUG PrimaryStageWindow   - Scaled ratio: (1.0, 1.0)
19:37:12.320 [JavaFX Application Thread] DEBUG PrimaryStageWindow   - Scene size: 800.0 x 600.0
19:37:12.321 [JavaFX Application Thread] DEBUG PrimaryStageWindow   - Stage size: 816.0 x 639.0
19:37:12.327 [FXGL Background Thread 1 ] DEBUG Engine               - Initializing environment variables
19:37:12.382 [FXGL Background Thread 1 ] DEBUG FXGLAssetLoaderServi - User app class for loading assets: class com.almasb.fxglgames.platformer.PlatformerApp
19:37:12.382 [FXGL Background Thread 1 ] DEBUG GameApplicationServi - Applying CSS: fxgl_dark.css
19:37:12.383 [FXGL Background Thread 1 ] DEBUG FXGLAssetLoaderServi - Loading from file system: jar:file:///C:/Users/TECH2-26/.m2/repository/com/github/almasb/fxgl/21/fxgl-21.jar!/fxglassets/ui/css/fxgl_dark.css
19:37:12.437 [FXGL Background Thread 1 ] DEBUG GameApplicationServi - Initializing application scenes
19:37:12.513 [FXGL Background Thread 1 ] DEBUG FXGLAssetLoaderServi - Loading from file system: file:/C:/project/main_repo/target/classes/assets/textures/player.png
19:37:12.539 [FXGL Background Thread 1 ] DEBUG GameWorld            - Game world initialized
19:37:12.597 [FXGL Background Thread 1 ] DEBUG PhysicsWorld         - Physics world initialized: appHeight=600, physics.ppm=50.0
19:37:12.597 [FXGL Background Thread 1 ] DEBUG PhysicsWorld         - Using strategy: BRUTE_FORCE
19:37:12.602 [FXGL Background Thread 1 ] DEBUG GameScene            - Game scene initialized: 800x600
19:37:12.612 [FXGL Background Thread 1 ] DEBUG FXGL.DefaultMenu     - createMenuBodyGameMenu()
19:37:12.630 [FXGL Background Thread 1 ] DEBUG FXGL.DefaultMenu     - createOptionsMenu()
19:37:12.643 [FXGL Background Thread 1 ] DEBUG FXGLAssetLoaderServi - Loading from file system: jar:file:///C:/Users/TECH2-26/.m2/repository/com/github/almasb/fxgl/21/fxgl-21.jar!/fxglassets/textures/particles/smoke.png
19:37:12.734 [FXGL Background Thread 1 ] DEBUG FXGLAssetLoaderServi - Loading from file system: jar:file:///C:/Users/TECH2-26/.m2/repository/com/github/almasb/fxgl/21/fxgl-21.jar!/fxglassets/textures/particles/trace_horizontal.png
19:37:12.793 [FXGL Background Thread 1 ] DEBUG GameApplicationServi - Application scenes initialized
19:37:12.807 [FXGL Background Thread 1 ] DEBUG SystemBundleService  - Loading FXGL system data
19:37:12.811 [FXGL Background Thread 1 ] DEBUG FileSystemAccess     - Reading from: C:\project\main_repo\system\fxgl.bundle
19:37:12.823 [FXGL Background Thread 1 ] DEBUG SystemBundleService  - Bundle FXGL: {}
19:37:12.823 [FXGL Background Thread 1 ] DEBUG UpdaterService       - Checking for updates
19:37:12.827 [FXGL Background Thread 4 ] DEBUG FXGLApplication      - Loading fonts
19:37:12.828 [FXGL Background Thread 1 ] DEBUG FXGLApplication      - Loading default localization
19:37:12.829 [FXGL Background Thread 1 ] DEBUG FXGLAssetLoaderServi - Loading from file system: jar:file:///C:/Users/TECH2-26/.m2/repository/com/github/almasb/fxgl/21/fxgl-21.jar!/fxglassets/languages/english.lang
19:37:12.852 [FXGL Background Thread 1 ] INFO  FXGLApplication      - FXGL initialization took: 0.525 sec
19:37:12.860 [JavaFX Application Thread] DEBUG Input                - Registered new binding: action0 - LMB
19:37:12.870 [JavaFX Application Thread] DEBUG Input                - Registered new binding: Left - A
19:37:12.870 [JavaFX Application Thread] DEBUG Input                - Registered new binding: Right - D
19:37:12.871 [JavaFX Application Thread] DEBUG Input                - Registered new binding: Jump - W
19:37:12.871 [JavaFX Application Thread] DEBUG Input                - Registered new binding: Use - E
19:37:12.872 [JavaFX Application Thread] DEBUG FXGLAssetLoaderServi - Loading from file system: file:/C:/project/main_repo/target/classes/assets/music/BGM_dash_runner.wav
19:37:12.877 [FXGL Background Thread 4 ] DEBUG FXGLAssetLoaderServi - Loading from file system: jar:file:///C:/Users/TECH2-26/.m2/repository/com/github/almasb/fxgl/21/fxgl-21.jar!/fxglassets/ui/fonts/Abel-Regular.ttf
19:37:12.885 [FXGL Background Thread 4 ] DEBUG FXGLAssetLoaderServi - Loading from file system: jar:file:///C:/Users/TECH2-26/.m2/repository/com/github/almasb/fxgl/21/fxgl-21.jar!/fxglassets/ui/fonts/TerminalLandMono-Regular.otf
19:37:12.891 [FXGL Background Thread 4 ] DEBUG FXGLAssetLoaderServi - Loading from file system: jar:file:///C:/Users/TECH2-26/.m2/repository/com/github/almasb/fxgl/21/fxgl-21.jar!/fxglassets/ui/fonts/Courier-Prime.ttf
19:37:13.061 [JavaFX Application Thread] DEBUG AudioPlayer          - Playing music com.almasb.fxgl.audio.Music@7cf4594d
19:37:13.062 [JavaFX Application Thread] DEBUG FXGLAssetLoaderServi - Loading from file system: jar:file:///C:/Users/TECH2-26/.m2/repository/com/github/almasb/fxgl/21/fxgl-21.jar!/fxglassets/textures/fxgl_icon.png
19:37:13.081 [JavaFX Application Thread] DEBUG FXGLAssetLoaderServi - Loading from file system: jar:file:///C:/Users/TECH2-26/.m2/repository/com/github/almasb/fxgl/21/fxgl-21.jar!/fxglassets/textures/fxgl_default_cursor.png
19:37:13.084 [JavaFX Application Thread] DEBUG Input                - Registered new binding: Screenshot - CTRL+8
19:37:13.086 [JavaFX Application Thread] DEBUG Input                - Registered new binding: System info dump - CTRL+9
19:37:13.087 [JavaFX Application Thread] DEBUG Input                - Registered new binding: Restart - CTRL+R
19:37:13.088 [JavaFX Application Thread] DEBUG Input                - Registered new binding: Toggle Debug Camera - CTRL+7
19:37:13.091 [JavaFX Application Thread] DEBUG LoopRunner           - Starting loop
19:37:13.091 [JavaFX Application Thread] DEBUG LoopRunner           - Initializing JavaFX AnimationTimerLoop
19:37:13.092 [JavaFX Application Thread] DEBUG GameApplicationServi - Starting new game
19:37:13.093 [JavaFX Application Thread] DEBUG Input                - Clearing active input actions
19:37:13.114 [JavaFX Application Thread] DEBUG GameApplicationServi - Removing overlay from FXGLStartupScene and adding to MainLoadingScene
19:37:13.115 [JavaFX Application Thread] DEBUG PrimaryStageWindow   - FXGLStartupScene -> MainLoadingScene
19:37:13.116 [JavaFX Application Thread] DEBUG GameApplicationServi - Clearing previous game
19:37:13.116 [JavaFX Application Thread] DEBUG GameScene            - Clearing game scene
19:37:13.116 [JavaFX Application Thread] DEBUG GameWorld            - Clearing game world
19:37:13.116 [JavaFX Application Thread] DEBUG PhysicsWorld         - Clearing physics world
19:37:13.118 [FXGL Background Thread 4 ] DEBUG FXGLApplication      - Initializing game
19:37:13.118 [JavaFX Application Thread] DEBUG FXGLApplication      - Registering font factories with UI factory
19:37:13.174 [FXGL Background Thread 4 ] WARN  TMXLevelLoader       - TiledMap generated from 1.2.3. Supported version: 1.9.0. Some features may not be parsed fully.
19:37:13.186 [FXGL Background Thread 4 ] DEBUG TMXLevelLoader       - Parsed TiledMap: file:/C:/project/main_repo/target/classes/assets/levels/tmx/level1.tmx
19:37:13.188 [FXGL Background Thread 4 ] DEBUG TMXLevelLoader       - Creating tile layer entities
19:37:13.191 [FXGL Background Thread 4 ] DEBUG TilesetLoader        - Loading view for layer Tile Layer 1
19:37:13.195 [FXGL Background Thread 4 ] DEBUG TilesetLoader        - Created buffer with size 1050.0x700.0
19:37:13.227 [FXGL Background Thread 4 ] DEBUG TMXLevelLoader       - Creating object layer entities
19:37:13.255 [FXGL Background Thread 4 ] DEBUG GameWorld            - Clearing removable entities
19:37:13.256 [FXGL Background Thread 4 ] DEBUG GameWorld            - Setting level: com.almasb.fxgl.entity.level.Level@ca32503
19:37:13.299 [FXGL Background Thread 4 ] DEBUG FXGLAssetLoaderServi - Loading from file system: file:/C:/project/main_repo/target/classes/assets/textures/background/forest.png
19:37:13.330 [FXGL Background Thread 4 ] INFO  FXGLApplication      - Game initialization took: 0.212 sec
19:37:13.334 [JavaFX Application Thread] DEBUG Input                - Clearing active input actions
19:37:13.349 [JavaFX Application Thread] DEBUG GameApplicationServi - Removing overlay from MainLoadingScene and adding to GameScene
19:37:13.350 [JavaFX Application Thread] DEBUG PrimaryStageWindow   - MainLoadingScene -> GameScene
19:37:13.376 [FXGL Background Thread 2 ] INFO  UpdaterService       - Your current version:  21
19:37:13.376 [FXGL Background Thread 2 ] INFO  UpdaterService       - Latest stable version: 21.1
19:37:15.826 [FXGL Background Thread 3 ] DEBUG Engine               - Logging environment variables
19:37:15.827 [FXGL Background Thread 3 ] DEBUG Engine               - achievements: []
19:37:15.827 [FXGL Background Thread 3 ] DEBUG Engine               - actualHeight: 600.0
19:37:15.827 [FXGL Background Thread 3 ] DEBUG Engine               - actualHeightProperty: ReadOnlyDoubleProperty [value: 600.0]
19:37:15.827 [FXGL Background Thread 3 ] DEBUG Engine               - actualWidth: 800.0
19:37:15.827 [FXGL Background Thread 3 ] DEBUG Engine               - actualWidthProperty: ReadOnlyDoubleProperty [value: 800.0]
19:37:15.827 [FXGL Background Thread 3 ] DEBUG Engine               - appIcon: fxgl_icon.png
19:37:15.827 [FXGL Background Thread 3 ] DEBUG Engine               - applicationMode: DEVELOPER
19:37:15.827 [FXGL Background Thread 3 ] DEBUG Engine               - cSSList: [fxgl_dark.css]
19:37:15.827 [FXGL Background Thread 3 ] DEBUG Engine               - collisionDetectionStrategy: BRUTE_FORCE
19:37:15.827 [FXGL Background Thread 3 ] DEBUG Engine               - configClass: Optional.empty
19:37:15.827 [FXGL Background Thread 3 ] DEBUG Engine               - credits: []
19:37:15.828 [FXGL Background Thread 3 ] DEBUG Engine               - defaultCursor: CursorInfo(imageName=fxgl_default_cursor.png, hotspotX=7.0, hotspotY=6.0)
19:37:15.828 [FXGL Background Thread 3 ] DEBUG Engine               - devBBoxColorProperty: ObjectProperty [value: 0xff0000ff]
19:37:15.828 [FXGL Background Thread 3 ] DEBUG Engine               - devEnableDebugCameraProperty: BooleanProperty [value: false]
19:37:15.828 [FXGL Background Thread 3 ] DEBUG Engine               - devSensorColorProperty: ObjectProperty [value: 0xffff00ff]
19:37:15.828 [FXGL Background Thread 3 ] DEBUG Engine               - devShowBBoxProperty: BooleanProperty [value: false]
19:37:15.828 [FXGL Background Thread 3 ] DEBUG Engine               - devShowPositionProperty: BooleanProperty [value: false]
19:37:15.828 [FXGL Background Thread 3 ] DEBUG Engine               - enabledMenuItems: []
19:37:15.828 [FXGL Background Thread 3 ] DEBUG Engine               - engineServices: [class com.almasb.fxgl.app.services.FXGLAssetLoaderService, class com.almasb.fxgl.app.FXGLApplication$GameApplicationService, class com.almasb.fxgl.app.services.FXGLDialogService, class com.almasb.fxgl.app.services.IOTaskExecutorService, class com.almasb.fxgl.io.FileSystemService, class com.almasb.fxgl.localization.LocalizationService, class com.almasb.fxgl.app.services.SystemBundleService, class com.almasb.fxgl.profile.SaveLoadService, class com.almasb.fxgl.ui.FXGLUIFactoryServiceProvider, class com.almasb.fxgl.ui.FXGLDialogFactoryServiceProvider, class com.almasb.fxgl.audio.AudioPlayer, class com.almasb.fxgl.notification.impl.NotificationServiceProvider, class com.almasb.fxgl.achievement.AchievementService, class com.almasb.fxgl.cutscene.CutsceneService, class com.almasb.fxgl.minigames.MiniGameService, class com.almasb.fxgl.net.NetService, class com.almasb.fxgl.app.services.UpdaterService, class com.almasb.fxgl.dev.DevService]
19:37:15.828 [FXGL Background Thread 3 ] DEBUG Engine               - fontGame: Abel-Regular.ttf
19:37:15.828 [FXGL Background Thread 3 ] DEBUG Engine               - fontMono: TerminalLandMono-Regular.otf
19:37:15.828 [FXGL Background Thread 3 ] DEBUG Engine               - fontSizeScaleUI: 1.0
19:37:15.829 [FXGL Background Thread 3 ] DEBUG Engine               - fontText: Courier-Prime.ttf
19:37:15.829 [FXGL Background Thread 3 ] DEBUG Engine               - fontUI: VarelaRound-Regular.ttf
19:37:15.829 [FXGL Background Thread 3 ] DEBUG Engine               - fullScreen: BooleanProperty [value: false]
19:37:15.829 [FXGL Background Thread 3 ] DEBUG Engine               - gameDifficulty: MEDIUM
19:37:15.829 [FXGL Background Thread 3 ] DEBUG Engine               - gameDifficultyProperty: ObjectProperty [value: MEDIUM]
19:37:15.829 [FXGL Background Thread 3 ] DEBUG Engine               - globalMusicVolume: 0.5
19:37:15.829 [FXGL Background Thread 3 ] DEBUG Engine               - globalMusicVolumeProperty: DoubleProperty [value: 0.25]
19:37:15.829 [FXGL Background Thread 3 ] DEBUG Engine               - globalSoundVolume: 0.5
19:37:15.829 [FXGL Background Thread 3 ] DEBUG Engine               - globalSoundVolumeProperty: DoubleProperty [value: 0.5]
19:37:15.829 [FXGL Background Thread 3 ] DEBUG Engine               - height: 600
19:37:15.829 [FXGL Background Thread 3 ] DEBUG Engine               - is3D: false
19:37:15.829 [FXGL Background Thread 3 ] DEBUG Engine               - isAndroid: false
19:37:15.829 [FXGL Background Thread 3 ] DEBUG Engine               - isBrowser: false
19:37:15.829 [FXGL Background Thread 3 ] DEBUG Engine               - isClickFeedbackEnabled: false
19:37:15.829 [FXGL Background Thread 3 ] DEBUG Engine               - isCloseConfirmation: false
19:37:15.830 [FXGL Background Thread 3 ] DEBUG Engine               - isDesktop: true
19:37:15.830 [FXGL Background Thread 3 ] DEBUG Engine               - isDeveloperMenuEnabled: false
19:37:15.830 [FXGL Background Thread 3 ] DEBUG Engine               - isEmbedded: false
19:37:15.830 [FXGL Background Thread 3 ] DEBUG Engine               - isEntityPreloadEnabled: true
19:37:15.830 [FXGL Background Thread 3 ] DEBUG Engine               - isExperimentalTiledLargeMap: false
19:37:15.830 [FXGL Background Thread 3 ] DEBUG Engine               - isFileSystemWriteAllowed: true
19:37:15.830 [FXGL Background Thread 3 ] DEBUG Engine               - isFullScreenAllowed: false
19:37:15.830 [FXGL Background Thread 3 ] DEBUG Engine               - isFullScreenFromStart: false
19:37:15.830 [FXGL Background Thread 3 ] DEBUG Engine               - isGameMenuEnabled: true
19:37:15.830 [FXGL Background Thread 3 ] DEBUG Engine               - isIOS: false
19:37:15.830 [FXGL Background Thread 3 ] DEBUG Engine               - isIntroEnabled: false
19:37:15.830 [FXGL Background Thread 3 ] DEBUG Engine               - isLinux: false
19:37:15.830 [FXGL Background Thread 3 ] DEBUG Engine               - isMac: false
19:37:15.830 [FXGL Background Thread 3 ] DEBUG Engine               - isMainMenuEnabled: false
19:37:15.830 [FXGL Background Thread 3 ] DEBUG Engine               - isManualResizeEnabled: false
19:37:15.830 [FXGL Background Thread 3 ] DEBUG Engine               - isMobile: false
19:37:15.830 [FXGL Background Thread 3 ] DEBUG Engine               - isNative: false
19:37:15.831 [FXGL Background Thread 3 ] DEBUG Engine               - isPauseMusicWhenMinimized: true
19:37:15.831 [FXGL Background Thread 3 ] DEBUG Engine               - isPreserveResizeRatio: false
19:37:15.831 [FXGL Background Thread 3 ] DEBUG Engine               - isProfilingEnabled: false
19:37:15.831 [FXGL Background Thread 3 ] DEBUG Engine               - isScaleAffectedOnResize: true
19:37:15.831 [FXGL Background Thread 3 ] DEBUG Engine               - isSingleStep: false
19:37:15.831 [FXGL Background Thread 3 ] DEBUG Engine               - isUserProfileEnabled: false
19:37:15.831 [FXGL Background Thread 3 ] DEBUG Engine               - isWindows: true
19:37:15.831 [FXGL Background Thread 3 ] DEBUG Engine               - language: ObjectProperty [value: ENGLISH]
19:37:15.831 [FXGL Background Thread 3 ] DEBUG Engine               - menuKey: ESCAPE
19:37:15.831 [FXGL Background Thread 3 ] DEBUG Engine               - mouseSensitivity: 0.2
19:37:15.831 [FXGL Background Thread 3 ] DEBUG Engine               - notificationViewClass: class com.almasb.fxgl.notification.view.XboxNotificationView
19:37:15.831 [FXGL Background Thread 3 ] DEBUG Engine               - pixelsPerMeter: 50.0
19:37:15.831 [FXGL Background Thread 3 ] DEBUG Engine               - platform: WINDOWS
19:37:15.831 [FXGL Background Thread 3 ] DEBUG Engine               - prefHeightProperty: ReadOnlyDoubleProperty [value: 600.0]
19:37:15.831 [FXGL Background Thread 3 ] DEBUG Engine               - prefWidthProperty: ReadOnlyDoubleProperty [value: 800.0]
19:37:15.831 [FXGL Background Thread 3 ] DEBUG Engine               - profileDir: profiles/
19:37:15.831 [FXGL Background Thread 3 ] DEBUG Engine               - profileName: StringProperty [value: DEFAULT]
19:37:15.831 [FXGL Background Thread 3 ] DEBUG Engine               - randomSeed: -1
19:37:15.832 [FXGL Background Thread 3 ] DEBUG Engine               - runtimeInfo: RuntimeInfo(platform=WINDOWS, version=21, build=28.12.2023 13.35)
19:37:15.832 [FXGL Background Thread 3 ] DEBUG Engine               - saveFileExt: sav
19:37:15.832 [FXGL Background Thread 3 ] DEBUG Engine               - scaledHeightProp$fxgl: DoubleProperty [bound, value: 600.0]
19:37:15.832 [FXGL Background Thread 3 ] DEBUG Engine               - scaledWidthProp$fxgl: DoubleProperty [bound, value: 800.0]
19:37:15.832 [FXGL Background Thread 3 ] DEBUG Engine               - sceneFactory: com.almasb.fxglgames.platformer.PlatformerApp$1@40decb7c
19:37:15.832 [FXGL Background Thread 3 ] DEBUG Engine               - secondsIn24h: 60
19:37:15.832 [FXGL Background Thread 3 ] DEBUG Engine               - soundMenuBack: menu/back.wav
19:37:15.832 [FXGL Background Thread 3 ] DEBUG Engine               - soundMenuPress: menu/press.wav
19:37:15.832 [FXGL Background Thread 3 ] DEBUG Engine               - soundMenuSelect: menu/select.wav
19:37:15.832 [FXGL Background Thread 3 ] DEBUG Engine               - soundNotification: core/notification.wav
19:37:15.832 [FXGL Background Thread 3 ] DEBUG Engine               - stageStyle: DECORATED
19:37:15.832 [FXGL Background Thread 3 ] DEBUG Engine               - supportedLanguages: [ENGLISH, FRENCH, GERMAN, HUNGARIAN, RUSSIAN]
19:37:15.832 [FXGL Background Thread 3 ] DEBUG Engine               - ticksPerSecond: -1
19:37:15.833 [FXGL Background Thread 3 ] DEBUG Engine               - title: Untitled
19:37:15.833 [FXGL Background Thread 3 ] DEBUG Engine               - urlGithub: https://github.com/AlmasB/FXGL
19:37:15.833 [FXGL Background Thread 3 ] DEBUG Engine               - urlLeaderboard: http://fxgl-top.herokuapp.com/
19:37:15.833 [FXGL Background Thread 3 ] DEBUG Engine               - urlPOM: https://raw.githubusercontent.com/AlmasB/FXGL/release/README.md
19:37:15.833 [FXGL Background Thread 3 ] DEBUG Engine               - userAppClass: class com.almasb.fxglgames.platformer.PlatformerApp
19:37:15.833 [FXGL Background Thread 3 ] DEBUG Engine               - version: 0.0
19:37:15.833 [FXGL Background Thread 3 ] DEBUG Engine               - versionCheckDays: 7
19:37:15.833 [FXGL Background Thread 3 ] DEBUG Engine               - width: 800
19:37:15.833 [FXGL Background Thread 3 ] DEBUG Engine               - Logging services
19:37:15.833 [FXGL Background Thread 3 ] DEBUG Engine               - class com.almasb.fxgl.app.services.FXGLAssetLoaderService
19:37:15.833 [FXGL Background Thread 3 ] DEBUG Engine               - class com.almasb.fxgl.app.FXGLApplication$GameApplicationService
19:37:15.833 [FXGL Background Thread 3 ] DEBUG Engine               - class com.almasb.fxgl.app.services.FXGLDialogService
19:37:15.833 [FXGL Background Thread 3 ] DEBUG Engine               - class com.almasb.fxgl.app.services.IOTaskExecutorService
19:37:15.833 [FXGL Background Thread 3 ] DEBUG Engine               - class com.almasb.fxgl.io.FileSystemService
19:37:15.833 [FXGL Background Thread 3 ] DEBUG Engine               - class com.almasb.fxgl.localization.LocalizationService
19:37:15.833 [FXGL Background Thread 3 ] DEBUG Engine               - class com.almasb.fxgl.app.services.SystemBundleService
19:37:15.833 [FXGL Background Thread 3 ] DEBUG Engine               - class com.almasb.fxgl.profile.SaveLoadService
19:37:15.833 [FXGL Background Thread 3 ] DEBUG Engine               - class com.almasb.fxgl.ui.FXGLUIFactoryServiceProvider
19:37:15.833 [FXGL Background Thread 3 ] DEBUG Engine               - class com.almasb.fxgl.ui.FXGLDialogFactoryServiceProvider
19:37:15.833 [FXGL Background Thread 3 ] DEBUG Engine               - class com.almasb.fxgl.audio.AudioPlayer
19:37:15.833 [FXGL Background Thread 3 ] DEBUG Engine               - class com.almasb.fxgl.notification.impl.NotificationServiceProvider
19:37:15.833 [FXGL Background Thread 3 ] DEBUG Engine               - class com.almasb.fxgl.achievement.AchievementService
19:37:15.834 [FXGL Background Thread 3 ] DEBUG Engine               - class com.almasb.fxgl.cutscene.CutsceneService
19:37:15.834 [FXGL Background Thread 3 ] DEBUG Engine               - class com.almasb.fxgl.minigames.MiniGameService
19:37:15.834 [FXGL Background Thread 3 ] DEBUG Engine               - class com.almasb.fxgl.net.NetService
19:37:15.834 [FXGL Background Thread 3 ] DEBUG Engine               - class com.almasb.fxgl.app.services.UpdaterService
19:37:15.834 [FXGL Background Thread 3 ] DEBUG Engine               - class com.almasb.fxgl.dev.DevService
19:37:47.343 [JavaFX Application Thread] DEBUG FXGLApplication      - Exiting FXGL
19:37:47.343 [JavaFX Application Thread] DEBUG LoopRunner           - Stopping loop
19:37:47.343 [JavaFX Application Thread] DEBUG SystemBundleService  - Saving FXGL system data
19:37:47.345 [JavaFX Application Thread] DEBUG FileSystemAccess     - Writing to: C:\project\main_repo\system\fxgl.bundle
19:37:47.348 [JavaFX Application Thread] DEBUG Async                - Shutting down background threads
19:37:47.348 [JavaFX Application Thread] DEBUG PrimaryStageWindow   - Closing main window
19:37:47.359 [JavaFX Application Thread] DEBUG Logger               - Closing Logger
