20:04:40.082 [main                     ] DEBUG Logger               - Configured Logger
20:04:40.105 [main                     ] DEBUG GameApplication      - Logging settings
Title: Untitled
Version: 0.0
Width: 800
Height: 600
Fullscreen: false
Intro: false
Profiling: false
Single step:false
App Mode: DEVELOPER
Menu Key: ESCAPE
Stage Style: DECORATED
Scene Factory: class com.almasb.fxglgames.platformer.PlatformerApp$1

20:04:40.517 [JavaFX Application Thread] DEBUG FXGLApplication      - Initializing FXGL
20:04:40.523 [JavaFX Application Thread] INFO  Engine               - FXGL-21 (28.12.2023 13.35) on WINDOWS (J:21.0.2 FX:21.0.1)
20:04:40.523 [JavaFX Application Thread] DEBUG Engine               - JRE Vendor Name: Oracle Corporation
20:04:40.524 [JavaFX Application Thread] DEBUG Engine               - Running on OS: Windows 10 version 10.0
20:04:40.524 [JavaFX Application Thread] DEBUG Engine               - Architecture: amd64
20:04:40.524 [JavaFX Application Thread] INFO  Engine               - Source code and latest versions at: https://github.com/AlmasB/FXGL
20:04:40.524 [JavaFX Application Thread] INFO  Engine               -       Ask questions and discuss at: https://github.com/AlmasB/FXGL/discussions
20:04:40.524 [JavaFX Application Thread] INFO  Engine               -              Join the FXGL chat at: https://gitter.im/AlmasB/FXGL
20:04:40.665 [JavaFX Application Thread] DEBUG PrimaryStageWindow   - Creating a JavaFX scene
20:04:40.748 [JavaFX Application Thread] DEBUG PrimaryStageWindow   - Target settings size: 800.0 x 600.0
20:04:40.749 [JavaFX Application Thread] DEBUG PrimaryStageWindow   - Scaled scene size:    800.0 x 600.0
20:04:40.749 [JavaFX Application Thread] DEBUG PrimaryStageWindow   - Scaled ratio: (1.0, 1.0)
20:04:40.751 [JavaFX Application Thread] DEBUG PrimaryStageWindow   - Set initial scene to FXGLStartupScene
20:04:40.759 [JavaFX Application Thread] DEBUG PrimaryStageWindow   - Opening main window
20:04:40.867 [JavaFX Application Thread] DEBUG PrimaryStageWindow   - Window border size: (16.0, 39.0)
20:04:40.867 [JavaFX Application Thread] DEBUG PrimaryStageWindow   - Scaled size: 800.0 x 600.0
20:04:40.868 [JavaFX Application Thread] DEBUG PrimaryStageWindow   - Scaled ratio: (1.0, 1.0)
20:04:40.868 [JavaFX Application Thread] DEBUG PrimaryStageWindow   - Scene size: 800.0 x 600.0
20:04:40.868 [JavaFX Application Thread] DEBUG PrimaryStageWindow   - Stage size: 816.0 x 639.0
20:04:40.880 [FXGL Background Thread 1 ] DEBUG Engine               - Initializing environment variables
20:04:40.950 [FXGL Background Thread 1 ] DEBUG FXGLAssetLoaderServi - User app class for loading assets: class com.almasb.fxglgames.platformer.PlatformerApp
20:04:40.950 [FXGL Background Thread 1 ] DEBUG GameApplicationServi - Applying CSS: fxgl_dark.css
20:04:40.951 [FXGL Background Thread 1 ] DEBUG FXGLAssetLoaderServi - Loading from file system: jar:file:///C:/Users/TECH2-26/.m2/repository/com/github/almasb/fxgl/21/fxgl-21.jar!/fxglassets/ui/css/fxgl_dark.css
20:04:41.020 [FXGL Background Thread 1 ] DEBUG GameApplicationServi - Initializing application scenes
20:04:41.103 [FXGL Background Thread 1 ] DEBUG FXGLAssetLoaderServi - Loading from file system: file:/C:/project/main_repo/target/classes/assets/textures/player.png
20:04:41.133 [FXGL Background Thread 1 ] DEBUG GameWorld            - Game world initialized
20:04:41.193 [FXGL Background Thread 1 ] DEBUG PhysicsWorld         - Physics world initialized: appHeight=600, physics.ppm=50.0
20:04:41.193 [FXGL Background Thread 1 ] DEBUG PhysicsWorld         - Using strategy: BRUTE_FORCE
20:04:41.196 [FXGL Background Thread 1 ] DEBUG GameScene            - Game scene initialized: 800x600
20:04:41.206 [FXGL Background Thread 1 ] DEBUG FXGL.DefaultMenu     - createMenuBodyGameMenu()
20:04:41.226 [FXGL Background Thread 1 ] DEBUG FXGL.DefaultMenu     - createOptionsMenu()
20:04:41.237 [FXGL Background Thread 1 ] DEBUG FXGLAssetLoaderServi - Loading from file system: jar:file:///C:/Users/TECH2-26/.m2/repository/com/github/almasb/fxgl/21/fxgl-21.jar!/fxglassets/textures/particles/smoke.png
20:04:41.327 [FXGL Background Thread 1 ] DEBUG FXGLAssetLoaderServi - Loading from file system: jar:file:///C:/Users/TECH2-26/.m2/repository/com/github/almasb/fxgl/21/fxgl-21.jar!/fxglassets/textures/particles/trace_horizontal.png
20:04:41.391 [FXGL Background Thread 1 ] DEBUG GameApplicationServi - Application scenes initialized
20:04:41.406 [FXGL Background Thread 1 ] DEBUG SystemBundleService  - Loading FXGL system data
20:04:41.411 [FXGL Background Thread 1 ] DEBUG FileSystemAccess     - Reading from: C:\project\main_repo\system\fxgl.bundle
20:04:41.422 [FXGL Background Thread 1 ] DEBUG SystemBundleService  - Bundle FXGL: {}
20:04:41.422 [FXGL Background Thread 1 ] DEBUG UpdaterService       - Checking for updates
20:04:41.428 [FXGL Background Thread 4 ] DEBUG FXGLApplication      - Loading fonts
20:04:41.429 [FXGL Background Thread 1 ] DEBUG FXGLApplication      - Loading default localization
20:04:41.429 [FXGL Background Thread 4 ] DEBUG FXGLAssetLoaderServi - Loading from file system: jar:file:///C:/Users/TECH2-26/.m2/repository/com/github/almasb/fxgl/21/fxgl-21.jar!/fxglassets/ui/fonts/VarelaRound-Regular.ttf
20:04:41.430 [FXGL Background Thread 1 ] DEBUG FXGLAssetLoaderServi - Loading from file system: jar:file:///C:/Users/TECH2-26/.m2/repository/com/github/almasb/fxgl/21/fxgl-21.jar!/fxglassets/languages/english.lang
20:04:41.455 [FXGL Background Thread 1 ] INFO  FXGLApplication      - FXGL initialization took: 0.575 sec
20:04:41.464 [JavaFX Application Thread] DEBUG Input                - Registered new binding: action0 - LMB
20:04:41.474 [JavaFX Application Thread] DEBUG Input                - Registered new binding: Left - A
20:04:41.475 [JavaFX Application Thread] DEBUG Input                - Registered new binding: Right - D
20:04:41.475 [JavaFX Application Thread] DEBUG Input                - Registered new binding: Jump - W
20:04:41.476 [JavaFX Application Thread] DEBUG Input                - Registered new binding: Use - E
20:04:41.476 [JavaFX Application Thread] DEBUG FXGLAssetLoaderServi - Loading from file system: file:/C:/project/main_repo/target/classes/assets/music/BGM_dash_runner.wav
20:04:41.481 [FXGL Background Thread 4 ] DEBUG FXGLAssetLoaderServi - Loading from file system: jar:file:///C:/Users/TECH2-26/.m2/repository/com/github/almasb/fxgl/21/fxgl-21.jar!/fxglassets/ui/fonts/Abel-Regular.ttf
20:04:41.488 [FXGL Background Thread 4 ] DEBUG FXGLAssetLoaderServi - Loading from file system: jar:file:///C:/Users/TECH2-26/.m2/repository/com/github/almasb/fxgl/21/fxgl-21.jar!/fxglassets/ui/fonts/TerminalLandMono-Regular.otf
20:04:41.496 [FXGL Background Thread 4 ] DEBUG FXGLAssetLoaderServi - Loading from file system: jar:file:///C:/Users/TECH2-26/.m2/repository/com/github/almasb/fxgl/21/fxgl-21.jar!/fxglassets/ui/fonts/Courier-Prime.ttf
20:04:41.667 [JavaFX Application Thread] DEBUG AudioPlayer          - Playing music com.almasb.fxgl.audio.Music@35eb832d
20:04:41.668 [JavaFX Application Thread] DEBUG FXGLAssetLoaderServi - Loading from file system: jar:file:///C:/Users/TECH2-26/.m2/repository/com/github/almasb/fxgl/21/fxgl-21.jar!/fxglassets/textures/fxgl_icon.png
20:04:41.686 [JavaFX Application Thread] DEBUG FXGLAssetLoaderServi - Loading from file system: jar:file:///C:/Users/TECH2-26/.m2/repository/com/github/almasb/fxgl/21/fxgl-21.jar!/fxglassets/textures/fxgl_default_cursor.png
20:04:41.688 [JavaFX Application Thread] DEBUG Input                - Registered new binding: Screenshot - CTRL+8
20:04:41.689 [JavaFX Application Thread] DEBUG Input                - Registered new binding: System info dump - CTRL+9
20:04:41.690 [JavaFX Application Thread] DEBUG Input                - Registered new binding: Restart - CTRL+R
20:04:41.691 [JavaFX Application Thread] DEBUG Input                - Registered new binding: Toggle Debug Camera - CTRL+7
20:04:41.696 [JavaFX Application Thread] DEBUG LoopRunner           - Starting loop
20:04:41.696 [JavaFX Application Thread] DEBUG LoopRunner           - Initializing JavaFX AnimationTimerLoop
20:04:41.697 [JavaFX Application Thread] DEBUG GameApplicationServi - Starting new game
20:04:41.697 [JavaFX Application Thread] DEBUG Input                - Clearing active input actions
20:04:41.718 [JavaFX Application Thread] DEBUG GameApplicationServi - Removing overlay from FXGLStartupScene and adding to MainLoadingScene
20:04:41.718 [JavaFX Application Thread] DEBUG PrimaryStageWindow   - FXGLStartupScene -> MainLoadingScene
20:04:41.718 [JavaFX Application Thread] DEBUG GameApplicationServi - Clearing previous game
20:04:41.718 [JavaFX Application Thread] DEBUG GameScene            - Clearing game scene
20:04:41.718 [JavaFX Application Thread] DEBUG GameWorld            - Clearing game world
20:04:41.718 [JavaFX Application Thread] DEBUG PhysicsWorld         - Clearing physics world
20:04:41.720 [FXGL Background Thread 4 ] DEBUG FXGLApplication      - Initializing game
20:04:41.721 [JavaFX Application Thread] DEBUG FXGLApplication      - Registering font factories with UI factory
20:04:41.779 [FXGL Background Thread 4 ] WARN  TMXLevelLoader       - TiledMap generated from 1.2.3. Supported version: 1.9.0. Some features may not be parsed fully.
20:04:41.790 [FXGL Background Thread 4 ] DEBUG TMXLevelLoader       - Parsed TiledMap: file:/C:/project/main_repo/target/classes/assets/levels/tmx/level1.tmx
20:04:41.792 [FXGL Background Thread 4 ] DEBUG TMXLevelLoader       - Creating tile layer entities
20:04:41.795 [FXGL Background Thread 4 ] DEBUG TilesetLoader        - Loading view for layer Tile Layer 1
20:04:41.799 [FXGL Background Thread 4 ] DEBUG TilesetLoader        - Created buffer with size 1050.0x700.0
20:04:41.821 [FXGL Background Thread 4 ] DEBUG TMXLevelLoader       - Creating object layer entities
20:04:41.852 [FXGL Background Thread 4 ] DEBUG GameWorld            - Clearing removable entities
20:04:41.853 [FXGL Background Thread 4 ] DEBUG GameWorld            - Setting level: com.almasb.fxgl.entity.level.Level@69a503e4
20:04:41.908 [FXGL Background Thread 4 ] DEBUG FXGLAssetLoaderServi - Loading from file system: file:/C:/project/main_repo/target/classes/assets/textures/background/forest.png
20:04:41.936 [FXGL Background Thread 4 ] INFO  FXGLApplication      - Game initialization took: 0.216 sec
20:04:41.944 [JavaFX Application Thread] DEBUG Input                - Clearing active input actions
20:04:41.955 [JavaFX Application Thread] DEBUG GameApplicationServi - Removing overlay from MainLoadingScene and adding to GameScene
20:04:41.956 [JavaFX Application Thread] DEBUG PrimaryStageWindow   - MainLoadingScene -> GameScene
20:04:41.968 [FXGL Background Thread 2 ] INFO  UpdaterService       - Your current version:  21
20:04:41.968 [FXGL Background Thread 2 ] INFO  UpdaterService       - Latest stable version: 21.1
20:04:44.428 [FXGL Background Thread 3 ] DEBUG Engine               - Logging environment variables
20:04:44.428 [FXGL Background Thread 3 ] DEBUG Engine               - achievements: []
20:04:44.429 [FXGL Background Thread 3 ] DEBUG Engine               - actualHeight: 600.0
20:04:44.429 [FXGL Background Thread 3 ] DEBUG Engine               - actualHeightProperty: ReadOnlyDoubleProperty [value: 600.0]
20:04:44.429 [FXGL Background Thread 3 ] DEBUG Engine               - actualWidth: 800.0
20:04:44.429 [FXGL Background Thread 3 ] DEBUG Engine               - actualWidthProperty: ReadOnlyDoubleProperty [value: 800.0]
20:04:44.429 [FXGL Background Thread 3 ] DEBUG Engine               - appIcon: fxgl_icon.png
20:04:44.429 [FXGL Background Thread 3 ] DEBUG Engine               - applicationMode: DEVELOPER
20:04:44.429 [FXGL Background Thread 3 ] DEBUG Engine               - cSSList: [fxgl_dark.css]
20:04:44.429 [FXGL Background Thread 3 ] DEBUG Engine               - collisionDetectionStrategy: BRUTE_FORCE
20:04:44.429 [FXGL Background Thread 3 ] DEBUG Engine               - configClass: Optional.empty
20:04:44.429 [FXGL Background Thread 3 ] DEBUG Engine               - credits: []
20:04:44.430 [FXGL Background Thread 3 ] DEBUG Engine               - defaultCursor: CursorInfo(imageName=fxgl_default_cursor.png, hotspotX=7.0, hotspotY=6.0)
20:04:44.430 [FXGL Background Thread 3 ] DEBUG Engine               - devBBoxColorProperty: ObjectProperty [value: 0xff0000ff]
20:04:44.430 [FXGL Background Thread 3 ] DEBUG Engine               - devEnableDebugCameraProperty: BooleanProperty [value: false]
20:04:44.430 [FXGL Background Thread 3 ] DEBUG Engine               - devSensorColorProperty: ObjectProperty [value: 0xffff00ff]
20:04:44.431 [FXGL Background Thread 3 ] DEBUG Engine               - devShowBBoxProperty: BooleanProperty [value: false]
20:04:44.431 [FXGL Background Thread 3 ] DEBUG Engine               - devShowPositionProperty: BooleanProperty [value: false]
20:04:44.431 [FXGL Background Thread 3 ] DEBUG Engine               - enabledMenuItems: []
20:04:44.431 [FXGL Background Thread 3 ] DEBUG Engine               - engineServices: [class com.almasb.fxgl.app.services.FXGLAssetLoaderService, class com.almasb.fxgl.app.FXGLApplication$GameApplicationService, class com.almasb.fxgl.app.services.FXGLDialogService, class com.almasb.fxgl.app.services.IOTaskExecutorService, class com.almasb.fxgl.io.FileSystemService, class com.almasb.fxgl.localization.LocalizationService, class com.almasb.fxgl.app.services.SystemBundleService, class com.almasb.fxgl.profile.SaveLoadService, class com.almasb.fxgl.ui.FXGLUIFactoryServiceProvider, class com.almasb.fxgl.ui.FXGLDialogFactoryServiceProvider, class com.almasb.fxgl.audio.AudioPlayer, class com.almasb.fxgl.notification.impl.NotificationServiceProvider, class com.almasb.fxgl.achievement.AchievementService, class com.almasb.fxgl.cutscene.CutsceneService, class com.almasb.fxgl.minigames.MiniGameService, class com.almasb.fxgl.net.NetService, class com.almasb.fxgl.app.services.UpdaterService, class com.almasb.fxgl.dev.DevService]
20:04:44.431 [FXGL Background Thread 3 ] DEBUG Engine               - fontGame: Abel-Regular.ttf
20:04:44.431 [FXGL Background Thread 3 ] DEBUG Engine               - fontMono: TerminalLandMono-Regular.otf
20:04:44.431 [FXGL Background Thread 3 ] DEBUG Engine               - fontSizeScaleUI: 1.0
20:04:44.431 [FXGL Background Thread 3 ] DEBUG Engine               - fontText: Courier-Prime.ttf
20:04:44.431 [FXGL Background Thread 3 ] DEBUG Engine               - fontUI: VarelaRound-Regular.ttf
20:04:44.431 [FXGL Background Thread 3 ] DEBUG Engine               - fullScreen: BooleanProperty [value: false]
20:04:44.431 [FXGL Background Thread 3 ] DEBUG Engine               - gameDifficulty: MEDIUM
20:04:44.431 [FXGL Background Thread 3 ] DEBUG Engine               - gameDifficultyProperty: ObjectProperty [value: MEDIUM]
20:04:44.431 [FXGL Background Thread 3 ] DEBUG Engine               - globalMusicVolume: 0.5
20:04:44.432 [FXGL Background Thread 3 ] DEBUG Engine               - globalMusicVolumeProperty: DoubleProperty [value: 0.25]
20:04:44.432 [FXGL Background Thread 3 ] DEBUG Engine               - globalSoundVolume: 0.5
20:04:44.432 [FXGL Background Thread 3 ] DEBUG Engine               - globalSoundVolumeProperty: DoubleProperty [value: 0.5]
20:04:44.432 [FXGL Background Thread 3 ] DEBUG Engine               - height: 600
20:04:44.432 [FXGL Background Thread 3 ] DEBUG Engine               - is3D: false
20:04:44.432 [FXGL Background Thread 3 ] DEBUG Engine               - isAndroid: false
20:04:44.432 [FXGL Background Thread 3 ] DEBUG Engine               - isBrowser: false
20:04:44.432 [FXGL Background Thread 3 ] DEBUG Engine               - isClickFeedbackEnabled: false
20:04:44.432 [FXGL Background Thread 3 ] DEBUG Engine               - isCloseConfirmation: false
20:04:44.432 [FXGL Background Thread 3 ] DEBUG Engine               - isDesktop: true
20:04:44.432 [FXGL Background Thread 3 ] DEBUG Engine               - isDeveloperMenuEnabled: false
20:04:44.432 [FXGL Background Thread 3 ] DEBUG Engine               - isEmbedded: false
20:04:44.432 [FXGL Background Thread 3 ] DEBUG Engine               - isEntityPreloadEnabled: true
20:04:44.433 [FXGL Background Thread 3 ] DEBUG Engine               - isExperimentalTiledLargeMap: false
20:04:44.433 [FXGL Background Thread 3 ] DEBUG Engine               - isFileSystemWriteAllowed: true
20:04:44.433 [FXGL Background Thread 3 ] DEBUG Engine               - isFullScreenAllowed: false
20:04:44.433 [FXGL Background Thread 3 ] DEBUG Engine               - isFullScreenFromStart: false
20:04:44.433 [FXGL Background Thread 3 ] DEBUG Engine               - isGameMenuEnabled: true
20:04:44.433 [FXGL Background Thread 3 ] DEBUG Engine               - isIOS: false
20:04:44.433 [FXGL Background Thread 3 ] DEBUG Engine               - isIntroEnabled: false
20:04:44.433 [FXGL Background Thread 3 ] DEBUG Engine               - isLinux: false
20:04:44.433 [FXGL Background Thread 3 ] DEBUG Engine               - isMac: false
20:04:44.433 [FXGL Background Thread 3 ] DEBUG Engine               - isMainMenuEnabled: false
20:04:44.433 [FXGL Background Thread 3 ] DEBUG Engine               - isManualResizeEnabled: false
20:04:44.433 [FXGL Background Thread 3 ] DEBUG Engine               - isMobile: false
20:04:44.433 [FXGL Background Thread 3 ] DEBUG Engine               - isNative: false
20:04:44.433 [FXGL Background Thread 3 ] DEBUG Engine               - isPauseMusicWhenMinimized: true
20:04:44.433 [FXGL Background Thread 3 ] DEBUG Engine               - isPreserveResizeRatio: false
20:04:44.433 [FXGL Background Thread 3 ] DEBUG Engine               - isProfilingEnabled: false
20:04:44.433 [FXGL Background Thread 3 ] DEBUG Engine               - isScaleAffectedOnResize: true
20:04:44.434 [FXGL Background Thread 3 ] DEBUG Engine               - isSingleStep: false
20:04:44.434 [FXGL Background Thread 3 ] DEBUG Engine               - isUserProfileEnabled: false
20:04:44.434 [FXGL Background Thread 3 ] DEBUG Engine               - isWindows: true
20:04:44.434 [FXGL Background Thread 3 ] DEBUG Engine               - language: ObjectProperty [value: ENGLISH]
20:04:44.434 [FXGL Background Thread 3 ] DEBUG Engine               - menuKey: ESCAPE
20:04:44.434 [FXGL Background Thread 3 ] DEBUG Engine               - mouseSensitivity: 0.2
20:04:44.434 [FXGL Background Thread 3 ] DEBUG Engine               - notificationViewClass: class com.almasb.fxgl.notification.view.XboxNotificationView
20:04:44.434 [FXGL Background Thread 3 ] DEBUG Engine               - pixelsPerMeter: 50.0
20:04:44.434 [FXGL Background Thread 3 ] DEBUG Engine               - platform: WINDOWS
20:04:44.434 [FXGL Background Thread 3 ] DEBUG Engine               - prefHeightProperty: ReadOnlyDoubleProperty [value: 600.0]
20:04:44.434 [FXGL Background Thread 3 ] DEBUG Engine               - prefWidthProperty: ReadOnlyDoubleProperty [value: 800.0]
20:04:44.434 [FXGL Background Thread 3 ] DEBUG Engine               - profileDir: profiles/
20:04:44.434 [FXGL Background Thread 3 ] DEBUG Engine               - profileName: StringProperty [value: DEFAULT]
20:04:44.435 [FXGL Background Thread 3 ] DEBUG Engine               - randomSeed: -1
20:04:44.435 [FXGL Background Thread 3 ] DEBUG Engine               - runtimeInfo: RuntimeInfo(platform=WINDOWS, version=21, build=28.12.2023 13.35)
20:04:44.435 [FXGL Background Thread 3 ] DEBUG Engine               - saveFileExt: sav
20:04:44.435 [FXGL Background Thread 3 ] DEBUG Engine               - scaledHeightProp$fxgl: DoubleProperty [bound, value: 600.0]
20:04:44.435 [FXGL Background Thread 3 ] DEBUG Engine               - scaledWidthProp$fxgl: DoubleProperty [bound, value: 800.0]
20:04:44.435 [FXGL Background Thread 3 ] DEBUG Engine               - sceneFactory: com.almasb.fxglgames.platformer.PlatformerApp$1@1597bcc1
20:04:44.435 [FXGL Background Thread 3 ] DEBUG Engine               - secondsIn24h: 60
20:04:44.435 [FXGL Background Thread 3 ] DEBUG Engine               - soundMenuBack: menu/back.wav
20:04:44.435 [FXGL Background Thread 3 ] DEBUG Engine               - soundMenuPress: menu/press.wav
20:04:44.435 [FXGL Background Thread 3 ] DEBUG Engine               - soundMenuSelect: menu/select.wav
20:04:44.435 [FXGL Background Thread 3 ] DEBUG Engine               - soundNotification: core/notification.wav
20:04:44.436 [FXGL Background Thread 3 ] DEBUG Engine               - stageStyle: DECORATED
20:04:44.436 [FXGL Background Thread 3 ] DEBUG Engine               - supportedLanguages: [ENGLISH, FRENCH, GERMAN, HUNGARIAN, RUSSIAN]
20:04:44.436 [FXGL Background Thread 3 ] DEBUG Engine               - ticksPerSecond: -1
20:04:44.436 [FXGL Background Thread 3 ] DEBUG Engine               - title: Untitled
20:04:44.436 [FXGL Background Thread 3 ] DEBUG Engine               - urlGithub: https://github.com/AlmasB/FXGL
20:04:44.436 [FXGL Background Thread 3 ] DEBUG Engine               - urlLeaderboard: http://fxgl-top.herokuapp.com/
20:04:44.436 [FXGL Background Thread 3 ] DEBUG Engine               - urlPOM: https://raw.githubusercontent.com/AlmasB/FXGL/release/README.md
20:04:44.436 [FXGL Background Thread 3 ] DEBUG Engine               - userAppClass: class com.almasb.fxglgames.platformer.PlatformerApp
20:04:44.436 [FXGL Background Thread 3 ] DEBUG Engine               - version: 0.0
20:04:44.436 [FXGL Background Thread 3 ] DEBUG Engine               - versionCheckDays: 7
20:04:44.436 [FXGL Background Thread 3 ] DEBUG Engine               - width: 800
20:04:44.436 [FXGL Background Thread 3 ] DEBUG Engine               - Logging services
20:04:44.436 [FXGL Background Thread 3 ] DEBUG Engine               - class com.almasb.fxgl.app.services.FXGLAssetLoaderService
20:04:44.436 [FXGL Background Thread 3 ] DEBUG Engine               - class com.almasb.fxgl.app.FXGLApplication$GameApplicationService
20:04:44.436 [FXGL Background Thread 3 ] DEBUG Engine               - class com.almasb.fxgl.app.services.FXGLDialogService
20:04:44.436 [FXGL Background Thread 3 ] DEBUG Engine               - class com.almasb.fxgl.app.services.IOTaskExecutorService
20:04:44.436 [FXGL Background Thread 3 ] DEBUG Engine               - class com.almasb.fxgl.io.FileSystemService
20:04:44.436 [FXGL Background Thread 3 ] DEBUG Engine               - class com.almasb.fxgl.localization.LocalizationService
20:04:44.436 [FXGL Background Thread 3 ] DEBUG Engine               - class com.almasb.fxgl.app.services.SystemBundleService
20:04:44.436 [FXGL Background Thread 3 ] DEBUG Engine               - class com.almasb.fxgl.profile.SaveLoadService
20:04:44.436 [FXGL Background Thread 3 ] DEBUG Engine               - class com.almasb.fxgl.ui.FXGLUIFactoryServiceProvider
20:04:44.436 [FXGL Background Thread 3 ] DEBUG Engine               - class com.almasb.fxgl.ui.FXGLDialogFactoryServiceProvider
20:04:44.436 [FXGL Background Thread 3 ] DEBUG Engine               - class com.almasb.fxgl.audio.AudioPlayer
20:04:44.436 [FXGL Background Thread 3 ] DEBUG Engine               - class com.almasb.fxgl.notification.impl.NotificationServiceProvider
20:04:44.436 [FXGL Background Thread 3 ] DEBUG Engine               - class com.almasb.fxgl.achievement.AchievementService
20:04:44.436 [FXGL Background Thread 3 ] DEBUG Engine               - class com.almasb.fxgl.cutscene.CutsceneService
20:04:44.436 [FXGL Background Thread 3 ] DEBUG Engine               - class com.almasb.fxgl.minigames.MiniGameService
20:04:44.436 [FXGL Background Thread 3 ] DEBUG Engine               - class com.almasb.fxgl.net.NetService
20:04:44.437 [FXGL Background Thread 3 ] DEBUG Engine               - class com.almasb.fxgl.app.services.UpdaterService
20:04:44.437 [FXGL Background Thread 3 ] DEBUG Engine               - class com.almasb.fxgl.dev.DevService
20:06:38.989 [JavaFX Application Thread] DEBUG Input                - Registered new binding: Close Level End Screen - LMB
20:06:38.992 [JavaFX Application Thread] DEBUG FXGLAssetLoaderServi - Loading from file system: file:/C:/project/main_repo/target/classes/assets/textures/star_empty.png
20:06:39.005 [JavaFX Application Thread] DEBUG FXGLAssetLoaderServi - Loading from file system: file:/C:/project/main_repo/target/classes/assets/textures/star_full.png
20:06:39.011 [JavaFX Application Thread] DEBUG PrimaryStageWindow   - Push state: LevelEndScene
20:06:39.012 [JavaFX Application Thread] DEBUG Input                - Clearing active input actions
20:06:39.012 [JavaFX Application Thread] DEBUG GameApplicationServi - Removing overlay from GameScene and adding to LevelEndScene
20:06:39.012 [JavaFX Application Thread] DEBUG PrimaryStageWindow   - GameScene -> LevelEndScene
20:06:47.812 [JavaFX Application Thread] DEBUG FXGLApplication      - Exiting FXGL
20:06:47.812 [JavaFX Application Thread] DEBUG LoopRunner           - Stopping loop
20:06:47.813 [JavaFX Application Thread] DEBUG SystemBundleService  - Saving FXGL system data
20:06:47.816 [JavaFX Application Thread] DEBUG FileSystemAccess     - Writing to: C:\project\main_repo\system\fxgl.bundle
20:06:47.819 [JavaFX Application Thread] DEBUG Async                - Shutting down background threads
20:06:47.819 [JavaFX Application Thread] DEBUG PrimaryStageWindow   - Closing main window
20:06:47.828 [JavaFX Application Thread] DEBUG Logger               - Closing Logger
